2015-02-03T10:11:13+09:00 ALERT (1): exception 'Zend_Controller_Dispatcher_Exception' with message 'Invalid controller specified (themes)' in /var/www/html/mypage/library/Zend/Controller/Dispatcher/Standard.php:248
Stack trace:
#0 /var/www/html/mypage/library/Zend/Controller/Front.php(954): Zend_Controller_Dispatcher_Standard->dispatch(Object(Zend_Controller_Request_Http), Object(Zend_Controller_Response_Http))
#1 /var/www/html/mypage/index.php(69): Zend_Controller_Front->dispatch()
#2 {main}
2015-02-03T10:12:27+09:00 ALERT (1): exception 'Zend_Controller_Dispatcher_Exception' with message 'Invalid controller specified (themes)' in /var/www/html/mypage/library/Zend/Controller/Dispatcher/Standard.php:248
Stack trace:
#0 /var/www/html/mypage/library/Zend/Controller/Front.php(954): Zend_Controller_Dispatcher_Standard->dispatch(Object(Zend_Controller_Request_Http), Object(Zend_Controller_Response_Http))
#1 /var/www/html/mypage/index.php(69): Zend_Controller_Front->dispatch()
#2 {main}
2015-02-03T10:40:12+09:00 ALERT (1): exception 'Zend_Controller_Dispatcher_Exception' with message 'Invalid controller specified (themes)' in /var/www/html/mypage/library/Zend/Controller/Dispatcher/Standard.php:248
Stack trace:
#0 /var/www/html/mypage/library/Zend/Controller/Front.php(954): Zend_Controller_Dispatcher_Standard->dispatch(Object(Zend_Controller_Request_Http), Object(Zend_Controller_Response_Http))
#1 /var/www/html/mypage/index.php(69): Zend_Controller_Front->dispatch()
#2 {main}
2015-02-03T10:40:12+09:00 ALERT (1): exception 'Zend_Controller_Dispatcher_Exception' with message 'Invalid controller specified (themes)' in /var/www/html/mypage/library/Zend/Controller/Dispatcher/Standard.php:248
Stack trace:
#0 /var/www/html/mypage/library/Zend/Controller/Front.php(954): Zend_Controller_Dispatcher_Standard->dispatch(Object(Zend_Controller_Request_Http), Object(Zend_Controller_Response_Http))
#1 /var/www/html/mypage/index.php(69): Zend_Controller_Front->dispatch()
#2 {main}
2015-02-03T11:08:48+09:00 ALERT (1): exception 'Zend_Controller_Dispatcher_Exception' with message 'Invalid controller specified (themes)' in /var/www/html/mypage/library/Zend/Controller/Dispatcher/Standard.php:248
Stack trace:
#0 /var/www/html/mypage/library/Zend/Controller/Front.php(954): Zend_Controller_Dispatcher_Standard->dispatch(Object(Zend_Controller_Request_Http), Object(Zend_Controller_Response_Http))
#1 /var/www/html/mypage/index.php(69): Zend_Controller_Front->dispatch()
#2 {main}
2015-02-03T11:08:48+09:00 ALERT (1): exception 'Zend_Controller_Dispatcher_Exception' with message 'Invalid controller specified (themes)' in /var/www/html/mypage/library/Zend/Controller/Dispatcher/Standard.php:248
Stack trace:
#0 /var/www/html/mypage/library/Zend/Controller/Front.php(954): Zend_Controller_Dispatcher_Standard->dispatch(Object(Zend_Controller_Request_Http), Object(Zend_Controller_Response_Http))
#1 /var/www/html/mypage/index.php(69): Zend_Controller_Front->dispatch()
#2 {main}
2015-02-03T11:21:16+09:00 ALERT (1): exception 'Zend_Controller_Dispatcher_Exception' with message 'Invalid controller specified (themes)' in /var/www/html/mypage/library/Zend/Controller/Dispatcher/Standard.php:248
Stack trace:
#0 /var/www/html/mypage/library/Zend/Controller/Front.php(954): Zend_Controller_Dispatcher_Standard->dispatch(Object(Zend_Controller_Request_Http), Object(Zend_Controller_Response_Http))
#1 /var/www/html/mypage/index.php(69): Zend_Controller_Front->dispatch()
#2 {main}
2015-02-03T11:31:38+09:00 ALERT (1): exception 'PDOException' with message 'SQLSTATE[42000]: Syntax error or access violation: 1064 You have an error in your SQL syntax; check the manual that corresponds to your MySQL server version for the right syntax to use near ') and (starttime >= '2015-02-03 11:31:38' and starttime <= '2015-03-03 11:31:38'' at line 1' in /var/www/html/mypage/library/Zend/Db/Statement/Pdo.php:58
Stack trace:
#0 /var/www/html/mypage/library/Zend/Db/Statement/Pdo.php(58): PDO->prepare('SELECT `event_l...')
#1 /var/www/html/mypage/library/Zend/Db/Statement.php(115): Zend_Db_Statement_Pdo->_prepare('SELECT `event_l...')
#2 /var/www/html/mypage/library/Zend/Db/Adapter/Pdo/Abstract.php(184): Zend_Db_Statement->__construct(Object(Zend_Db_Adapter_Pdo_Mysql), 'SELECT `event_l...')
#3 /var/www/html/mypage/library/Zend/Db/Adapter/Abstract.php(479): Zend_Db_Adapter_Pdo_Abstract->prepare('SELECT `event_l...')
#4 /var/www/html/mypage/library/Zend/Db/Adapter/Pdo/Abstract.php(238): Zend_Db_Adapter_Abstract->query(Object(Zend_Db_Select), Array)
#5 /var/www/html/mypage/library/Zend/Db/Adapter/Abstract.php(737): Zend_Db_Adapter_Pdo_Abstract->query(Object(Zend_Db_Select), Array)
#6 /var/www/html/mypage/tools/BaseModel.php(109): Zend_Db_Adapter_Abstract->fetchAll(Object(Zend_Db_Select))
#7 /var/www/html/mypage/application/modules/school/models/IndexModel.php(102): BaseModel->searchList(Array, ') and (starttim...', Array, 'starttime ASC')
#8 /var/www/html/mypage/application/modules/school/controllers/IndexController.php(127): School_IndexModel->seminarIntend(Array, Array)
#9 /var/www/html/mypage/library/Zend/Controller/Action.php(516): School_IndexController->indexAction()
#10 /var/www/html/mypage/library/Zend/Controller/Dispatcher/Standard.php(308): Zend_Controller_Action->dispatch('indexAction')
#11 /var/www/html/mypage/library/Zend/Controller/Front.php(954): Zend_Controller_Dispatcher_Standard->dispatch(Object(Zend_Controller_Request_Http), Object(Zend_Controller_Response_Http))
#12 /var/www/html/mypage/index.php(69): Zend_Controller_Front->dispatch()
#13 {main}

Next exception 'Zend_Db_Statement_Exception' with message 'SQLSTATE[42000]: Syntax error or access violation: 1064 You have an error in your SQL syntax; check the manual that corresponds to your MySQL server version for the right syntax to use near ') and (starttime >= '2015-02-03 11:31:38' and starttime <= '2015-03-03 11:31:38'' at line 1' in /var/www/html/mypage/library/Zend/Db/Statement/Pdo.php:61
Stack trace:
#0 /var/www/html/mypage/library/Zend/Db/Statement.php(115): Zend_Db_Statement_Pdo->_prepare('SELECT `event_l...')
#1 /var/www/html/mypage/library/Zend/Db/Adapter/Pdo/Abstract.php(184): Zend_Db_Statement->__construct(Object(Zend_Db_Adapter_Pdo_Mysql), 'SELECT `event_l...')
#2 /var/www/html/mypage/library/Zend/Db/Adapter/Abstract.php(479): Zend_Db_Adapter_Pdo_Abstract->prepare('SELECT `event_l...')
#3 /var/www/html/mypage/library/Zend/Db/Adapter/Pdo/Abstract.php(238): Zend_Db_Adapter_Abstract->query(Object(Zend_Db_Select), Array)
#4 /var/www/html/mypage/library/Zend/Db/Adapter/Abstract.php(737): Zend_Db_Adapter_Pdo_Abstract->query(Object(Zend_Db_Select), Array)
#5 /var/www/html/mypage/tools/BaseModel.php(109): Zend_Db_Adapter_Abstract->fetchAll(Object(Zend_Db_Select))
#6 /var/www/html/mypage/application/modules/school/models/IndexModel.php(102): BaseModel->searchList(Array, ') and (starttim...', Array, 'starttime ASC')
#7 /var/www/html/mypage/application/modules/school/controllers/IndexController.php(127): School_IndexModel->seminarIntend(Array, Array)
#8 /var/www/html/mypage/library/Zend/Controller/Action.php(516): School_IndexController->indexAction()
#9 /var/www/html/mypage/library/Zend/Controller/Dispatcher/Standard.php(308): Zend_Controller_Action->dispatch('indexAction')
#10 /var/www/html/mypage/library/Zend/Controller/Front.php(954): Zend_Controller_Dispatcher_Standard->dispatch(Object(Zend_Controller_Request_Http), Object(Zend_Controller_Response_Http))
#11 /var/www/html/mypage/index.php(69): Zend_Controller_Front->dispatch()
#12 {main}
2015-02-03T11:36:44+09:00 ALERT (1): exception 'Zend_Controller_Dispatcher_Exception' with message 'Invalid controller specified (themes)' in /var/www/html/mypage/library/Zend/Controller/Dispatcher/Standard.php:248
Stack trace:
#0 /var/www/html/mypage/library/Zend/Controller/Front.php(954): Zend_Controller_Dispatcher_Standard->dispatch(Object(Zend_Controller_Request_Http), Object(Zend_Controller_Response_Http))
#1 /var/www/html/mypage/index.php(69): Zend_Controller_Front->dispatch()
#2 {main}
2015-02-03T11:49:40+09:00 ALERT (1): exception 'PDOException' with message 'SQLSTATE[42000]: Syntax error or access violation: 1064 You have an error in your SQL syntax; check the manual that corresponds to your MySQL server version for the right syntax to use near ') and (starttime >= '2015-02-03 11:49:40' and starttime <= '2015-03-03 11:49:40'' at line 1' in /var/www/html/mypage/library/Zend/Db/Statement/Pdo.php:58
Stack trace:
#0 /var/www/html/mypage/library/Zend/Db/Statement/Pdo.php(58): PDO->prepare('SELECT `event_l...')
#1 /var/www/html/mypage/library/Zend/Db/Statement.php(115): Zend_Db_Statement_Pdo->_prepare('SELECT `event_l...')
#2 /var/www/html/mypage/library/Zend/Db/Adapter/Pdo/Abstract.php(184): Zend_Db_Statement->__construct(Object(Zend_Db_Adapter_Pdo_Mysql), 'SELECT `event_l...')
#3 /var/www/html/mypage/library/Zend/Db/Adapter/Abstract.php(479): Zend_Db_Adapter_Pdo_Abstract->prepare('SELECT `event_l...')
#4 /var/www/html/mypage/library/Zend/Db/Adapter/Pdo/Abstract.php(238): Zend_Db_Adapter_Abstract->query(Object(Zend_Db_Select), Array)
#5 /var/www/html/mypage/library/Zend/Db/Adapter/Abstract.php(737): Zend_Db_Adapter_Pdo_Abstract->query(Object(Zend_Db_Select), Array)
#6 /var/www/html/mypage/tools/BaseModel.php(109): Zend_Db_Adapter_Abstract->fetchAll(Object(Zend_Db_Select))
#7 /var/www/html/mypage/application/modules/school/models/IndexModel.php(102): BaseModel->searchList(Array, ') and (starttim...', Array, 'starttime ASC')
#8 /var/www/html/mypage/application/modules/school/controllers/IndexController.php(127): School_IndexModel->seminarIntend(Array, Array)
#9 /var/www/html/mypage/library/Zend/Controller/Action.php(516): School_IndexController->indexAction()
#10 /var/www/html/mypage/library/Zend/Controller/Dispatcher/Standard.php(308): Zend_Controller_Action->dispatch('indexAction')
#11 /var/www/html/mypage/library/Zend/Controller/Front.php(954): Zend_Controller_Dispatcher_Standard->dispatch(Object(Zend_Controller_Request_Http), Object(Zend_Controller_Response_Http))
#12 /var/www/html/mypage/index.php(69): Zend_Controller_Front->dispatch()
#13 {main}

Next exception 'Zend_Db_Statement_Exception' with message 'SQLSTATE[42000]: Syntax error or access violation: 1064 You have an error in your SQL syntax; check the manual that corresponds to your MySQL server version for the right syntax to use near ') and (starttime >= '2015-02-03 11:49:40' and starttime <= '2015-03-03 11:49:40'' at line 1' in /var/www/html/mypage/library/Zend/Db/Statement/Pdo.php:61
Stack trace:
#0 /var/www/html/mypage/library/Zend/Db/Statement.php(115): Zend_Db_Statement_Pdo->_prepare('SELECT `event_l...')
#1 /var/www/html/mypage/library/Zend/Db/Adapter/Pdo/Abstract.php(184): Zend_Db_Statement->__construct(Object(Zend_Db_Adapter_Pdo_Mysql), 'SELECT `event_l...')
#2 /var/www/html/mypage/library/Zend/Db/Adapter/Abstract.php(479): Zend_Db_Adapter_Pdo_Abstract->prepare('SELECT `event_l...')
#3 /var/www/html/mypage/library/Zend/Db/Adapter/Pdo/Abstract.php(238): Zend_Db_Adapter_Abstract->query(Object(Zend_Db_Select), Array)
#4 /var/www/html/mypage/library/Zend/Db/Adapter/Abstract.php(737): Zend_Db_Adapter_Pdo_Abstract->query(Object(Zend_Db_Select), Array)
#5 /var/www/html/mypage/tools/BaseModel.php(109): Zend_Db_Adapter_Abstract->fetchAll(Object(Zend_Db_Select))
#6 /var/www/html/mypage/application/modules/school/models/IndexModel.php(102): BaseModel->searchList(Array, ') and (starttim...', Array, 'starttime ASC')
#7 /var/www/html/mypage/application/modules/school/controllers/IndexController.php(127): School_IndexModel->seminarIntend(Array, Array)
#8 /var/www/html/mypage/library/Zend/Controller/Action.php(516): School_IndexController->indexAction()
#9 /var/www/html/mypage/library/Zend/Controller/Dispatcher/Standard.php(308): Zend_Controller_Action->dispatch('indexAction')
#10 /var/www/html/mypage/library/Zend/Controller/Front.php(954): Zend_Controller_Dispatcher_Standard->dispatch(Object(Zend_Controller_Request_Http), Object(Zend_Controller_Response_Http))
#11 /var/www/html/mypage/index.php(69): Zend_Controller_Front->dispatch()
#12 {main}
2015-02-03T11:59:54+09:00 ALERT (1): exception 'PDOException' with message 'SQLSTATE[42000]: Syntax error or access violation: 1064 You have an error in your SQL syntax; check the manual that corresponds to your MySQL server version for the right syntax to use near ') and (starttime >= '2015-02-03 11:59:54' and starttime <= '2015-03-03 11:59:54'' at line 1' in /var/www/html/mypage/library/Zend/Db/Statement/Pdo.php:58
Stack trace:
#0 /var/www/html/mypage/library/Zend/Db/Statement/Pdo.php(58): PDO->prepare('SELECT `event_l...')
#1 /var/www/html/mypage/library/Zend/Db/Statement.php(115): Zend_Db_Statement_Pdo->_prepare('SELECT `event_l...')
#2 /var/www/html/mypage/library/Zend/Db/Adapter/Pdo/Abstract.php(184): Zend_Db_Statement->__construct(Object(Zend_Db_Adapter_Pdo_Mysql), 'SELECT `event_l...')
#3 /var/www/html/mypage/library/Zend/Db/Adapter/Abstract.php(479): Zend_Db_Adapter_Pdo_Abstract->prepare('SELECT `event_l...')
#4 /var/www/html/mypage/library/Zend/Db/Adapter/Pdo/Abstract.php(238): Zend_Db_Adapter_Abstract->query(Object(Zend_Db_Select), Array)
#5 /var/www/html/mypage/library/Zend/Db/Adapter/Abstract.php(737): Zend_Db_Adapter_Pdo_Abstract->query(Object(Zend_Db_Select), Array)
#6 /var/www/html/mypage/tools/BaseModel.php(109): Zend_Db_Adapter_Abstract->fetchAll(Object(Zend_Db_Select))
#7 /var/www/html/mypage/application/modules/school/models/IndexModel.php(102): BaseModel->searchList(Array, ') and (starttim...', Array, 'starttime ASC')
#8 /var/www/html/mypage/application/modules/school/controllers/IndexController.php(127): School_IndexModel->seminarIntend(Array, Array)
#9 /var/www/html/mypage/library/Zend/Controller/Action.php(516): School_IndexController->indexAction()
#10 /var/www/html/mypage/library/Zend/Controller/Dispatcher/Standard.php(308): Zend_Controller_Action->dispatch('indexAction')
#11 /var/www/html/mypage/library/Zend/Controller/Front.php(954): Zend_Controller_Dispatcher_Standard->dispatch(Object(Zend_Controller_Request_Http), Object(Zend_Controller_Response_Http))
#12 /var/www/html/mypage/index.php(69): Zend_Controller_Front->dispatch()
#13 {main}

Next exception 'Zend_Db_Statement_Exception' with message 'SQLSTATE[42000]: Syntax error or access violation: 1064 You have an error in your SQL syntax; check the manual that corresponds to your MySQL server version for the right syntax to use near ') and (starttime >= '2015-02-03 11:59:54' and starttime <= '2015-03-03 11:59:54'' at line 1' in /var/www/html/mypage/library/Zend/Db/Statement/Pdo.php:61
Stack trace:
#0 /var/www/html/mypage/library/Zend/Db/Statement.php(115): Zend_Db_Statement_Pdo->_prepare('SELECT `event_l...')
#1 /var/www/html/mypage/library/Zend/Db/Adapter/Pdo/Abstract.php(184): Zend_Db_Statement->__construct(Object(Zend_Db_Adapter_Pdo_Mysql), 'SELECT `event_l...')
#2 /var/www/html/mypage/library/Zend/Db/Adapter/Abstract.php(479): Zend_Db_Adapter_Pdo_Abstract->prepare('SELECT `event_l...')
#3 /var/www/html/mypage/library/Zend/Db/Adapter/Pdo/Abstract.php(238): Zend_Db_Adapter_Abstract->query(Object(Zend_Db_Select), Array)
#4 /var/www/html/mypage/library/Zend/Db/Adapter/Abstract.php(737): Zend_Db_Adapter_Pdo_Abstract->query(Object(Zend_Db_Select), Array)
#5 /var/www/html/mypage/tools/BaseModel.php(109): Zend_Db_Adapter_Abstract->fetchAll(Object(Zend_Db_Select))
#6 /var/www/html/mypage/application/modules/school/models/IndexModel.php(102): BaseModel->searchList(Array, ') and (starttim...', Array, 'starttime ASC')
#7 /var/www/html/mypage/application/modules/school/controllers/IndexController.php(127): School_IndexModel->seminarIntend(Array, Array)
#8 /var/www/html/mypage/library/Zend/Controller/Action.php(516): School_IndexController->indexAction()
#9 /var/www/html/mypage/library/Zend/Controller/Dispatcher/Standard.php(308): Zend_Controller_Action->dispatch('indexAction')
#10 /var/www/html/mypage/library/Zend/Controller/Front.php(954): Zend_Controller_Dispatcher_Standard->dispatch(Object(Zend_Controller_Request_Http), Object(Zend_Controller_Response_Http))
#11 /var/www/html/mypage/index.php(69): Zend_Controller_Front->dispatch()
#12 {main}
2015-02-03T11:59:58+09:00 ALERT (1): exception 'PDOException' with message 'SQLSTATE[42000]: Syntax error or access violation: 1064 You have an error in your SQL syntax; check the manual that corresponds to your MySQL server version for the right syntax to use near ') and (starttime >= '2015-02-03 11:59:58' and starttime <= '2015-03-03 11:59:58'' at line 1' in /var/www/html/mypage/library/Zend/Db/Statement/Pdo.php:58
Stack trace:
#0 /var/www/html/mypage/library/Zend/Db/Statement/Pdo.php(58): PDO->prepare('SELECT `event_l...')
#1 /var/www/html/mypage/library/Zend/Db/Statement.php(115): Zend_Db_Statement_Pdo->_prepare('SELECT `event_l...')
#2 /var/www/html/mypage/library/Zend/Db/Adapter/Pdo/Abstract.php(184): Zend_Db_Statement->__construct(Object(Zend_Db_Adapter_Pdo_Mysql), 'SELECT `event_l...')
#3 /var/www/html/mypage/library/Zend/Db/Adapter/Abstract.php(479): Zend_Db_Adapter_Pdo_Abstract->prepare('SELECT `event_l...')
#4 /var/www/html/mypage/library/Zend/Db/Adapter/Pdo/Abstract.php(238): Zend_Db_Adapter_Abstract->query(Object(Zend_Db_Select), Array)
#5 /var/www/html/mypage/library/Zend/Db/Adapter/Abstract.php(737): Zend_Db_Adapter_Pdo_Abstract->query(Object(Zend_Db_Select), Array)
#6 /var/www/html/mypage/tools/BaseModel.php(109): Zend_Db_Adapter_Abstract->fetchAll(Object(Zend_Db_Select))
#7 /var/www/html/mypage/application/modules/school/models/IndexModel.php(102): BaseModel->searchList(Array, ') and (starttim...', Array, 'starttime ASC')
#8 /var/www/html/mypage/application/modules/school/controllers/IndexController.php(127): School_IndexModel->seminarIntend(Array, Array)
#9 /var/www/html/mypage/library/Zend/Controller/Action.php(516): School_IndexController->indexAction()
#10 /var/www/html/mypage/library/Zend/Controller/Dispatcher/Standard.php(308): Zend_Controller_Action->dispatch('indexAction')
#11 /var/www/html/mypage/library/Zend/Controller/Front.php(954): Zend_Controller_Dispatcher_Standard->dispatch(Object(Zend_Controller_Request_Http), Object(Zend_Controller_Response_Http))
#12 /var/www/html/mypage/index.php(69): Zend_Controller_Front->dispatch()
#13 {main}

Next exception 'Zend_Db_Statement_Exception' with message 'SQLSTATE[42000]: Syntax error or access violation: 1064 You have an error in your SQL syntax; check the manual that corresponds to your MySQL server version for the right syntax to use near ') and (starttime >= '2015-02-03 11:59:58' and starttime <= '2015-03-03 11:59:58'' at line 1' in /var/www/html/mypage/library/Zend/Db/Statement/Pdo.php:61
Stack trace:
#0 /var/www/html/mypage/library/Zend/Db/Statement.php(115): Zend_Db_Statement_Pdo->_prepare('SELECT `event_l...')
#1 /var/www/html/mypage/library/Zend/Db/Adapter/Pdo/Abstract.php(184): Zend_Db_Statement->__construct(Object(Zend_Db_Adapter_Pdo_Mysql), 'SELECT `event_l...')
#2 /var/www/html/mypage/library/Zend/Db/Adapter/Abstract.php(479): Zend_Db_Adapter_Pdo_Abstract->prepare('SELECT `event_l...')
#3 /var/www/html/mypage/library/Zend/Db/Adapter/Pdo/Abstract.php(238): Zend_Db_Adapter_Abstract->query(Object(Zend_Db_Select), Array)
#4 /var/www/html/mypage/library/Zend/Db/Adapter/Abstract.php(737): Zend_Db_Adapter_Pdo_Abstract->query(Object(Zend_Db_Select), Array)
#5 /var/www/html/mypage/tools/BaseModel.php(109): Zend_Db_Adapter_Abstract->fetchAll(Object(Zend_Db_Select))
#6 /var/www/html/mypage/application/modules/school/models/IndexModel.php(102): BaseModel->searchList(Array, ') and (starttim...', Array, 'starttime ASC')
#7 /var/www/html/mypage/application/modules/school/controllers/IndexController.php(127): School_IndexModel->seminarIntend(Array, Array)
#8 /var/www/html/mypage/library/Zend/Controller/Action.php(516): School_IndexController->indexAction()
#9 /var/www/html/mypage/library/Zend/Controller/Dispatcher/Standard.php(308): Zend_Controller_Action->dispatch('indexAction')
#10 /var/www/html/mypage/library/Zend/Controller/Front.php(954): Zend_Controller_Dispatcher_Standard->dispatch(Object(Zend_Controller_Request_Http), Object(Zend_Controller_Response_Http))
#11 /var/www/html/mypage/index.php(69): Zend_Controller_Front->dispatch()
#12 {main}
2015-02-03T12:55:11+09:00 ALERT (1): exception 'PDOException' with message 'SQLSTATE[42000]: Syntax error or access violation: 1064 You have an error in your SQL syntax; check the manual that corresponds to your MySQL server version for the right syntax to use near ') and (starttime >= '2015-02-03 12:55:11' and starttime <= '2015-03-03 12:55:11'' at line 1' in /var/www/html/mypage/library/Zend/Db/Statement/Pdo.php:58
Stack trace:
#0 /var/www/html/mypage/library/Zend/Db/Statement/Pdo.php(58): PDO->prepare('SELECT `event_l...')
#1 /var/www/html/mypage/library/Zend/Db/Statement.php(115): Zend_Db_Statement_Pdo->_prepare('SELECT `event_l...')
#2 /var/www/html/mypage/library/Zend/Db/Adapter/Pdo/Abstract.php(184): Zend_Db_Statement->__construct(Object(Zend_Db_Adapter_Pdo_Mysql), 'SELECT `event_l...')
#3 /var/www/html/mypage/library/Zend/Db/Adapter/Abstract.php(479): Zend_Db_Adapter_Pdo_Abstract->prepare('SELECT `event_l...')
#4 /var/www/html/mypage/library/Zend/Db/Adapter/Pdo/Abstract.php(238): Zend_Db_Adapter_Abstract->query(Object(Zend_Db_Select), Array)
#5 /var/www/html/mypage/library/Zend/Db/Adapter/Abstract.php(737): Zend_Db_Adapter_Pdo_Abstract->query(Object(Zend_Db_Select), Array)
#6 /var/www/html/mypage/tools/BaseModel.php(109): Zend_Db_Adapter_Abstract->fetchAll(Object(Zend_Db_Select))
#7 /var/www/html/mypage/application/modules/school/models/IndexModel.php(102): BaseModel->searchList(Array, ') and (starttim...', Array, 'starttime ASC')
#8 /var/www/html/mypage/application/modules/school/controllers/IndexController.php(127): School_IndexModel->seminarIntend(Array, Array)
#9 /var/www/html/mypage/library/Zend/Controller/Action.php(516): School_IndexController->indexAction()
#10 /var/www/html/mypage/library/Zend/Controller/Dispatcher/Standard.php(308): Zend_Controller_Action->dispatch('indexAction')
#11 /var/www/html/mypage/library/Zend/Controller/Front.php(954): Zend_Controller_Dispatcher_Standard->dispatch(Object(Zend_Controller_Request_Http), Object(Zend_Controller_Response_Http))
#12 /var/www/html/mypage/index.php(69): Zend_Controller_Front->dispatch()
#13 {main}

Next exception 'Zend_Db_Statement_Exception' with message 'SQLSTATE[42000]: Syntax error or access violation: 1064 You have an error in your SQL syntax; check the manual that corresponds to your MySQL server version for the right syntax to use near ') and (starttime >= '2015-02-03 12:55:11' and starttime <= '2015-03-03 12:55:11'' at line 1' in /var/www/html/mypage/library/Zend/Db/Statement/Pdo.php:61
Stack trace:
#0 /var/www/html/mypage/library/Zend/Db/Statement.php(115): Zend_Db_Statement_Pdo->_prepare('SELECT `event_l...')
#1 /var/www/html/mypage/library/Zend/Db/Adapter/Pdo/Abstract.php(184): Zend_Db_Statement->__construct(Object(Zend_Db_Adapter_Pdo_Mysql), 'SELECT `event_l...')
#2 /var/www/html/mypage/library/Zend/Db/Adapter/Abstract.php(479): Zend_Db_Adapter_Pdo_Abstract->prepare('SELECT `event_l...')
#3 /var/www/html/mypage/library/Zend/Db/Adapter/Pdo/Abstract.php(238): Zend_Db_Adapter_Abstract->query(Object(Zend_Db_Select), Array)
#4 /var/www/html/mypage/library/Zend/Db/Adapter/Abstract.php(737): Zend_Db_Adapter_Pdo_Abstract->query(Object(Zend_Db_Select), Array)
#5 /var/www/html/mypage/tools/BaseModel.php(109): Zend_Db_Adapter_Abstract->fetchAll(Object(Zend_Db_Select))
#6 /var/www/html/mypage/application/modules/school/models/IndexModel.php(102): BaseModel->searchList(Array, ') and (starttim...', Array, 'starttime ASC')
#7 /var/www/html/mypage/application/modules/school/controllers/IndexController.php(127): School_IndexModel->seminarIntend(Array, Array)
#8 /var/www/html/mypage/library/Zend/Controller/Action.php(516): School_IndexController->indexAction()
#9 /var/www/html/mypage/library/Zend/Controller/Dispatcher/Standard.php(308): Zend_Controller_Action->dispatch('indexAction')
#10 /var/www/html/mypage/library/Zend/Controller/Front.php(954): Zend_Controller_Dispatcher_Standard->dispatch(Object(Zend_Controller_Request_Http), Object(Zend_Controller_Response_Http))
#11 /var/www/html/mypage/index.php(69): Zend_Controller_Front->dispatch()
#12 {main}
2015-02-03T13:47:05+09:00 ALERT (1): exception 'PDOException' with message 'SQLSTATE[42000]: Syntax error or access violation: 1064 You have an error in your SQL syntax; check the manual that corresponds to your MySQL server version for the right syntax to use near ')' at line 1' in /var/www/html/mypage/library/Zend/Db/Statement/Pdo.php:58
Stack trace:
#0 /var/www/html/mypage/library/Zend/Db/Statement/Pdo.php(58): PDO->prepare('SELECT `entryli...')
#1 /var/www/html/mypage/library/Zend/Db/Statement.php(115): Zend_Db_Statement_Pdo->_prepare('SELECT `entryli...')
#2 /var/www/html/mypage/library/Zend/Db/Adapter/Pdo/Abstract.php(184): Zend_Db_Statement->__construct(Object(Zend_Db_Adapter_Pdo_Mysql), 'SELECT `entryli...')
#3 /var/www/html/mypage/library/Zend/Db/Adapter/Abstract.php(479): Zend_Db_Adapter_Pdo_Abstract->prepare('SELECT `entryli...')
#4 /var/www/html/mypage/library/Zend/Db/Adapter/Pdo/Abstract.php(238): Zend_Db_Adapter_Abstract->query(Object(Zend_Db_Select), Array)
#5 /var/www/html/mypage/library/Zend/Db/Adapter/Abstract.php(737): Zend_Db_Adapter_Pdo_Abstract->query(Object(Zend_Db_Select), Array)
#6 /var/www/html/mypage/tools/BaseModel.php(109): Zend_Db_Adapter_Abstract->fetchAll(Object(Zend_Db_Select))
#7 /var/www/html/mypage/application/modules/school/models/SeminarModel.php(80): BaseModel->searchList('entrylist', 'seminarid = ', Array, NULL)
#8 /var/www/html/mypage/application/modules/school/controllers/SeminarController.php(165): SeminarModel->seminarMember('entrylist', NULL)
#9 /var/www/html/mypage/library/Zend/Controller/Action.php(516): School_SeminarController->detailAction()
#10 /var/www/html/mypage/library/Zend/Controller/Dispatcher/Standard.php(308): Zend_Controller_Action->dispatch('detailAction')
#11 /var/www/html/mypage/library/Zend/Controller/Front.php(954): Zend_Controller_Dispatcher_Standard->dispatch(Object(Zend_Controller_Request_Http), Object(Zend_Controller_Response_Http))
#12 /var/www/html/mypage/index.php(69): Zend_Controller_Front->dispatch()
#13 {main}

Next exception 'Zend_Db_Statement_Exception' with message 'SQLSTATE[42000]: Syntax error or access violation: 1064 You have an error in your SQL syntax; check the manual that corresponds to your MySQL server version for the right syntax to use near ')' at line 1' in /var/www/html/mypage/library/Zend/Db/Statement/Pdo.php:61
Stack trace:
#0 /var/www/html/mypage/library/Zend/Db/Statement.php(115): Zend_Db_Statement_Pdo->_prepare('SELECT `entryli...')
#1 /var/www/html/mypage/library/Zend/Db/Adapter/Pdo/Abstract.php(184): Zend_Db_Statement->__construct(Object(Zend_Db_Adapter_Pdo_Mysql), 'SELECT `entryli...')
#2 /var/www/html/mypage/library/Zend/Db/Adapter/Abstract.php(479): Zend_Db_Adapter_Pdo_Abstract->prepare('SELECT `entryli...')
#3 /var/www/html/mypage/library/Zend/Db/Adapter/Pdo/Abstract.php(238): Zend_Db_Adapter_Abstract->query(Object(Zend_Db_Select), Array)
#4 /var/www/html/mypage/library/Zend/Db/Adapter/Abstract.php(737): Zend_Db_Adapter_Pdo_Abstract->query(Object(Zend_Db_Select), Array)
#5 /var/www/html/mypage/tools/BaseModel.php(109): Zend_Db_Adapter_Abstract->fetchAll(Object(Zend_Db_Select))
#6 /var/www/html/mypage/application/modules/school/models/SeminarModel.php(80): BaseModel->searchList('entrylist', 'seminarid = ', Array, NULL)
#7 /var/www/html/mypage/application/modules/school/controllers/SeminarController.php(165): SeminarModel->seminarMember('entrylist', NULL)
#8 /var/www/html/mypage/library/Zend/Controller/Action.php(516): School_SeminarController->detailAction()
#9 /var/www/html/mypage/library/Zend/Controller/Dispatcher/Standard.php(308): Zend_Controller_Action->dispatch('detailAction')
#10 /var/www/html/mypage/library/Zend/Controller/Front.php(954): Zend_Controller_Dispatcher_Standard->dispatch(Object(Zend_Controller_Request_Http), Object(Zend_Controller_Response_Http))
#11 /var/www/html/mypage/index.php(69): Zend_Controller_Front->dispatch()
#12 {main}
2015-02-03T14:53:14+09:00 ALERT (1): exception 'PDOException' with message 'SQLSTATE[42000]: Syntax error or access violation: 1064 You have an error in your SQL syntax; check the manual that corresponds to your MySQL server version for the right syntax to use near ') and (starttime >= '2015-02-03 14:53:14' and starttime <= '2015-03-03 14:53:14'' at line 1' in /var/www/html/mypage/library/Zend/Db/Statement/Pdo.php:58
Stack trace:
#0 /var/www/html/mypage/library/Zend/Db/Statement/Pdo.php(58): PDO->prepare('SELECT `event_l...')
#1 /var/www/html/mypage/library/Zend/Db/Statement.php(115): Zend_Db_Statement_Pdo->_prepare('SELECT `event_l...')
#2 /var/www/html/mypage/library/Zend/Db/Adapter/Pdo/Abstract.php(184): Zend_Db_Statement->__construct(Object(Zend_Db_Adapter_Pdo_Mysql), 'SELECT `event_l...')
#3 /var/www/html/mypage/library/Zend/Db/Adapter/Abstract.php(479): Zend_Db_Adapter_Pdo_Abstract->prepare('SELECT `event_l...')
#4 /var/www/html/mypage/library/Zend/Db/Adapter/Pdo/Abstract.php(238): Zend_Db_Adapter_Abstract->query(Object(Zend_Db_Select), Array)
#5 /var/www/html/mypage/library/Zend/Db/Adapter/Abstract.php(737): Zend_Db_Adapter_Pdo_Abstract->query(Object(Zend_Db_Select), Array)
#6 /var/www/html/mypage/tools/BaseModel.php(109): Zend_Db_Adapter_Abstract->fetchAll(Object(Zend_Db_Select))
#7 /var/www/html/mypage/application/modules/school/models/IndexModel.php(102): BaseModel->searchList(Array, ') and (starttim...', Array, 'starttime ASC')
#8 /var/www/html/mypage/application/modules/school/controllers/IndexController.php(127): School_IndexModel->seminarIntend(Array, Array)
#9 /var/www/html/mypage/library/Zend/Controller/Action.php(516): School_IndexController->indexAction()
#10 /var/www/html/mypage/library/Zend/Controller/Dispatcher/Standard.php(308): Zend_Controller_Action->dispatch('indexAction')
#11 /var/www/html/mypage/library/Zend/Controller/Front.php(954): Zend_Controller_Dispatcher_Standard->dispatch(Object(Zend_Controller_Request_Http), Object(Zend_Controller_Response_Http))
#12 /var/www/html/mypage/index.php(69): Zend_Controller_Front->dispatch()
#13 {main}

Next exception 'Zend_Db_Statement_Exception' with message 'SQLSTATE[42000]: Syntax error or access violation: 1064 You have an error in your SQL syntax; check the manual that corresponds to your MySQL server version for the right syntax to use near ') and (starttime >= '2015-02-03 14:53:14' and starttime <= '2015-03-03 14:53:14'' at line 1' in /var/www/html/mypage/library/Zend/Db/Statement/Pdo.php:61
Stack trace:
#0 /var/www/html/mypage/library/Zend/Db/Statement.php(115): Zend_Db_Statement_Pdo->_prepare('SELECT `event_l...')
#1 /var/www/html/mypage/library/Zend/Db/Adapter/Pdo/Abstract.php(184): Zend_Db_Statement->__construct(Object(Zend_Db_Adapter_Pdo_Mysql), 'SELECT `event_l...')
#2 /var/www/html/mypage/library/Zend/Db/Adapter/Abstract.php(479): Zend_Db_Adapter_Pdo_Abstract->prepare('SELECT `event_l...')
#3 /var/www/html/mypage/library/Zend/Db/Adapter/Pdo/Abstract.php(238): Zend_Db_Adapter_Abstract->query(Object(Zend_Db_Select), Array)
#4 /var/www/html/mypage/library/Zend/Db/Adapter/Abstract.php(737): Zend_Db_Adapter_Pdo_Abstract->query(Object(Zend_Db_Select), Array)
#5 /var/www/html/mypage/tools/BaseModel.php(109): Zend_Db_Adapter_Abstract->fetchAll(Object(Zend_Db_Select))
#6 /var/www/html/mypage/application/modules/school/models/IndexModel.php(102): BaseModel->searchList(Array, ') and (starttim...', Array, 'starttime ASC')
#7 /var/www/html/mypage/application/modules/school/controllers/IndexController.php(127): School_IndexModel->seminarIntend(Array, Array)
#8 /var/www/html/mypage/library/Zend/Controller/Action.php(516): School_IndexController->indexAction()
#9 /var/www/html/mypage/library/Zend/Controller/Dispatcher/Standard.php(308): Zend_Controller_Action->dispatch('indexAction')
#10 /var/www/html/mypage/library/Zend/Controller/Front.php(954): Zend_Controller_Dispatcher_Standard->dispatch(Object(Zend_Controller_Request_Http), Object(Zend_Controller_Response_Http))
#11 /var/www/html/mypage/index.php(69): Zend_Controller_Front->dispatch()
#12 {main}
2015-02-03T16:40:14+09:00 ALERT (1): exception 'PDOException' with message 'SQLSTATE[42000]: Syntax error or access violation: 1064 You have an error in your SQL syntax; check the manual that corresponds to your MySQL server version for the right syntax to use near ') and (starttime >= '2015-02-03 16:40:14' and starttime <= '2015-03-03 16:40:14'' at line 1' in /var/www/html/mypage/library/Zend/Db/Statement/Pdo.php:58
Stack trace:
#0 /var/www/html/mypage/library/Zend/Db/Statement/Pdo.php(58): PDO->prepare('SELECT `event_l...')
#1 /var/www/html/mypage/library/Zend/Db/Statement.php(115): Zend_Db_Statement_Pdo->_prepare('SELECT `event_l...')
#2 /var/www/html/mypage/library/Zend/Db/Adapter/Pdo/Abstract.php(184): Zend_Db_Statement->__construct(Object(Zend_Db_Adapter_Pdo_Mysql), 'SELECT `event_l...')
#3 /var/www/html/mypage/library/Zend/Db/Adapter/Abstract.php(479): Zend_Db_Adapter_Pdo_Abstract->prepare('SELECT `event_l...')
#4 /var/www/html/mypage/library/Zend/Db/Adapter/Pdo/Abstract.php(238): Zend_Db_Adapter_Abstract->query(Object(Zend_Db_Select), Array)
#5 /var/www/html/mypage/library/Zend/Db/Adapter/Abstract.php(737): Zend_Db_Adapter_Pdo_Abstract->query(Object(Zend_Db_Select), Array)
#6 /var/www/html/mypage/tools/BaseModel.php(109): Zend_Db_Adapter_Abstract->fetchAll(Object(Zend_Db_Select))
#7 /var/www/html/mypage/application/modules/school/models/IndexModel.php(102): BaseModel->searchList(Array, ') and (starttim...', Array, 'starttime ASC')
#8 /var/www/html/mypage/application/modules/school/controllers/IndexController.php(127): School_IndexModel->seminarIntend(Array, Array)
#9 /var/www/html/mypage/library/Zend/Controller/Action.php(516): School_IndexController->indexAction()
#10 /var/www/html/mypage/library/Zend/Controller/Dispatcher/Standard.php(308): Zend_Controller_Action->dispatch('indexAction')
#11 /var/www/html/mypage/library/Zend/Controller/Front.php(954): Zend_Controller_Dispatcher_Standard->dispatch(Object(Zend_Controller_Request_Http), Object(Zend_Controller_Response_Http))
#12 /var/www/html/mypage/index.php(69): Zend_Controller_Front->dispatch()
#13 {main}

Next exception 'Zend_Db_Statement_Exception' with message 'SQLSTATE[42000]: Syntax error or access violation: 1064 You have an error in your SQL syntax; check the manual that corresponds to your MySQL server version for the right syntax to use near ') and (starttime >= '2015-02-03 16:40:14' and starttime <= '2015-03-03 16:40:14'' at line 1' in /var/www/html/mypage/library/Zend/Db/Statement/Pdo.php:61
Stack trace:
#0 /var/www/html/mypage/library/Zend/Db/Statement.php(115): Zend_Db_Statement_Pdo->_prepare('SELECT `event_l...')
#1 /var/www/html/mypage/library/Zend/Db/Adapter/Pdo/Abstract.php(184): Zend_Db_Statement->__construct(Object(Zend_Db_Adapter_Pdo_Mysql), 'SELECT `event_l...')
#2 /var/www/html/mypage/library/Zend/Db/Adapter/Abstract.php(479): Zend_Db_Adapter_Pdo_Abstract->prepare('SELECT `event_l...')
#3 /var/www/html/mypage/library/Zend/Db/Adapter/Pdo/Abstract.php(238): Zend_Db_Adapter_Abstract->query(Object(Zend_Db_Select), Array)
#4 /var/www/html/mypage/library/Zend/Db/Adapter/Abstract.php(737): Zend_Db_Adapter_Pdo_Abstract->query(Object(Zend_Db_Select), Array)
#5 /var/www/html/mypage/tools/BaseModel.php(109): Zend_Db_Adapter_Abstract->fetchAll(Object(Zend_Db_Select))
#6 /var/www/html/mypage/application/modules/school/models/IndexModel.php(102): BaseModel->searchList(Array, ') and (starttim...', Array, 'starttime ASC')
#7 /var/www/html/mypage/application/modules/school/controllers/IndexController.php(127): School_IndexModel->seminarIntend(Array, Array)
#8 /var/www/html/mypage/library/Zend/Controller/Action.php(516): School_IndexController->indexAction()
#9 /var/www/html/mypage/library/Zend/Controller/Dispatcher/Standard.php(308): Zend_Controller_Action->dispatch('indexAction')
#10 /var/www/html/mypage/library/Zend/Controller/Front.php(954): Zend_Controller_Dispatcher_Standard->dispatch(Object(Zend_Controller_Request_Http), Object(Zend_Controller_Response_Http))
#11 /var/www/html/mypage/index.php(69): Zend_Controller_Front->dispatch()
#12 {main}
2015-02-03T17:02:13+09:00 ALERT (1): exception 'PDOException' with message 'SQLSTATE[42000]: Syntax error or access violation: 1064 You have an error in your SQL syntax; check the manual that corresponds to your MySQL server version for the right syntax to use near ') and (starttime >= '2015-02-03 17:02:13' and starttime <= '2015-03-03 17:02:13'' at line 1' in /var/www/html/mypage/library/Zend/Db/Statement/Pdo.php:58
Stack trace:
#0 /var/www/html/mypage/library/Zend/Db/Statement/Pdo.php(58): PDO->prepare('SELECT `event_l...')
#1 /var/www/html/mypage/library/Zend/Db/Statement.php(115): Zend_Db_Statement_Pdo->_prepare('SELECT `event_l...')
#2 /var/www/html/mypage/library/Zend/Db/Adapter/Pdo/Abstract.php(184): Zend_Db_Statement->__construct(Object(Zend_Db_Adapter_Pdo_Mysql), 'SELECT `event_l...')
#3 /var/www/html/mypage/library/Zend/Db/Adapter/Abstract.php(479): Zend_Db_Adapter_Pdo_Abstract->prepare('SELECT `event_l...')
#4 /var/www/html/mypage/library/Zend/Db/Adapter/Pdo/Abstract.php(238): Zend_Db_Adapter_Abstract->query(Object(Zend_Db_Select), Array)
#5 /var/www/html/mypage/library/Zend/Db/Adapter/Abstract.php(737): Zend_Db_Adapter_Pdo_Abstract->query(Object(Zend_Db_Select), Array)
#6 /var/www/html/mypage/tools/BaseModel.php(109): Zend_Db_Adapter_Abstract->fetchAll(Object(Zend_Db_Select))
#7 /var/www/html/mypage/application/modules/school/models/IndexModel.php(102): BaseModel->searchList(Array, ') and (starttim...', Array, 'starttime ASC')
#8 /var/www/html/mypage/application/modules/school/controllers/IndexController.php(127): School_IndexModel->seminarIntend(Array, Array)
#9 /var/www/html/mypage/library/Zend/Controller/Action.php(516): School_IndexController->indexAction()
#10 /var/www/html/mypage/library/Zend/Controller/Dispatcher/Standard.php(308): Zend_Controller_Action->dispatch('indexAction')
#11 /var/www/html/mypage/library/Zend/Controller/Front.php(954): Zend_Controller_Dispatcher_Standard->dispatch(Object(Zend_Controller_Request_Http), Object(Zend_Controller_Response_Http))
#12 /var/www/html/mypage/index.php(69): Zend_Controller_Front->dispatch()
#13 {main}

Next exception 'Zend_Db_Statement_Exception' with message 'SQLSTATE[42000]: Syntax error or access violation: 1064 You have an error in your SQL syntax; check the manual that corresponds to your MySQL server version for the right syntax to use near ') and (starttime >= '2015-02-03 17:02:13' and starttime <= '2015-03-03 17:02:13'' at line 1' in /var/www/html/mypage/library/Zend/Db/Statement/Pdo.php:61
Stack trace:
#0 /var/www/html/mypage/library/Zend/Db/Statement.php(115): Zend_Db_Statement_Pdo->_prepare('SELECT `event_l...')
#1 /var/www/html/mypage/library/Zend/Db/Adapter/Pdo/Abstract.php(184): Zend_Db_Statement->__construct(Object(Zend_Db_Adapter_Pdo_Mysql), 'SELECT `event_l...')
#2 /var/www/html/mypage/library/Zend/Db/Adapter/Abstract.php(479): Zend_Db_Adapter_Pdo_Abstract->prepare('SELECT `event_l...')
#3 /var/www/html/mypage/library/Zend/Db/Adapter/Pdo/Abstract.php(238): Zend_Db_Adapter_Abstract->query(Object(Zend_Db_Select), Array)
#4 /var/www/html/mypage/library/Zend/Db/Adapter/Abstract.php(737): Zend_Db_Adapter_Pdo_Abstract->query(Object(Zend_Db_Select), Array)
#5 /var/www/html/mypage/tools/BaseModel.php(109): Zend_Db_Adapter_Abstract->fetchAll(Object(Zend_Db_Select))
#6 /var/www/html/mypage/application/modules/school/models/IndexModel.php(102): BaseModel->searchList(Array, ') and (starttim...', Array, 'starttime ASC')
#7 /var/www/html/mypage/application/modules/school/controllers/IndexController.php(127): School_IndexModel->seminarIntend(Array, Array)
#8 /var/www/html/mypage/library/Zend/Controller/Action.php(516): School_IndexController->indexAction()
#9 /var/www/html/mypage/library/Zend/Controller/Dispatcher/Standard.php(308): Zend_Controller_Action->dispatch('indexAction')
#10 /var/www/html/mypage/library/Zend/Controller/Front.php(954): Zend_Controller_Dispatcher_Standard->dispatch(Object(Zend_Controller_Request_Http), Object(Zend_Controller_Response_Http))
#11 /var/www/html/mypage/index.php(69): Zend_Controller_Front->dispatch()
#12 {main}
