2015-04-07T13:14:07+09:00 ALERT (1): exception 'Zend_Controller_Action_Exception' with message 'Action "changenextstep" does not exist and was not trapped in __call()' in /var/www/html/mypage/library/Zend/Controller/Action.php:485
Stack trace:
#0 /var/www/html/mypage/library/Zend/Controller/Action.php(518): Zend_Controller_Action->__call('changenextstepA...', Array)
#1 /var/www/html/mypage/library/Zend/Controller/Dispatcher/Standard.php(308): Zend_Controller_Action->dispatch('changenextstepA...')
#2 /var/www/html/mypage/library/Zend/Controller/Front.php(954): Zend_Controller_Dispatcher_Standard->dispatch(Object(Zend_Controller_Request_Http), Object(Zend_Controller_Response_Http))
#3 /var/www/html/mypage/index.php(69): Zend_Controller_Front->dispatch()
#4 {main}
2015-04-07T13:14:21+09:00 ALERT (1): exception 'Zend_Controller_Action_Exception' with message 'Action "changenextstep" does not exist and was not trapped in __call()' in /var/www/html/mypage/library/Zend/Controller/Action.php:485
Stack trace:
#0 /var/www/html/mypage/library/Zend/Controller/Action.php(518): Zend_Controller_Action->__call('changenextstepA...', Array)
#1 /var/www/html/mypage/library/Zend/Controller/Dispatcher/Standard.php(308): Zend_Controller_Action->dispatch('changenextstepA...')
#2 /var/www/html/mypage/library/Zend/Controller/Front.php(954): Zend_Controller_Dispatcher_Standard->dispatch(Object(Zend_Controller_Request_Http), Object(Zend_Controller_Response_Http))
#3 /var/www/html/mypage/index.php(69): Zend_Controller_Front->dispatch()
#4 {main}
2015-04-07T13:14:25+09:00 ALERT (1): exception 'Zend_Controller_Action_Exception' with message 'Action "changenextstep" does not exist and was not trapped in __call()' in /var/www/html/mypage/library/Zend/Controller/Action.php:485
Stack trace:
#0 /var/www/html/mypage/library/Zend/Controller/Action.php(518): Zend_Controller_Action->__call('changenextstepA...', Array)
#1 /var/www/html/mypage/library/Zend/Controller/Dispatcher/Standard.php(308): Zend_Controller_Action->dispatch('changenextstepA...')
#2 /var/www/html/mypage/library/Zend/Controller/Front.php(954): Zend_Controller_Dispatcher_Standard->dispatch(Object(Zend_Controller_Request_Http), Object(Zend_Controller_Response_Http))
#3 /var/www/html/mypage/index.php(69): Zend_Controller_Front->dispatch()
#4 {main}
2015-04-07T13:14:53+09:00 ALERT (1): exception 'Zend_Controller_Action_Exception' with message 'Action "changenextstep" does not exist and was not trapped in __call()' in /var/www/html/mypage/library/Zend/Controller/Action.php:485
Stack trace:
#0 /var/www/html/mypage/library/Zend/Controller/Action.php(518): Zend_Controller_Action->__call('changenextstepA...', Array)
#1 /var/www/html/mypage/library/Zend/Controller/Dispatcher/Standard.php(308): Zend_Controller_Action->dispatch('changenextstepA...')
#2 /var/www/html/mypage/library/Zend/Controller/Front.php(954): Zend_Controller_Dispatcher_Standard->dispatch(Object(Zend_Controller_Request_Http), Object(Zend_Controller_Response_Http))
#3 /var/www/html/mypage/index.php(69): Zend_Controller_Front->dispatch()
#4 {main}
2015-04-07T13:20:20+09:00 ALERT (1): exception 'SmartyException' with message 'Unable to load template file '/var/www/html/mypage/application/modules/staff/views/plan/changehistory.tpl'' in /var/www/html/mypage/library/Smarty/sysplugins/smarty_internal_templatebase.php:133
Stack trace:
#0 /var/www/html/mypage/library/Smarty/Zend_View_Smarty.php(181): Smarty_Internal_TemplateBase->fetch('/var/www/html/m...')
#1 /var/www/html/mypage/library/Zend/Controller/Action/Helper/ViewRenderer.php(900): Zend_View_Smarty->render('/var/www/html/m...')
#2 /var/www/html/mypage/library/Zend/Controller/Action/Helper/ViewRenderer.php(921): Zend_Controller_Action_Helper_ViewRenderer->renderScript('/var/www/html/m...', NULL)
#3 /var/www/html/mypage/library/Zend/Controller/Action/Helper/ViewRenderer.php(960): Zend_Controller_Action_Helper_ViewRenderer->render()
#4 /var/www/html/mypage/library/Zend/Controller/Action/HelperBroker.php(277): Zend_Controller_Action_Helper_ViewRenderer->postDispatch()
#5 /var/www/html/mypage/library/Zend/Controller/Action.php(527): Zend_Controller_Action_HelperBroker->notifyPostDispatch()
#6 /var/www/html/mypage/library/Zend/Controller/Dispatcher/Standard.php(308): Zend_Controller_Action->dispatch('changehistoryAc...')
#7 /var/www/html/mypage/library/Zend/Controller/Front.php(954): Zend_Controller_Dispatcher_Standard->dispatch(Object(Zend_Controller_Request_Http), Object(Zend_Controller_Response_Http))
#8 /var/www/html/mypage/index.php(69): Zend_Controller_Front->dispatch()
#9 {main}
2015-04-07T14:35:21+09:00 ALERT (1): exception 'PDOException' with message 'SQLSTATE[42S22]: Column not found: 1054 Unknown column 'preposition' in 'field list'' in /var/www/html/mypage/library/Zend/Db/Statement/Pdo.php:58
Stack trace:
#0 /var/www/html/mypage/library/Zend/Db/Statement/Pdo.php(58): PDO->prepare('UPDATE `next_st...')
#1 /var/www/html/mypage/library/Zend/Db/Statement.php(115): Zend_Db_Statement_Pdo->_prepare('UPDATE `next_st...')
#2 /var/www/html/mypage/library/Zend/Db/Adapter/Pdo/Abstract.php(184): Zend_Db_Statement->__construct(Object(Zend_Db_Adapter_Pdo_Mysql), 'UPDATE `next_st...')
#3 /var/www/html/mypage/library/Zend/Db/Adapter/Abstract.php(479): Zend_Db_Adapter_Pdo_Abstract->prepare('UPDATE `next_st...')
#4 /var/www/html/mypage/library/Zend/Db/Adapter/Pdo/Abstract.php(238): Zend_Db_Adapter_Abstract->query('UPDATE `next_st...', Array)
#5 /var/www/html/mypage/library/Zend/Db/Adapter/Abstract.php(635): Zend_Db_Adapter_Pdo_Abstract->query('UPDATE `next_st...', Array)
#6 /var/www/html/mypage/tools/BaseModel.php(20): Zend_Db_Adapter_Abstract->update('next_step', Array, 'next_step_id = ...')
#7 /var/www/html/mypage/application/modules/staff/models/PlanModel.php(91): BaseModel->update('next_step', Array)
#8 /var/www/html/mypage/application/modules/staff/controllers/PlanController.php(84): PlanModel->editStep('next_step', Array)
#9 /var/www/html/mypage/library/Zend/Controller/Action.php(516): Staff_PlanController->edithistoryAction()
#10 /var/www/html/mypage/library/Zend/Controller/Dispatcher/Standard.php(308): Zend_Controller_Action->dispatch('edithistoryActi...')
#11 /var/www/html/mypage/library/Zend/Controller/Front.php(954): Zend_Controller_Dispatcher_Standard->dispatch(Object(Zend_Controller_Request_Http), Object(Zend_Controller_Response_Http))
#12 /var/www/html/mypage/index.php(69): Zend_Controller_Front->dispatch()
#13 {main}

Next exception 'Zend_Db_Statement_Exception' with message 'SQLSTATE[42S22]: Column not found: 1054 Unknown column 'preposition' in 'field list'' in /var/www/html/mypage/library/Zend/Db/Statement/Pdo.php:61
Stack trace:
#0 /var/www/html/mypage/library/Zend/Db/Statement.php(115): Zend_Db_Statement_Pdo->_prepare('UPDATE `next_st...')
#1 /var/www/html/mypage/library/Zend/Db/Adapter/Pdo/Abstract.php(184): Zend_Db_Statement->__construct(Object(Zend_Db_Adapter_Pdo_Mysql), 'UPDATE `next_st...')
#2 /var/www/html/mypage/library/Zend/Db/Adapter/Abstract.php(479): Zend_Db_Adapter_Pdo_Abstract->prepare('UPDATE `next_st...')
#3 /var/www/html/mypage/library/Zend/Db/Adapter/Pdo/Abstract.php(238): Zend_Db_Adapter_Abstract->query('UPDATE `next_st...', Array)
#4 /var/www/html/mypage/library/Zend/Db/Adapter/Abstract.php(635): Zend_Db_Adapter_Pdo_Abstract->query('UPDATE `next_st...', Array)
#5 /var/www/html/mypage/tools/BaseModel.php(20): Zend_Db_Adapter_Abstract->update('next_step', Array, 'next_step_id = ...')
#6 /var/www/html/mypage/application/modules/staff/models/PlanModel.php(91): BaseModel->update('next_step', Array)
#7 /var/www/html/mypage/application/modules/staff/controllers/PlanController.php(84): PlanModel->editStep('next_step', Array)
#8 /var/www/html/mypage/library/Zend/Controller/Action.php(516): Staff_PlanController->edithistoryAction()
#9 /var/www/html/mypage/library/Zend/Controller/Dispatcher/Standard.php(308): Zend_Controller_Action->dispatch('edithistoryActi...')
#10 /var/www/html/mypage/library/Zend/Controller/Front.php(954): Zend_Controller_Dispatcher_Standard->dispatch(Object(Zend_Controller_Request_Http), Object(Zend_Controller_Response_Http))
#11 /var/www/html/mypage/index.php(69): Zend_Controller_Front->dispatch()
#12 {main}
2015-04-07T14:36:22+09:00 ALERT (1): exception 'SmartyException' with message 'Unable to load template file '/var/www/html/mypage/application/modules/staff/views/plan/edithistory.tpl'' in /var/www/html/mypage/library/Smarty/sysplugins/smarty_internal_templatebase.php:133
Stack trace:
#0 /var/www/html/mypage/library/Smarty/Zend_View_Smarty.php(181): Smarty_Internal_TemplateBase->fetch('/var/www/html/m...')
#1 /var/www/html/mypage/library/Zend/Controller/Action/Helper/ViewRenderer.php(900): Zend_View_Smarty->render('/var/www/html/m...')
#2 /var/www/html/mypage/library/Zend/Controller/Action/Helper/ViewRenderer.php(921): Zend_Controller_Action_Helper_ViewRenderer->renderScript('/var/www/html/m...', NULL)
#3 /var/www/html/mypage/library/Zend/Controller/Action/Helper/ViewRenderer.php(960): Zend_Controller_Action_Helper_ViewRenderer->render()
#4 /var/www/html/mypage/library/Zend/Controller/Action/HelperBroker.php(277): Zend_Controller_Action_Helper_ViewRenderer->postDispatch()
#5 /var/www/html/mypage/library/Zend/Controller/Action.php(527): Zend_Controller_Action_HelperBroker->notifyPostDispatch()
#6 /var/www/html/mypage/library/Zend/Controller/Dispatcher/Standard.php(308): Zend_Controller_Action->dispatch('edithistoryActi...')
#7 /var/www/html/mypage/library/Zend/Controller/Front.php(954): Zend_Controller_Dispatcher_Standard->dispatch(Object(Zend_Controller_Request_Http), Object(Zend_Controller_Response_Http))
#8 /var/www/html/mypage/index.php(69): Zend_Controller_Front->dispatch()
#9 {main}
2015-04-07T15:40:42+09:00 ALERT (1): exception 'Zend_Controller_Dispatcher_Exception' with message 'Invalid controller specified (themes)' in /var/www/html/mypage/library/Zend/Controller/Dispatcher/Standard.php:248
Stack trace:
#0 /var/www/html/mypage/library/Zend/Controller/Front.php(954): Zend_Controller_Dispatcher_Standard->dispatch(Object(Zend_Controller_Request_Http), Object(Zend_Controller_Response_Http))
#1 /var/www/html/mypage/index.php(69): Zend_Controller_Front->dispatch()
#2 {main}
2015-04-07T15:40:43+09:00 ALERT (1): exception 'Zend_Controller_Dispatcher_Exception' with message 'Invalid controller specified (themes)' in /var/www/html/mypage/library/Zend/Controller/Dispatcher/Standard.php:248
Stack trace:
#0 /var/www/html/mypage/library/Zend/Controller/Front.php(954): Zend_Controller_Dispatcher_Standard->dispatch(Object(Zend_Controller_Request_Http), Object(Zend_Controller_Response_Http))
#1 /var/www/html/mypage/index.php(69): Zend_Controller_Front->dispatch()
#2 {main}
2015-04-07T16:38:25+09:00 ALERT (1): exception 'Zend_Controller_Dispatcher_Exception' with message 'Invalid controller specified (themes)' in /var/www/html/mypage/library/Zend/Controller/Dispatcher/Standard.php:248
Stack trace:
#0 /var/www/html/mypage/library/Zend/Controller/Front.php(954): Zend_Controller_Dispatcher_Standard->dispatch(Object(Zend_Controller_Request_Http), Object(Zend_Controller_Response_Http))
#1 /var/www/html/mypage/index.php(69): Zend_Controller_Front->dispatch()
#2 {main}
2015-04-07T17:36:22+09:00 ALERT (1): exception 'Zend_Controller_Dispatcher_Exception' with message 'Invalid controller specified (changehistory)' in /var/www/html/mypage/library/Zend/Controller/Dispatcher/Standard.php:248
Stack trace:
#0 /var/www/html/mypage/library/Zend/Controller/Front.php(954): Zend_Controller_Dispatcher_Standard->dispatch(Object(Zend_Controller_Request_Http), Object(Zend_Controller_Response_Http))
#1 /var/www/html/mypage/index.php(69): Zend_Controller_Front->dispatch()
#2 {main}
2015-04-07T17:36:41+09:00 ALERT (1): exception 'Zend_Controller_Action_Exception' with message 'Action "changehistory" does not exist and was not trapped in __call()' in /var/www/html/mypage/library/Zend/Controller/Action.php:485
Stack trace:
#0 /var/www/html/mypage/library/Zend/Controller/Action.php(518): Zend_Controller_Action->__call('changehistoryAc...', Array)
#1 /var/www/html/mypage/library/Zend/Controller/Dispatcher/Standard.php(308): Zend_Controller_Action->dispatch('changehistoryAc...')
#2 /var/www/html/mypage/library/Zend/Controller/Front.php(954): Zend_Controller_Dispatcher_Standard->dispatch(Object(Zend_Controller_Request_Http), Object(Zend_Controller_Response_Http))
#3 /var/www/html/mypage/index.php(69): Zend_Controller_Front->dispatch()
#4 {main}
2015-04-07T17:37:10+09:00 ALERT (1): exception 'Zend_Controller_Action_Exception' with message 'Action "changehistory" does not exist and was not trapped in __call()' in /var/www/html/mypage/library/Zend/Controller/Action.php:485
Stack trace:
#0 /var/www/html/mypage/library/Zend/Controller/Action.php(518): Zend_Controller_Action->__call('changehistoryAc...', Array)
#1 /var/www/html/mypage/library/Zend/Controller/Dispatcher/Standard.php(308): Zend_Controller_Action->dispatch('changehistoryAc...')
#2 /var/www/html/mypage/library/Zend/Controller/Front.php(954): Zend_Controller_Dispatcher_Standard->dispatch(Object(Zend_Controller_Request_Http), Object(Zend_Controller_Response_Http))
#3 /var/www/html/mypage/index.php(69): Zend_Controller_Front->dispatch()
#4 {main}
2015-04-07T17:39:00+09:00 ALERT (1): exception 'Zend_Controller_Action_Exception' with message 'Action "changehistory" does not exist and was not trapped in __call()' in /var/www/html/mypage/library/Zend/Controller/Action.php:485
Stack trace:
#0 /var/www/html/mypage/library/Zend/Controller/Action.php(518): Zend_Controller_Action->__call('changehistoryAc...', Array)
#1 /var/www/html/mypage/library/Zend/Controller/Dispatcher/Standard.php(308): Zend_Controller_Action->dispatch('changehistoryAc...')
#2 /var/www/html/mypage/library/Zend/Controller/Front.php(954): Zend_Controller_Dispatcher_Standard->dispatch(Object(Zend_Controller_Request_Http), Object(Zend_Controller_Response_Http))
#3 /var/www/html/mypage/index.php(69): Zend_Controller_Front->dispatch()
#4 {main}
2015-04-07T17:39:03+09:00 ALERT (1): exception 'Zend_Controller_Action_Exception' with message 'Action "changehistory" does not exist and was not trapped in __call()' in /var/www/html/mypage/library/Zend/Controller/Action.php:485
Stack trace:
#0 /var/www/html/mypage/library/Zend/Controller/Action.php(518): Zend_Controller_Action->__call('changehistoryAc...', Array)
#1 /var/www/html/mypage/library/Zend/Controller/Dispatcher/Standard.php(308): Zend_Controller_Action->dispatch('changehistoryAc...')
#2 /var/www/html/mypage/library/Zend/Controller/Front.php(954): Zend_Controller_Dispatcher_Standard->dispatch(Object(Zend_Controller_Request_Http), Object(Zend_Controller_Response_Http))
#3 /var/www/html/mypage/index.php(69): Zend_Controller_Front->dispatch()
#4 {main}
2015-04-07T17:42:08+09:00 ALERT (1): exception 'Zend_Controller_Action_Exception' with message 'Action "changehistory" does not exist and was not trapped in __call()' in /var/www/html/mypage/library/Zend/Controller/Action.php:485
Stack trace:
#0 /var/www/html/mypage/library/Zend/Controller/Action.php(518): Zend_Controller_Action->__call('changehistoryAc...', Array)
#1 /var/www/html/mypage/library/Zend/Controller/Dispatcher/Standard.php(308): Zend_Controller_Action->dispatch('changehistoryAc...')
#2 /var/www/html/mypage/library/Zend/Controller/Front.php(954): Zend_Controller_Dispatcher_Standard->dispatch(Object(Zend_Controller_Request_Http), Object(Zend_Controller_Response_Http))
#3 /var/www/html/mypage/index.php(69): Zend_Controller_Front->dispatch()
#4 {main}
2015-04-07T17:43:31+09:00 ALERT (1): exception 'Zend_Controller_Action_Exception' with message 'Action "changehistory" does not exist and was not trapped in __call()' in /var/www/html/mypage/library/Zend/Controller/Action.php:485
Stack trace:
#0 /var/www/html/mypage/library/Zend/Controller/Action.php(518): Zend_Controller_Action->__call('changehistoryAc...', Array)
#1 /var/www/html/mypage/library/Zend/Controller/Dispatcher/Standard.php(308): Zend_Controller_Action->dispatch('changehistoryAc...')
#2 /var/www/html/mypage/library/Zend/Controller/Front.php(954): Zend_Controller_Dispatcher_Standard->dispatch(Object(Zend_Controller_Request_Http), Object(Zend_Controller_Response_Http))
#3 /var/www/html/mypage/index.php(69): Zend_Controller_Front->dispatch()
#4 {main}
2015-04-07T17:45:57+09:00 ALERT (1): exception 'PDOException' with message 'SQLSTATE[42000]: Syntax error or access violation: 1064 You have an error in your SQL syntax; check the manual that corresponds to your MySQL server version for the right syntax to use near 'WHERE (Array) ORDER BY `e` ASC' at line 4' in /var/www/html/mypage/library/Zend/Db/Statement/Pdo.php:58
Stack trace:
#0 /var/www/html/mypage/library/Zend/Db/Statement/Pdo.php(58): PDO->prepare('SELECT `m`.`crm...')
#1 /var/www/html/mypage/library/Zend/Db/Statement.php(115): Zend_Db_Statement_Pdo->_prepare('SELECT `m`.`crm...')
#2 /var/www/html/mypage/library/Zend/Db/Adapter/Pdo/Abstract.php(184): Zend_Db_Statement->__construct(Object(Zend_Db_Adapter_Pdo_Mysql), 'SELECT `m`.`crm...')
#3 /var/www/html/mypage/library/Zend/Db/Adapter/Abstract.php(479): Zend_Db_Adapter_Pdo_Abstract->prepare('SELECT `m`.`crm...')
#4 /var/www/html/mypage/library/Zend/Db/Adapter/Pdo/Abstract.php(238): Zend_Db_Adapter_Abstract->query(Object(Zend_Db_Select), Array)
#5 /var/www/html/mypage/library/Zend/Db/Adapter/Abstract.php(737): Zend_Db_Adapter_Pdo_Abstract->query(Object(Zend_Db_Select), Array)
#6 /var/www/html/mypage/tools/BaseModel.php(299): Zend_Db_Adapter_Abstract->fetchAll(Object(Zend_Db_Select))
#7 /var/www/html/mypage/application/modules/batch/models/ReminderModel.php(65): BaseModel->getSearchSortJoin(Array, Array, Array, Array, NULL, NULL)
#8 /var/www/html/mypage/application/modules/batch/controllers/ReminderController.php(201): IndexModel->getHistory(Array, '2015-04-06')
#9 /var/www/html/mypage/library/Zend/Controller/Action.php(516): Batch_ReminderController->changehistoryAction()
#10 /var/www/html/mypage/library/Zend/Controller/Dispatcher/Standard.php(308): Zend_Controller_Action->dispatch('changehistoryAc...')
#11 /var/www/html/mypage/library/Zend/Controller/Front.php(954): Zend_Controller_Dispatcher_Standard->dispatch(Object(Zend_Controller_Request_Http), Object(Zend_Controller_Response_Http))
#12 /var/www/html/mypage/index.php(69): Zend_Controller_Front->dispatch()
#13 {main}

Next exception 'Zend_Db_Statement_Exception' with message 'SQLSTATE[42000]: Syntax error or access violation: 1064 You have an error in your SQL syntax; check the manual that corresponds to your MySQL server version for the right syntax to use near 'WHERE (Array) ORDER BY `e` ASC' at line 4' in /var/www/html/mypage/library/Zend/Db/Statement/Pdo.php:61
Stack trace:
#0 /var/www/html/mypage/library/Zend/Db/Statement.php(115): Zend_Db_Statement_Pdo->_prepare('SELECT `m`.`crm...')
#1 /var/www/html/mypage/library/Zend/Db/Adapter/Pdo/Abstract.php(184): Zend_Db_Statement->__construct(Object(Zend_Db_Adapter_Pdo_Mysql), 'SELECT `m`.`crm...')
#2 /var/www/html/mypage/library/Zend/Db/Adapter/Abstract.php(479): Zend_Db_Adapter_Pdo_Abstract->prepare('SELECT `m`.`crm...')
#3 /var/www/html/mypage/library/Zend/Db/Adapter/Pdo/Abstract.php(238): Zend_Db_Adapter_Abstract->query(Object(Zend_Db_Select), Array)
#4 /var/www/html/mypage/library/Zend/Db/Adapter/Abstract.php(737): Zend_Db_Adapter_Pdo_Abstract->query(Object(Zend_Db_Select), Array)
#5 /var/www/html/mypage/tools/BaseModel.php(299): Zend_Db_Adapter_Abstract->fetchAll(Object(Zend_Db_Select))
#6 /var/www/html/mypage/application/modules/batch/models/ReminderModel.php(65): BaseModel->getSearchSortJoin(Array, Array, Array, Array, NULL, NULL)
#7 /var/www/html/mypage/application/modules/batch/controllers/ReminderController.php(201): IndexModel->getHistory(Array, '2015-04-06')
#8 /var/www/html/mypage/library/Zend/Controller/Action.php(516): Batch_ReminderController->changehistoryAction()
#9 /var/www/html/mypage/library/Zend/Controller/Dispatcher/Standard.php(308): Zend_Controller_Action->dispatch('changehistoryAc...')
#10 /var/www/html/mypage/library/Zend/Controller/Front.php(954): Zend_Controller_Dispatcher_Standard->dispatch(Object(Zend_Controller_Request_Http), Object(Zend_Controller_Response_Http))
#11 /var/www/html/mypage/index.php(69): Zend_Controller_Front->dispatch()
#12 {main}
2015-04-07T17:47:52+09:00 ALERT (1): exception 'PDOException' with message 'SQLSTATE[42000]: Syntax error or access violation: 1064 You have an error in your SQL syntax; check the manual that corresponds to your MySQL server version for the right syntax to use near 'WHERE (memlist.updated_on >= 2015-04-06) ORDER BY `e` ASC' at line 4' in /var/www/html/mypage/library/Zend/Db/Statement/Pdo.php:58
Stack trace:
#0 /var/www/html/mypage/library/Zend/Db/Statement/Pdo.php(58): PDO->prepare('SELECT `m`.`crm...')
#1 /var/www/html/mypage/library/Zend/Db/Statement.php(115): Zend_Db_Statement_Pdo->_prepare('SELECT `m`.`crm...')
#2 /var/www/html/mypage/library/Zend/Db/Adapter/Pdo/Abstract.php(184): Zend_Db_Statement->__construct(Object(Zend_Db_Adapter_Pdo_Mysql), 'SELECT `m`.`crm...')
#3 /var/www/html/mypage/library/Zend/Db/Adapter/Abstract.php(479): Zend_Db_Adapter_Pdo_Abstract->prepare('SELECT `m`.`crm...')
#4 /var/www/html/mypage/library/Zend/Db/Adapter/Pdo/Abstract.php(238): Zend_Db_Adapter_Abstract->query(Object(Zend_Db_Select), Array)
#5 /var/www/html/mypage/library/Zend/Db/Adapter/Abstract.php(737): Zend_Db_Adapter_Pdo_Abstract->query(Object(Zend_Db_Select), Array)
#6 /var/www/html/mypage/tools/BaseModel.php(299): Zend_Db_Adapter_Abstract->fetchAll(Object(Zend_Db_Select))
#7 /var/www/html/mypage/application/modules/batch/models/ReminderModel.php(65): BaseModel->getSearchSortJoin(Array, Array, Array, 'memlist.updated...', NULL, NULL)
#8 /var/www/html/mypage/application/modules/batch/controllers/ReminderController.php(201): IndexModel->getHistory(Array, '2015-04-06')
#9 /var/www/html/mypage/library/Zend/Controller/Action.php(516): Batch_ReminderController->changehistoryAction()
#10 /var/www/html/mypage/library/Zend/Controller/Dispatcher/Standard.php(308): Zend_Controller_Action->dispatch('changehistoryAc...')
#11 /var/www/html/mypage/library/Zend/Controller/Front.php(954): Zend_Controller_Dispatcher_Standard->dispatch(Object(Zend_Controller_Request_Http), Object(Zend_Controller_Response_Http))
#12 /var/www/html/mypage/index.php(69): Zend_Controller_Front->dispatch()
#13 {main}

Next exception 'Zend_Db_Statement_Exception' with message 'SQLSTATE[42000]: Syntax error or access violation: 1064 You have an error in your SQL syntax; check the manual that corresponds to your MySQL server version for the right syntax to use near 'WHERE (memlist.updated_on >= 2015-04-06) ORDER BY `e` ASC' at line 4' in /var/www/html/mypage/library/Zend/Db/Statement/Pdo.php:61
Stack trace:
#0 /var/www/html/mypage/library/Zend/Db/Statement.php(115): Zend_Db_Statement_Pdo->_prepare('SELECT `m`.`crm...')
#1 /var/www/html/mypage/library/Zend/Db/Adapter/Pdo/Abstract.php(184): Zend_Db_Statement->__construct(Object(Zend_Db_Adapter_Pdo_Mysql), 'SELECT `m`.`crm...')
#2 /var/www/html/mypage/library/Zend/Db/Adapter/Abstract.php(479): Zend_Db_Adapter_Pdo_Abstract->prepare('SELECT `m`.`crm...')
#3 /var/www/html/mypage/library/Zend/Db/Adapter/Pdo/Abstract.php(238): Zend_Db_Adapter_Abstract->query(Object(Zend_Db_Select), Array)
#4 /var/www/html/mypage/library/Zend/Db/Adapter/Abstract.php(737): Zend_Db_Adapter_Pdo_Abstract->query(Object(Zend_Db_Select), Array)
#5 /var/www/html/mypage/tools/BaseModel.php(299): Zend_Db_Adapter_Abstract->fetchAll(Object(Zend_Db_Select))
#6 /var/www/html/mypage/application/modules/batch/models/ReminderModel.php(65): BaseModel->getSearchSortJoin(Array, Array, Array, 'memlist.updated...', NULL, NULL)
#7 /var/www/html/mypage/application/modules/batch/controllers/ReminderController.php(201): IndexModel->getHistory(Array, '2015-04-06')
#8 /var/www/html/mypage/library/Zend/Controller/Action.php(516): Batch_ReminderController->changehistoryAction()
#9 /var/www/html/mypage/library/Zend/Controller/Dispatcher/Standard.php(308): Zend_Controller_Action->dispatch('changehistoryAc...')
#10 /var/www/html/mypage/library/Zend/Controller/Front.php(954): Zend_Controller_Dispatcher_Standard->dispatch(Object(Zend_Controller_Request_Http), Object(Zend_Controller_Response_Http))
#11 /var/www/html/mypage/index.php(69): Zend_Controller_Front->dispatch()
#12 {main}
2015-04-07T17:48:10+09:00 ALERT (1): exception 'PDOException' with message 'SQLSTATE[42000]: Syntax error or access violation: 1064 You have an error in your SQL syntax; check the manual that corresponds to your MySQL server version for the right syntax to use near 'WHERE (memlist.updated_on >= '2015-04-06') ORDER BY `e` ASC' at line 4' in /var/www/html/mypage/library/Zend/Db/Statement/Pdo.php:58
Stack trace:
#0 /var/www/html/mypage/library/Zend/Db/Statement/Pdo.php(58): PDO->prepare('SELECT `m`.`crm...')
#1 /var/www/html/mypage/library/Zend/Db/Statement.php(115): Zend_Db_Statement_Pdo->_prepare('SELECT `m`.`crm...')
#2 /var/www/html/mypage/library/Zend/Db/Adapter/Pdo/Abstract.php(184): Zend_Db_Statement->__construct(Object(Zend_Db_Adapter_Pdo_Mysql), 'SELECT `m`.`crm...')
#3 /var/www/html/mypage/library/Zend/Db/Adapter/Abstract.php(479): Zend_Db_Adapter_Pdo_Abstract->prepare('SELECT `m`.`crm...')
#4 /var/www/html/mypage/library/Zend/Db/Adapter/Pdo/Abstract.php(238): Zend_Db_Adapter_Abstract->query(Object(Zend_Db_Select), Array)
#5 /var/www/html/mypage/library/Zend/Db/Adapter/Abstract.php(737): Zend_Db_Adapter_Pdo_Abstract->query(Object(Zend_Db_Select), Array)
#6 /var/www/html/mypage/tools/BaseModel.php(299): Zend_Db_Adapter_Abstract->fetchAll(Object(Zend_Db_Select))
#7 /var/www/html/mypage/application/modules/batch/models/ReminderModel.php(65): BaseModel->getSearchSortJoin(Array, Array, Array, 'memlist.updated...', NULL, NULL)
#8 /var/www/html/mypage/application/modules/batch/controllers/ReminderController.php(201): IndexModel->getHistory(Array, '2015-04-06')
#9 /var/www/html/mypage/library/Zend/Controller/Action.php(516): Batch_ReminderController->changehistoryAction()
#10 /var/www/html/mypage/library/Zend/Controller/Dispatcher/Standard.php(308): Zend_Controller_Action->dispatch('changehistoryAc...')
#11 /var/www/html/mypage/library/Zend/Controller/Front.php(954): Zend_Controller_Dispatcher_Standard->dispatch(Object(Zend_Controller_Request_Http), Object(Zend_Controller_Response_Http))
#12 /var/www/html/mypage/index.php(69): Zend_Controller_Front->dispatch()
#13 {main}

Next exception 'Zend_Db_Statement_Exception' with message 'SQLSTATE[42000]: Syntax error or access violation: 1064 You have an error in your SQL syntax; check the manual that corresponds to your MySQL server version for the right syntax to use near 'WHERE (memlist.updated_on >= '2015-04-06') ORDER BY `e` ASC' at line 4' in /var/www/html/mypage/library/Zend/Db/Statement/Pdo.php:61
Stack trace:
#0 /var/www/html/mypage/library/Zend/Db/Statement.php(115): Zend_Db_Statement_Pdo->_prepare('SELECT `m`.`crm...')
#1 /var/www/html/mypage/library/Zend/Db/Adapter/Pdo/Abstract.php(184): Zend_Db_Statement->__construct(Object(Zend_Db_Adapter_Pdo_Mysql), 'SELECT `m`.`crm...')
#2 /var/www/html/mypage/library/Zend/Db/Adapter/Abstract.php(479): Zend_Db_Adapter_Pdo_Abstract->prepare('SELECT `m`.`crm...')
#3 /var/www/html/mypage/library/Zend/Db/Adapter/Pdo/Abstract.php(238): Zend_Db_Adapter_Abstract->query(Object(Zend_Db_Select), Array)
#4 /var/www/html/mypage/library/Zend/Db/Adapter/Abstract.php(737): Zend_Db_Adapter_Pdo_Abstract->query(Object(Zend_Db_Select), Array)
#5 /var/www/html/mypage/tools/BaseModel.php(299): Zend_Db_Adapter_Abstract->fetchAll(Object(Zend_Db_Select))
#6 /var/www/html/mypage/application/modules/batch/models/ReminderModel.php(65): BaseModel->getSearchSortJoin(Array, Array, Array, 'memlist.updated...', NULL, NULL)
#7 /var/www/html/mypage/application/modules/batch/controllers/ReminderController.php(201): IndexModel->getHistory(Array, '2015-04-06')
#8 /var/www/html/mypage/library/Zend/Controller/Action.php(516): Batch_ReminderController->changehistoryAction()
#9 /var/www/html/mypage/library/Zend/Controller/Dispatcher/Standard.php(308): Zend_Controller_Action->dispatch('changehistoryAc...')
#10 /var/www/html/mypage/library/Zend/Controller/Front.php(954): Zend_Controller_Dispatcher_Standard->dispatch(Object(Zend_Controller_Request_Http), Object(Zend_Controller_Response_Http))
#11 /var/www/html/mypage/index.php(69): Zend_Controller_Front->dispatch()
#12 {main}
2015-04-07T17:53:10+09:00 ALERT (1): exception 'PDOException' with message 'SQLSTATE[42S22]: Column not found: 1054 Unknown column 'memlist.updated_on' in 'where clause'' in /var/www/html/mypage/library/Zend/Db/Statement/Pdo.php:58
Stack trace:
#0 /var/www/html/mypage/library/Zend/Db/Statement/Pdo.php(58): PDO->prepare('SELECT `memlist...')
#1 /var/www/html/mypage/library/Zend/Db/Statement.php(115): Zend_Db_Statement_Pdo->_prepare('SELECT `memlist...')
#2 /var/www/html/mypage/library/Zend/Db/Adapter/Pdo/Abstract.php(184): Zend_Db_Statement->__construct(Object(Zend_Db_Adapter_Pdo_Mysql), 'SELECT `memlist...')
#3 /var/www/html/mypage/library/Zend/Db/Adapter/Abstract.php(479): Zend_Db_Adapter_Pdo_Abstract->prepare('SELECT `memlist...')
#4 /var/www/html/mypage/library/Zend/Db/Adapter/Pdo/Abstract.php(238): Zend_Db_Adapter_Abstract->query(Object(Zend_Db_Select), Array)
#5 /var/www/html/mypage/library/Zend/Db/Adapter/Abstract.php(737): Zend_Db_Adapter_Pdo_Abstract->query(Object(Zend_Db_Select), Array)
#6 /var/www/html/mypage/tools/BaseModel.php(299): Zend_Db_Adapter_Abstract->fetchAll(Object(Zend_Db_Select))
#7 /var/www/html/mypage/application/modules/batch/models/ReminderModel.php(65): BaseModel->getSearchSortJoin(Array, Array, Array, 'memlist.updated...', NULL, NULL)
#8 /var/www/html/mypage/application/modules/batch/controllers/ReminderController.php(201): IndexModel->getHistory(Array, '2015-04-06')
#9 /var/www/html/mypage/library/Zend/Controller/Action.php(516): Batch_ReminderController->changehistoryAction()
#10 /var/www/html/mypage/library/Zend/Controller/Dispatcher/Standard.php(308): Zend_Controller_Action->dispatch('changehistoryAc...')
#11 /var/www/html/mypage/library/Zend/Controller/Front.php(954): Zend_Controller_Dispatcher_Standard->dispatch(Object(Zend_Controller_Request_Http), Object(Zend_Controller_Response_Http))
#12 /var/www/html/mypage/index.php(69): Zend_Controller_Front->dispatch()
#13 {main}

Next exception 'Zend_Db_Statement_Exception' with message 'SQLSTATE[42S22]: Column not found: 1054 Unknown column 'memlist.updated_on' in 'where clause'' in /var/www/html/mypage/library/Zend/Db/Statement/Pdo.php:61
Stack trace:
#0 /var/www/html/mypage/library/Zend/Db/Statement.php(115): Zend_Db_Statement_Pdo->_prepare('SELECT `memlist...')
#1 /var/www/html/mypage/library/Zend/Db/Adapter/Pdo/Abstract.php(184): Zend_Db_Statement->__construct(Object(Zend_Db_Adapter_Pdo_Mysql), 'SELECT `memlist...')
#2 /var/www/html/mypage/library/Zend/Db/Adapter/Abstract.php(479): Zend_Db_Adapter_Pdo_Abstract->prepare('SELECT `memlist...')
#3 /var/www/html/mypage/library/Zend/Db/Adapter/Pdo/Abstract.php(238): Zend_Db_Adapter_Abstract->query(Object(Zend_Db_Select), Array)
#4 /var/www/html/mypage/library/Zend/Db/Adapter/Abstract.php(737): Zend_Db_Adapter_Pdo_Abstract->query(Object(Zend_Db_Select), Array)
#5 /var/www/html/mypage/tools/BaseModel.php(299): Zend_Db_Adapter_Abstract->fetchAll(Object(Zend_Db_Select))
#6 /var/www/html/mypage/application/modules/batch/models/ReminderModel.php(65): BaseModel->getSearchSortJoin(Array, Array, Array, 'memlist.updated...', NULL, NULL)
#7 /var/www/html/mypage/application/modules/batch/controllers/ReminderController.php(201): IndexModel->getHistory(Array, '2015-04-06')
#8 /var/www/html/mypage/library/Zend/Controller/Action.php(516): Batch_ReminderController->changehistoryAction()
#9 /var/www/html/mypage/library/Zend/Controller/Dispatcher/Standard.php(308): Zend_Controller_Action->dispatch('changehistoryAc...')
#10 /var/www/html/mypage/library/Zend/Controller/Front.php(954): Zend_Controller_Dispatcher_Standard->dispatch(Object(Zend_Controller_Request_Http), Object(Zend_Controller_Response_Http))
#11 /var/www/html/mypage/index.php(69): Zend_Controller_Front->dispatch()
#12 {main}
2015-04-07T17:54:08+09:00 ALERT (1): exception 'PDOException' with message 'SQLSTATE[42S22]: Column not found: 1054 Unknown column 'memlist.member_id' in 'on clause'' in /var/www/html/mypage/library/Zend/Db/Statement/Pdo.php:58
Stack trace:
#0 /var/www/html/mypage/library/Zend/Db/Statement/Pdo.php(58): PDO->prepare('SELECT `memlist...')
#1 /var/www/html/mypage/library/Zend/Db/Statement.php(115): Zend_Db_Statement_Pdo->_prepare('SELECT `memlist...')
#2 /var/www/html/mypage/library/Zend/Db/Adapter/Pdo/Abstract.php(184): Zend_Db_Statement->__construct(Object(Zend_Db_Adapter_Pdo_Mysql), 'SELECT `memlist...')
#3 /var/www/html/mypage/library/Zend/Db/Adapter/Abstract.php(479): Zend_Db_Adapter_Pdo_Abstract->prepare('SELECT `memlist...')
#4 /var/www/html/mypage/library/Zend/Db/Adapter/Pdo/Abstract.php(238): Zend_Db_Adapter_Abstract->query(Object(Zend_Db_Select), Array)
#5 /var/www/html/mypage/library/Zend/Db/Adapter/Abstract.php(737): Zend_Db_Adapter_Pdo_Abstract->query(Object(Zend_Db_Select), Array)
#6 /var/www/html/mypage/tools/BaseModel.php(299): Zend_Db_Adapter_Abstract->fetchAll(Object(Zend_Db_Select))
#7 /var/www/html/mypage/application/modules/batch/models/ReminderModel.php(65): BaseModel->getSearchSortJoin(Array, Array, Array, 'next_step.updat...', NULL, NULL)
#8 /var/www/html/mypage/application/modules/batch/controllers/ReminderController.php(201): IndexModel->getHistory(Array, '2015-04-06')
#9 /var/www/html/mypage/library/Zend/Controller/Action.php(516): Batch_ReminderController->changehistoryAction()
#10 /var/www/html/mypage/library/Zend/Controller/Dispatcher/Standard.php(308): Zend_Controller_Action->dispatch('changehistoryAc...')
#11 /var/www/html/mypage/library/Zend/Controller/Front.php(954): Zend_Controller_Dispatcher_Standard->dispatch(Object(Zend_Controller_Request_Http), Object(Zend_Controller_Response_Http))
#12 /var/www/html/mypage/index.php(69): Zend_Controller_Front->dispatch()
#13 {main}

Next exception 'Zend_Db_Statement_Exception' with message 'SQLSTATE[42S22]: Column not found: 1054 Unknown column 'memlist.member_id' in 'on clause'' in /var/www/html/mypage/library/Zend/Db/Statement/Pdo.php:61
Stack trace:
#0 /var/www/html/mypage/library/Zend/Db/Statement.php(115): Zend_Db_Statement_Pdo->_prepare('SELECT `memlist...')
#1 /var/www/html/mypage/library/Zend/Db/Adapter/Pdo/Abstract.php(184): Zend_Db_Statement->__construct(Object(Zend_Db_Adapter_Pdo_Mysql), 'SELECT `memlist...')
#2 /var/www/html/mypage/library/Zend/Db/Adapter/Abstract.php(479): Zend_Db_Adapter_Pdo_Abstract->prepare('SELECT `memlist...')
#3 /var/www/html/mypage/library/Zend/Db/Adapter/Pdo/Abstract.php(238): Zend_Db_Adapter_Abstract->query(Object(Zend_Db_Select), Array)
#4 /var/www/html/mypage/library/Zend/Db/Adapter/Abstract.php(737): Zend_Db_Adapter_Pdo_Abstract->query(Object(Zend_Db_Select), Array)
#5 /var/www/html/mypage/tools/BaseModel.php(299): Zend_Db_Adapter_Abstract->fetchAll(Object(Zend_Db_Select))
#6 /var/www/html/mypage/application/modules/batch/models/ReminderModel.php(65): BaseModel->getSearchSortJoin(Array, Array, Array, 'next_step.updat...', NULL, NULL)
#7 /var/www/html/mypage/application/modules/batch/controllers/ReminderController.php(201): IndexModel->getHistory(Array, '2015-04-06')
#8 /var/www/html/mypage/library/Zend/Controller/Action.php(516): Batch_ReminderController->changehistoryAction()
#9 /var/www/html/mypage/library/Zend/Controller/Dispatcher/Standard.php(308): Zend_Controller_Action->dispatch('changehistoryAc...')
#10 /var/www/html/mypage/library/Zend/Controller/Front.php(954): Zend_Controller_Dispatcher_Standard->dispatch(Object(Zend_Controller_Request_Http), Object(Zend_Controller_Response_Http))
#11 /var/www/html/mypage/index.php(69): Zend_Controller_Front->dispatch()
#12 {main}
2015-04-07T18:00:53+09:00 ALERT (1): exception 'PDOException' with message 'SQLSTATE[42000]: Syntax error or access violation: 1064 You have an error in your SQL syntax; check the manual that corresponds to your MySQL server version for the right syntax to use near '18:00:53) ORDER BY `id` ASC' at line 2' in /var/www/html/mypage/library/Zend/Db/Statement/Pdo.php:58
Stack trace:
#0 /var/www/html/mypage/library/Zend/Db/Statement/Pdo.php(58): PDO->prepare('SELECT `memlist...')
#1 /var/www/html/mypage/library/Zend/Db/Statement.php(115): Zend_Db_Statement_Pdo->_prepare('SELECT `memlist...')
#2 /var/www/html/mypage/library/Zend/Db/Adapter/Pdo/Abstract.php(184): Zend_Db_Statement->__construct(Object(Zend_Db_Adapter_Pdo_Mysql), 'SELECT `memlist...')
#3 /var/www/html/mypage/library/Zend/Db/Adapter/Abstract.php(479): Zend_Db_Adapter_Pdo_Abstract->prepare('SELECT `memlist...')
#4 /var/www/html/mypage/library/Zend/Db/Adapter/Pdo/Abstract.php(238): Zend_Db_Adapter_Abstract->query(Object(Zend_Db_Select), Array)
#5 /var/www/html/mypage/library/Zend/Db/Adapter/Abstract.php(737): Zend_Db_Adapter_Pdo_Abstract->query(Object(Zend_Db_Select), Array)
#6 /var/www/html/mypage/tools/BaseModel.php(299): Zend_Db_Adapter_Abstract->fetchAll(Object(Zend_Db_Select))
#7 /var/www/html/mypage/application/modules/batch/models/ReminderModel.php(65): BaseModel->getSearchSortJoin(Array, Array, Array, 'next_step.updat...', NULL, NULL)
#8 /var/www/html/mypage/application/modules/batch/controllers/ReminderController.php(201): IndexModel->getHistory(Array, '2015-04-06 18:0...')
#9 /var/www/html/mypage/library/Zend/Controller/Action.php(516): Batch_ReminderController->changehistoryAction()
#10 /var/www/html/mypage/library/Zend/Controller/Dispatcher/Standard.php(308): Zend_Controller_Action->dispatch('changehistoryAc...')
#11 /var/www/html/mypage/library/Zend/Controller/Front.php(954): Zend_Controller_Dispatcher_Standard->dispatch(Object(Zend_Controller_Request_Http), Object(Zend_Controller_Response_Http))
#12 /var/www/html/mypage/index.php(69): Zend_Controller_Front->dispatch()
#13 {main}

Next exception 'Zend_Db_Statement_Exception' with message 'SQLSTATE[42000]: Syntax error or access violation: 1064 You have an error in your SQL syntax; check the manual that corresponds to your MySQL server version for the right syntax to use near '18:00:53) ORDER BY `id` ASC' at line 2' in /var/www/html/mypage/library/Zend/Db/Statement/Pdo.php:61
Stack trace:
#0 /var/www/html/mypage/library/Zend/Db/Statement.php(115): Zend_Db_Statement_Pdo->_prepare('SELECT `memlist...')
#1 /var/www/html/mypage/library/Zend/Db/Adapter/Pdo/Abstract.php(184): Zend_Db_Statement->__construct(Object(Zend_Db_Adapter_Pdo_Mysql), 'SELECT `memlist...')
#2 /var/www/html/mypage/library/Zend/Db/Adapter/Abstract.php(479): Zend_Db_Adapter_Pdo_Abstract->prepare('SELECT `memlist...')
#3 /var/www/html/mypage/library/Zend/Db/Adapter/Pdo/Abstract.php(238): Zend_Db_Adapter_Abstract->query(Object(Zend_Db_Select), Array)
#4 /var/www/html/mypage/library/Zend/Db/Adapter/Abstract.php(737): Zend_Db_Adapter_Pdo_Abstract->query(Object(Zend_Db_Select), Array)
#5 /var/www/html/mypage/tools/BaseModel.php(299): Zend_Db_Adapter_Abstract->fetchAll(Object(Zend_Db_Select))
#6 /var/www/html/mypage/application/modules/batch/models/ReminderModel.php(65): BaseModel->getSearchSortJoin(Array, Array, Array, 'next_step.updat...', NULL, NULL)
#7 /var/www/html/mypage/application/modules/batch/controllers/ReminderController.php(201): IndexModel->getHistory(Array, '2015-04-06 18:0...')
#8 /var/www/html/mypage/library/Zend/Controller/Action.php(516): Batch_ReminderController->changehistoryAction()
#9 /var/www/html/mypage/library/Zend/Controller/Dispatcher/Standard.php(308): Zend_Controller_Action->dispatch('changehistoryAc...')
#10 /var/www/html/mypage/library/Zend/Controller/Front.php(954): Zend_Controller_Dispatcher_Standard->dispatch(Object(Zend_Controller_Request_Http), Object(Zend_Controller_Response_Http))
#11 /var/www/html/mypage/index.php(69): Zend_Controller_Front->dispatch()
#12 {main}
