2015-04-06T10:17:33+09:00 ALERT (1): exception 'PDOException' with message 'SQLSTATE[42S22]: Column not found: 1054 Unknown column 'mypage_next_step.next_step_id' in 'field list'' in /var/www/html/mypage/library/Zend/Db/Statement/Pdo.php:58
Stack trace:
#0 /var/www/html/mypage/library/Zend/Db/Statement/Pdo.php(58): PDO->prepare('SELECT `mypage_...')
#1 /var/www/html/mypage/library/Zend/Db/Statement.php(115): Zend_Db_Statement_Pdo->_prepare('SELECT `mypage_...')
#2 /var/www/html/mypage/library/Zend/Db/Adapter/Pdo/Abstract.php(184): Zend_Db_Statement->__construct(Object(Zend_Db_Adapter_Pdo_Mysql), 'SELECT `mypage_...')
#3 /var/www/html/mypage/library/Zend/Db/Adapter/Abstract.php(479): Zend_Db_Adapter_Pdo_Abstract->prepare('SELECT `mypage_...')
#4 /var/www/html/mypage/library/Zend/Db/Adapter/Pdo/Abstract.php(238): Zend_Db_Adapter_Abstract->query(Object(Zend_Db_Select), Array)
#5 /var/www/html/mypage/library/Zend/Db/Adapter/Abstract.php(737): Zend_Db_Adapter_Pdo_Abstract->query(Object(Zend_Db_Select), Array)
#6 /var/www/html/mypage/tools/BaseModel.php(109): Zend_Db_Adapter_Abstract->fetchAll(Object(Zend_Db_Select))
#7 /var/www/html/mypage/application/modules/staff/models/PlanModel.php(70): BaseModel->searchList('mypage_next_ste...', 'member_id = '1'...', Array, 'next_step_id AS...')
#8 /var/www/html/mypage/application/modules/staff/controllers/PlanController.php(58): PlanModel->getpastPlan('mypage_next_ste...', '1')
#9 /var/www/html/mypage/library/Zend/Controller/Action.php(516): Staff_PlanController->changenextstepAction()
#10 /var/www/html/mypage/library/Zend/Controller/Dispatcher/Standard.php(308): Zend_Controller_Action->dispatch('changenextstepA...')
#11 /var/www/html/mypage/library/Zend/Controller/Front.php(954): Zend_Controller_Dispatcher_Standard->dispatch(Object(Zend_Controller_Request_Http), Object(Zend_Controller_Response_Http))
#12 /var/www/html/mypage/index.php(69): Zend_Controller_Front->dispatch()
#13 {main}

Next exception 'Zend_Db_Statement_Exception' with message 'SQLSTATE[42S22]: Column not found: 1054 Unknown column 'mypage_next_step.next_step_id' in 'field list'' in /var/www/html/mypage/library/Zend/Db/Statement/Pdo.php:61
Stack trace:
#0 /var/www/html/mypage/library/Zend/Db/Statement.php(115): Zend_Db_Statement_Pdo->_prepare('SELECT `mypage_...')
#1 /var/www/html/mypage/library/Zend/Db/Adapter/Pdo/Abstract.php(184): Zend_Db_Statement->__construct(Object(Zend_Db_Adapter_Pdo_Mysql), 'SELECT `mypage_...')
#2 /var/www/html/mypage/library/Zend/Db/Adapter/Abstract.php(479): Zend_Db_Adapter_Pdo_Abstract->prepare('SELECT `mypage_...')
#3 /var/www/html/mypage/library/Zend/Db/Adapter/Pdo/Abstract.php(238): Zend_Db_Adapter_Abstract->query(Object(Zend_Db_Select), Array)
#4 /var/www/html/mypage/library/Zend/Db/Adapter/Abstract.php(737): Zend_Db_Adapter_Pdo_Abstract->query(Object(Zend_Db_Select), Array)
#5 /var/www/html/mypage/tools/BaseModel.php(109): Zend_Db_Adapter_Abstract->fetchAll(Object(Zend_Db_Select))
#6 /var/www/html/mypage/application/modules/staff/models/PlanModel.php(70): BaseModel->searchList('mypage_next_ste...', 'member_id = '1'...', Array, 'next_step_id AS...')
#7 /var/www/html/mypage/application/modules/staff/controllers/PlanController.php(58): PlanModel->getpastPlan('mypage_next_ste...', '1')
#8 /var/www/html/mypage/library/Zend/Controller/Action.php(516): Staff_PlanController->changenextstepAction()
#9 /var/www/html/mypage/library/Zend/Controller/Dispatcher/Standard.php(308): Zend_Controller_Action->dispatch('changenextstepA...')
#10 /var/www/html/mypage/library/Zend/Controller/Front.php(954): Zend_Controller_Dispatcher_Standard->dispatch(Object(Zend_Controller_Request_Http), Object(Zend_Controller_Response_Http))
#11 /var/www/html/mypage/index.php(69): Zend_Controller_Front->dispatch()
#12 {main}
2015-04-06T10:21:01+09:00 ALERT (1): exception 'PDOException' with message 'SQLSTATE[42S22]: Column not found: 1054 Unknown column 'next_step.mypage_next_step_id' in 'field list'' in /var/www/html/mypage/library/Zend/Db/Statement/Pdo.php:58
Stack trace:
#0 /var/www/html/mypage/library/Zend/Db/Statement/Pdo.php(58): PDO->prepare('SELECT `next_st...')
#1 /var/www/html/mypage/library/Zend/Db/Statement.php(115): Zend_Db_Statement_Pdo->_prepare('SELECT `next_st...')
#2 /var/www/html/mypage/library/Zend/Db/Adapter/Pdo/Abstract.php(184): Zend_Db_Statement->__construct(Object(Zend_Db_Adapter_Pdo_Mysql), 'SELECT `next_st...')
#3 /var/www/html/mypage/library/Zend/Db/Adapter/Abstract.php(479): Zend_Db_Adapter_Pdo_Abstract->prepare('SELECT `next_st...')
#4 /var/www/html/mypage/library/Zend/Db/Adapter/Pdo/Abstract.php(238): Zend_Db_Adapter_Abstract->query(Object(Zend_Db_Select), Array)
#5 /var/www/html/mypage/library/Zend/Db/Adapter/Abstract.php(737): Zend_Db_Adapter_Pdo_Abstract->query(Object(Zend_Db_Select), Array)
#6 /var/www/html/mypage/tools/BaseModel.php(109): Zend_Db_Adapter_Abstract->fetchAll(Object(Zend_Db_Select))
#7 /var/www/html/mypage/application/modules/staff/models/PlanModel.php(70): BaseModel->searchList('next_step', 'member_id = 'JW...', Array, 'next_step_id AS...')
#8 /var/www/html/mypage/application/modules/staff/controllers/PlanController.php(50): PlanModel->getpastPlan('next_step', 'JW125846')
#9 /var/www/html/mypage/library/Zend/Controller/Action.php(516): Staff_PlanController->historyAction()
#10 /var/www/html/mypage/library/Zend/Controller/Dispatcher/Standard.php(308): Zend_Controller_Action->dispatch('historyAction')
#11 /var/www/html/mypage/library/Zend/Controller/Front.php(954): Zend_Controller_Dispatcher_Standard->dispatch(Object(Zend_Controller_Request_Http), Object(Zend_Controller_Response_Http))
#12 /var/www/html/mypage/index.php(69): Zend_Controller_Front->dispatch()
#13 {main}

Next exception 'Zend_Db_Statement_Exception' with message 'SQLSTATE[42S22]: Column not found: 1054 Unknown column 'next_step.mypage_next_step_id' in 'field list'' in /var/www/html/mypage/library/Zend/Db/Statement/Pdo.php:61
Stack trace:
#0 /var/www/html/mypage/library/Zend/Db/Statement.php(115): Zend_Db_Statement_Pdo->_prepare('SELECT `next_st...')
#1 /var/www/html/mypage/library/Zend/Db/Adapter/Pdo/Abstract.php(184): Zend_Db_Statement->__construct(Object(Zend_Db_Adapter_Pdo_Mysql), 'SELECT `next_st...')
#2 /var/www/html/mypage/library/Zend/Db/Adapter/Abstract.php(479): Zend_Db_Adapter_Pdo_Abstract->prepare('SELECT `next_st...')
#3 /var/www/html/mypage/library/Zend/Db/Adapter/Pdo/Abstract.php(238): Zend_Db_Adapter_Abstract->query(Object(Zend_Db_Select), Array)
#4 /var/www/html/mypage/library/Zend/Db/Adapter/Abstract.php(737): Zend_Db_Adapter_Pdo_Abstract->query(Object(Zend_Db_Select), Array)
#5 /var/www/html/mypage/tools/BaseModel.php(109): Zend_Db_Adapter_Abstract->fetchAll(Object(Zend_Db_Select))
#6 /var/www/html/mypage/application/modules/staff/models/PlanModel.php(70): BaseModel->searchList('next_step', 'member_id = 'JW...', Array, 'next_step_id AS...')
#7 /var/www/html/mypage/application/modules/staff/controllers/PlanController.php(50): PlanModel->getpastPlan('next_step', 'JW125846')
#8 /var/www/html/mypage/library/Zend/Controller/Action.php(516): Staff_PlanController->historyAction()
#9 /var/www/html/mypage/library/Zend/Controller/Dispatcher/Standard.php(308): Zend_Controller_Action->dispatch('historyAction')
#10 /var/www/html/mypage/library/Zend/Controller/Front.php(954): Zend_Controller_Dispatcher_Standard->dispatch(Object(Zend_Controller_Request_Http), Object(Zend_Controller_Response_Http))
#11 /var/www/html/mypage/index.php(69): Zend_Controller_Front->dispatch()
#12 {main}
2015-04-06T10:22:43+09:00 ALERT (1): exception 'PDOException' with message 'SQLSTATE[42S22]: Column not found: 1054 Unknown column 'next_step.mypage_next_step_id' in 'field list'' in /var/www/html/mypage/library/Zend/Db/Statement/Pdo.php:58
Stack trace:
#0 /var/www/html/mypage/library/Zend/Db/Statement/Pdo.php(58): PDO->prepare('SELECT `next_st...')
#1 /var/www/html/mypage/library/Zend/Db/Statement.php(115): Zend_Db_Statement_Pdo->_prepare('SELECT `next_st...')
#2 /var/www/html/mypage/library/Zend/Db/Adapter/Pdo/Abstract.php(184): Zend_Db_Statement->__construct(Object(Zend_Db_Adapter_Pdo_Mysql), 'SELECT `next_st...')
#3 /var/www/html/mypage/library/Zend/Db/Adapter/Abstract.php(479): Zend_Db_Adapter_Pdo_Abstract->prepare('SELECT `next_st...')
#4 /var/www/html/mypage/library/Zend/Db/Adapter/Pdo/Abstract.php(238): Zend_Db_Adapter_Abstract->query(Object(Zend_Db_Select), Array)
#5 /var/www/html/mypage/library/Zend/Db/Adapter/Abstract.php(737): Zend_Db_Adapter_Pdo_Abstract->query(Object(Zend_Db_Select), Array)
#6 /var/www/html/mypage/tools/BaseModel.php(109): Zend_Db_Adapter_Abstract->fetchAll(Object(Zend_Db_Select))
#7 /var/www/html/mypage/application/modules/staff/models/PlanModel.php(70): BaseModel->searchList('next_step', 'member_id = 'JW...', Array, 'next_step_id AS...')
#8 /var/www/html/mypage/application/modules/staff/controllers/PlanController.php(50): PlanModel->getpastPlan('next_step', 'JW125846')
#9 /var/www/html/mypage/library/Zend/Controller/Action.php(516): Staff_PlanController->historyAction()
#10 /var/www/html/mypage/library/Zend/Controller/Dispatcher/Standard.php(308): Zend_Controller_Action->dispatch('historyAction')
#11 /var/www/html/mypage/library/Zend/Controller/Front.php(954): Zend_Controller_Dispatcher_Standard->dispatch(Object(Zend_Controller_Request_Http), Object(Zend_Controller_Response_Http))
#12 /var/www/html/mypage/index.php(69): Zend_Controller_Front->dispatch()
#13 {main}

Next exception 'Zend_Db_Statement_Exception' with message 'SQLSTATE[42S22]: Column not found: 1054 Unknown column 'next_step.mypage_next_step_id' in 'field list'' in /var/www/html/mypage/library/Zend/Db/Statement/Pdo.php:61
Stack trace:
#0 /var/www/html/mypage/library/Zend/Db/Statement.php(115): Zend_Db_Statement_Pdo->_prepare('SELECT `next_st...')
#1 /var/www/html/mypage/library/Zend/Db/Adapter/Pdo/Abstract.php(184): Zend_Db_Statement->__construct(Object(Zend_Db_Adapter_Pdo_Mysql), 'SELECT `next_st...')
#2 /var/www/html/mypage/library/Zend/Db/Adapter/Abstract.php(479): Zend_Db_Adapter_Pdo_Abstract->prepare('SELECT `next_st...')
#3 /var/www/html/mypage/library/Zend/Db/Adapter/Pdo/Abstract.php(238): Zend_Db_Adapter_Abstract->query(Object(Zend_Db_Select), Array)
#4 /var/www/html/mypage/library/Zend/Db/Adapter/Abstract.php(737): Zend_Db_Adapter_Pdo_Abstract->query(Object(Zend_Db_Select), Array)
#5 /var/www/html/mypage/tools/BaseModel.php(109): Zend_Db_Adapter_Abstract->fetchAll(Object(Zend_Db_Select))
#6 /var/www/html/mypage/application/modules/staff/models/PlanModel.php(70): BaseModel->searchList('next_step', 'member_id = 'JW...', Array, 'next_step_id AS...')
#7 /var/www/html/mypage/application/modules/staff/controllers/PlanController.php(50): PlanModel->getpastPlan('next_step', 'JW125846')
#8 /var/www/html/mypage/library/Zend/Controller/Action.php(516): Staff_PlanController->historyAction()
#9 /var/www/html/mypage/library/Zend/Controller/Dispatcher/Standard.php(308): Zend_Controller_Action->dispatch('historyAction')
#10 /var/www/html/mypage/library/Zend/Controller/Front.php(954): Zend_Controller_Dispatcher_Standard->dispatch(Object(Zend_Controller_Request_Http), Object(Zend_Controller_Response_Http))
#11 /var/www/html/mypage/index.php(69): Zend_Controller_Front->dispatch()
#12 {main}
2015-04-06T10:25:14+09:00 ALERT (1): exception 'PDOException' with message 'SQLSTATE[42S22]: Column not found: 1054 Unknown column 'next_step.mypage_next_step_id' in 'field list'' in /var/www/html/mypage/library/Zend/Db/Statement/Pdo.php:58
Stack trace:
#0 /var/www/html/mypage/library/Zend/Db/Statement/Pdo.php(58): PDO->prepare('SELECT `next_st...')
#1 /var/www/html/mypage/library/Zend/Db/Statement.php(115): Zend_Db_Statement_Pdo->_prepare('SELECT `next_st...')
#2 /var/www/html/mypage/library/Zend/Db/Adapter/Pdo/Abstract.php(184): Zend_Db_Statement->__construct(Object(Zend_Db_Adapter_Pdo_Mysql), 'SELECT `next_st...')
#3 /var/www/html/mypage/library/Zend/Db/Adapter/Abstract.php(479): Zend_Db_Adapter_Pdo_Abstract->prepare('SELECT `next_st...')
#4 /var/www/html/mypage/library/Zend/Db/Adapter/Pdo/Abstract.php(238): Zend_Db_Adapter_Abstract->query(Object(Zend_Db_Select), Array)
#5 /var/www/html/mypage/library/Zend/Db/Adapter/Abstract.php(737): Zend_Db_Adapter_Pdo_Abstract->query(Object(Zend_Db_Select), Array)
#6 /var/www/html/mypage/tools/BaseModel.php(109): Zend_Db_Adapter_Abstract->fetchAll(Object(Zend_Db_Select))
#7 /var/www/html/mypage/application/modules/staff/models/PlanModel.php(70): BaseModel->searchList('next_step', 'member_id = 'JW...', Array, 'next_step_id AS...')
#8 /var/www/html/mypage/application/modules/staff/controllers/PlanController.php(50): PlanModel->getpastPlan('next_step', 'JW125846')
#9 /var/www/html/mypage/library/Zend/Controller/Action.php(516): Staff_PlanController->historyAction()
#10 /var/www/html/mypage/library/Zend/Controller/Dispatcher/Standard.php(308): Zend_Controller_Action->dispatch('historyAction')
#11 /var/www/html/mypage/library/Zend/Controller/Front.php(954): Zend_Controller_Dispatcher_Standard->dispatch(Object(Zend_Controller_Request_Http), Object(Zend_Controller_Response_Http))
#12 /var/www/html/mypage/index.php(69): Zend_Controller_Front->dispatch()
#13 {main}

Next exception 'Zend_Db_Statement_Exception' with message 'SQLSTATE[42S22]: Column not found: 1054 Unknown column 'next_step.mypage_next_step_id' in 'field list'' in /var/www/html/mypage/library/Zend/Db/Statement/Pdo.php:61
Stack trace:
#0 /var/www/html/mypage/library/Zend/Db/Statement.php(115): Zend_Db_Statement_Pdo->_prepare('SELECT `next_st...')
#1 /var/www/html/mypage/library/Zend/Db/Adapter/Pdo/Abstract.php(184): Zend_Db_Statement->__construct(Object(Zend_Db_Adapter_Pdo_Mysql), 'SELECT `next_st...')
#2 /var/www/html/mypage/library/Zend/Db/Adapter/Abstract.php(479): Zend_Db_Adapter_Pdo_Abstract->prepare('SELECT `next_st...')
#3 /var/www/html/mypage/library/Zend/Db/Adapter/Pdo/Abstract.php(238): Zend_Db_Adapter_Abstract->query(Object(Zend_Db_Select), Array)
#4 /var/www/html/mypage/library/Zend/Db/Adapter/Abstract.php(737): Zend_Db_Adapter_Pdo_Abstract->query(Object(Zend_Db_Select), Array)
#5 /var/www/html/mypage/tools/BaseModel.php(109): Zend_Db_Adapter_Abstract->fetchAll(Object(Zend_Db_Select))
#6 /var/www/html/mypage/application/modules/staff/models/PlanModel.php(70): BaseModel->searchList('next_step', 'member_id = 'JW...', Array, 'next_step_id AS...')
#7 /var/www/html/mypage/application/modules/staff/controllers/PlanController.php(50): PlanModel->getpastPlan('next_step', 'JW125846')
#8 /var/www/html/mypage/library/Zend/Controller/Action.php(516): Staff_PlanController->historyAction()
#9 /var/www/html/mypage/library/Zend/Controller/Dispatcher/Standard.php(308): Zend_Controller_Action->dispatch('historyAction')
#10 /var/www/html/mypage/library/Zend/Controller/Front.php(954): Zend_Controller_Dispatcher_Standard->dispatch(Object(Zend_Controller_Request_Http), Object(Zend_Controller_Response_Http))
#11 /var/www/html/mypage/index.php(69): Zend_Controller_Front->dispatch()
#12 {main}
2015-04-06T10:26:17+09:00 ALERT (1): exception 'PDOException' with message 'SQLSTATE[42S22]: Column not found: 1054 Unknown column 'next_step.mypage_next_step_id' in 'field list'' in /var/www/html/mypage/library/Zend/Db/Statement/Pdo.php:58
Stack trace:
#0 /var/www/html/mypage/library/Zend/Db/Statement/Pdo.php(58): PDO->prepare('SELECT `next_st...')
#1 /var/www/html/mypage/library/Zend/Db/Statement.php(115): Zend_Db_Statement_Pdo->_prepare('SELECT `next_st...')
#2 /var/www/html/mypage/library/Zend/Db/Adapter/Pdo/Abstract.php(184): Zend_Db_Statement->__construct(Object(Zend_Db_Adapter_Pdo_Mysql), 'SELECT `next_st...')
#3 /var/www/html/mypage/library/Zend/Db/Adapter/Abstract.php(479): Zend_Db_Adapter_Pdo_Abstract->prepare('SELECT `next_st...')
#4 /var/www/html/mypage/library/Zend/Db/Adapter/Pdo/Abstract.php(238): Zend_Db_Adapter_Abstract->query(Object(Zend_Db_Select), Array)
#5 /var/www/html/mypage/library/Zend/Db/Adapter/Abstract.php(737): Zend_Db_Adapter_Pdo_Abstract->query(Object(Zend_Db_Select), Array)
#6 /var/www/html/mypage/tools/BaseModel.php(109): Zend_Db_Adapter_Abstract->fetchAll(Object(Zend_Db_Select))
#7 /var/www/html/mypage/application/modules/staff/models/PlanModel.php(70): BaseModel->searchList('next_step', 'member_id = 'JW...', Array, 'next_step_id AS...')
#8 /var/www/html/mypage/application/modules/staff/controllers/PlanController.php(50): PlanModel->getpastPlan('next_step', 'JW125846')
#9 /var/www/html/mypage/library/Zend/Controller/Action.php(516): Staff_PlanController->historyAction()
#10 /var/www/html/mypage/library/Zend/Controller/Dispatcher/Standard.php(308): Zend_Controller_Action->dispatch('historyAction')
#11 /var/www/html/mypage/library/Zend/Controller/Front.php(954): Zend_Controller_Dispatcher_Standard->dispatch(Object(Zend_Controller_Request_Http), Object(Zend_Controller_Response_Http))
#12 /var/www/html/mypage/index.php(69): Zend_Controller_Front->dispatch()
#13 {main}

Next exception 'Zend_Db_Statement_Exception' with message 'SQLSTATE[42S22]: Column not found: 1054 Unknown column 'next_step.mypage_next_step_id' in 'field list'' in /var/www/html/mypage/library/Zend/Db/Statement/Pdo.php:61
Stack trace:
#0 /var/www/html/mypage/library/Zend/Db/Statement.php(115): Zend_Db_Statement_Pdo->_prepare('SELECT `next_st...')
#1 /var/www/html/mypage/library/Zend/Db/Adapter/Pdo/Abstract.php(184): Zend_Db_Statement->__construct(Object(Zend_Db_Adapter_Pdo_Mysql), 'SELECT `next_st...')
#2 /var/www/html/mypage/library/Zend/Db/Adapter/Abstract.php(479): Zend_Db_Adapter_Pdo_Abstract->prepare('SELECT `next_st...')
#3 /var/www/html/mypage/library/Zend/Db/Adapter/Pdo/Abstract.php(238): Zend_Db_Adapter_Abstract->query(Object(Zend_Db_Select), Array)
#4 /var/www/html/mypage/library/Zend/Db/Adapter/Abstract.php(737): Zend_Db_Adapter_Pdo_Abstract->query(Object(Zend_Db_Select), Array)
#5 /var/www/html/mypage/tools/BaseModel.php(109): Zend_Db_Adapter_Abstract->fetchAll(Object(Zend_Db_Select))
#6 /var/www/html/mypage/application/modules/staff/models/PlanModel.php(70): BaseModel->searchList('next_step', 'member_id = 'JW...', Array, 'next_step_id AS...')
#7 /var/www/html/mypage/application/modules/staff/controllers/PlanController.php(50): PlanModel->getpastPlan('next_step', 'JW125846')
#8 /var/www/html/mypage/library/Zend/Controller/Action.php(516): Staff_PlanController->historyAction()
#9 /var/www/html/mypage/library/Zend/Controller/Dispatcher/Standard.php(308): Zend_Controller_Action->dispatch('historyAction')
#10 /var/www/html/mypage/library/Zend/Controller/Front.php(954): Zend_Controller_Dispatcher_Standard->dispatch(Object(Zend_Controller_Request_Http), Object(Zend_Controller_Response_Http))
#11 /var/www/html/mypage/index.php(69): Zend_Controller_Front->dispatch()
#12 {main}
2015-04-06T10:48:46+09:00 ALERT (1): exception 'PDOException' with message 'SQLSTATE[42S22]: Column not found: 1054 Unknown column 'mypage_next_step.start_date' in 'field list'' in /var/www/html/mypage/library/Zend/Db/Statement/Pdo.php:58
Stack trace:
#0 /var/www/html/mypage/library/Zend/Db/Statement/Pdo.php(58): PDO->prepare('SELECT `mypage_...')
#1 /var/www/html/mypage/library/Zend/Db/Statement.php(115): Zend_Db_Statement_Pdo->_prepare('SELECT `mypage_...')
#2 /var/www/html/mypage/library/Zend/Db/Adapter/Pdo/Abstract.php(184): Zend_Db_Statement->__construct(Object(Zend_Db_Adapter_Pdo_Mysql), 'SELECT `mypage_...')
#3 /var/www/html/mypage/library/Zend/Db/Adapter/Abstract.php(479): Zend_Db_Adapter_Pdo_Abstract->prepare('SELECT `mypage_...')
#4 /var/www/html/mypage/library/Zend/Db/Adapter/Pdo/Abstract.php(238): Zend_Db_Adapter_Abstract->query(Object(Zend_Db_Select), Array)
#5 /var/www/html/mypage/library/Zend/Db/Adapter/Abstract.php(737): Zend_Db_Adapter_Pdo_Abstract->query(Object(Zend_Db_Select), Array)
#6 /var/www/html/mypage/tools/BaseModel.php(109): Zend_Db_Adapter_Abstract->fetchAll(Object(Zend_Db_Select))
#7 /var/www/html/mypage/application/modules/staff/models/PlanModel.php(70): BaseModel->searchList('mypage_next_ste...', 'member_id = 'JW...', Array, 'next_step_id AS...')
#8 /var/www/html/mypage/application/modules/staff/controllers/PlanController.php(50): PlanModel->getpastPlan('mypage_next_ste...', 'JW125846')
#9 /var/www/html/mypage/library/Zend/Controller/Action.php(516): Staff_PlanController->historyAction()
#10 /var/www/html/mypage/library/Zend/Controller/Dispatcher/Standard.php(308): Zend_Controller_Action->dispatch('historyAction')
#11 /var/www/html/mypage/library/Zend/Controller/Front.php(954): Zend_Controller_Dispatcher_Standard->dispatch(Object(Zend_Controller_Request_Http), Object(Zend_Controller_Response_Http))
#12 /var/www/html/mypage/index.php(69): Zend_Controller_Front->dispatch()
#13 {main}

Next exception 'Zend_Db_Statement_Exception' with message 'SQLSTATE[42S22]: Column not found: 1054 Unknown column 'mypage_next_step.start_date' in 'field list'' in /var/www/html/mypage/library/Zend/Db/Statement/Pdo.php:61
Stack trace:
#0 /var/www/html/mypage/library/Zend/Db/Statement.php(115): Zend_Db_Statement_Pdo->_prepare('SELECT `mypage_...')
#1 /var/www/html/mypage/library/Zend/Db/Adapter/Pdo/Abstract.php(184): Zend_Db_Statement->__construct(Object(Zend_Db_Adapter_Pdo_Mysql), 'SELECT `mypage_...')
#2 /var/www/html/mypage/library/Zend/Db/Adapter/Abstract.php(479): Zend_Db_Adapter_Pdo_Abstract->prepare('SELECT `mypage_...')
#3 /var/www/html/mypage/library/Zend/Db/Adapter/Pdo/Abstract.php(238): Zend_Db_Adapter_Abstract->query(Object(Zend_Db_Select), Array)
#4 /var/www/html/mypage/library/Zend/Db/Adapter/Abstract.php(737): Zend_Db_Adapter_Pdo_Abstract->query(Object(Zend_Db_Select), Array)
#5 /var/www/html/mypage/tools/BaseModel.php(109): Zend_Db_Adapter_Abstract->fetchAll(Object(Zend_Db_Select))
#6 /var/www/html/mypage/application/modules/staff/models/PlanModel.php(70): BaseModel->searchList('mypage_next_ste...', 'member_id = 'JW...', Array, 'next_step_id AS...')
#7 /var/www/html/mypage/application/modules/staff/controllers/PlanController.php(50): PlanModel->getpastPlan('mypage_next_ste...', 'JW125846')
#8 /var/www/html/mypage/library/Zend/Controller/Action.php(516): Staff_PlanController->historyAction()
#9 /var/www/html/mypage/library/Zend/Controller/Dispatcher/Standard.php(308): Zend_Controller_Action->dispatch('historyAction')
#10 /var/www/html/mypage/library/Zend/Controller/Front.php(954): Zend_Controller_Dispatcher_Standard->dispatch(Object(Zend_Controller_Request_Http), Object(Zend_Controller_Response_Http))
#11 /var/www/html/mypage/index.php(69): Zend_Controller_Front->dispatch()
#12 {main}
2015-04-06T12:09:39+09:00 ALERT (1): exception 'PDOException' with message 'SQLSTATE[42S22]: Column not found: 1054 Unknown column 'mypage_next_step.start_date' in 'field list'' in /var/www/html/mypage/library/Zend/Db/Statement/Pdo.php:58
Stack trace:
#0 /var/www/html/mypage/library/Zend/Db/Statement/Pdo.php(58): PDO->prepare('SELECT `mypage_...')
#1 /var/www/html/mypage/library/Zend/Db/Statement.php(115): Zend_Db_Statement_Pdo->_prepare('SELECT `mypage_...')
#2 /var/www/html/mypage/library/Zend/Db/Adapter/Pdo/Abstract.php(184): Zend_Db_Statement->__construct(Object(Zend_Db_Adapter_Pdo_Mysql), 'SELECT `mypage_...')
#3 /var/www/html/mypage/library/Zend/Db/Adapter/Abstract.php(479): Zend_Db_Adapter_Pdo_Abstract->prepare('SELECT `mypage_...')
#4 /var/www/html/mypage/library/Zend/Db/Adapter/Pdo/Abstract.php(238): Zend_Db_Adapter_Abstract->query(Object(Zend_Db_Select), Array)
#5 /var/www/html/mypage/library/Zend/Db/Adapter/Abstract.php(737): Zend_Db_Adapter_Pdo_Abstract->query(Object(Zend_Db_Select), Array)
#6 /var/www/html/mypage/tools/BaseModel.php(109): Zend_Db_Adapter_Abstract->fetchAll(Object(Zend_Db_Select))
#7 /var/www/html/mypage/application/modules/staff/models/PlanModel.php(70): BaseModel->searchList('mypage_next_ste...', 'member_id = '' ...', Array, 'next_step_id AS...')
#8 /var/www/html/mypage/application/modules/staff/controllers/PlanController.php(50): PlanModel->getpastPlan('mypage_next_ste...', NULL)
#9 /var/www/html/mypage/library/Zend/Controller/Action.php(516): Staff_PlanController->historyAction()
#10 /var/www/html/mypage/library/Zend/Controller/Dispatcher/Standard.php(308): Zend_Controller_Action->dispatch('historyAction')
#11 /var/www/html/mypage/library/Zend/Controller/Front.php(954): Zend_Controller_Dispatcher_Standard->dispatch(Object(Zend_Controller_Request_Http), Object(Zend_Controller_Response_Http))
#12 /var/www/html/mypage/index.php(69): Zend_Controller_Front->dispatch()
#13 {main}

Next exception 'Zend_Db_Statement_Exception' with message 'SQLSTATE[42S22]: Column not found: 1054 Unknown column 'mypage_next_step.start_date' in 'field list'' in /var/www/html/mypage/library/Zend/Db/Statement/Pdo.php:61
Stack trace:
#0 /var/www/html/mypage/library/Zend/Db/Statement.php(115): Zend_Db_Statement_Pdo->_prepare('SELECT `mypage_...')
#1 /var/www/html/mypage/library/Zend/Db/Adapter/Pdo/Abstract.php(184): Zend_Db_Statement->__construct(Object(Zend_Db_Adapter_Pdo_Mysql), 'SELECT `mypage_...')
#2 /var/www/html/mypage/library/Zend/Db/Adapter/Abstract.php(479): Zend_Db_Adapter_Pdo_Abstract->prepare('SELECT `mypage_...')
#3 /var/www/html/mypage/library/Zend/Db/Adapter/Pdo/Abstract.php(238): Zend_Db_Adapter_Abstract->query(Object(Zend_Db_Select), Array)
#4 /var/www/html/mypage/library/Zend/Db/Adapter/Abstract.php(737): Zend_Db_Adapter_Pdo_Abstract->query(Object(Zend_Db_Select), Array)
#5 /var/www/html/mypage/tools/BaseModel.php(109): Zend_Db_Adapter_Abstract->fetchAll(Object(Zend_Db_Select))
#6 /var/www/html/mypage/application/modules/staff/models/PlanModel.php(70): BaseModel->searchList('mypage_next_ste...', 'member_id = '' ...', Array, 'next_step_id AS...')
#7 /var/www/html/mypage/application/modules/staff/controllers/PlanController.php(50): PlanModel->getpastPlan('mypage_next_ste...', NULL)
#8 /var/www/html/mypage/library/Zend/Controller/Action.php(516): Staff_PlanController->historyAction()
#9 /var/www/html/mypage/library/Zend/Controller/Dispatcher/Standard.php(308): Zend_Controller_Action->dispatch('historyAction')
#10 /var/www/html/mypage/library/Zend/Controller/Front.php(954): Zend_Controller_Dispatcher_Standard->dispatch(Object(Zend_Controller_Request_Http), Object(Zend_Controller_Response_Http))
#11 /var/www/html/mypage/index.php(69): Zend_Controller_Front->dispatch()
#12 {main}
2015-04-06T12:10:12+09:00 ALERT (1): exception 'PDOException' with message 'SQLSTATE[42S22]: Column not found: 1054 Unknown column 'mypage_next_step.start_date' in 'field list'' in /var/www/html/mypage/library/Zend/Db/Statement/Pdo.php:58
Stack trace:
#0 /var/www/html/mypage/library/Zend/Db/Statement/Pdo.php(58): PDO->prepare('SELECT `mypage_...')
#1 /var/www/html/mypage/library/Zend/Db/Statement.php(115): Zend_Db_Statement_Pdo->_prepare('SELECT `mypage_...')
#2 /var/www/html/mypage/library/Zend/Db/Adapter/Pdo/Abstract.php(184): Zend_Db_Statement->__construct(Object(Zend_Db_Adapter_Pdo_Mysql), 'SELECT `mypage_...')
#3 /var/www/html/mypage/library/Zend/Db/Adapter/Abstract.php(479): Zend_Db_Adapter_Pdo_Abstract->prepare('SELECT `mypage_...')
#4 /var/www/html/mypage/library/Zend/Db/Adapter/Pdo/Abstract.php(238): Zend_Db_Adapter_Abstract->query(Object(Zend_Db_Select), Array)
#5 /var/www/html/mypage/library/Zend/Db/Adapter/Abstract.php(737): Zend_Db_Adapter_Pdo_Abstract->query(Object(Zend_Db_Select), Array)
#6 /var/www/html/mypage/tools/BaseModel.php(109): Zend_Db_Adapter_Abstract->fetchAll(Object(Zend_Db_Select))
#7 /var/www/html/mypage/application/modules/staff/models/PlanModel.php(70): BaseModel->searchList('mypage_next_ste...', 'member_id = 'JW...', Array, 'next_step_id AS...')
#8 /var/www/html/mypage/application/modules/staff/controllers/PlanController.php(50): PlanModel->getpastPlan('mypage_next_ste...', 'JW125846')
#9 /var/www/html/mypage/library/Zend/Controller/Action.php(516): Staff_PlanController->historyAction()
#10 /var/www/html/mypage/library/Zend/Controller/Dispatcher/Standard.php(308): Zend_Controller_Action->dispatch('historyAction')
#11 /var/www/html/mypage/library/Zend/Controller/Front.php(954): Zend_Controller_Dispatcher_Standard->dispatch(Object(Zend_Controller_Request_Http), Object(Zend_Controller_Response_Http))
#12 /var/www/html/mypage/index.php(69): Zend_Controller_Front->dispatch()
#13 {main}

Next exception 'Zend_Db_Statement_Exception' with message 'SQLSTATE[42S22]: Column not found: 1054 Unknown column 'mypage_next_step.start_date' in 'field list'' in /var/www/html/mypage/library/Zend/Db/Statement/Pdo.php:61
Stack trace:
#0 /var/www/html/mypage/library/Zend/Db/Statement.php(115): Zend_Db_Statement_Pdo->_prepare('SELECT `mypage_...')
#1 /var/www/html/mypage/library/Zend/Db/Adapter/Pdo/Abstract.php(184): Zend_Db_Statement->__construct(Object(Zend_Db_Adapter_Pdo_Mysql), 'SELECT `mypage_...')
#2 /var/www/html/mypage/library/Zend/Db/Adapter/Abstract.php(479): Zend_Db_Adapter_Pdo_Abstract->prepare('SELECT `mypage_...')
#3 /var/www/html/mypage/library/Zend/Db/Adapter/Pdo/Abstract.php(238): Zend_Db_Adapter_Abstract->query(Object(Zend_Db_Select), Array)
#4 /var/www/html/mypage/library/Zend/Db/Adapter/Abstract.php(737): Zend_Db_Adapter_Pdo_Abstract->query(Object(Zend_Db_Select), Array)
#5 /var/www/html/mypage/tools/BaseModel.php(109): Zend_Db_Adapter_Abstract->fetchAll(Object(Zend_Db_Select))
#6 /var/www/html/mypage/application/modules/staff/models/PlanModel.php(70): BaseModel->searchList('mypage_next_ste...', 'member_id = 'JW...', Array, 'next_step_id AS...')
#7 /var/www/html/mypage/application/modules/staff/controllers/PlanController.php(50): PlanModel->getpastPlan('mypage_next_ste...', 'JW125846')
#8 /var/www/html/mypage/library/Zend/Controller/Action.php(516): Staff_PlanController->historyAction()
#9 /var/www/html/mypage/library/Zend/Controller/Dispatcher/Standard.php(308): Zend_Controller_Action->dispatch('historyAction')
#10 /var/www/html/mypage/library/Zend/Controller/Front.php(954): Zend_Controller_Dispatcher_Standard->dispatch(Object(Zend_Controller_Request_Http), Object(Zend_Controller_Response_Http))
#11 /var/www/html/mypage/index.php(69): Zend_Controller_Front->dispatch()
#12 {main}
2015-04-06T12:12:11+09:00 ALERT (1): exception 'PDOException' with message 'SQLSTATE[42S22]: Column not found: 1054 Unknown column 'next_step.mypage_next_step_id' in 'field list'' in /var/www/html/mypage/library/Zend/Db/Statement/Pdo.php:58
Stack trace:
#0 /var/www/html/mypage/library/Zend/Db/Statement/Pdo.php(58): PDO->prepare('SELECT `next_st...')
#1 /var/www/html/mypage/library/Zend/Db/Statement.php(115): Zend_Db_Statement_Pdo->_prepare('SELECT `next_st...')
#2 /var/www/html/mypage/library/Zend/Db/Adapter/Pdo/Abstract.php(184): Zend_Db_Statement->__construct(Object(Zend_Db_Adapter_Pdo_Mysql), 'SELECT `next_st...')
#3 /var/www/html/mypage/library/Zend/Db/Adapter/Abstract.php(479): Zend_Db_Adapter_Pdo_Abstract->prepare('SELECT `next_st...')
#4 /var/www/html/mypage/library/Zend/Db/Adapter/Pdo/Abstract.php(238): Zend_Db_Adapter_Abstract->query(Object(Zend_Db_Select), Array)
#5 /var/www/html/mypage/library/Zend/Db/Adapter/Abstract.php(737): Zend_Db_Adapter_Pdo_Abstract->query(Object(Zend_Db_Select), Array)
#6 /var/www/html/mypage/tools/BaseModel.php(109): Zend_Db_Adapter_Abstract->fetchAll(Object(Zend_Db_Select))
#7 /var/www/html/mypage/application/modules/staff/models/PlanModel.php(70): BaseModel->searchList('next_step', 'member_id = 'JW...', Array, 'next_step_id AS...')
#8 /var/www/html/mypage/application/modules/staff/controllers/PlanController.php(50): PlanModel->getpastPlan('next_step', 'JW125846')
#9 /var/www/html/mypage/library/Zend/Controller/Action.php(516): Staff_PlanController->historyAction()
#10 /var/www/html/mypage/library/Zend/Controller/Dispatcher/Standard.php(308): Zend_Controller_Action->dispatch('historyAction')
#11 /var/www/html/mypage/library/Zend/Controller/Front.php(954): Zend_Controller_Dispatcher_Standard->dispatch(Object(Zend_Controller_Request_Http), Object(Zend_Controller_Response_Http))
#12 /var/www/html/mypage/index.php(69): Zend_Controller_Front->dispatch()
#13 {main}

Next exception 'Zend_Db_Statement_Exception' with message 'SQLSTATE[42S22]: Column not found: 1054 Unknown column 'next_step.mypage_next_step_id' in 'field list'' in /var/www/html/mypage/library/Zend/Db/Statement/Pdo.php:61
Stack trace:
#0 /var/www/html/mypage/library/Zend/Db/Statement.php(115): Zend_Db_Statement_Pdo->_prepare('SELECT `next_st...')
#1 /var/www/html/mypage/library/Zend/Db/Adapter/Pdo/Abstract.php(184): Zend_Db_Statement->__construct(Object(Zend_Db_Adapter_Pdo_Mysql), 'SELECT `next_st...')
#2 /var/www/html/mypage/library/Zend/Db/Adapter/Abstract.php(479): Zend_Db_Adapter_Pdo_Abstract->prepare('SELECT `next_st...')
#3 /var/www/html/mypage/library/Zend/Db/Adapter/Pdo/Abstract.php(238): Zend_Db_Adapter_Abstract->query(Object(Zend_Db_Select), Array)
#4 /var/www/html/mypage/library/Zend/Db/Adapter/Abstract.php(737): Zend_Db_Adapter_Pdo_Abstract->query(Object(Zend_Db_Select), Array)
#5 /var/www/html/mypage/tools/BaseModel.php(109): Zend_Db_Adapter_Abstract->fetchAll(Object(Zend_Db_Select))
#6 /var/www/html/mypage/application/modules/staff/models/PlanModel.php(70): BaseModel->searchList('next_step', 'member_id = 'JW...', Array, 'next_step_id AS...')
#7 /var/www/html/mypage/application/modules/staff/controllers/PlanController.php(50): PlanModel->getpastPlan('next_step', 'JW125846')
#8 /var/www/html/mypage/library/Zend/Controller/Action.php(516): Staff_PlanController->historyAction()
#9 /var/www/html/mypage/library/Zend/Controller/Dispatcher/Standard.php(308): Zend_Controller_Action->dispatch('historyAction')
#10 /var/www/html/mypage/library/Zend/Controller/Front.php(954): Zend_Controller_Dispatcher_Standard->dispatch(Object(Zend_Controller_Request_Http), Object(Zend_Controller_Response_Http))
#11 /var/www/html/mypage/index.php(69): Zend_Controller_Front->dispatch()
#12 {main}
2015-04-06T12:12:28+09:00 ALERT (1): exception 'PDOException' with message 'SQLSTATE[42S22]: Column not found: 1054 Unknown column 'mypage_next_step.step_exposition_short' in 'field list'' in /var/www/html/mypage/library/Zend/Db/Statement/Pdo.php:58
Stack trace:
#0 /var/www/html/mypage/library/Zend/Db/Statement/Pdo.php(58): PDO->prepare('SELECT `mypage_...')
#1 /var/www/html/mypage/library/Zend/Db/Statement.php(115): Zend_Db_Statement_Pdo->_prepare('SELECT `mypage_...')
#2 /var/www/html/mypage/library/Zend/Db/Adapter/Pdo/Abstract.php(184): Zend_Db_Statement->__construct(Object(Zend_Db_Adapter_Pdo_Mysql), 'SELECT `mypage_...')
#3 /var/www/html/mypage/library/Zend/Db/Adapter/Abstract.php(479): Zend_Db_Adapter_Pdo_Abstract->prepare('SELECT `mypage_...')
#4 /var/www/html/mypage/library/Zend/Db/Adapter/Pdo/Abstract.php(238): Zend_Db_Adapter_Abstract->query(Object(Zend_Db_Select), Array)
#5 /var/www/html/mypage/library/Zend/Db/Adapter/Abstract.php(756): Zend_Db_Adapter_Pdo_Abstract->query(Object(Zend_Db_Select), Array)
#6 /var/www/html/mypage/tools/BaseModel.php(171): Zend_Db_Adapter_Abstract->fetchRow(Object(Zend_Db_Select))
#7 /var/www/html/mypage/application/modules/staff/models/PlanModel.php(78): BaseModel->getInfo('mypage_next_ste...', Array, Array, NULL)
#8 /var/www/html/mypage/application/modules/staff/controllers/PlanController.php(58): PlanModel->getNextStep('mypage_next_ste...', '1')
#9 /var/www/html/mypage/library/Zend/Controller/Action.php(516): Staff_PlanController->changenextstepAction()
#10 /var/www/html/mypage/library/Zend/Controller/Dispatcher/Standard.php(308): Zend_Controller_Action->dispatch('changenextstepA...')
#11 /var/www/html/mypage/library/Zend/Controller/Front.php(954): Zend_Controller_Dispatcher_Standard->dispatch(Object(Zend_Controller_Request_Http), Object(Zend_Controller_Response_Http))
#12 /var/www/html/mypage/index.php(69): Zend_Controller_Front->dispatch()
#13 {main}

Next exception 'Zend_Db_Statement_Exception' with message 'SQLSTATE[42S22]: Column not found: 1054 Unknown column 'mypage_next_step.step_exposition_short' in 'field list'' in /var/www/html/mypage/library/Zend/Db/Statement/Pdo.php:61
Stack trace:
#0 /var/www/html/mypage/library/Zend/Db/Statement.php(115): Zend_Db_Statement_Pdo->_prepare('SELECT `mypage_...')
#1 /var/www/html/mypage/library/Zend/Db/Adapter/Pdo/Abstract.php(184): Zend_Db_Statement->__construct(Object(Zend_Db_Adapter_Pdo_Mysql), 'SELECT `mypage_...')
#2 /var/www/html/mypage/library/Zend/Db/Adapter/Abstract.php(479): Zend_Db_Adapter_Pdo_Abstract->prepare('SELECT `mypage_...')
#3 /var/www/html/mypage/library/Zend/Db/Adapter/Pdo/Abstract.php(238): Zend_Db_Adapter_Abstract->query(Object(Zend_Db_Select), Array)
#4 /var/www/html/mypage/library/Zend/Db/Adapter/Abstract.php(756): Zend_Db_Adapter_Pdo_Abstract->query(Object(Zend_Db_Select), Array)
#5 /var/www/html/mypage/tools/BaseModel.php(171): Zend_Db_Adapter_Abstract->fetchRow(Object(Zend_Db_Select))
#6 /var/www/html/mypage/application/modules/staff/models/PlanModel.php(78): BaseModel->getInfo('mypage_next_ste...', Array, Array, NULL)
#7 /var/www/html/mypage/application/modules/staff/controllers/PlanController.php(58): PlanModel->getNextStep('mypage_next_ste...', '1')
#8 /var/www/html/mypage/library/Zend/Controller/Action.php(516): Staff_PlanController->changenextstepAction()
#9 /var/www/html/mypage/library/Zend/Controller/Dispatcher/Standard.php(308): Zend_Controller_Action->dispatch('changenextstepA...')
#10 /var/www/html/mypage/library/Zend/Controller/Front.php(954): Zend_Controller_Dispatcher_Standard->dispatch(Object(Zend_Controller_Request_Http), Object(Zend_Controller_Response_Http))
#11 /var/www/html/mypage/index.php(69): Zend_Controller_Front->dispatch()
#12 {main}
2015-04-06T12:13:07+09:00 ALERT (1): exception 'PDOException' with message 'SQLSTATE[42S22]: Column not found: 1054 Unknown column 'mypage_next_step_id' in 'where clause'' in /var/www/html/mypage/library/Zend/Db/Statement/Pdo.php:58
Stack trace:
#0 /var/www/html/mypage/library/Zend/Db/Statement/Pdo.php(58): PDO->prepare('SELECT `next_st...')
#1 /var/www/html/mypage/library/Zend/Db/Statement.php(115): Zend_Db_Statement_Pdo->_prepare('SELECT `next_st...')
#2 /var/www/html/mypage/library/Zend/Db/Adapter/Pdo/Abstract.php(184): Zend_Db_Statement->__construct(Object(Zend_Db_Adapter_Pdo_Mysql), 'SELECT `next_st...')
#3 /var/www/html/mypage/library/Zend/Db/Adapter/Abstract.php(479): Zend_Db_Adapter_Pdo_Abstract->prepare('SELECT `next_st...')
#4 /var/www/html/mypage/library/Zend/Db/Adapter/Pdo/Abstract.php(238): Zend_Db_Adapter_Abstract->query(Object(Zend_Db_Select), Array)
#5 /var/www/html/mypage/library/Zend/Db/Adapter/Abstract.php(756): Zend_Db_Adapter_Pdo_Abstract->query(Object(Zend_Db_Select), Array)
#6 /var/www/html/mypage/tools/BaseModel.php(171): Zend_Db_Adapter_Abstract->fetchRow(Object(Zend_Db_Select))
#7 /var/www/html/mypage/application/modules/staff/models/PlanModel.php(78): BaseModel->getInfo('next_step', Array, Array, NULL)
#8 /var/www/html/mypage/application/modules/staff/controllers/PlanController.php(58): PlanModel->getNextStep('next_step', '2')
#9 /var/www/html/mypage/library/Zend/Controller/Action.php(516): Staff_PlanController->changenextstepAction()
#10 /var/www/html/mypage/library/Zend/Controller/Dispatcher/Standard.php(308): Zend_Controller_Action->dispatch('changenextstepA...')
#11 /var/www/html/mypage/library/Zend/Controller/Front.php(954): Zend_Controller_Dispatcher_Standard->dispatch(Object(Zend_Controller_Request_Http), Object(Zend_Controller_Response_Http))
#12 /var/www/html/mypage/index.php(69): Zend_Controller_Front->dispatch()
#13 {main}

Next exception 'Zend_Db_Statement_Exception' with message 'SQLSTATE[42S22]: Column not found: 1054 Unknown column 'mypage_next_step_id' in 'where clause'' in /var/www/html/mypage/library/Zend/Db/Statement/Pdo.php:61
Stack trace:
#0 /var/www/html/mypage/library/Zend/Db/Statement.php(115): Zend_Db_Statement_Pdo->_prepare('SELECT `next_st...')
#1 /var/www/html/mypage/library/Zend/Db/Adapter/Pdo/Abstract.php(184): Zend_Db_Statement->__construct(Object(Zend_Db_Adapter_Pdo_Mysql), 'SELECT `next_st...')
#2 /var/www/html/mypage/library/Zend/Db/Adapter/Abstract.php(479): Zend_Db_Adapter_Pdo_Abstract->prepare('SELECT `next_st...')
#3 /var/www/html/mypage/library/Zend/Db/Adapter/Pdo/Abstract.php(238): Zend_Db_Adapter_Abstract->query(Object(Zend_Db_Select), Array)
#4 /var/www/html/mypage/library/Zend/Db/Adapter/Abstract.php(756): Zend_Db_Adapter_Pdo_Abstract->query(Object(Zend_Db_Select), Array)
#5 /var/www/html/mypage/tools/BaseModel.php(171): Zend_Db_Adapter_Abstract->fetchRow(Object(Zend_Db_Select))
#6 /var/www/html/mypage/application/modules/staff/models/PlanModel.php(78): BaseModel->getInfo('next_step', Array, Array, NULL)
#7 /var/www/html/mypage/application/modules/staff/controllers/PlanController.php(58): PlanModel->getNextStep('next_step', '2')
#8 /var/www/html/mypage/library/Zend/Controller/Action.php(516): Staff_PlanController->changenextstepAction()
#9 /var/www/html/mypage/library/Zend/Controller/Dispatcher/Standard.php(308): Zend_Controller_Action->dispatch('changenextstepA...')
#10 /var/www/html/mypage/library/Zend/Controller/Front.php(954): Zend_Controller_Dispatcher_Standard->dispatch(Object(Zend_Controller_Request_Http), Object(Zend_Controller_Response_Http))
#11 /var/www/html/mypage/index.php(69): Zend_Controller_Front->dispatch()
#12 {main}
2015-04-06T12:13:13+09:00 ALERT (1): exception 'PDOException' with message 'SQLSTATE[42S22]: Column not found: 1054 Unknown column 'mypage_next_step_id' in 'where clause'' in /var/www/html/mypage/library/Zend/Db/Statement/Pdo.php:58
Stack trace:
#0 /var/www/html/mypage/library/Zend/Db/Statement/Pdo.php(58): PDO->prepare('SELECT `next_st...')
#1 /var/www/html/mypage/library/Zend/Db/Statement.php(115): Zend_Db_Statement_Pdo->_prepare('SELECT `next_st...')
#2 /var/www/html/mypage/library/Zend/Db/Adapter/Pdo/Abstract.php(184): Zend_Db_Statement->__construct(Object(Zend_Db_Adapter_Pdo_Mysql), 'SELECT `next_st...')
#3 /var/www/html/mypage/library/Zend/Db/Adapter/Abstract.php(479): Zend_Db_Adapter_Pdo_Abstract->prepare('SELECT `next_st...')
#4 /var/www/html/mypage/library/Zend/Db/Adapter/Pdo/Abstract.php(238): Zend_Db_Adapter_Abstract->query(Object(Zend_Db_Select), Array)
#5 /var/www/html/mypage/library/Zend/Db/Adapter/Abstract.php(756): Zend_Db_Adapter_Pdo_Abstract->query(Object(Zend_Db_Select), Array)
#6 /var/www/html/mypage/tools/BaseModel.php(171): Zend_Db_Adapter_Abstract->fetchRow(Object(Zend_Db_Select))
#7 /var/www/html/mypage/application/modules/staff/models/PlanModel.php(78): BaseModel->getInfo('next_step', Array, Array, NULL)
#8 /var/www/html/mypage/application/modules/staff/controllers/PlanController.php(58): PlanModel->getNextStep('next_step', '1')
#9 /var/www/html/mypage/library/Zend/Controller/Action.php(516): Staff_PlanController->changenextstepAction()
#10 /var/www/html/mypage/library/Zend/Controller/Dispatcher/Standard.php(308): Zend_Controller_Action->dispatch('changenextstepA...')
#11 /var/www/html/mypage/library/Zend/Controller/Front.php(954): Zend_Controller_Dispatcher_Standard->dispatch(Object(Zend_Controller_Request_Http), Object(Zend_Controller_Response_Http))
#12 /var/www/html/mypage/index.php(69): Zend_Controller_Front->dispatch()
#13 {main}

Next exception 'Zend_Db_Statement_Exception' with message 'SQLSTATE[42S22]: Column not found: 1054 Unknown column 'mypage_next_step_id' in 'where clause'' in /var/www/html/mypage/library/Zend/Db/Statement/Pdo.php:61
Stack trace:
#0 /var/www/html/mypage/library/Zend/Db/Statement.php(115): Zend_Db_Statement_Pdo->_prepare('SELECT `next_st...')
#1 /var/www/html/mypage/library/Zend/Db/Adapter/Pdo/Abstract.php(184): Zend_Db_Statement->__construct(Object(Zend_Db_Adapter_Pdo_Mysql), 'SELECT `next_st...')
#2 /var/www/html/mypage/library/Zend/Db/Adapter/Abstract.php(479): Zend_Db_Adapter_Pdo_Abstract->prepare('SELECT `next_st...')
#3 /var/www/html/mypage/library/Zend/Db/Adapter/Pdo/Abstract.php(238): Zend_Db_Adapter_Abstract->query(Object(Zend_Db_Select), Array)
#4 /var/www/html/mypage/library/Zend/Db/Adapter/Abstract.php(756): Zend_Db_Adapter_Pdo_Abstract->query(Object(Zend_Db_Select), Array)
#5 /var/www/html/mypage/tools/BaseModel.php(171): Zend_Db_Adapter_Abstract->fetchRow(Object(Zend_Db_Select))
#6 /var/www/html/mypage/application/modules/staff/models/PlanModel.php(78): BaseModel->getInfo('next_step', Array, Array, NULL)
#7 /var/www/html/mypage/application/modules/staff/controllers/PlanController.php(58): PlanModel->getNextStep('next_step', '1')
#8 /var/www/html/mypage/library/Zend/Controller/Action.php(516): Staff_PlanController->changenextstepAction()
#9 /var/www/html/mypage/library/Zend/Controller/Dispatcher/Standard.php(308): Zend_Controller_Action->dispatch('changenextstepA...')
#10 /var/www/html/mypage/library/Zend/Controller/Front.php(954): Zend_Controller_Dispatcher_Standard->dispatch(Object(Zend_Controller_Request_Http), Object(Zend_Controller_Response_Http))
#11 /var/www/html/mypage/index.php(69): Zend_Controller_Front->dispatch()
#12 {main}
2015-04-06T16:29:57+09:00 ALERT (1): exception 'Zend_Controller_Dispatcher_Exception' with message 'Invalid controller specified (mypage)' in /var/www/html/mypage/library/Zend/Controller/Dispatcher/Standard.php:248
Stack trace:
#0 /var/www/html/mypage/library/Zend/Controller/Front.php(954): Zend_Controller_Dispatcher_Standard->dispatch(Object(Zend_Controller_Request_Http), Object(Zend_Controller_Response_Http))
#1 /var/www/html/mypage/index.php(69): Zend_Controller_Front->dispatch()
#2 {main}
2015-04-06T16:29:57+09:00 ALERT (1): exception 'Zend_Controller_Dispatcher_Exception' with message 'Invalid controller specified (mypage)' in /var/www/html/mypage/library/Zend/Controller/Dispatcher/Standard.php:248
Stack trace:
#0 /var/www/html/mypage/library/Zend/Controller/Front.php(954): Zend_Controller_Dispatcher_Standard->dispatch(Object(Zend_Controller_Request_Http), Object(Zend_Controller_Response_Http))
#1 /var/www/html/mypage/index.php(69): Zend_Controller_Front->dispatch()
#2 {main}
2015-04-06T16:29:57+09:00 ALERT (1): exception 'Zend_Controller_Dispatcher_Exception' with message 'Invalid controller specified (mypage)' in /var/www/html/mypage/library/Zend/Controller/Dispatcher/Standard.php:248
Stack trace:
#0 /var/www/html/mypage/library/Zend/Controller/Front.php(954): Zend_Controller_Dispatcher_Standard->dispatch(Object(Zend_Controller_Request_Http), Object(Zend_Controller_Response_Http))
#1 /var/www/html/mypage/index.php(69): Zend_Controller_Front->dispatch()
#2 {main}
2015-04-06T16:29:57+09:00 ALERT (1): exception 'Zend_Controller_Dispatcher_Exception' with message 'Invalid controller specified (mypage)' in /var/www/html/mypage/library/Zend/Controller/Dispatcher/Standard.php:248
Stack trace:
#0 /var/www/html/mypage/library/Zend/Controller/Front.php(954): Zend_Controller_Dispatcher_Standard->dispatch(Object(Zend_Controller_Request_Http), Object(Zend_Controller_Response_Http))
#1 /var/www/html/mypage/index.php(69): Zend_Controller_Front->dispatch()
#2 {main}
