2015-02-05T10:44:06+09:00 ALERT (1): exception 'Zend_Controller_Dispatcher_Exception' with message 'Invalid controller specified (themes)' in /var/www/html/mypage/library/Zend/Controller/Dispatcher/Standard.php:248
Stack trace:
#0 /var/www/html/mypage/library/Zend/Controller/Front.php(954): Zend_Controller_Dispatcher_Standard->dispatch(Object(Zend_Controller_Request_Http), Object(Zend_Controller_Response_Http))
#1 /var/www/html/mypage/index.php(69): Zend_Controller_Front->dispatch()
#2 {main}
2015-02-05T10:44:08+09:00 ALERT (1): exception 'Zend_Controller_Dispatcher_Exception' with message 'Invalid controller specified (themes)' in /var/www/html/mypage/library/Zend/Controller/Dispatcher/Standard.php:248
Stack trace:
#0 /var/www/html/mypage/library/Zend/Controller/Front.php(954): Zend_Controller_Dispatcher_Standard->dispatch(Object(Zend_Controller_Request_Http), Object(Zend_Controller_Response_Http))
#1 /var/www/html/mypage/index.php(69): Zend_Controller_Front->dispatch()
#2 {main}
2015-02-05T10:44:15+09:00 ALERT (1): exception 'Zend_Controller_Dispatcher_Exception' with message 'Invalid controller specified (themes)' in /var/www/html/mypage/library/Zend/Controller/Dispatcher/Standard.php:248
Stack trace:
#0 /var/www/html/mypage/library/Zend/Controller/Front.php(954): Zend_Controller_Dispatcher_Standard->dispatch(Object(Zend_Controller_Request_Http), Object(Zend_Controller_Response_Http))
#1 /var/www/html/mypage/index.php(69): Zend_Controller_Front->dispatch()
#2 {main}
2015-02-05T10:44:20+09:00 ALERT (1): exception 'Zend_Controller_Dispatcher_Exception' with message 'Invalid controller specified (themes)' in /var/www/html/mypage/library/Zend/Controller/Dispatcher/Standard.php:248
Stack trace:
#0 /var/www/html/mypage/library/Zend/Controller/Front.php(954): Zend_Controller_Dispatcher_Standard->dispatch(Object(Zend_Controller_Request_Http), Object(Zend_Controller_Response_Http))
#1 /var/www/html/mypage/index.php(69): Zend_Controller_Front->dispatch()
#2 {main}
2015-02-05T10:45:49+09:00 ALERT (1): exception 'Zend_Controller_Dispatcher_Exception' with message 'Invalid controller specified (themes)' in /var/www/html/mypage/library/Zend/Controller/Dispatcher/Standard.php:248
Stack trace:
#0 /var/www/html/mypage/library/Zend/Controller/Front.php(954): Zend_Controller_Dispatcher_Standard->dispatch(Object(Zend_Controller_Request_Http), Object(Zend_Controller_Response_Http))
#1 /var/www/html/mypage/index.php(69): Zend_Controller_Front->dispatch()
#2 {main}
2015-02-05T10:48:50+09:00 ALERT (1): exception 'Zend_Controller_Dispatcher_Exception' with message 'Invalid controller specified (themes)' in /var/www/html/mypage/library/Zend/Controller/Dispatcher/Standard.php:248
Stack trace:
#0 /var/www/html/mypage/library/Zend/Controller/Front.php(954): Zend_Controller_Dispatcher_Standard->dispatch(Object(Zend_Controller_Request_Http), Object(Zend_Controller_Response_Http))
#1 /var/www/html/mypage/index.php(69): Zend_Controller_Front->dispatch()
#2 {main}
2015-02-05T10:48:55+09:00 ALERT (1): exception 'Zend_Controller_Dispatcher_Exception' with message 'Invalid controller specified (themes)' in /var/www/html/mypage/library/Zend/Controller/Dispatcher/Standard.php:248
Stack trace:
#0 /var/www/html/mypage/library/Zend/Controller/Front.php(954): Zend_Controller_Dispatcher_Standard->dispatch(Object(Zend_Controller_Request_Http), Object(Zend_Controller_Response_Http))
#1 /var/www/html/mypage/index.php(69): Zend_Controller_Front->dispatch()
#2 {main}
2015-02-05T10:48:57+09:00 ALERT (1): exception 'Zend_Controller_Dispatcher_Exception' with message 'Invalid controller specified (themes)' in /var/www/html/mypage/library/Zend/Controller/Dispatcher/Standard.php:248
Stack trace:
#0 /var/www/html/mypage/library/Zend/Controller/Front.php(954): Zend_Controller_Dispatcher_Standard->dispatch(Object(Zend_Controller_Request_Http), Object(Zend_Controller_Response_Http))
#1 /var/www/html/mypage/index.php(69): Zend_Controller_Front->dispatch()
#2 {main}
2015-02-05T11:01:09+09:00 ALERT (1): exception 'Zend_Controller_Dispatcher_Exception' with message 'Invalid controller specified (themes)' in /var/www/html/mypage/library/Zend/Controller/Dispatcher/Standard.php:248
Stack trace:
#0 /var/www/html/mypage/library/Zend/Controller/Front.php(954): Zend_Controller_Dispatcher_Standard->dispatch(Object(Zend_Controller_Request_Http), Object(Zend_Controller_Response_Http))
#1 /var/www/html/mypage/index.php(69): Zend_Controller_Front->dispatch()
#2 {main}
2015-02-05T11:01:28+09:00 ALERT (1): exception 'Zend_Controller_Dispatcher_Exception' with message 'Invalid controller specified (themes)' in /var/www/html/mypage/library/Zend/Controller/Dispatcher/Standard.php:248
Stack trace:
#0 /var/www/html/mypage/library/Zend/Controller/Front.php(954): Zend_Controller_Dispatcher_Standard->dispatch(Object(Zend_Controller_Request_Http), Object(Zend_Controller_Response_Http))
#1 /var/www/html/mypage/index.php(69): Zend_Controller_Front->dispatch()
#2 {main}
2015-02-05T11:01:28+09:00 ALERT (1): exception 'Zend_Controller_Dispatcher_Exception' with message 'Invalid controller specified (themes)' in /var/www/html/mypage/library/Zend/Controller/Dispatcher/Standard.php:248
Stack trace:
#0 /var/www/html/mypage/library/Zend/Controller/Front.php(954): Zend_Controller_Dispatcher_Standard->dispatch(Object(Zend_Controller_Request_Http), Object(Zend_Controller_Response_Http))
#1 /var/www/html/mypage/index.php(69): Zend_Controller_Front->dispatch()
#2 {main}
2015-02-05T11:15:47+09:00 ALERT (1): exception 'PDOException' with message 'SQLSTATE[42000]: Syntax error or access violation: 1064 You have an error in your SQL syntax; check the manual that corresponds to your MySQL server version for the right syntax to use near ') and (starttime >= '2015-02-05 11:15:47' and starttime <= '2015-03-05 11:15:47'' at line 1' in /var/www/html/mypage/library/Zend/Db/Statement/Pdo.php:58
Stack trace:
#0 /var/www/html/mypage/library/Zend/Db/Statement/Pdo.php(58): PDO->prepare('SELECT `event_l...')
#1 /var/www/html/mypage/library/Zend/Db/Statement.php(115): Zend_Db_Statement_Pdo->_prepare('SELECT `event_l...')
#2 /var/www/html/mypage/library/Zend/Db/Adapter/Pdo/Abstract.php(184): Zend_Db_Statement->__construct(Object(Zend_Db_Adapter_Pdo_Mysql), 'SELECT `event_l...')
#3 /var/www/html/mypage/library/Zend/Db/Adapter/Abstract.php(479): Zend_Db_Adapter_Pdo_Abstract->prepare('SELECT `event_l...')
#4 /var/www/html/mypage/library/Zend/Db/Adapter/Pdo/Abstract.php(238): Zend_Db_Adapter_Abstract->query(Object(Zend_Db_Select), Array)
#5 /var/www/html/mypage/library/Zend/Db/Adapter/Abstract.php(737): Zend_Db_Adapter_Pdo_Abstract->query(Object(Zend_Db_Select), Array)
#6 /var/www/html/mypage/tools/BaseModel.php(109): Zend_Db_Adapter_Abstract->fetchAll(Object(Zend_Db_Select))
#7 /var/www/html/mypage/application/modules/school/models/IndexModel.php(102): BaseModel->searchList(Array, ') and (starttim...', Array, 'starttime ASC')
#8 /var/www/html/mypage/application/modules/school/controllers/IndexController.php(127): School_IndexModel->seminarIntend(Array, Array)
#9 /var/www/html/mypage/library/Zend/Controller/Action.php(516): School_IndexController->indexAction()
#10 /var/www/html/mypage/library/Zend/Controller/Dispatcher/Standard.php(308): Zend_Controller_Action->dispatch('indexAction')
#11 /var/www/html/mypage/library/Zend/Controller/Front.php(954): Zend_Controller_Dispatcher_Standard->dispatch(Object(Zend_Controller_Request_Http), Object(Zend_Controller_Response_Http))
#12 /var/www/html/mypage/index.php(69): Zend_Controller_Front->dispatch()
#13 {main}

Next exception 'Zend_Db_Statement_Exception' with message 'SQLSTATE[42000]: Syntax error or access violation: 1064 You have an error in your SQL syntax; check the manual that corresponds to your MySQL server version for the right syntax to use near ') and (starttime >= '2015-02-05 11:15:47' and starttime <= '2015-03-05 11:15:47'' at line 1' in /var/www/html/mypage/library/Zend/Db/Statement/Pdo.php:61
Stack trace:
#0 /var/www/html/mypage/library/Zend/Db/Statement.php(115): Zend_Db_Statement_Pdo->_prepare('SELECT `event_l...')
#1 /var/www/html/mypage/library/Zend/Db/Adapter/Pdo/Abstract.php(184): Zend_Db_Statement->__construct(Object(Zend_Db_Adapter_Pdo_Mysql), 'SELECT `event_l...')
#2 /var/www/html/mypage/library/Zend/Db/Adapter/Abstract.php(479): Zend_Db_Adapter_Pdo_Abstract->prepare('SELECT `event_l...')
#3 /var/www/html/mypage/library/Zend/Db/Adapter/Pdo/Abstract.php(238): Zend_Db_Adapter_Abstract->query(Object(Zend_Db_Select), Array)
#4 /var/www/html/mypage/library/Zend/Db/Adapter/Abstract.php(737): Zend_Db_Adapter_Pdo_Abstract->query(Object(Zend_Db_Select), Array)
#5 /var/www/html/mypage/tools/BaseModel.php(109): Zend_Db_Adapter_Abstract->fetchAll(Object(Zend_Db_Select))
#6 /var/www/html/mypage/application/modules/school/models/IndexModel.php(102): BaseModel->searchList(Array, ') and (starttim...', Array, 'starttime ASC')
#7 /var/www/html/mypage/application/modules/school/controllers/IndexController.php(127): School_IndexModel->seminarIntend(Array, Array)
#8 /var/www/html/mypage/library/Zend/Controller/Action.php(516): School_IndexController->indexAction()
#9 /var/www/html/mypage/library/Zend/Controller/Dispatcher/Standard.php(308): Zend_Controller_Action->dispatch('indexAction')
#10 /var/www/html/mypage/library/Zend/Controller/Front.php(954): Zend_Controller_Dispatcher_Standard->dispatch(Object(Zend_Controller_Request_Http), Object(Zend_Controller_Response_Http))
#11 /var/www/html/mypage/index.php(69): Zend_Controller_Front->dispatch()
#12 {main}
2015-02-05T12:42:19+09:00 ALERT (1): exception 'PDOException' with message 'SQLSTATE[42000]: Syntax error or access violation: 1064 You have an error in your SQL syntax; check the manual that corresponds to your MySQL server version for the right syntax to use near ') and (starttime >= '2015-02-05 12:42:19' and starttime <= '2015-03-05 12:42:19'' at line 1' in /var/www/html/mypage/library/Zend/Db/Statement/Pdo.php:58
Stack trace:
#0 /var/www/html/mypage/library/Zend/Db/Statement/Pdo.php(58): PDO->prepare('SELECT `event_l...')
#1 /var/www/html/mypage/library/Zend/Db/Statement.php(115): Zend_Db_Statement_Pdo->_prepare('SELECT `event_l...')
#2 /var/www/html/mypage/library/Zend/Db/Adapter/Pdo/Abstract.php(184): Zend_Db_Statement->__construct(Object(Zend_Db_Adapter_Pdo_Mysql), 'SELECT `event_l...')
#3 /var/www/html/mypage/library/Zend/Db/Adapter/Abstract.php(479): Zend_Db_Adapter_Pdo_Abstract->prepare('SELECT `event_l...')
#4 /var/www/html/mypage/library/Zend/Db/Adapter/Pdo/Abstract.php(238): Zend_Db_Adapter_Abstract->query(Object(Zend_Db_Select), Array)
#5 /var/www/html/mypage/library/Zend/Db/Adapter/Abstract.php(737): Zend_Db_Adapter_Pdo_Abstract->query(Object(Zend_Db_Select), Array)
#6 /var/www/html/mypage/tools/BaseModel.php(109): Zend_Db_Adapter_Abstract->fetchAll(Object(Zend_Db_Select))
#7 /var/www/html/mypage/application/modules/school/models/IndexModel.php(102): BaseModel->searchList(Array, ') and (starttim...', Array, 'starttime ASC')
#8 /var/www/html/mypage/application/modules/school/controllers/IndexController.php(127): School_IndexModel->seminarIntend(Array, Array)
#9 /var/www/html/mypage/library/Zend/Controller/Action.php(516): School_IndexController->indexAction()
#10 /var/www/html/mypage/library/Zend/Controller/Dispatcher/Standard.php(308): Zend_Controller_Action->dispatch('indexAction')
#11 /var/www/html/mypage/library/Zend/Controller/Front.php(954): Zend_Controller_Dispatcher_Standard->dispatch(Object(Zend_Controller_Request_Http), Object(Zend_Controller_Response_Http))
#12 /var/www/html/mypage/index.php(69): Zend_Controller_Front->dispatch()
#13 {main}

Next exception 'Zend_Db_Statement_Exception' with message 'SQLSTATE[42000]: Syntax error or access violation: 1064 You have an error in your SQL syntax; check the manual that corresponds to your MySQL server version for the right syntax to use near ') and (starttime >= '2015-02-05 12:42:19' and starttime <= '2015-03-05 12:42:19'' at line 1' in /var/www/html/mypage/library/Zend/Db/Statement/Pdo.php:61
Stack trace:
#0 /var/www/html/mypage/library/Zend/Db/Statement.php(115): Zend_Db_Statement_Pdo->_prepare('SELECT `event_l...')
#1 /var/www/html/mypage/library/Zend/Db/Adapter/Pdo/Abstract.php(184): Zend_Db_Statement->__construct(Object(Zend_Db_Adapter_Pdo_Mysql), 'SELECT `event_l...')
#2 /var/www/html/mypage/library/Zend/Db/Adapter/Abstract.php(479): Zend_Db_Adapter_Pdo_Abstract->prepare('SELECT `event_l...')
#3 /var/www/html/mypage/library/Zend/Db/Adapter/Pdo/Abstract.php(238): Zend_Db_Adapter_Abstract->query(Object(Zend_Db_Select), Array)
#4 /var/www/html/mypage/library/Zend/Db/Adapter/Abstract.php(737): Zend_Db_Adapter_Pdo_Abstract->query(Object(Zend_Db_Select), Array)
#5 /var/www/html/mypage/tools/BaseModel.php(109): Zend_Db_Adapter_Abstract->fetchAll(Object(Zend_Db_Select))
#6 /var/www/html/mypage/application/modules/school/models/IndexModel.php(102): BaseModel->searchList(Array, ') and (starttim...', Array, 'starttime ASC')
#7 /var/www/html/mypage/application/modules/school/controllers/IndexController.php(127): School_IndexModel->seminarIntend(Array, Array)
#8 /var/www/html/mypage/library/Zend/Controller/Action.php(516): School_IndexController->indexAction()
#9 /var/www/html/mypage/library/Zend/Controller/Dispatcher/Standard.php(308): Zend_Controller_Action->dispatch('indexAction')
#10 /var/www/html/mypage/library/Zend/Controller/Front.php(954): Zend_Controller_Dispatcher_Standard->dispatch(Object(Zend_Controller_Request_Http), Object(Zend_Controller_Response_Http))
#11 /var/www/html/mypage/index.php(69): Zend_Controller_Front->dispatch()
#12 {main}
2015-02-05T12:42:32+09:00 ALERT (1): exception 'PDOException' with message 'SQLSTATE[42000]: Syntax error or access violation: 1064 You have an error in your SQL syntax; check the manual that corresponds to your MySQL server version for the right syntax to use near ') and (starttime >= '2015-02-05 12:42:32' and starttime <= '2015-03-05 12:42:32'' at line 1' in /var/www/html/mypage/library/Zend/Db/Statement/Pdo.php:58
Stack trace:
#0 /var/www/html/mypage/library/Zend/Db/Statement/Pdo.php(58): PDO->prepare('SELECT `event_l...')
#1 /var/www/html/mypage/library/Zend/Db/Statement.php(115): Zend_Db_Statement_Pdo->_prepare('SELECT `event_l...')
#2 /var/www/html/mypage/library/Zend/Db/Adapter/Pdo/Abstract.php(184): Zend_Db_Statement->__construct(Object(Zend_Db_Adapter_Pdo_Mysql), 'SELECT `event_l...')
#3 /var/www/html/mypage/library/Zend/Db/Adapter/Abstract.php(479): Zend_Db_Adapter_Pdo_Abstract->prepare('SELECT `event_l...')
#4 /var/www/html/mypage/library/Zend/Db/Adapter/Pdo/Abstract.php(238): Zend_Db_Adapter_Abstract->query(Object(Zend_Db_Select), Array)
#5 /var/www/html/mypage/library/Zend/Db/Adapter/Abstract.php(737): Zend_Db_Adapter_Pdo_Abstract->query(Object(Zend_Db_Select), Array)
#6 /var/www/html/mypage/tools/BaseModel.php(109): Zend_Db_Adapter_Abstract->fetchAll(Object(Zend_Db_Select))
#7 /var/www/html/mypage/application/modules/school/models/IndexModel.php(102): BaseModel->searchList(Array, ') and (starttim...', Array, 'starttime ASC')
#8 /var/www/html/mypage/application/modules/school/controllers/IndexController.php(127): School_IndexModel->seminarIntend(Array, Array)
#9 /var/www/html/mypage/library/Zend/Controller/Action.php(516): School_IndexController->indexAction()
#10 /var/www/html/mypage/library/Zend/Controller/Dispatcher/Standard.php(308): Zend_Controller_Action->dispatch('indexAction')
#11 /var/www/html/mypage/library/Zend/Controller/Front.php(954): Zend_Controller_Dispatcher_Standard->dispatch(Object(Zend_Controller_Request_Http), Object(Zend_Controller_Response_Http))
#12 /var/www/html/mypage/index.php(69): Zend_Controller_Front->dispatch()
#13 {main}

Next exception 'Zend_Db_Statement_Exception' with message 'SQLSTATE[42000]: Syntax error or access violation: 1064 You have an error in your SQL syntax; check the manual that corresponds to your MySQL server version for the right syntax to use near ') and (starttime >= '2015-02-05 12:42:32' and starttime <= '2015-03-05 12:42:32'' at line 1' in /var/www/html/mypage/library/Zend/Db/Statement/Pdo.php:61
Stack trace:
#0 /var/www/html/mypage/library/Zend/Db/Statement.php(115): Zend_Db_Statement_Pdo->_prepare('SELECT `event_l...')
#1 /var/www/html/mypage/library/Zend/Db/Adapter/Pdo/Abstract.php(184): Zend_Db_Statement->__construct(Object(Zend_Db_Adapter_Pdo_Mysql), 'SELECT `event_l...')
#2 /var/www/html/mypage/library/Zend/Db/Adapter/Abstract.php(479): Zend_Db_Adapter_Pdo_Abstract->prepare('SELECT `event_l...')
#3 /var/www/html/mypage/library/Zend/Db/Adapter/Pdo/Abstract.php(238): Zend_Db_Adapter_Abstract->query(Object(Zend_Db_Select), Array)
#4 /var/www/html/mypage/library/Zend/Db/Adapter/Abstract.php(737): Zend_Db_Adapter_Pdo_Abstract->query(Object(Zend_Db_Select), Array)
#5 /var/www/html/mypage/tools/BaseModel.php(109): Zend_Db_Adapter_Abstract->fetchAll(Object(Zend_Db_Select))
#6 /var/www/html/mypage/application/modules/school/models/IndexModel.php(102): BaseModel->searchList(Array, ') and (starttim...', Array, 'starttime ASC')
#7 /var/www/html/mypage/application/modules/school/controllers/IndexController.php(127): School_IndexModel->seminarIntend(Array, Array)
#8 /var/www/html/mypage/library/Zend/Controller/Action.php(516): School_IndexController->indexAction()
#9 /var/www/html/mypage/library/Zend/Controller/Dispatcher/Standard.php(308): Zend_Controller_Action->dispatch('indexAction')
#10 /var/www/html/mypage/library/Zend/Controller/Front.php(954): Zend_Controller_Dispatcher_Standard->dispatch(Object(Zend_Controller_Request_Http), Object(Zend_Controller_Response_Http))
#11 /var/www/html/mypage/index.php(69): Zend_Controller_Front->dispatch()
#12 {main}
2015-02-05T12:46:46+09:00 ALERT (1): exception 'PDOException' with message 'SQLSTATE[42000]: Syntax error or access violation: 1064 You have an error in your SQL syntax; check the manual that corresponds to your MySQL server version for the right syntax to use near ')' at line 1' in /var/www/html/mypage/library/Zend/Db/Statement/Pdo.php:58
Stack trace:
#0 /var/www/html/mypage/library/Zend/Db/Statement/Pdo.php(58): PDO->prepare('SELECT `entryli...')
#1 /var/www/html/mypage/library/Zend/Db/Statement.php(115): Zend_Db_Statement_Pdo->_prepare('SELECT `entryli...')
#2 /var/www/html/mypage/library/Zend/Db/Adapter/Pdo/Abstract.php(184): Zend_Db_Statement->__construct(Object(Zend_Db_Adapter_Pdo_Mysql), 'SELECT `entryli...')
#3 /var/www/html/mypage/library/Zend/Db/Adapter/Abstract.php(479): Zend_Db_Adapter_Pdo_Abstract->prepare('SELECT `entryli...')
#4 /var/www/html/mypage/library/Zend/Db/Adapter/Pdo/Abstract.php(238): Zend_Db_Adapter_Abstract->query(Object(Zend_Db_Select), Array)
#5 /var/www/html/mypage/library/Zend/Db/Adapter/Abstract.php(737): Zend_Db_Adapter_Pdo_Abstract->query(Object(Zend_Db_Select), Array)
#6 /var/www/html/mypage/tools/BaseModel.php(109): Zend_Db_Adapter_Abstract->fetchAll(Object(Zend_Db_Select))
#7 /var/www/html/mypage/application/modules/school/models/SeminarModel.php(80): BaseModel->searchList('entrylist', 'seminarid = ', Array, NULL)
#8 /var/www/html/mypage/application/modules/school/controllers/SeminarController.php(165): SeminarModel->seminarMember('entrylist', NULL)
#9 /var/www/html/mypage/library/Zend/Controller/Action.php(516): School_SeminarController->detailAction()
#10 /var/www/html/mypage/library/Zend/Controller/Dispatcher/Standard.php(308): Zend_Controller_Action->dispatch('detailAction')
#11 /var/www/html/mypage/library/Zend/Controller/Front.php(954): Zend_Controller_Dispatcher_Standard->dispatch(Object(Zend_Controller_Request_Http), Object(Zend_Controller_Response_Http))
#12 /var/www/html/mypage/index.php(69): Zend_Controller_Front->dispatch()
#13 {main}

Next exception 'Zend_Db_Statement_Exception' with message 'SQLSTATE[42000]: Syntax error or access violation: 1064 You have an error in your SQL syntax; check the manual that corresponds to your MySQL server version for the right syntax to use near ')' at line 1' in /var/www/html/mypage/library/Zend/Db/Statement/Pdo.php:61
Stack trace:
#0 /var/www/html/mypage/library/Zend/Db/Statement.php(115): Zend_Db_Statement_Pdo->_prepare('SELECT `entryli...')
#1 /var/www/html/mypage/library/Zend/Db/Adapter/Pdo/Abstract.php(184): Zend_Db_Statement->__construct(Object(Zend_Db_Adapter_Pdo_Mysql), 'SELECT `entryli...')
#2 /var/www/html/mypage/library/Zend/Db/Adapter/Abstract.php(479): Zend_Db_Adapter_Pdo_Abstract->prepare('SELECT `entryli...')
#3 /var/www/html/mypage/library/Zend/Db/Adapter/Pdo/Abstract.php(238): Zend_Db_Adapter_Abstract->query(Object(Zend_Db_Select), Array)
#4 /var/www/html/mypage/library/Zend/Db/Adapter/Abstract.php(737): Zend_Db_Adapter_Pdo_Abstract->query(Object(Zend_Db_Select), Array)
#5 /var/www/html/mypage/tools/BaseModel.php(109): Zend_Db_Adapter_Abstract->fetchAll(Object(Zend_Db_Select))
#6 /var/www/html/mypage/application/modules/school/models/SeminarModel.php(80): BaseModel->searchList('entrylist', 'seminarid = ', Array, NULL)
#7 /var/www/html/mypage/application/modules/school/controllers/SeminarController.php(165): SeminarModel->seminarMember('entrylist', NULL)
#8 /var/www/html/mypage/library/Zend/Controller/Action.php(516): School_SeminarController->detailAction()
#9 /var/www/html/mypage/library/Zend/Controller/Dispatcher/Standard.php(308): Zend_Controller_Action->dispatch('detailAction')
#10 /var/www/html/mypage/library/Zend/Controller/Front.php(954): Zend_Controller_Dispatcher_Standard->dispatch(Object(Zend_Controller_Request_Http), Object(Zend_Controller_Response_Http))
#11 /var/www/html/mypage/index.php(69): Zend_Controller_Front->dispatch()
#12 {main}
2015-02-05T12:54:28+09:00 ALERT (1): exception 'Zend_Controller_Dispatcher_Exception' with message 'Invalid controller specified (themes)' in /var/www/html/mypage/library/Zend/Controller/Dispatcher/Standard.php:248
Stack trace:
#0 /var/www/html/mypage/library/Zend/Controller/Front.php(954): Zend_Controller_Dispatcher_Standard->dispatch(Object(Zend_Controller_Request_Http), Object(Zend_Controller_Response_Http))
#1 /var/www/html/mypage/index.php(69): Zend_Controller_Front->dispatch()
#2 {main}
2015-02-05T12:54:45+09:00 ALERT (1): exception 'Zend_Controller_Dispatcher_Exception' with message 'Invalid controller specified (themes)' in /var/www/html/mypage/library/Zend/Controller/Dispatcher/Standard.php:248
Stack trace:
#0 /var/www/html/mypage/library/Zend/Controller/Front.php(954): Zend_Controller_Dispatcher_Standard->dispatch(Object(Zend_Controller_Request_Http), Object(Zend_Controller_Response_Http))
#1 /var/www/html/mypage/index.php(69): Zend_Controller_Front->dispatch()
#2 {main}
2015-02-05T12:54:56+09:00 ALERT (1): exception 'Zend_Controller_Dispatcher_Exception' with message 'Invalid controller specified (themes)' in /var/www/html/mypage/library/Zend/Controller/Dispatcher/Standard.php:248
Stack trace:
#0 /var/www/html/mypage/library/Zend/Controller/Front.php(954): Zend_Controller_Dispatcher_Standard->dispatch(Object(Zend_Controller_Request_Http), Object(Zend_Controller_Response_Http))
#1 /var/www/html/mypage/index.php(69): Zend_Controller_Front->dispatch()
#2 {main}
2015-02-05T12:56:13+09:00 ALERT (1): exception 'Zend_Controller_Dispatcher_Exception' with message 'Invalid controller specified (themes)' in /var/www/html/mypage/library/Zend/Controller/Dispatcher/Standard.php:248
Stack trace:
#0 /var/www/html/mypage/library/Zend/Controller/Front.php(954): Zend_Controller_Dispatcher_Standard->dispatch(Object(Zend_Controller_Request_Http), Object(Zend_Controller_Response_Http))
#1 /var/www/html/mypage/index.php(69): Zend_Controller_Front->dispatch()
#2 {main}
2015-02-05T12:56:45+09:00 ALERT (1): exception 'Zend_Controller_Dispatcher_Exception' with message 'Invalid controller specified (themes)' in /var/www/html/mypage/library/Zend/Controller/Dispatcher/Standard.php:248
Stack trace:
#0 /var/www/html/mypage/library/Zend/Controller/Front.php(954): Zend_Controller_Dispatcher_Standard->dispatch(Object(Zend_Controller_Request_Http), Object(Zend_Controller_Response_Http))
#1 /var/www/html/mypage/index.php(69): Zend_Controller_Front->dispatch()
#2 {main}
2015-02-05T12:58:45+09:00 ALERT (1): exception 'Zend_Controller_Dispatcher_Exception' with message 'Invalid controller specified (themes)' in /var/www/html/mypage/library/Zend/Controller/Dispatcher/Standard.php:248
Stack trace:
#0 /var/www/html/mypage/library/Zend/Controller/Front.php(954): Zend_Controller_Dispatcher_Standard->dispatch(Object(Zend_Controller_Request_Http), Object(Zend_Controller_Response_Http))
#1 /var/www/html/mypage/index.php(69): Zend_Controller_Front->dispatch()
#2 {main}
2015-02-05T12:59:07+09:00 ALERT (1): exception 'Zend_Controller_Dispatcher_Exception' with message 'Invalid controller specified (themes)' in /var/www/html/mypage/library/Zend/Controller/Dispatcher/Standard.php:248
Stack trace:
#0 /var/www/html/mypage/library/Zend/Controller/Front.php(954): Zend_Controller_Dispatcher_Standard->dispatch(Object(Zend_Controller_Request_Http), Object(Zend_Controller_Response_Http))
#1 /var/www/html/mypage/index.php(69): Zend_Controller_Front->dispatch()
#2 {main}
2015-02-05T13:03:06+09:00 ALERT (1): exception 'Zend_Controller_Dispatcher_Exception' with message 'Invalid controller specified (themes)' in /var/www/html/mypage/library/Zend/Controller/Dispatcher/Standard.php:248
Stack trace:
#0 /var/www/html/mypage/library/Zend/Controller/Front.php(954): Zend_Controller_Dispatcher_Standard->dispatch(Object(Zend_Controller_Request_Http), Object(Zend_Controller_Response_Http))
#1 /var/www/html/mypage/index.php(69): Zend_Controller_Front->dispatch()
#2 {main}
2015-02-05T13:05:51+09:00 ALERT (1): exception 'Zend_Controller_Dispatcher_Exception' with message 'Invalid controller specified (themes)' in /var/www/html/mypage/library/Zend/Controller/Dispatcher/Standard.php:248
Stack trace:
#0 /var/www/html/mypage/library/Zend/Controller/Front.php(954): Zend_Controller_Dispatcher_Standard->dispatch(Object(Zend_Controller_Request_Http), Object(Zend_Controller_Response_Http))
#1 /var/www/html/mypage/index.php(69): Zend_Controller_Front->dispatch()
#2 {main}
2015-02-05T13:06:55+09:00 ALERT (1): exception 'Zend_Controller_Dispatcher_Exception' with message 'Invalid controller specified (themes)' in /var/www/html/mypage/library/Zend/Controller/Dispatcher/Standard.php:248
Stack trace:
#0 /var/www/html/mypage/library/Zend/Controller/Front.php(954): Zend_Controller_Dispatcher_Standard->dispatch(Object(Zend_Controller_Request_Http), Object(Zend_Controller_Response_Http))
#1 /var/www/html/mypage/index.php(69): Zend_Controller_Front->dispatch()
#2 {main}
2015-02-05T13:10:24+09:00 ALERT (1): exception 'Zend_Controller_Dispatcher_Exception' with message 'Invalid controller specified (themes)' in /var/www/html/mypage/library/Zend/Controller/Dispatcher/Standard.php:248
Stack trace:
#0 /var/www/html/mypage/library/Zend/Controller/Front.php(954): Zend_Controller_Dispatcher_Standard->dispatch(Object(Zend_Controller_Request_Http), Object(Zend_Controller_Response_Http))
#1 /var/www/html/mypage/index.php(69): Zend_Controller_Front->dispatch()
#2 {main}
2015-02-05T13:11:03+09:00 ALERT (1): exception 'Zend_Controller_Dispatcher_Exception' with message 'Invalid controller specified (themes)' in /var/www/html/mypage/library/Zend/Controller/Dispatcher/Standard.php:248
Stack trace:
#0 /var/www/html/mypage/library/Zend/Controller/Front.php(954): Zend_Controller_Dispatcher_Standard->dispatch(Object(Zend_Controller_Request_Http), Object(Zend_Controller_Response_Http))
#1 /var/www/html/mypage/index.php(69): Zend_Controller_Front->dispatch()
#2 {main}
2015-02-05T13:11:07+09:00 ALERT (1): exception 'Zend_Controller_Dispatcher_Exception' with message 'Invalid controller specified (themes)' in /var/www/html/mypage/library/Zend/Controller/Dispatcher/Standard.php:248
Stack trace:
#0 /var/www/html/mypage/library/Zend/Controller/Front.php(954): Zend_Controller_Dispatcher_Standard->dispatch(Object(Zend_Controller_Request_Http), Object(Zend_Controller_Response_Http))
#1 /var/www/html/mypage/index.php(69): Zend_Controller_Front->dispatch()
#2 {main}
2015-02-05T13:12:31+09:00 ALERT (1): exception 'Zend_Controller_Dispatcher_Exception' with message 'Invalid controller specified (themes)' in /var/www/html/mypage/library/Zend/Controller/Dispatcher/Standard.php:248
Stack trace:
#0 /var/www/html/mypage/library/Zend/Controller/Front.php(954): Zend_Controller_Dispatcher_Standard->dispatch(Object(Zend_Controller_Request_Http), Object(Zend_Controller_Response_Http))
#1 /var/www/html/mypage/index.php(69): Zend_Controller_Front->dispatch()
#2 {main}
2015-02-05T13:12:36+09:00 ALERT (1): exception 'Zend_Controller_Dispatcher_Exception' with message 'Invalid controller specified (themes)' in /var/www/html/mypage/library/Zend/Controller/Dispatcher/Standard.php:248
Stack trace:
#0 /var/www/html/mypage/library/Zend/Controller/Front.php(954): Zend_Controller_Dispatcher_Standard->dispatch(Object(Zend_Controller_Request_Http), Object(Zend_Controller_Response_Http))
#1 /var/www/html/mypage/index.php(69): Zend_Controller_Front->dispatch()
#2 {main}
2015-02-05T13:13:16+09:00 ALERT (1): exception 'Zend_Controller_Dispatcher_Exception' with message 'Invalid controller specified (themes)' in /var/www/html/mypage/library/Zend/Controller/Dispatcher/Standard.php:248
Stack trace:
#0 /var/www/html/mypage/library/Zend/Controller/Front.php(954): Zend_Controller_Dispatcher_Standard->dispatch(Object(Zend_Controller_Request_Http), Object(Zend_Controller_Response_Http))
#1 /var/www/html/mypage/index.php(69): Zend_Controller_Front->dispatch()
#2 {main}
2015-02-05T13:15:42+09:00 ALERT (1): exception 'Zend_Controller_Dispatcher_Exception' with message 'Invalid controller specified (themes)' in /var/www/html/mypage/library/Zend/Controller/Dispatcher/Standard.php:248
Stack trace:
#0 /var/www/html/mypage/library/Zend/Controller/Front.php(954): Zend_Controller_Dispatcher_Standard->dispatch(Object(Zend_Controller_Request_Http), Object(Zend_Controller_Response_Http))
#1 /var/www/html/mypage/index.php(69): Zend_Controller_Front->dispatch()
#2 {main}
2015-02-05T13:20:15+09:00 ALERT (1): exception 'Zend_Controller_Dispatcher_Exception' with message 'Invalid controller specified (themes)' in /var/www/html/mypage/library/Zend/Controller/Dispatcher/Standard.php:248
Stack trace:
#0 /var/www/html/mypage/library/Zend/Controller/Front.php(954): Zend_Controller_Dispatcher_Standard->dispatch(Object(Zend_Controller_Request_Http), Object(Zend_Controller_Response_Http))
#1 /var/www/html/mypage/index.php(69): Zend_Controller_Front->dispatch()
#2 {main}
2015-02-05T13:20:50+09:00 ALERT (1): exception 'Zend_Controller_Dispatcher_Exception' with message 'Invalid controller specified (themes)' in /var/www/html/mypage/library/Zend/Controller/Dispatcher/Standard.php:248
Stack trace:
#0 /var/www/html/mypage/library/Zend/Controller/Front.php(954): Zend_Controller_Dispatcher_Standard->dispatch(Object(Zend_Controller_Request_Http), Object(Zend_Controller_Response_Http))
#1 /var/www/html/mypage/index.php(69): Zend_Controller_Front->dispatch()
#2 {main}
2015-02-05T13:22:08+09:00 ALERT (1): exception 'Zend_Controller_Dispatcher_Exception' with message 'Invalid controller specified (themes)' in /var/www/html/mypage/library/Zend/Controller/Dispatcher/Standard.php:248
Stack trace:
#0 /var/www/html/mypage/library/Zend/Controller/Front.php(954): Zend_Controller_Dispatcher_Standard->dispatch(Object(Zend_Controller_Request_Http), Object(Zend_Controller_Response_Http))
#1 /var/www/html/mypage/index.php(69): Zend_Controller_Front->dispatch()
#2 {main}
2015-02-05T13:25:01+09:00 ALERT (1): exception 'Zend_Controller_Dispatcher_Exception' with message 'Invalid controller specified (themes)' in /var/www/html/mypage/library/Zend/Controller/Dispatcher/Standard.php:248
Stack trace:
#0 /var/www/html/mypage/library/Zend/Controller/Front.php(954): Zend_Controller_Dispatcher_Standard->dispatch(Object(Zend_Controller_Request_Http), Object(Zend_Controller_Response_Http))
#1 /var/www/html/mypage/index.php(69): Zend_Controller_Front->dispatch()
#2 {main}
2015-02-05T13:25:16+09:00 ALERT (1): exception 'Zend_Controller_Dispatcher_Exception' with message 'Invalid controller specified (themes)' in /var/www/html/mypage/library/Zend/Controller/Dispatcher/Standard.php:248
Stack trace:
#0 /var/www/html/mypage/library/Zend/Controller/Front.php(954): Zend_Controller_Dispatcher_Standard->dispatch(Object(Zend_Controller_Request_Http), Object(Zend_Controller_Response_Http))
#1 /var/www/html/mypage/index.php(69): Zend_Controller_Front->dispatch()
#2 {main}
2015-02-05T13:25:24+09:00 ALERT (1): exception 'Zend_Controller_Dispatcher_Exception' with message 'Invalid controller specified (themes)' in /var/www/html/mypage/library/Zend/Controller/Dispatcher/Standard.php:248
Stack trace:
#0 /var/www/html/mypage/library/Zend/Controller/Front.php(954): Zend_Controller_Dispatcher_Standard->dispatch(Object(Zend_Controller_Request_Http), Object(Zend_Controller_Response_Http))
#1 /var/www/html/mypage/index.php(69): Zend_Controller_Front->dispatch()
#2 {main}
2015-02-05T13:25:51+09:00 ALERT (1): exception 'Zend_Controller_Dispatcher_Exception' with message 'Invalid controller specified (themes)' in /var/www/html/mypage/library/Zend/Controller/Dispatcher/Standard.php:248
Stack trace:
#0 /var/www/html/mypage/library/Zend/Controller/Front.php(954): Zend_Controller_Dispatcher_Standard->dispatch(Object(Zend_Controller_Request_Http), Object(Zend_Controller_Response_Http))
#1 /var/www/html/mypage/index.php(69): Zend_Controller_Front->dispatch()
#2 {main}
2015-02-05T13:26:08+09:00 ALERT (1): exception 'Zend_Controller_Dispatcher_Exception' with message 'Invalid controller specified (themes)' in /var/www/html/mypage/library/Zend/Controller/Dispatcher/Standard.php:248
Stack trace:
#0 /var/www/html/mypage/library/Zend/Controller/Front.php(954): Zend_Controller_Dispatcher_Standard->dispatch(Object(Zend_Controller_Request_Http), Object(Zend_Controller_Response_Http))
#1 /var/www/html/mypage/index.php(69): Zend_Controller_Front->dispatch()
#2 {main}
2015-02-05T13:34:02+09:00 ALERT (1): exception 'Zend_Controller_Dispatcher_Exception' with message 'Invalid controller specified (data)' in /var/www/html/mypage/library/Zend/Controller/Dispatcher/Standard.php:248
Stack trace:
#0 /var/www/html/mypage/library/Zend/Controller/Front.php(954): Zend_Controller_Dispatcher_Standard->dispatch(Object(Zend_Controller_Request_Http), Object(Zend_Controller_Response_Http))
#1 /var/www/html/mypage/index.php(69): Zend_Controller_Front->dispatch()
#2 {main}
2015-02-05T13:37:26+09:00 ALERT (1): exception 'Zend_Controller_Dispatcher_Exception' with message 'Invalid controller specified (themes)' in /var/www/html/mypage/library/Zend/Controller/Dispatcher/Standard.php:248
Stack trace:
#0 /var/www/html/mypage/library/Zend/Controller/Front.php(954): Zend_Controller_Dispatcher_Standard->dispatch(Object(Zend_Controller_Request_Http), Object(Zend_Controller_Response_Http))
#1 /var/www/html/mypage/index.php(69): Zend_Controller_Front->dispatch()
#2 {main}
2015-02-05T13:39:09+09:00 ALERT (1): exception 'Zend_Controller_Dispatcher_Exception' with message 'Invalid controller specified (data)' in /var/www/html/mypage/library/Zend/Controller/Dispatcher/Standard.php:248
Stack trace:
#0 /var/www/html/mypage/library/Zend/Controller/Front.php(954): Zend_Controller_Dispatcher_Standard->dispatch(Object(Zend_Controller_Request_Http), Object(Zend_Controller_Response_Http))
#1 /var/www/html/mypage/index.php(69): Zend_Controller_Front->dispatch()
#2 {main}
2015-02-05T13:42:09+09:00 ALERT (1): exception 'Zend_Controller_Dispatcher_Exception' with message 'Invalid controller specified (themes)' in /var/www/html/mypage/library/Zend/Controller/Dispatcher/Standard.php:248
Stack trace:
#0 /var/www/html/mypage/library/Zend/Controller/Front.php(954): Zend_Controller_Dispatcher_Standard->dispatch(Object(Zend_Controller_Request_Http), Object(Zend_Controller_Response_Http))
#1 /var/www/html/mypage/index.php(69): Zend_Controller_Front->dispatch()
#2 {main}
2015-02-05T13:50:01+09:00 ALERT (1): exception 'Zend_Controller_Dispatcher_Exception' with message 'Invalid controller specified (themes)' in /var/www/html/mypage/library/Zend/Controller/Dispatcher/Standard.php:248
Stack trace:
#0 /var/www/html/mypage/library/Zend/Controller/Front.php(954): Zend_Controller_Dispatcher_Standard->dispatch(Object(Zend_Controller_Request_Http), Object(Zend_Controller_Response_Http))
#1 /var/www/html/mypage/index.php(69): Zend_Controller_Front->dispatch()
#2 {main}
2015-02-05T14:15:36+09:00 ALERT (1): exception 'Zend_Controller_Dispatcher_Exception' with message 'Invalid controller specified (mypage)' in /var/www/html/mypage/library/Zend/Controller/Dispatcher/Standard.php:248
Stack trace:
#0 /var/www/html/mypage/library/Zend/Controller/Front.php(954): Zend_Controller_Dispatcher_Standard->dispatch(Object(Zend_Controller_Request_Http), Object(Zend_Controller_Response_Http))
#1 /var/www/html/mypage/index.php(69): Zend_Controller_Front->dispatch()
#2 {main}
2015-02-05T14:15:36+09:00 ALERT (1): exception 'Zend_Controller_Dispatcher_Exception' with message 'Invalid controller specified (mypage)' in /var/www/html/mypage/library/Zend/Controller/Dispatcher/Standard.php:248
Stack trace:
#0 /var/www/html/mypage/library/Zend/Controller/Front.php(954): Zend_Controller_Dispatcher_Standard->dispatch(Object(Zend_Controller_Request_Http), Object(Zend_Controller_Response_Http))
#1 /var/www/html/mypage/index.php(69): Zend_Controller_Front->dispatch()
#2 {main}
2015-02-05T14:15:36+09:00 ALERT (1): exception 'Zend_Controller_Dispatcher_Exception' with message 'Invalid controller specified (mypage)' in /var/www/html/mypage/library/Zend/Controller/Dispatcher/Standard.php:248
Stack trace:
#0 /var/www/html/mypage/library/Zend/Controller/Front.php(954): Zend_Controller_Dispatcher_Standard->dispatch(Object(Zend_Controller_Request_Http), Object(Zend_Controller_Response_Http))
#1 /var/www/html/mypage/index.php(69): Zend_Controller_Front->dispatch()
#2 {main}
2015-02-05T14:15:36+09:00 ALERT (1): exception 'Zend_Controller_Dispatcher_Exception' with message 'Invalid controller specified (mypage)' in /var/www/html/mypage/library/Zend/Controller/Dispatcher/Standard.php:248
Stack trace:
#0 /var/www/html/mypage/library/Zend/Controller/Front.php(954): Zend_Controller_Dispatcher_Standard->dispatch(Object(Zend_Controller_Request_Http), Object(Zend_Controller_Response_Http))
#1 /var/www/html/mypage/index.php(69): Zend_Controller_Front->dispatch()
#2 {main}
2015-02-05T16:07:36+09:00 ALERT (1): exception 'Zend_Controller_Dispatcher_Exception' with message 'Invalid controller specified (themes)' in /var/www/html/mypage/library/Zend/Controller/Dispatcher/Standard.php:248
Stack trace:
#0 /var/www/html/mypage/library/Zend/Controller/Front.php(954): Zend_Controller_Dispatcher_Standard->dispatch(Object(Zend_Controller_Request_Http), Object(Zend_Controller_Response_Http))
#1 /var/www/html/mypage/index.php(69): Zend_Controller_Front->dispatch()
#2 {main}
2015-02-05T16:24:55+09:00 ALERT (1): exception 'Zend_Controller_Dispatcher_Exception' with message 'Invalid controller specified (themes)' in /var/www/html/mypage/library/Zend/Controller/Dispatcher/Standard.php:248
Stack trace:
#0 /var/www/html/mypage/library/Zend/Controller/Front.php(954): Zend_Controller_Dispatcher_Standard->dispatch(Object(Zend_Controller_Request_Http), Object(Zend_Controller_Response_Http))
#1 /var/www/html/mypage/index.php(69): Zend_Controller_Front->dispatch()
#2 {main}
2015-02-05T16:30:44+09:00 ALERT (1): exception 'Zend_Controller_Dispatcher_Exception' with message 'Invalid controller specified (themes)' in /var/www/html/mypage/library/Zend/Controller/Dispatcher/Standard.php:248
Stack trace:
#0 /var/www/html/mypage/library/Zend/Controller/Front.php(954): Zend_Controller_Dispatcher_Standard->dispatch(Object(Zend_Controller_Request_Http), Object(Zend_Controller_Response_Http))
#1 /var/www/html/mypage/index.php(69): Zend_Controller_Front->dispatch()
#2 {main}
2015-02-05T16:40:05+09:00 ALERT (1): exception 'Zend_Controller_Dispatcher_Exception' with message 'Invalid controller specified (themes)' in /var/www/html/mypage/library/Zend/Controller/Dispatcher/Standard.php:248
Stack trace:
#0 /var/www/html/mypage/library/Zend/Controller/Front.php(954): Zend_Controller_Dispatcher_Standard->dispatch(Object(Zend_Controller_Request_Http), Object(Zend_Controller_Response_Http))
#1 /var/www/html/mypage/index.php(69): Zend_Controller_Front->dispatch()
#2 {main}
2015-02-05T16:45:41+09:00 ALERT (1): exception 'Zend_Controller_Dispatcher_Exception' with message 'Invalid controller specified (themes)' in /var/www/html/mypage/library/Zend/Controller/Dispatcher/Standard.php:248
Stack trace:
#0 /var/www/html/mypage/library/Zend/Controller/Front.php(954): Zend_Controller_Dispatcher_Standard->dispatch(Object(Zend_Controller_Request_Http), Object(Zend_Controller_Response_Http))
#1 /var/www/html/mypage/index.php(69): Zend_Controller_Front->dispatch()
#2 {main}
2015-02-05T16:47:05+09:00 ALERT (1): exception 'Zend_Controller_Dispatcher_Exception' with message 'Invalid controller specified (themes)' in /var/www/html/mypage/library/Zend/Controller/Dispatcher/Standard.php:248
Stack trace:
#0 /var/www/html/mypage/library/Zend/Controller/Front.php(954): Zend_Controller_Dispatcher_Standard->dispatch(Object(Zend_Controller_Request_Http), Object(Zend_Controller_Response_Http))
#1 /var/www/html/mypage/index.php(69): Zend_Controller_Front->dispatch()
#2 {main}
2015-02-05T16:47:20+09:00 ALERT (1): exception 'Zend_Controller_Dispatcher_Exception' with message 'Invalid controller specified (themes)' in /var/www/html/mypage/library/Zend/Controller/Dispatcher/Standard.php:248
Stack trace:
#0 /var/www/html/mypage/library/Zend/Controller/Front.php(954): Zend_Controller_Dispatcher_Standard->dispatch(Object(Zend_Controller_Request_Http), Object(Zend_Controller_Response_Http))
#1 /var/www/html/mypage/index.php(69): Zend_Controller_Front->dispatch()
#2 {main}
2015-02-05T16:48:20+09:00 ALERT (1): exception 'Zend_Controller_Dispatcher_Exception' with message 'Invalid controller specified (themes)' in /var/www/html/mypage/library/Zend/Controller/Dispatcher/Standard.php:248
Stack trace:
#0 /var/www/html/mypage/library/Zend/Controller/Front.php(954): Zend_Controller_Dispatcher_Standard->dispatch(Object(Zend_Controller_Request_Http), Object(Zend_Controller_Response_Http))
#1 /var/www/html/mypage/index.php(69): Zend_Controller_Front->dispatch()
#2 {main}
2015-02-05T16:57:13+09:00 ALERT (1): exception 'Zend_Controller_Dispatcher_Exception' with message 'Invalid controller specified (themes)' in /var/www/html/mypage/library/Zend/Controller/Dispatcher/Standard.php:248
Stack trace:
#0 /var/www/html/mypage/library/Zend/Controller/Front.php(954): Zend_Controller_Dispatcher_Standard->dispatch(Object(Zend_Controller_Request_Http), Object(Zend_Controller_Response_Http))
#1 /var/www/html/mypage/index.php(69): Zend_Controller_Front->dispatch()
#2 {main}
2015-02-05T16:58:16+09:00 ALERT (1): exception 'Zend_Controller_Dispatcher_Exception' with message 'Invalid controller specified (themes)' in /var/www/html/mypage/library/Zend/Controller/Dispatcher/Standard.php:248
Stack trace:
#0 /var/www/html/mypage/library/Zend/Controller/Front.php(954): Zend_Controller_Dispatcher_Standard->dispatch(Object(Zend_Controller_Request_Http), Object(Zend_Controller_Response_Http))
#1 /var/www/html/mypage/index.php(69): Zend_Controller_Front->dispatch()
#2 {main}
2015-02-05T16:58:26+09:00 ALERT (1): exception 'Zend_Controller_Dispatcher_Exception' with message 'Invalid controller specified (themes)' in /var/www/html/mypage/library/Zend/Controller/Dispatcher/Standard.php:248
Stack trace:
#0 /var/www/html/mypage/library/Zend/Controller/Front.php(954): Zend_Controller_Dispatcher_Standard->dispatch(Object(Zend_Controller_Request_Http), Object(Zend_Controller_Response_Http))
#1 /var/www/html/mypage/index.php(69): Zend_Controller_Front->dispatch()
#2 {main}
2015-02-05T17:10:49+09:00 ALERT (1): exception 'Zend_Controller_Dispatcher_Exception' with message 'Invalid controller specified (themes)' in /var/www/html/mypage/library/Zend/Controller/Dispatcher/Standard.php:248
Stack trace:
#0 /var/www/html/mypage/library/Zend/Controller/Front.php(954): Zend_Controller_Dispatcher_Standard->dispatch(Object(Zend_Controller_Request_Http), Object(Zend_Controller_Response_Http))
#1 /var/www/html/mypage/index.php(69): Zend_Controller_Front->dispatch()
#2 {main}
2015-02-05T17:11:12+09:00 ALERT (1): exception 'Zend_Controller_Dispatcher_Exception' with message 'Invalid controller specified (themes)' in /var/www/html/mypage/library/Zend/Controller/Dispatcher/Standard.php:248
Stack trace:
#0 /var/www/html/mypage/library/Zend/Controller/Front.php(954): Zend_Controller_Dispatcher_Standard->dispatch(Object(Zend_Controller_Request_Http), Object(Zend_Controller_Response_Http))
#1 /var/www/html/mypage/index.php(69): Zend_Controller_Front->dispatch()
#2 {main}
2015-02-05T18:06:30+09:00 ALERT (1): exception 'Zend_Controller_Dispatcher_Exception' with message 'Invalid controller specified (themes)' in /var/www/html/mypage/library/Zend/Controller/Dispatcher/Standard.php:248
Stack trace:
#0 /var/www/html/mypage/library/Zend/Controller/Front.php(954): Zend_Controller_Dispatcher_Standard->dispatch(Object(Zend_Controller_Request_Http), Object(Zend_Controller_Response_Http))
#1 /var/www/html/mypage/index.php(69): Zend_Controller_Front->dispatch()
#2 {main}
2015-02-05T18:08:19+09:00 ALERT (1): exception 'Zend_Controller_Dispatcher_Exception' with message 'Invalid controller specified (themes)' in /var/www/html/mypage/library/Zend/Controller/Dispatcher/Standard.php:248
Stack trace:
#0 /var/www/html/mypage/library/Zend/Controller/Front.php(954): Zend_Controller_Dispatcher_Standard->dispatch(Object(Zend_Controller_Request_Http), Object(Zend_Controller_Response_Http))
#1 /var/www/html/mypage/index.php(69): Zend_Controller_Front->dispatch()
#2 {main}
2015-02-05T18:09:45+09:00 ALERT (1): exception 'Zend_Controller_Dispatcher_Exception' with message 'Invalid controller specified (themes)' in /var/www/html/mypage/library/Zend/Controller/Dispatcher/Standard.php:248
Stack trace:
#0 /var/www/html/mypage/library/Zend/Controller/Front.php(954): Zend_Controller_Dispatcher_Standard->dispatch(Object(Zend_Controller_Request_Http), Object(Zend_Controller_Response_Http))
#1 /var/www/html/mypage/index.php(69): Zend_Controller_Front->dispatch()
#2 {main}
2015-02-05T18:10:26+09:00 ALERT (1): exception 'Zend_Controller_Dispatcher_Exception' with message 'Invalid controller specified (themes)' in /var/www/html/mypage/library/Zend/Controller/Dispatcher/Standard.php:248
Stack trace:
#0 /var/www/html/mypage/library/Zend/Controller/Front.php(954): Zend_Controller_Dispatcher_Standard->dispatch(Object(Zend_Controller_Request_Http), Object(Zend_Controller_Response_Http))
#1 /var/www/html/mypage/index.php(69): Zend_Controller_Front->dispatch()
#2 {main}
2015-02-05T18:11:48+09:00 ALERT (1): exception 'Zend_Controller_Dispatcher_Exception' with message 'Invalid controller specified (themes)' in /var/www/html/mypage/library/Zend/Controller/Dispatcher/Standard.php:248
Stack trace:
#0 /var/www/html/mypage/library/Zend/Controller/Front.php(954): Zend_Controller_Dispatcher_Standard->dispatch(Object(Zend_Controller_Request_Http), Object(Zend_Controller_Response_Http))
#1 /var/www/html/mypage/index.php(69): Zend_Controller_Front->dispatch()
#2 {main}
2015-02-05T18:25:27+09:00 ALERT (1): exception 'Zend_Controller_Dispatcher_Exception' with message 'Invalid controller specified (themes)' in /var/www/html/mypage/library/Zend/Controller/Dispatcher/Standard.php:248
Stack trace:
#0 /var/www/html/mypage/library/Zend/Controller/Front.php(954): Zend_Controller_Dispatcher_Standard->dispatch(Object(Zend_Controller_Request_Http), Object(Zend_Controller_Response_Http))
#1 /var/www/html/mypage/index.php(69): Zend_Controller_Front->dispatch()
#2 {main}
2015-02-05T18:25:53+09:00 ALERT (1): exception 'Zend_Controller_Dispatcher_Exception' with message 'Invalid controller specified (themes)' in /var/www/html/mypage/library/Zend/Controller/Dispatcher/Standard.php:248
Stack trace:
#0 /var/www/html/mypage/library/Zend/Controller/Front.php(954): Zend_Controller_Dispatcher_Standard->dispatch(Object(Zend_Controller_Request_Http), Object(Zend_Controller_Response_Http))
#1 /var/www/html/mypage/index.php(69): Zend_Controller_Front->dispatch()
#2 {main}
2015-02-05T19:02:43+09:00 ALERT (1): exception 'Zend_Controller_Dispatcher_Exception' with message 'Invalid controller specified (themes)' in /var/www/html/mypage/library/Zend/Controller/Dispatcher/Standard.php:248
Stack trace:
#0 /var/www/html/mypage/library/Zend/Controller/Front.php(954): Zend_Controller_Dispatcher_Standard->dispatch(Object(Zend_Controller_Request_Http), Object(Zend_Controller_Response_Http))
#1 /var/www/html/mypage/index.php(69): Zend_Controller_Front->dispatch()
#2 {main}
2015-02-05T19:25:54+09:00 ALERT (1): exception 'Zend_Controller_Dispatcher_Exception' with message 'Invalid controller specified (themes)' in /var/www/html/mypage/library/Zend/Controller/Dispatcher/Standard.php:248
Stack trace:
#0 /var/www/html/mypage/library/Zend/Controller/Front.php(954): Zend_Controller_Dispatcher_Standard->dispatch(Object(Zend_Controller_Request_Http), Object(Zend_Controller_Response_Http))
#1 /var/www/html/mypage/index.php(69): Zend_Controller_Front->dispatch()
#2 {main}
