2015-03-03T10:22:36+09:00 ALERT (1): exception 'Zend_Controller_Dispatcher_Exception' with message 'Invalid controller specified (themes)' in /var/www/html/mypage/library/Zend/Controller/Dispatcher/Standard.php:248
Stack trace:
#0 /var/www/html/mypage/library/Zend/Controller/Front.php(954): Zend_Controller_Dispatcher_Standard->dispatch(Object(Zend_Controller_Request_Http), Object(Zend_Controller_Response_Http))
#1 /var/www/html/mypage/index.php(69): Zend_Controller_Front->dispatch()
#2 {main}
2015-03-03T10:22:36+09:00 ALERT (1): exception 'Zend_Controller_Dispatcher_Exception' with message 'Invalid controller specified (themes)' in /var/www/html/mypage/library/Zend/Controller/Dispatcher/Standard.php:248
Stack trace:
#0 /var/www/html/mypage/library/Zend/Controller/Front.php(954): Zend_Controller_Dispatcher_Standard->dispatch(Object(Zend_Controller_Request_Http), Object(Zend_Controller_Response_Http))
#1 /var/www/html/mypage/index.php(69): Zend_Controller_Front->dispatch()
#2 {main}
2015-03-03T10:24:42+09:00 ALERT (1): exception 'Zend_Controller_Dispatcher_Exception' with message 'Invalid controller specified (themes)' in /var/www/html/mypage/library/Zend/Controller/Dispatcher/Standard.php:248
Stack trace:
#0 /var/www/html/mypage/library/Zend/Controller/Front.php(954): Zend_Controller_Dispatcher_Standard->dispatch(Object(Zend_Controller_Request_Http), Object(Zend_Controller_Response_Http))
#1 /var/www/html/mypage/index.php(69): Zend_Controller_Front->dispatch()
#2 {main}
2015-03-03T10:24:42+09:00 ALERT (1): exception 'Zend_Controller_Dispatcher_Exception' with message 'Invalid controller specified (themes)' in /var/www/html/mypage/library/Zend/Controller/Dispatcher/Standard.php:248
Stack trace:
#0 /var/www/html/mypage/library/Zend/Controller/Front.php(954): Zend_Controller_Dispatcher_Standard->dispatch(Object(Zend_Controller_Request_Http), Object(Zend_Controller_Response_Http))
#1 /var/www/html/mypage/index.php(69): Zend_Controller_Front->dispatch()
#2 {main}
2015-03-03T10:25:53+09:00 ALERT (1): exception 'Zend_Controller_Dispatcher_Exception' with message 'Invalid controller specified (themes)' in /var/www/html/mypage/library/Zend/Controller/Dispatcher/Standard.php:248
Stack trace:
#0 /var/www/html/mypage/library/Zend/Controller/Front.php(954): Zend_Controller_Dispatcher_Standard->dispatch(Object(Zend_Controller_Request_Http), Object(Zend_Controller_Response_Http))
#1 /var/www/html/mypage/index.php(69): Zend_Controller_Front->dispatch()
#2 {main}
2015-03-03T10:26:00+09:00 ALERT (1): exception 'Zend_Controller_Dispatcher_Exception' with message 'Invalid controller specified (themes)' in /var/www/html/mypage/library/Zend/Controller/Dispatcher/Standard.php:248
Stack trace:
#0 /var/www/html/mypage/library/Zend/Controller/Front.php(954): Zend_Controller_Dispatcher_Standard->dispatch(Object(Zend_Controller_Request_Http), Object(Zend_Controller_Response_Http))
#1 /var/www/html/mypage/index.php(69): Zend_Controller_Front->dispatch()
#2 {main}
2015-03-03T10:30:15+09:00 ALERT (1): exception 'Zend_Controller_Dispatcher_Exception' with message 'Invalid controller specified (themes)' in /var/www/html/mypage/library/Zend/Controller/Dispatcher/Standard.php:248
Stack trace:
#0 /var/www/html/mypage/library/Zend/Controller/Front.php(954): Zend_Controller_Dispatcher_Standard->dispatch(Object(Zend_Controller_Request_Http), Object(Zend_Controller_Response_Http))
#1 /var/www/html/mypage/index.php(69): Zend_Controller_Front->dispatch()
#2 {main}
2015-03-03T10:52:56+09:00 ALERT (1): exception 'Zend_Controller_Dispatcher_Exception' with message 'Invalid controller specified (themes)' in /var/www/html/mypage/library/Zend/Controller/Dispatcher/Standard.php:248
Stack trace:
#0 /var/www/html/mypage/library/Zend/Controller/Front.php(954): Zend_Controller_Dispatcher_Standard->dispatch(Object(Zend_Controller_Request_Http), Object(Zend_Controller_Response_Http))
#1 /var/www/html/mypage/index.php(69): Zend_Controller_Front->dispatch()
#2 {main}
2015-03-03T10:52:56+09:00 ALERT (1): exception 'Zend_Controller_Dispatcher_Exception' with message 'Invalid controller specified (themes)' in /var/www/html/mypage/library/Zend/Controller/Dispatcher/Standard.php:248
Stack trace:
#0 /var/www/html/mypage/library/Zend/Controller/Front.php(954): Zend_Controller_Dispatcher_Standard->dispatch(Object(Zend_Controller_Request_Http), Object(Zend_Controller_Response_Http))
#1 /var/www/html/mypage/index.php(69): Zend_Controller_Front->dispatch()
#2 {main}
2015-03-03T17:56:27+09:00 ALERT (1): exception 'Zend_Controller_Dispatcher_Exception' with message 'Invalid controller specified (mypage)' in /var/www/html/mypage/library/Zend/Controller/Dispatcher/Standard.php:248
Stack trace:
#0 /var/www/html/mypage/library/Zend/Controller/Front.php(954): Zend_Controller_Dispatcher_Standard->dispatch(Object(Zend_Controller_Request_Http), Object(Zend_Controller_Response_Http))
#1 /var/www/html/mypage/index.php(69): Zend_Controller_Front->dispatch()
#2 {main}
2015-03-03T17:56:27+09:00 ALERT (1): exception 'Zend_Controller_Dispatcher_Exception' with message 'Invalid controller specified (mypage)' in /var/www/html/mypage/library/Zend/Controller/Dispatcher/Standard.php:248
Stack trace:
#0 /var/www/html/mypage/library/Zend/Controller/Front.php(954): Zend_Controller_Dispatcher_Standard->dispatch(Object(Zend_Controller_Request_Http), Object(Zend_Controller_Response_Http))
#1 /var/www/html/mypage/index.php(69): Zend_Controller_Front->dispatch()
#2 {main}
2015-03-03T17:56:27+09:00 ALERT (1): exception 'Zend_Controller_Dispatcher_Exception' with message 'Invalid controller specified (mypage)' in /var/www/html/mypage/library/Zend/Controller/Dispatcher/Standard.php:248
Stack trace:
#0 /var/www/html/mypage/library/Zend/Controller/Front.php(954): Zend_Controller_Dispatcher_Standard->dispatch(Object(Zend_Controller_Request_Http), Object(Zend_Controller_Response_Http))
#1 /var/www/html/mypage/index.php(69): Zend_Controller_Front->dispatch()
#2 {main}
2015-03-03T17:56:27+09:00 ALERT (1): exception 'Zend_Controller_Dispatcher_Exception' with message 'Invalid controller specified (mypage)' in /var/www/html/mypage/library/Zend/Controller/Dispatcher/Standard.php:248
Stack trace:
#0 /var/www/html/mypage/library/Zend/Controller/Front.php(954): Zend_Controller_Dispatcher_Standard->dispatch(Object(Zend_Controller_Request_Http), Object(Zend_Controller_Response_Http))
#1 /var/www/html/mypage/index.php(69): Zend_Controller_Front->dispatch()
#2 {main}
2015-03-03T17:56:38+09:00 ALERT (1): exception 'Zend_Controller_Dispatcher_Exception' with message 'Invalid controller specified (themes)' in /var/www/html/mypage/library/Zend/Controller/Dispatcher/Standard.php:248
Stack trace:
#0 /var/www/html/mypage/library/Zend/Controller/Front.php(954): Zend_Controller_Dispatcher_Standard->dispatch(Object(Zend_Controller_Request_Http), Object(Zend_Controller_Response_Http))
#1 /var/www/html/mypage/index.php(69): Zend_Controller_Front->dispatch()
#2 {main}
2015-03-03T17:56:38+09:00 ALERT (1): exception 'Zend_Controller_Dispatcher_Exception' with message 'Invalid controller specified (themes)' in /var/www/html/mypage/library/Zend/Controller/Dispatcher/Standard.php:248
Stack trace:
#0 /var/www/html/mypage/library/Zend/Controller/Front.php(954): Zend_Controller_Dispatcher_Standard->dispatch(Object(Zend_Controller_Request_Http), Object(Zend_Controller_Response_Http))
#1 /var/www/html/mypage/index.php(69): Zend_Controller_Front->dispatch()
#2 {main}
2015-03-03T18:36:01+09:00 ALERT (1): exception 'Zend_Controller_Dispatcher_Exception' with message 'Invalid controller specified (themes)' in /var/www/html/mypage/library/Zend/Controller/Dispatcher/Standard.php:248
Stack trace:
#0 /var/www/html/mypage/library/Zend/Controller/Front.php(954): Zend_Controller_Dispatcher_Standard->dispatch(Object(Zend_Controller_Request_Http), Object(Zend_Controller_Response_Http))
#1 /var/www/html/mypage/index.php(69): Zend_Controller_Front->dispatch()
#2 {main}
