2014-07-25T13:27:19+09:00 ALERT (1): exception 'SmartyException' with message 'Unable to load template file '/var/www/html/mypage/themes/layout/staffheader.tpl' in '/var/www/html/mypage/application/modules/staff/views/client/index.tpl'' in /var/www/html/mypage/library/Smarty/sysplugins/smarty_internal_templatebase.php:133
Stack trace:
#0 /var/www/html/mypage/library/Smarty/sysplugins/smarty_internal_template.php(324): Smarty_Internal_TemplateBase->fetch(NULL, NULL, NULL, NULL, false, false, true)
#1 /var/www/html/mypage/cache/templates_c/069e32bf262c430cebdeba273cf69ad50d00527a.file.index.tpl.php(28): Smarty_Internal_Template->getSubTemplate('/var/www/html/m...', NULL, NULL, NULL, NULL, Array, 0)
#2 /var/www/html/mypage/library/Smarty/sysplugins/smarty_internal_templatebase.php(186): content_53d1dca7b09282_69259756(Object(Smarty_Internal_Template))
#3 /var/www/html/mypage/library/Smarty/Zend_View_Smarty.php(181): Smarty_Internal_TemplateBase->fetch('/var/www/html/m...')
#4 /var/www/html/mypage/library/Zend/Controller/Action/Helper/ViewRenderer.php(900): Zend_View_Smarty->render('/var/www/html/m...')
#5 /var/www/html/mypage/library/Zend/Controller/Action/Helper/ViewRenderer.php(921): Zend_Controller_Action_Helper_ViewRenderer->renderScript('/var/www/html/m...', NULL)
#6 /var/www/html/mypage/library/Zend/Controller/Action/Helper/ViewRenderer.php(960): Zend_Controller_Action_Helper_ViewRenderer->render()
#7 /var/www/html/mypage/library/Zend/Controller/Action/HelperBroker.php(277): Zend_Controller_Action_Helper_ViewRenderer->postDispatch()
#8 /var/www/html/mypage/library/Zend/Controller/Action.php(527): Zend_Controller_Action_HelperBroker->notifyPostDispatch()
#9 /var/www/html/mypage/library/Zend/Controller/Dispatcher/Standard.php(308): Zend_Controller_Action->dispatch('indexAction')
#10 /var/www/html/mypage/library/Zend/Controller/Front.php(954): Zend_Controller_Dispatcher_Standard->dispatch(Object(Zend_Controller_Request_Http), Object(Zend_Controller_Response_Http))
#11 /var/www/html/mypage/index.php(69): Zend_Controller_Front->dispatch()
#12 {main}
2014-07-25T13:27:24+09:00 ALERT (1): exception 'SmartyException' with message 'Unable to load template file '/var/www/html/mypage/themes/layout/staffheader.tpl' in '/var/www/html/mypage/application/modules/staff/views/client/index.tpl'' in /var/www/html/mypage/library/Smarty/sysplugins/smarty_internal_templatebase.php:133
Stack trace:
#0 /var/www/html/mypage/library/Smarty/sysplugins/smarty_internal_template.php(324): Smarty_Internal_TemplateBase->fetch(NULL, NULL, NULL, NULL, false, false, true)
#1 /var/www/html/mypage/cache/templates_c/069e32bf262c430cebdeba273cf69ad50d00527a.file.index.tpl.php(28): Smarty_Internal_Template->getSubTemplate('/var/www/html/m...', NULL, NULL, NULL, NULL, Array, 0)
#2 /var/www/html/mypage/library/Smarty/sysplugins/smarty_internal_templatebase.php(186): content_53d1dca7b09282_69259756(Object(Smarty_Internal_Template))
#3 /var/www/html/mypage/library/Smarty/Zend_View_Smarty.php(181): Smarty_Internal_TemplateBase->fetch('/var/www/html/m...')
#4 /var/www/html/mypage/library/Zend/Controller/Action/Helper/ViewRenderer.php(900): Zend_View_Smarty->render('/var/www/html/m...')
#5 /var/www/html/mypage/library/Zend/Controller/Action/Helper/ViewRenderer.php(921): Zend_Controller_Action_Helper_ViewRenderer->renderScript('/var/www/html/m...', NULL)
#6 /var/www/html/mypage/library/Zend/Controller/Action/Helper/ViewRenderer.php(960): Zend_Controller_Action_Helper_ViewRenderer->render()
#7 /var/www/html/mypage/library/Zend/Controller/Action/HelperBroker.php(277): Zend_Controller_Action_Helper_ViewRenderer->postDispatch()
#8 /var/www/html/mypage/library/Zend/Controller/Action.php(527): Zend_Controller_Action_HelperBroker->notifyPostDispatch()
#9 /var/www/html/mypage/library/Zend/Controller/Dispatcher/Standard.php(308): Zend_Controller_Action->dispatch('indexAction')
#10 /var/www/html/mypage/library/Zend/Controller/Front.php(954): Zend_Controller_Dispatcher_Standard->dispatch(Object(Zend_Controller_Request_Http), Object(Zend_Controller_Response_Http))
#11 /var/www/html/mypage/index.php(69): Zend_Controller_Front->dispatch()
#12 {main}
2014-07-25T13:27:49+09:00 ALERT (1): exception 'SmartyException' with message 'Unable to load template file '/var/www/html/mypage/themes/layout/staffheader.tpl' in '/var/www/html/mypage/application/modules/staff/views/client/index.tpl'' in /var/www/html/mypage/library/Smarty/sysplugins/smarty_internal_templatebase.php:133
Stack trace:
#0 /var/www/html/mypage/library/Smarty/sysplugins/smarty_internal_template.php(324): Smarty_Internal_TemplateBase->fetch(NULL, NULL, NULL, NULL, false, false, true)
#1 /var/www/html/mypage/cache/templates_c/069e32bf262c430cebdeba273cf69ad50d00527a.file.index.tpl.php(28): Smarty_Internal_Template->getSubTemplate('/var/www/html/m...', NULL, NULL, NULL, NULL, Array, 0)
#2 /var/www/html/mypage/library/Smarty/sysplugins/smarty_internal_templatebase.php(186): content_53d1dca7b09282_69259756(Object(Smarty_Internal_Template))
#3 /var/www/html/mypage/library/Smarty/Zend_View_Smarty.php(181): Smarty_Internal_TemplateBase->fetch('/var/www/html/m...')
#4 /var/www/html/mypage/library/Zend/Controller/Action/Helper/ViewRenderer.php(900): Zend_View_Smarty->render('/var/www/html/m...')
#5 /var/www/html/mypage/library/Zend/Controller/Action/Helper/ViewRenderer.php(921): Zend_Controller_Action_Helper_ViewRenderer->renderScript('/var/www/html/m...', NULL)
#6 /var/www/html/mypage/library/Zend/Controller/Action/Helper/ViewRenderer.php(960): Zend_Controller_Action_Helper_ViewRenderer->render()
#7 /var/www/html/mypage/library/Zend/Controller/Action/HelperBroker.php(277): Zend_Controller_Action_Helper_ViewRenderer->postDispatch()
#8 /var/www/html/mypage/library/Zend/Controller/Action.php(527): Zend_Controller_Action_HelperBroker->notifyPostDispatch()
#9 /var/www/html/mypage/library/Zend/Controller/Dispatcher/Standard.php(308): Zend_Controller_Action->dispatch('indexAction')
#10 /var/www/html/mypage/library/Zend/Controller/Front.php(954): Zend_Controller_Dispatcher_Standard->dispatch(Object(Zend_Controller_Request_Http), Object(Zend_Controller_Response_Http))
#11 /var/www/html/mypage/index.php(69): Zend_Controller_Front->dispatch()
#12 {main}
2014-07-25T13:28:00+09:00 ALERT (1): exception 'SmartyException' with message 'Unable to load template file '/var/www/html/mypage/themes/layout/staffheader.tpl' in '/var/www/html/mypage/application/modules/staff/views/client/index.tpl'' in /var/www/html/mypage/library/Smarty/sysplugins/smarty_internal_templatebase.php:133
Stack trace:
#0 /var/www/html/mypage/library/Smarty/sysplugins/smarty_internal_template.php(324): Smarty_Internal_TemplateBase->fetch(NULL, NULL, NULL, NULL, false, false, true)
#1 /var/www/html/mypage/cache/templates_c/069e32bf262c430cebdeba273cf69ad50d00527a.file.index.tpl.php(28): Smarty_Internal_Template->getSubTemplate('/var/www/html/m...', NULL, NULL, NULL, NULL, Array, 0)
#2 /var/www/html/mypage/library/Smarty/sysplugins/smarty_internal_templatebase.php(186): content_53d1dca7b09282_69259756(Object(Smarty_Internal_Template))
#3 /var/www/html/mypage/library/Smarty/Zend_View_Smarty.php(181): Smarty_Internal_TemplateBase->fetch('/var/www/html/m...')
#4 /var/www/html/mypage/library/Zend/Controller/Action/Helper/ViewRenderer.php(900): Zend_View_Smarty->render('/var/www/html/m...')
#5 /var/www/html/mypage/library/Zend/Controller/Action/Helper/ViewRenderer.php(921): Zend_Controller_Action_Helper_ViewRenderer->renderScript('/var/www/html/m...', NULL)
#6 /var/www/html/mypage/library/Zend/Controller/Action/Helper/ViewRenderer.php(960): Zend_Controller_Action_Helper_ViewRenderer->render()
#7 /var/www/html/mypage/library/Zend/Controller/Action/HelperBroker.php(277): Zend_Controller_Action_Helper_ViewRenderer->postDispatch()
#8 /var/www/html/mypage/library/Zend/Controller/Action.php(527): Zend_Controller_Action_HelperBroker->notifyPostDispatch()
#9 /var/www/html/mypage/library/Zend/Controller/Dispatcher/Standard.php(308): Zend_Controller_Action->dispatch('indexAction')
#10 /var/www/html/mypage/library/Zend/Controller/Front.php(954): Zend_Controller_Dispatcher_Standard->dispatch(Object(Zend_Controller_Request_Http), Object(Zend_Controller_Response_Http))
#11 /var/www/html/mypage/index.php(69): Zend_Controller_Front->dispatch()
#12 {main}
2014-07-25T13:28:01+09:00 ALERT (1): exception 'SmartyException' with message 'Unable to load template file '/var/www/html/mypage/themes/layout/staffheader.tpl' in '/var/www/html/mypage/application/modules/staff/views/client/index.tpl'' in /var/www/html/mypage/library/Smarty/sysplugins/smarty_internal_templatebase.php:133
Stack trace:
#0 /var/www/html/mypage/library/Smarty/sysplugins/smarty_internal_template.php(324): Smarty_Internal_TemplateBase->fetch(NULL, NULL, NULL, NULL, false, false, true)
#1 /var/www/html/mypage/cache/templates_c/069e32bf262c430cebdeba273cf69ad50d00527a.file.index.tpl.php(28): Smarty_Internal_Template->getSubTemplate('/var/www/html/m...', NULL, NULL, NULL, NULL, Array, 0)
#2 /var/www/html/mypage/library/Smarty/sysplugins/smarty_internal_templatebase.php(186): content_53d1dca7b09282_69259756(Object(Smarty_Internal_Template))
#3 /var/www/html/mypage/library/Smarty/Zend_View_Smarty.php(181): Smarty_Internal_TemplateBase->fetch('/var/www/html/m...')
#4 /var/www/html/mypage/library/Zend/Controller/Action/Helper/ViewRenderer.php(900): Zend_View_Smarty->render('/var/www/html/m...')
#5 /var/www/html/mypage/library/Zend/Controller/Action/Helper/ViewRenderer.php(921): Zend_Controller_Action_Helper_ViewRenderer->renderScript('/var/www/html/m...', NULL)
#6 /var/www/html/mypage/library/Zend/Controller/Action/Helper/ViewRenderer.php(960): Zend_Controller_Action_Helper_ViewRenderer->render()
#7 /var/www/html/mypage/library/Zend/Controller/Action/HelperBroker.php(277): Zend_Controller_Action_Helper_ViewRenderer->postDispatch()
#8 /var/www/html/mypage/library/Zend/Controller/Action.php(527): Zend_Controller_Action_HelperBroker->notifyPostDispatch()
#9 /var/www/html/mypage/library/Zend/Controller/Dispatcher/Standard.php(308): Zend_Controller_Action->dispatch('indexAction')
#10 /var/www/html/mypage/library/Zend/Controller/Front.php(954): Zend_Controller_Dispatcher_Standard->dispatch(Object(Zend_Controller_Request_Http), Object(Zend_Controller_Response_Http))
#11 /var/www/html/mypage/index.php(69): Zend_Controller_Front->dispatch()
#12 {main}
2014-07-25T13:28:25+09:00 ALERT (1): exception 'SmartyException' with message 'Unable to load template file '/var/www/html/mypage/themes/layout/staffheader.tpl' in '/var/www/html/mypage/application/modules/staff/views/client/index.tpl'' in /var/www/html/mypage/library/Smarty/sysplugins/smarty_internal_templatebase.php:133
Stack trace:
#0 /var/www/html/mypage/library/Smarty/sysplugins/smarty_internal_template.php(324): Smarty_Internal_TemplateBase->fetch(NULL, NULL, NULL, NULL, false, false, true)
#1 /var/www/html/mypage/cache/templates_c/069e32bf262c430cebdeba273cf69ad50d00527a.file.index.tpl.php(28): Smarty_Internal_Template->getSubTemplate('/var/www/html/m...', NULL, NULL, NULL, NULL, Array, 0)
#2 /var/www/html/mypage/library/Smarty/sysplugins/smarty_internal_templatebase.php(186): content_53d1dca7b09282_69259756(Object(Smarty_Internal_Template))
#3 /var/www/html/mypage/library/Smarty/Zend_View_Smarty.php(181): Smarty_Internal_TemplateBase->fetch('/var/www/html/m...')
#4 /var/www/html/mypage/library/Zend/Controller/Action/Helper/ViewRenderer.php(900): Zend_View_Smarty->render('/var/www/html/m...')
#5 /var/www/html/mypage/library/Zend/Controller/Action/Helper/ViewRenderer.php(921): Zend_Controller_Action_Helper_ViewRenderer->renderScript('/var/www/html/m...', NULL)
#6 /var/www/html/mypage/library/Zend/Controller/Action/Helper/ViewRenderer.php(960): Zend_Controller_Action_Helper_ViewRenderer->render()
#7 /var/www/html/mypage/library/Zend/Controller/Action/HelperBroker.php(277): Zend_Controller_Action_Helper_ViewRenderer->postDispatch()
#8 /var/www/html/mypage/library/Zend/Controller/Action.php(527): Zend_Controller_Action_HelperBroker->notifyPostDispatch()
#9 /var/www/html/mypage/library/Zend/Controller/Dispatcher/Standard.php(308): Zend_Controller_Action->dispatch('indexAction')
#10 /var/www/html/mypage/library/Zend/Controller/Front.php(954): Zend_Controller_Dispatcher_Standard->dispatch(Object(Zend_Controller_Request_Http), Object(Zend_Controller_Response_Http))
#11 /var/www/html/mypage/index.php(69): Zend_Controller_Front->dispatch()
#12 {main}
2014-07-25T13:29:04+09:00 ALERT (1): exception 'Zend_Controller_Dispatcher_Exception' with message 'Invalid controller specified (themes)' in /var/www/html/mypage/library/Zend/Controller/Dispatcher/Standard.php:248
Stack trace:
#0 /var/www/html/mypage/library/Zend/Controller/Front.php(954): Zend_Controller_Dispatcher_Standard->dispatch(Object(Zend_Controller_Request_Http), Object(Zend_Controller_Response_Http))
#1 /var/www/html/mypage/index.php(69): Zend_Controller_Front->dispatch()
#2 {main}
2014-07-25T13:29:04+09:00 ALERT (1): exception 'Zend_Controller_Dispatcher_Exception' with message 'Invalid controller specified (themes)' in /var/www/html/mypage/library/Zend/Controller/Dispatcher/Standard.php:248
Stack trace:
#0 /var/www/html/mypage/library/Zend/Controller/Front.php(954): Zend_Controller_Dispatcher_Standard->dispatch(Object(Zend_Controller_Request_Http), Object(Zend_Controller_Response_Http))
#1 /var/www/html/mypage/index.php(69): Zend_Controller_Front->dispatch()
#2 {main}
2014-07-25T13:29:54+09:00 ALERT (1): exception 'Zend_Controller_Dispatcher_Exception' with message 'Invalid controller specified (themes)' in /var/www/html/mypage/library/Zend/Controller/Dispatcher/Standard.php:248
Stack trace:
#0 /var/www/html/mypage/library/Zend/Controller/Front.php(954): Zend_Controller_Dispatcher_Standard->dispatch(Object(Zend_Controller_Request_Http), Object(Zend_Controller_Response_Http))
#1 /var/www/html/mypage/index.php(69): Zend_Controller_Front->dispatch()
#2 {main}
2014-07-25T13:29:54+09:00 ALERT (1): exception 'Zend_Controller_Dispatcher_Exception' with message 'Invalid controller specified (themes)' in /var/www/html/mypage/library/Zend/Controller/Dispatcher/Standard.php:248
Stack trace:
#0 /var/www/html/mypage/library/Zend/Controller/Front.php(954): Zend_Controller_Dispatcher_Standard->dispatch(Object(Zend_Controller_Request_Http), Object(Zend_Controller_Response_Http))
#1 /var/www/html/mypage/index.php(69): Zend_Controller_Front->dispatch()
#2 {main}
2014-07-25T13:31:02+09:00 ALERT (1): exception 'Zend_Controller_Dispatcher_Exception' with message 'Invalid controller specified (themes)' in /var/www/html/mypage/library/Zend/Controller/Dispatcher/Standard.php:248
Stack trace:
#0 /var/www/html/mypage/library/Zend/Controller/Front.php(954): Zend_Controller_Dispatcher_Standard->dispatch(Object(Zend_Controller_Request_Http), Object(Zend_Controller_Response_Http))
#1 /var/www/html/mypage/index.php(69): Zend_Controller_Front->dispatch()
#2 {main}
2014-07-25T13:31:03+09:00 ALERT (1): exception 'Zend_Controller_Dispatcher_Exception' with message 'Invalid controller specified (themes)' in /var/www/html/mypage/library/Zend/Controller/Dispatcher/Standard.php:248
Stack trace:
#0 /var/www/html/mypage/library/Zend/Controller/Front.php(954): Zend_Controller_Dispatcher_Standard->dispatch(Object(Zend_Controller_Request_Http), Object(Zend_Controller_Response_Http))
#1 /var/www/html/mypage/index.php(69): Zend_Controller_Front->dispatch()
#2 {main}
2014-07-25T13:51:39+09:00 ALERT (1): exception 'Zend_Controller_Dispatcher_Exception' with message 'Invalid controller class ("Staff_IndexController")' in /var/www/html/mypage/library/Zend/Controller/Dispatcher/Standard.php:365
Stack trace:
#0 /var/www/html/mypage/library/Zend/Controller/Dispatcher/Standard.php(275): Zend_Controller_Dispatcher_Standard->loadClass('IndexController')
#1 /var/www/html/mypage/library/Zend/Controller/Front.php(954): Zend_Controller_Dispatcher_Standard->dispatch(Object(Zend_Controller_Request_Http), Object(Zend_Controller_Response_Http))
#2 /var/www/html/mypage/index.php(69): Zend_Controller_Front->dispatch()
#3 {main}
2014-07-25T14:38:22+09:00 ALERT (1): exception 'Zend_Controller_Dispatcher_Exception' with message 'Invalid controller specified (themes)' in /var/www/html/mypage/library/Zend/Controller/Dispatcher/Standard.php:248
Stack trace:
#0 /var/www/html/mypage/library/Zend/Controller/Front.php(954): Zend_Controller_Dispatcher_Standard->dispatch(Object(Zend_Controller_Request_Http), Object(Zend_Controller_Response_Http))
#1 /var/www/html/mypage/index.php(69): Zend_Controller_Front->dispatch()
#2 {main}
2014-07-25T14:38:22+09:00 ALERT (1): exception 'Zend_Controller_Dispatcher_Exception' with message 'Invalid controller specified (themes)' in /var/www/html/mypage/library/Zend/Controller/Dispatcher/Standard.php:248
Stack trace:
#0 /var/www/html/mypage/library/Zend/Controller/Front.php(954): Zend_Controller_Dispatcher_Standard->dispatch(Object(Zend_Controller_Request_Http), Object(Zend_Controller_Response_Http))
#1 /var/www/html/mypage/index.php(69): Zend_Controller_Front->dispatch()
#2 {main}
2014-07-25T14:40:56+09:00 ALERT (1): exception 'Zend_Controller_Dispatcher_Exception' with message 'Invalid controller specified (themes)' in /var/www/html/mypage/library/Zend/Controller/Dispatcher/Standard.php:248
Stack trace:
#0 /var/www/html/mypage/library/Zend/Controller/Front.php(954): Zend_Controller_Dispatcher_Standard->dispatch(Object(Zend_Controller_Request_Http), Object(Zend_Controller_Response_Http))
#1 /var/www/html/mypage/index.php(69): Zend_Controller_Front->dispatch()
#2 {main}
2014-07-25T14:40:56+09:00 ALERT (1): exception 'Zend_Controller_Dispatcher_Exception' with message 'Invalid controller specified (themes)' in /var/www/html/mypage/library/Zend/Controller/Dispatcher/Standard.php:248
Stack trace:
#0 /var/www/html/mypage/library/Zend/Controller/Front.php(954): Zend_Controller_Dispatcher_Standard->dispatch(Object(Zend_Controller_Request_Http), Object(Zend_Controller_Response_Http))
#1 /var/www/html/mypage/index.php(69): Zend_Controller_Front->dispatch()
#2 {main}
2014-07-25T14:56:12+09:00 ALERT (1): exception 'Zend_Controller_Dispatcher_Exception' with message 'Invalid controller specified (client)' in /var/www/html/mypage/library/Zend/Controller/Dispatcher/Standard.php:248
Stack trace:
#0 /var/www/html/mypage/library/Zend/Controller/Front.php(954): Zend_Controller_Dispatcher_Standard->dispatch(Object(Zend_Controller_Request_Http), Object(Zend_Controller_Response_Http))
#1 /var/www/html/mypage/index.php(69): Zend_Controller_Front->dispatch()
#2 {main}
2014-07-25T14:56:33+09:00 ALERT (1): exception 'Zend_Controller_Dispatcher_Exception' with message 'Invalid controller specified (client)' in /var/www/html/mypage/library/Zend/Controller/Dispatcher/Standard.php:248
Stack trace:
#0 /var/www/html/mypage/library/Zend/Controller/Front.php(954): Zend_Controller_Dispatcher_Standard->dispatch(Object(Zend_Controller_Request_Http), Object(Zend_Controller_Response_Http))
#1 /var/www/html/mypage/index.php(69): Zend_Controller_Front->dispatch()
#2 {main}
2014-07-25T14:56:52+09:00 ALERT (1): exception 'Zend_Controller_Dispatcher_Exception' with message 'Invalid controller specified (client)' in /var/www/html/mypage/library/Zend/Controller/Dispatcher/Standard.php:248
Stack trace:
#0 /var/www/html/mypage/library/Zend/Controller/Front.php(954): Zend_Controller_Dispatcher_Standard->dispatch(Object(Zend_Controller_Request_Http), Object(Zend_Controller_Response_Http))
#1 /var/www/html/mypage/index.php(69): Zend_Controller_Front->dispatch()
#2 {main}
2014-07-25T14:57:21+09:00 ALERT (1): exception 'Zend_Controller_Dispatcher_Exception' with message 'Invalid controller specified (client)' in /var/www/html/mypage/library/Zend/Controller/Dispatcher/Standard.php:248
Stack trace:
#0 /var/www/html/mypage/library/Zend/Controller/Front.php(954): Zend_Controller_Dispatcher_Standard->dispatch(Object(Zend_Controller_Request_Http), Object(Zend_Controller_Response_Http))
#1 /var/www/html/mypage/index.php(69): Zend_Controller_Front->dispatch()
#2 {main}
2014-07-25T14:58:01+09:00 ALERT (1): exception 'Zend_Controller_Dispatcher_Exception' with message 'Invalid controller specified (themes)' in /var/www/html/mypage/library/Zend/Controller/Dispatcher/Standard.php:248
Stack trace:
#0 /var/www/html/mypage/library/Zend/Controller/Front.php(954): Zend_Controller_Dispatcher_Standard->dispatch(Object(Zend_Controller_Request_Http), Object(Zend_Controller_Response_Http))
#1 /var/www/html/mypage/index.php(69): Zend_Controller_Front->dispatch()
#2 {main}
2014-07-25T14:58:01+09:00 ALERT (1): exception 'Zend_Controller_Dispatcher_Exception' with message 'Invalid controller specified (themes)' in /var/www/html/mypage/library/Zend/Controller/Dispatcher/Standard.php:248
Stack trace:
#0 /var/www/html/mypage/library/Zend/Controller/Front.php(954): Zend_Controller_Dispatcher_Standard->dispatch(Object(Zend_Controller_Request_Http), Object(Zend_Controller_Response_Http))
#1 /var/www/html/mypage/index.php(69): Zend_Controller_Front->dispatch()
#2 {main}
2014-07-25T14:58:51+09:00 ALERT (1): exception 'Zend_Controller_Dispatcher_Exception' with message 'Invalid controller specified (themes)' in /var/www/html/mypage/library/Zend/Controller/Dispatcher/Standard.php:248
Stack trace:
#0 /var/www/html/mypage/library/Zend/Controller/Front.php(954): Zend_Controller_Dispatcher_Standard->dispatch(Object(Zend_Controller_Request_Http), Object(Zend_Controller_Response_Http))
#1 /var/www/html/mypage/index.php(69): Zend_Controller_Front->dispatch()
#2 {main}
2014-07-25T14:58:51+09:00 ALERT (1): exception 'Zend_Controller_Dispatcher_Exception' with message 'Invalid controller specified (themes)' in /var/www/html/mypage/library/Zend/Controller/Dispatcher/Standard.php:248
Stack trace:
#0 /var/www/html/mypage/library/Zend/Controller/Front.php(954): Zend_Controller_Dispatcher_Standard->dispatch(Object(Zend_Controller_Request_Http), Object(Zend_Controller_Response_Http))
#1 /var/www/html/mypage/index.php(69): Zend_Controller_Front->dispatch()
#2 {main}
2014-07-25T14:58:56+09:00 ALERT (1): exception 'Zend_Controller_Dispatcher_Exception' with message 'Invalid controller specified (themes)' in /var/www/html/mypage/library/Zend/Controller/Dispatcher/Standard.php:248
Stack trace:
#0 /var/www/html/mypage/library/Zend/Controller/Front.php(954): Zend_Controller_Dispatcher_Standard->dispatch(Object(Zend_Controller_Request_Http), Object(Zend_Controller_Response_Http))
#1 /var/www/html/mypage/index.php(69): Zend_Controller_Front->dispatch()
#2 {main}
2014-07-25T14:58:56+09:00 ALERT (1): exception 'Zend_Controller_Dispatcher_Exception' with message 'Invalid controller specified (themes)' in /var/www/html/mypage/library/Zend/Controller/Dispatcher/Standard.php:248
Stack trace:
#0 /var/www/html/mypage/library/Zend/Controller/Front.php(954): Zend_Controller_Dispatcher_Standard->dispatch(Object(Zend_Controller_Request_Http), Object(Zend_Controller_Response_Http))
#1 /var/www/html/mypage/index.php(69): Zend_Controller_Front->dispatch()
#2 {main}
2014-07-25T14:59:45+09:00 ALERT (1): exception 'Zend_Controller_Dispatcher_Exception' with message 'Invalid controller specified (themes)' in /var/www/html/mypage/library/Zend/Controller/Dispatcher/Standard.php:248
Stack trace:
#0 /var/www/html/mypage/library/Zend/Controller/Front.php(954): Zend_Controller_Dispatcher_Standard->dispatch(Object(Zend_Controller_Request_Http), Object(Zend_Controller_Response_Http))
#1 /var/www/html/mypage/index.php(69): Zend_Controller_Front->dispatch()
#2 {main}
2014-07-25T14:59:45+09:00 ALERT (1): exception 'Zend_Controller_Dispatcher_Exception' with message 'Invalid controller specified (themes)' in /var/www/html/mypage/library/Zend/Controller/Dispatcher/Standard.php:248
Stack trace:
#0 /var/www/html/mypage/library/Zend/Controller/Front.php(954): Zend_Controller_Dispatcher_Standard->dispatch(Object(Zend_Controller_Request_Http), Object(Zend_Controller_Response_Http))
#1 /var/www/html/mypage/index.php(69): Zend_Controller_Front->dispatch()
#2 {main}
