2015-02-20T19:50:05+09:00 ALERT (1): exception 'PDOException' with message 'SQLSTATE[00000] [1040] Too many connections' in /var/www/html/mypage/library/Zend/Db/Adapter/Pdo/Abstract.php:129
Stack trace:
#0 /var/www/html/mypage/library/Zend/Db/Adapter/Pdo/Abstract.php(129): PDO->__construct('mysql:dbname=ma...', 'admin', '303pittstr2d2c3...', Array)
#1 /var/www/html/mypage/library/Zend/Db/Adapter/Pdo/Mysql.php(111): Zend_Db_Adapter_Pdo_Abstract->_connect()
#2 /var/www/html/mypage/library/Zend/Db/Adapter/Abstract.php(460): Zend_Db_Adapter_Pdo_Mysql->_connect()
#3 /var/www/html/mypage/library/Zend/Db/Adapter/Pdo/Abstract.php(238): Zend_Db_Adapter_Abstract->query(Object(Zend_Db_Select), Array)
#4 /var/www/html/mypage/library/Zend/Db/Adapter/Abstract.php(737): Zend_Db_Adapter_Pdo_Abstract->query(Object(Zend_Db_Select), Array)
#5 /var/www/html/mypage/tools/BaseModel.php(109): Zend_Db_Adapter_Abstract->fetchAll(Object(Zend_Db_Select))
#6 /var/www/html/mypage/tools/common.php(1443): BaseModel->searchList('mypage_message', 'mypage_screen_i...', Array, 'message_screen_...')
#7 /var/www/html/mypage/tools/common.php(27): getScreenMessage('mypage_message', 99, 'ja')
#8 /var/www/html/mypage/application/modules/staff/controllers/SeminarController.php(21): initPage(Object(Staff_SeminarController), '/application/mo...', 'staff')
#9 /var/www/html/mypage/library/Zend/Controller/Action.php(133): Staff_SeminarController->init()
#10 /var/www/html/mypage/library/Zend/Controller/Dispatcher/Standard.php(281): Zend_Controller_Action->__construct(Object(Zend_Controller_Request_Http), Object(Zend_Controller_Response_Http), Array)
#11 /var/www/html/mypage/library/Zend/Controller/Front.php(954): Zend_Controller_Dispatcher_Standard->dispatch(Object(Zend_Controller_Request_Http), Object(Zend_Controller_Response_Http))
#12 /var/www/html/mypage/index.php(69): Zend_Controller_Front->dispatch()
#13 {main}

Next exception 'Zend_Db_Adapter_Exception' with message 'SQLSTATE[00000] [1040] Too many connections' in /var/www/html/mypage/library/Zend/Db/Adapter/Pdo/Abstract.php:144
Stack trace:
#0 /var/www/html/mypage/library/Zend/Db/Adapter/Pdo/Mysql.php(111): Zend_Db_Adapter_Pdo_Abstract->_connect()
#1 /var/www/html/mypage/library/Zend/Db/Adapter/Abstract.php(460): Zend_Db_Adapter_Pdo_Mysql->_connect()
#2 /var/www/html/mypage/library/Zend/Db/Adapter/Pdo/Abstract.php(238): Zend_Db_Adapter_Abstract->query(Object(Zend_Db_Select), Array)
#3 /var/www/html/mypage/library/Zend/Db/Adapter/Abstract.php(737): Zend_Db_Adapter_Pdo_Abstract->query(Object(Zend_Db_Select), Array)
#4 /var/www/html/mypage/tools/BaseModel.php(109): Zend_Db_Adapter_Abstract->fetchAll(Object(Zend_Db_Select))
#5 /var/www/html/mypage/tools/common.php(1443): BaseModel->searchList('mypage_message', 'mypage_screen_i...', Array, 'message_screen_...')
#6 /var/www/html/mypage/tools/common.php(27): getScreenMessage('mypage_message', 99, 'ja')
#7 /var/www/html/mypage/application/modules/staff/controllers/SeminarController.php(21): initPage(Object(Staff_SeminarController), '/application/mo...', 'staff')
#8 /var/www/html/mypage/library/Zend/Controller/Action.php(133): Staff_SeminarController->init()
#9 /var/www/html/mypage/library/Zend/Controller/Dispatcher/Standard.php(281): Zend_Controller_Action->__construct(Object(Zend_Controller_Request_Http), Object(Zend_Controller_Response_Http), Array)
#10 /var/www/html/mypage/library/Zend/Controller/Front.php(954): Zend_Controller_Dispatcher_Standard->dispatch(Object(Zend_Controller_Request_Http), Object(Zend_Controller_Response_Http))
#11 /var/www/html/mypage/index.php(69): Zend_Controller_Front->dispatch()
#12 {main}
2015-02-20T19:52:59+09:00 ALERT (1): exception 'PDOException' with message 'SQLSTATE[00000] [1040] Too many connections' in /var/www/html/mypage/library/Zend/Db/Adapter/Pdo/Abstract.php:129
Stack trace:
#0 /var/www/html/mypage/library/Zend/Db/Adapter/Pdo/Abstract.php(129): PDO->__construct('mysql:dbname=ma...', 'admin', '303pittstr2d2c3...', Array)
#1 /var/www/html/mypage/library/Zend/Db/Adapter/Pdo/Mysql.php(111): Zend_Db_Adapter_Pdo_Abstract->_connect()
#2 /var/www/html/mypage/library/Zend/Db/Adapter/Abstract.php(460): Zend_Db_Adapter_Pdo_Mysql->_connect()
#3 /var/www/html/mypage/library/Zend/Db/Adapter/Pdo/Abstract.php(238): Zend_Db_Adapter_Abstract->query(Object(Zend_Db_Select), Array)
#4 /var/www/html/mypage/library/Zend/Db/Adapter/Abstract.php(737): Zend_Db_Adapter_Pdo_Abstract->query(Object(Zend_Db_Select), Array)
#5 /var/www/html/mypage/tools/BaseModel.php(109): Zend_Db_Adapter_Abstract->fetchAll(Object(Zend_Db_Select))
#6 /var/www/html/mypage/application/modules/staff/models/SeminarModel.php(19): BaseModel->searchList(Array, 'broadcasting = ...', Array, 'starttime ASC')
#7 /var/www/html/mypage/application/modules/staff/controllers/SeminarController.php(32): SeminarModel->online(Array)
#8 /var/www/html/mypage/library/Zend/Controller/Action.php(516): Staff_SeminarController->onlineAction()
#9 /var/www/html/mypage/library/Zend/Controller/Dispatcher/Standard.php(308): Zend_Controller_Action->dispatch('onlineAction')
#10 /var/www/html/mypage/library/Zend/Controller/Front.php(954): Zend_Controller_Dispatcher_Standard->dispatch(Object(Zend_Controller_Request_Http), Object(Zend_Controller_Response_Http))
#11 /var/www/html/mypage/index.php(69): Zend_Controller_Front->dispatch()
#12 {main}

Next exception 'Zend_Db_Adapter_Exception' with message 'SQLSTATE[00000] [1040] Too many connections' in /var/www/html/mypage/library/Zend/Db/Adapter/Pdo/Abstract.php:144
Stack trace:
#0 /var/www/html/mypage/library/Zend/Db/Adapter/Pdo/Mysql.php(111): Zend_Db_Adapter_Pdo_Abstract->_connect()
#1 /var/www/html/mypage/library/Zend/Db/Adapter/Abstract.php(460): Zend_Db_Adapter_Pdo_Mysql->_connect()
#2 /var/www/html/mypage/library/Zend/Db/Adapter/Pdo/Abstract.php(238): Zend_Db_Adapter_Abstract->query(Object(Zend_Db_Select), Array)
#3 /var/www/html/mypage/library/Zend/Db/Adapter/Abstract.php(737): Zend_Db_Adapter_Pdo_Abstract->query(Object(Zend_Db_Select), Array)
#4 /var/www/html/mypage/tools/BaseModel.php(109): Zend_Db_Adapter_Abstract->fetchAll(Object(Zend_Db_Select))
#5 /var/www/html/mypage/application/modules/staff/models/SeminarModel.php(19): BaseModel->searchList(Array, 'broadcasting = ...', Array, 'starttime ASC')
#6 /var/www/html/mypage/application/modules/staff/controllers/SeminarController.php(32): SeminarModel->online(Array)
#7 /var/www/html/mypage/library/Zend/Controller/Action.php(516): Staff_SeminarController->onlineAction()
#8 /var/www/html/mypage/library/Zend/Controller/Dispatcher/Standard.php(308): Zend_Controller_Action->dispatch('onlineAction')
#9 /var/www/html/mypage/library/Zend/Controller/Front.php(954): Zend_Controller_Dispatcher_Standard->dispatch(Object(Zend_Controller_Request_Http), Object(Zend_Controller_Response_Http))
#10 /var/www/html/mypage/index.php(69): Zend_Controller_Front->dispatch()
#11 {main}
2015-02-20T20:20:17+09:00 ALERT (1): exception 'PDOException' with message 'SQLSTATE[00000] [1040] Too many connections' in /var/www/html/mypage/library/Zend/Db/Adapter/Pdo/Abstract.php:129
Stack trace:
#0 /var/www/html/mypage/library/Zend/Db/Adapter/Pdo/Abstract.php(129): PDO->__construct('mysql:dbname=ma...', 'admin', '303pittstr2d2c3...', Array)
#1 /var/www/html/mypage/library/Zend/Db/Adapter/Pdo/Mysql.php(111): Zend_Db_Adapter_Pdo_Abstract->_connect()
#2 /var/www/html/mypage/library/Zend/Db/Adapter/Abstract.php(460): Zend_Db_Adapter_Pdo_Mysql->_connect()
#3 /var/www/html/mypage/library/Zend/Db/Adapter/Pdo/Abstract.php(238): Zend_Db_Adapter_Abstract->query(Object(Zend_Db_Select), Array)
#4 /var/www/html/mypage/library/Zend/Db/Adapter/Abstract.php(737): Zend_Db_Adapter_Pdo_Abstract->query(Object(Zend_Db_Select), Array)
#5 /var/www/html/mypage/tools/BaseModel.php(109): Zend_Db_Adapter_Abstract->fetchAll(Object(Zend_Db_Select))
#6 /var/www/html/mypage/tools/common.php(1443): BaseModel->searchList('mypage_message', 'mypage_screen_i...', Array, 'message_screen_...')
#7 /var/www/html/mypage/tools/common.php(27): getScreenMessage('mypage_message', 99, 'ja')
#8 /var/www/html/mypage/application/modules/staff/controllers/SeminarController.php(21): initPage(Object(Staff_SeminarController), '/application/mo...', 'staff')
#9 /var/www/html/mypage/library/Zend/Controller/Action.php(133): Staff_SeminarController->init()
#10 /var/www/html/mypage/library/Zend/Controller/Dispatcher/Standard.php(281): Zend_Controller_Action->__construct(Object(Zend_Controller_Request_Http), Object(Zend_Controller_Response_Http), Array)
#11 /var/www/html/mypage/library/Zend/Controller/Front.php(954): Zend_Controller_Dispatcher_Standard->dispatch(Object(Zend_Controller_Request_Http), Object(Zend_Controller_Response_Http))
#12 /var/www/html/mypage/index.php(69): Zend_Controller_Front->dispatch()
#13 {main}

Next exception 'Zend_Db_Adapter_Exception' with message 'SQLSTATE[00000] [1040] Too many connections' in /var/www/html/mypage/library/Zend/Db/Adapter/Pdo/Abstract.php:144
Stack trace:
#0 /var/www/html/mypage/library/Zend/Db/Adapter/Pdo/Mysql.php(111): Zend_Db_Adapter_Pdo_Abstract->_connect()
#1 /var/www/html/mypage/library/Zend/Db/Adapter/Abstract.php(460): Zend_Db_Adapter_Pdo_Mysql->_connect()
#2 /var/www/html/mypage/library/Zend/Db/Adapter/Pdo/Abstract.php(238): Zend_Db_Adapter_Abstract->query(Object(Zend_Db_Select), Array)
#3 /var/www/html/mypage/library/Zend/Db/Adapter/Abstract.php(737): Zend_Db_Adapter_Pdo_Abstract->query(Object(Zend_Db_Select), Array)
#4 /var/www/html/mypage/tools/BaseModel.php(109): Zend_Db_Adapter_Abstract->fetchAll(Object(Zend_Db_Select))
#5 /var/www/html/mypage/tools/common.php(1443): BaseModel->searchList('mypage_message', 'mypage_screen_i...', Array, 'message_screen_...')
#6 /var/www/html/mypage/tools/common.php(27): getScreenMessage('mypage_message', 99, 'ja')
#7 /var/www/html/mypage/application/modules/staff/controllers/SeminarController.php(21): initPage(Object(Staff_SeminarController), '/application/mo...', 'staff')
#8 /var/www/html/mypage/library/Zend/Controller/Action.php(133): Staff_SeminarController->init()
#9 /var/www/html/mypage/library/Zend/Controller/Dispatcher/Standard.php(281): Zend_Controller_Action->__construct(Object(Zend_Controller_Request_Http), Object(Zend_Controller_Response_Http), Array)
#10 /var/www/html/mypage/library/Zend/Controller/Front.php(954): Zend_Controller_Dispatcher_Standard->dispatch(Object(Zend_Controller_Request_Http), Object(Zend_Controller_Response_Http))
#11 /var/www/html/mypage/index.php(69): Zend_Controller_Front->dispatch()
#12 {main}
