2015-06-01T13:58:42+09:00 ALERT (1): exception 'Zend_Controller_Dispatcher_Exception' with message 'Invalid controller specified (themes)' in /var/www/html/mypage/library/Zend/Controller/Dispatcher/Standard.php:248
Stack trace:
#0 /var/www/html/mypage/library/Zend/Controller/Front.php(954): Zend_Controller_Dispatcher_Standard->dispatch(Object(Zend_Controller_Request_Http), Object(Zend_Controller_Response_Http))
#1 /var/www/html/mypage/index.php(69): Zend_Controller_Front->dispatch()
#2 {main}
2015-06-01T13:58:42+09:00 ALERT (1): exception 'Zend_Controller_Dispatcher_Exception' with message 'Invalid controller specified (themes)' in /var/www/html/mypage/library/Zend/Controller/Dispatcher/Standard.php:248
Stack trace:
#0 /var/www/html/mypage/library/Zend/Controller/Front.php(954): Zend_Controller_Dispatcher_Standard->dispatch(Object(Zend_Controller_Request_Http), Object(Zend_Controller_Response_Http))
#1 /var/www/html/mypage/index.php(69): Zend_Controller_Front->dispatch()
#2 {main}
2015-06-01T14:01:03+09:00 ALERT (1): exception 'Zend_Controller_Dispatcher_Exception' with message 'Invalid controller specified (themes)' in /var/www/html/mypage/library/Zend/Controller/Dispatcher/Standard.php:248
Stack trace:
#0 /var/www/html/mypage/library/Zend/Controller/Front.php(954): Zend_Controller_Dispatcher_Standard->dispatch(Object(Zend_Controller_Request_Http), Object(Zend_Controller_Response_Http))
#1 /var/www/html/mypage/index.php(69): Zend_Controller_Front->dispatch()
#2 {main}
2015-06-01T14:02:12+09:00 ALERT (1): exception 'Zend_Controller_Dispatcher_Exception' with message 'Invalid controller specified (themes)' in /var/www/html/mypage/library/Zend/Controller/Dispatcher/Standard.php:248
Stack trace:
#0 /var/www/html/mypage/library/Zend/Controller/Front.php(954): Zend_Controller_Dispatcher_Standard->dispatch(Object(Zend_Controller_Request_Http), Object(Zend_Controller_Response_Http))
#1 /var/www/html/mypage/index.php(69): Zend_Controller_Front->dispatch()
#2 {main}
2015-06-01T14:05:00+09:00 ALERT (1): exception 'ImagickException' with message 'no decode delegate for this image format `/tmp/magick-XX1YQGY0'' in /var/www/html/mypage/application/modules/default/controllers/ApplicationController.php:1134
Stack trace:
#0 /var/www/html/mypage/application/modules/default/controllers/ApplicationController.php(1134): Imagick->readimage('/var/www/html/m...')
#1 /var/www/html/mypage/library/Zend/Controller/Action.php(516): ApplicationController->getfileAction()
#2 /var/www/html/mypage/library/Zend/Controller/Dispatcher/Standard.php(308): Zend_Controller_Action->dispatch('getfileAction')
#3 /var/www/html/mypage/library/Zend/Controller/Front.php(954): Zend_Controller_Dispatcher_Standard->dispatch(Object(Zend_Controller_Request_Http), Object(Zend_Controller_Response_Http))
#4 /var/www/html/mypage/index.php(69): Zend_Controller_Front->dispatch()
#5 {main}
2015-06-01T14:05:06+09:00 ALERT (1): exception 'ImagickException' with message 'no decode delegate for this image format `/tmp/magick-XXkWicQk'' in /var/www/html/mypage/application/modules/default/controllers/ApplicationController.php:1134
Stack trace:
#0 /var/www/html/mypage/application/modules/default/controllers/ApplicationController.php(1134): Imagick->readimage('/var/www/html/m...')
#1 /var/www/html/mypage/library/Zend/Controller/Action.php(516): ApplicationController->getfileAction()
#2 /var/www/html/mypage/library/Zend/Controller/Dispatcher/Standard.php(308): Zend_Controller_Action->dispatch('getfileAction')
#3 /var/www/html/mypage/library/Zend/Controller/Front.php(954): Zend_Controller_Dispatcher_Standard->dispatch(Object(Zend_Controller_Request_Http), Object(Zend_Controller_Response_Http))
#4 /var/www/html/mypage/index.php(69): Zend_Controller_Front->dispatch()
#5 {main}
2015-06-01T14:19:15+09:00 ALERT (1): exception 'Exception' with message '支払日は平日を選択してください。' in /var/www/html/mypage/application/modules/default/controllers/ApplicationController.php:283
Stack trace:
#0 /var/www/html/mypage/library/Zend/Controller/Action.php(516): ApplicationController->editdepositAction()
#1 /var/www/html/mypage/library/Zend/Controller/Dispatcher/Standard.php(308): Zend_Controller_Action->dispatch('editdepositActi...')
#2 /var/www/html/mypage/library/Zend/Controller/Front.php(954): Zend_Controller_Dispatcher_Standard->dispatch(Object(Zend_Controller_Request_Http), Object(Zend_Controller_Response_Http))
#3 /var/www/html/mypage/index.php(69): Zend_Controller_Front->dispatch()
#4 {main}
