2015-04-10T10:42:26+09:00 ALERT (1): exception 'Zend_Controller_Dispatcher_Exception' with message 'Invalid controller specified (themes)' in /var/www/html/mypage/library/Zend/Controller/Dispatcher/Standard.php:248
Stack trace:
#0 /var/www/html/mypage/library/Zend/Controller/Front.php(954): Zend_Controller_Dispatcher_Standard->dispatch(Object(Zend_Controller_Request_Http), Object(Zend_Controller_Response_Http))
#1 /var/www/html/mypage/index.php(69): Zend_Controller_Front->dispatch()
#2 {main}
2015-04-10T10:43:50+09:00 ALERT (1): exception 'Zend_Controller_Dispatcher_Exception' with message 'Invalid controller specified (themes)' in /var/www/html/mypage/library/Zend/Controller/Dispatcher/Standard.php:248
Stack trace:
#0 /var/www/html/mypage/library/Zend/Controller/Front.php(954): Zend_Controller_Dispatcher_Standard->dispatch(Object(Zend_Controller_Request_Http), Object(Zend_Controller_Response_Http))
#1 /var/www/html/mypage/index.php(69): Zend_Controller_Front->dispatch()
#2 {main}
2015-04-10T11:26:18+09:00 ALERT (1): exception 'Zend_Controller_Dispatcher_Exception' with message 'Invalid controller specified (themes)' in /var/www/html/mypage/library/Zend/Controller/Dispatcher/Standard.php:248
Stack trace:
#0 /var/www/html/mypage/library/Zend/Controller/Front.php(954): Zend_Controller_Dispatcher_Standard->dispatch(Object(Zend_Controller_Request_Http), Object(Zend_Controller_Response_Http))
#1 /var/www/html/mypage/index.php(69): Zend_Controller_Front->dispatch()
#2 {main}
2015-04-10T12:23:44+09:00 ALERT (1): exception 'Zend_Controller_Dispatcher_Exception' with message 'Invalid controller specified (themes)' in /var/www/html/mypage/library/Zend/Controller/Dispatcher/Standard.php:248
Stack trace:
#0 /var/www/html/mypage/library/Zend/Controller/Front.php(954): Zend_Controller_Dispatcher_Standard->dispatch(Object(Zend_Controller_Request_Http), Object(Zend_Controller_Response_Http))
#1 /var/www/html/mypage/index.php(69): Zend_Controller_Front->dispatch()
#2 {main}
2015-04-10T12:28:59+09:00 ALERT (1): exception 'Zend_Controller_Dispatcher_Exception' with message 'Invalid controller specified (themes)' in /var/www/html/mypage/library/Zend/Controller/Dispatcher/Standard.php:248
Stack trace:
#0 /var/www/html/mypage/library/Zend/Controller/Front.php(954): Zend_Controller_Dispatcher_Standard->dispatch(Object(Zend_Controller_Request_Http), Object(Zend_Controller_Response_Http))
#1 /var/www/html/mypage/index.php(69): Zend_Controller_Front->dispatch()
#2 {main}
2015-04-10T12:33:18+09:00 ALERT (1): exception 'Zend_Controller_Dispatcher_Exception' with message 'Invalid controller specified (themes)' in /var/www/html/mypage/library/Zend/Controller/Dispatcher/Standard.php:248
Stack trace:
#0 /var/www/html/mypage/library/Zend/Controller/Front.php(954): Zend_Controller_Dispatcher_Standard->dispatch(Object(Zend_Controller_Request_Http), Object(Zend_Controller_Response_Http))
#1 /var/www/html/mypage/index.php(69): Zend_Controller_Front->dispatch()
#2 {main}
2015-04-10T12:38:44+09:00 ALERT (1): exception 'Zend_Controller_Dispatcher_Exception' with message 'Invalid controller specified (themes)' in /var/www/html/mypage/library/Zend/Controller/Dispatcher/Standard.php:248
Stack trace:
#0 /var/www/html/mypage/library/Zend/Controller/Front.php(954): Zend_Controller_Dispatcher_Standard->dispatch(Object(Zend_Controller_Request_Http), Object(Zend_Controller_Response_Http))
#1 /var/www/html/mypage/index.php(69): Zend_Controller_Front->dispatch()
#2 {main}
2015-04-10T12:56:25+09:00 ALERT (1): exception 'Zend_Controller_Dispatcher_Exception' with message 'Invalid controller specified (themes)' in /var/www/html/mypage/library/Zend/Controller/Dispatcher/Standard.php:248
Stack trace:
#0 /var/www/html/mypage/library/Zend/Controller/Front.php(954): Zend_Controller_Dispatcher_Standard->dispatch(Object(Zend_Controller_Request_Http), Object(Zend_Controller_Response_Http))
#1 /var/www/html/mypage/index.php(69): Zend_Controller_Front->dispatch()
#2 {main}
2015-04-10T13:00:22+09:00 ALERT (1): exception 'Zend_Controller_Dispatcher_Exception' with message 'Invalid controller specified (themes)' in /var/www/html/mypage/library/Zend/Controller/Dispatcher/Standard.php:248
Stack trace:
#0 /var/www/html/mypage/library/Zend/Controller/Front.php(954): Zend_Controller_Dispatcher_Standard->dispatch(Object(Zend_Controller_Request_Http), Object(Zend_Controller_Response_Http))
#1 /var/www/html/mypage/index.php(69): Zend_Controller_Front->dispatch()
#2 {main}
2015-04-10T13:03:33+09:00 ALERT (1): exception 'Zend_Controller_Dispatcher_Exception' with message 'Invalid controller specified (themes)' in /var/www/html/mypage/library/Zend/Controller/Dispatcher/Standard.php:248
Stack trace:
#0 /var/www/html/mypage/library/Zend/Controller/Front.php(954): Zend_Controller_Dispatcher_Standard->dispatch(Object(Zend_Controller_Request_Http), Object(Zend_Controller_Response_Http))
#1 /var/www/html/mypage/index.php(69): Zend_Controller_Front->dispatch()
#2 {main}
2015-04-10T13:04:45+09:00 ALERT (1): exception 'Zend_Controller_Dispatcher_Exception' with message 'Invalid controller specified (themes)' in /var/www/html/mypage/library/Zend/Controller/Dispatcher/Standard.php:248
Stack trace:
#0 /var/www/html/mypage/library/Zend/Controller/Front.php(954): Zend_Controller_Dispatcher_Standard->dispatch(Object(Zend_Controller_Request_Http), Object(Zend_Controller_Response_Http))
#1 /var/www/html/mypage/index.php(69): Zend_Controller_Front->dispatch()
#2 {main}
2015-04-10T13:06:16+09:00 ALERT (1): exception 'Zend_Controller_Dispatcher_Exception' with message 'Invalid controller specified (themes)' in /var/www/html/mypage/library/Zend/Controller/Dispatcher/Standard.php:248
Stack trace:
#0 /var/www/html/mypage/library/Zend/Controller/Front.php(954): Zend_Controller_Dispatcher_Standard->dispatch(Object(Zend_Controller_Request_Http), Object(Zend_Controller_Response_Http))
#1 /var/www/html/mypage/index.php(69): Zend_Controller_Front->dispatch()
#2 {main}
2015-04-10T13:07:07+09:00 ALERT (1): exception 'Zend_Controller_Dispatcher_Exception' with message 'Invalid controller specified (themes)' in /var/www/html/mypage/library/Zend/Controller/Dispatcher/Standard.php:248
Stack trace:
#0 /var/www/html/mypage/library/Zend/Controller/Front.php(954): Zend_Controller_Dispatcher_Standard->dispatch(Object(Zend_Controller_Request_Http), Object(Zend_Controller_Response_Http))
#1 /var/www/html/mypage/index.php(69): Zend_Controller_Front->dispatch()
#2 {main}
2015-04-10T13:07:51+09:00 ALERT (1): exception 'Zend_Controller_Dispatcher_Exception' with message 'Invalid controller specified (themes)' in /var/www/html/mypage/library/Zend/Controller/Dispatcher/Standard.php:248
Stack trace:
#0 /var/www/html/mypage/library/Zend/Controller/Front.php(954): Zend_Controller_Dispatcher_Standard->dispatch(Object(Zend_Controller_Request_Http), Object(Zend_Controller_Response_Http))
#1 /var/www/html/mypage/index.php(69): Zend_Controller_Front->dispatch()
#2 {main}
2015-04-10T13:09:46+09:00 ALERT (1): exception 'Zend_Controller_Dispatcher_Exception' with message 'Invalid controller specified (themes)' in /var/www/html/mypage/library/Zend/Controller/Dispatcher/Standard.php:248
Stack trace:
#0 /var/www/html/mypage/library/Zend/Controller/Front.php(954): Zend_Controller_Dispatcher_Standard->dispatch(Object(Zend_Controller_Request_Http), Object(Zend_Controller_Response_Http))
#1 /var/www/html/mypage/index.php(69): Zend_Controller_Front->dispatch()
#2 {main}
2015-04-10T13:11:09+09:00 ALERT (1): exception 'Zend_Controller_Dispatcher_Exception' with message 'Invalid controller specified (themes)' in /var/www/html/mypage/library/Zend/Controller/Dispatcher/Standard.php:248
Stack trace:
#0 /var/www/html/mypage/library/Zend/Controller/Front.php(954): Zend_Controller_Dispatcher_Standard->dispatch(Object(Zend_Controller_Request_Http), Object(Zend_Controller_Response_Http))
#1 /var/www/html/mypage/index.php(69): Zend_Controller_Front->dispatch()
#2 {main}
2015-04-10T13:21:15+09:00 ALERT (1): exception 'Zend_Controller_Dispatcher_Exception' with message 'Invalid controller specified (themes)' in /var/www/html/mypage/library/Zend/Controller/Dispatcher/Standard.php:248
Stack trace:
#0 /var/www/html/mypage/library/Zend/Controller/Front.php(954): Zend_Controller_Dispatcher_Standard->dispatch(Object(Zend_Controller_Request_Http), Object(Zend_Controller_Response_Http))
#1 /var/www/html/mypage/index.php(69): Zend_Controller_Front->dispatch()
#2 {main}
2015-04-10T13:25:51+09:00 ALERT (1): exception 'Zend_Controller_Dispatcher_Exception' with message 'Invalid controller specified (themes)' in /var/www/html/mypage/library/Zend/Controller/Dispatcher/Standard.php:248
Stack trace:
#0 /var/www/html/mypage/library/Zend/Controller/Front.php(954): Zend_Controller_Dispatcher_Standard->dispatch(Object(Zend_Controller_Request_Http), Object(Zend_Controller_Response_Http))
#1 /var/www/html/mypage/index.php(69): Zend_Controller_Front->dispatch()
#2 {main}
2015-04-10T13:40:58+09:00 ALERT (1): exception 'Zend_Controller_Dispatcher_Exception' with message 'Invalid controller specified (themes)' in /var/www/html/mypage/library/Zend/Controller/Dispatcher/Standard.php:248
Stack trace:
#0 /var/www/html/mypage/library/Zend/Controller/Front.php(954): Zend_Controller_Dispatcher_Standard->dispatch(Object(Zend_Controller_Request_Http), Object(Zend_Controller_Response_Http))
#1 /var/www/html/mypage/index.php(69): Zend_Controller_Front->dispatch()
#2 {main}
2015-04-10T13:44:40+09:00 ALERT (1): exception 'Zend_Controller_Dispatcher_Exception' with message 'Invalid controller specified (themes)' in /var/www/html/mypage/library/Zend/Controller/Dispatcher/Standard.php:248
Stack trace:
#0 /var/www/html/mypage/library/Zend/Controller/Front.php(954): Zend_Controller_Dispatcher_Standard->dispatch(Object(Zend_Controller_Request_Http), Object(Zend_Controller_Response_Http))
#1 /var/www/html/mypage/index.php(69): Zend_Controller_Front->dispatch()
#2 {main}
2015-04-10T13:46:34+09:00 ALERT (1): exception 'Zend_Controller_Dispatcher_Exception' with message 'Invalid controller specified (themes)' in /var/www/html/mypage/library/Zend/Controller/Dispatcher/Standard.php:248
Stack trace:
#0 /var/www/html/mypage/library/Zend/Controller/Front.php(954): Zend_Controller_Dispatcher_Standard->dispatch(Object(Zend_Controller_Request_Http), Object(Zend_Controller_Response_Http))
#1 /var/www/html/mypage/index.php(69): Zend_Controller_Front->dispatch()
#2 {main}
2015-04-10T13:54:49+09:00 ALERT (1): exception 'Exception' with message '日付は本日以後より1ヶ月以内で選択してください。' in /var/www/html/mypage/application/modules/default/controllers/ApplicationController.php:244
Stack trace:
#0 /var/www/html/mypage/library/Zend/Controller/Action.php(516): ApplicationController->editdepositAction()
#1 /var/www/html/mypage/library/Zend/Controller/Dispatcher/Standard.php(308): Zend_Controller_Action->dispatch('editdepositActi...')
#2 /var/www/html/mypage/library/Zend/Controller/Front.php(954): Zend_Controller_Dispatcher_Standard->dispatch(Object(Zend_Controller_Request_Http), Object(Zend_Controller_Response_Http))
#3 /var/www/html/mypage/index.php(69): Zend_Controller_Front->dispatch()
#4 {main}
2015-04-10T14:09:18+09:00 ALERT (1): exception 'Zend_Controller_Dispatcher_Exception' with message 'Invalid controller specified (themes)' in /var/www/html/mypage/library/Zend/Controller/Dispatcher/Standard.php:248
Stack trace:
#0 /var/www/html/mypage/library/Zend/Controller/Front.php(954): Zend_Controller_Dispatcher_Standard->dispatch(Object(Zend_Controller_Request_Http), Object(Zend_Controller_Response_Http))
#1 /var/www/html/mypage/index.php(69): Zend_Controller_Front->dispatch()
#2 {main}
2015-04-10T14:11:18+09:00 ALERT (1): exception 'Exception' with message '支払日は平日を選択してください。' in /var/www/html/mypage/application/modules/default/controllers/ApplicationController.php:253
Stack trace:
#0 /var/www/html/mypage/library/Zend/Controller/Action.php(516): ApplicationController->editdepositAction()
#1 /var/www/html/mypage/library/Zend/Controller/Dispatcher/Standard.php(308): Zend_Controller_Action->dispatch('editdepositActi...')
#2 /var/www/html/mypage/library/Zend/Controller/Front.php(954): Zend_Controller_Dispatcher_Standard->dispatch(Object(Zend_Controller_Request_Http), Object(Zend_Controller_Response_Http))
#3 /var/www/html/mypage/index.php(69): Zend_Controller_Front->dispatch()
#4 {main}
2015-04-10T14:11:35+09:00 ALERT (1): exception 'Exception' with message '支払日は平日を選択してください。' in /var/www/html/mypage/application/modules/default/controllers/ApplicationController.php:253
Stack trace:
#0 /var/www/html/mypage/library/Zend/Controller/Action.php(516): ApplicationController->editdepositAction()
#1 /var/www/html/mypage/library/Zend/Controller/Dispatcher/Standard.php(308): Zend_Controller_Action->dispatch('editdepositActi...')
#2 /var/www/html/mypage/library/Zend/Controller/Front.php(954): Zend_Controller_Dispatcher_Standard->dispatch(Object(Zend_Controller_Request_Http), Object(Zend_Controller_Response_Http))
#3 /var/www/html/mypage/index.php(69): Zend_Controller_Front->dispatch()
#4 {main}
2015-04-10T15:05:58+09:00 ALERT (1): exception 'Zend_Controller_Dispatcher_Exception' with message 'Invalid controller specified (mypage)' in /var/www/html/mypage/library/Zend/Controller/Dispatcher/Standard.php:248
Stack trace:
#0 /var/www/html/mypage/library/Zend/Controller/Front.php(954): Zend_Controller_Dispatcher_Standard->dispatch(Object(Zend_Controller_Request_Http), Object(Zend_Controller_Response_Http))
#1 /var/www/html/mypage/index.php(69): Zend_Controller_Front->dispatch()
#2 {main}
2015-04-10T15:05:58+09:00 ALERT (1): exception 'Zend_Controller_Dispatcher_Exception' with message 'Invalid controller specified (mypage)' in /var/www/html/mypage/library/Zend/Controller/Dispatcher/Standard.php:248
Stack trace:
#0 /var/www/html/mypage/library/Zend/Controller/Front.php(954): Zend_Controller_Dispatcher_Standard->dispatch(Object(Zend_Controller_Request_Http), Object(Zend_Controller_Response_Http))
#1 /var/www/html/mypage/index.php(69): Zend_Controller_Front->dispatch()
#2 {main}
2015-04-10T15:05:58+09:00 ALERT (1): exception 'Zend_Controller_Dispatcher_Exception' with message 'Invalid controller specified (mypage)' in /var/www/html/mypage/library/Zend/Controller/Dispatcher/Standard.php:248
Stack trace:
#0 /var/www/html/mypage/library/Zend/Controller/Front.php(954): Zend_Controller_Dispatcher_Standard->dispatch(Object(Zend_Controller_Request_Http), Object(Zend_Controller_Response_Http))
#1 /var/www/html/mypage/index.php(69): Zend_Controller_Front->dispatch()
#2 {main}
2015-04-10T15:05:58+09:00 ALERT (1): exception 'Zend_Controller_Dispatcher_Exception' with message 'Invalid controller specified (mypage)' in /var/www/html/mypage/library/Zend/Controller/Dispatcher/Standard.php:248
Stack trace:
#0 /var/www/html/mypage/library/Zend/Controller/Front.php(954): Zend_Controller_Dispatcher_Standard->dispatch(Object(Zend_Controller_Request_Http), Object(Zend_Controller_Response_Http))
#1 /var/www/html/mypage/index.php(69): Zend_Controller_Front->dispatch()
#2 {main}
2015-04-10T15:06:07+09:00 ALERT (1): exception 'Zend_Controller_Dispatcher_Exception' with message 'Invalid controller specified (mypage)' in /var/www/html/mypage/library/Zend/Controller/Dispatcher/Standard.php:248
Stack trace:
#0 /var/www/html/mypage/library/Zend/Controller/Front.php(954): Zend_Controller_Dispatcher_Standard->dispatch(Object(Zend_Controller_Request_Http), Object(Zend_Controller_Response_Http))
#1 /var/www/html/mypage/index.php(69): Zend_Controller_Front->dispatch()
#2 {main}
2015-04-10T15:06:07+09:00 ALERT (1): exception 'Zend_Controller_Dispatcher_Exception' with message 'Invalid controller specified (mypage)' in /var/www/html/mypage/library/Zend/Controller/Dispatcher/Standard.php:248
Stack trace:
#0 /var/www/html/mypage/library/Zend/Controller/Front.php(954): Zend_Controller_Dispatcher_Standard->dispatch(Object(Zend_Controller_Request_Http), Object(Zend_Controller_Response_Http))
#1 /var/www/html/mypage/index.php(69): Zend_Controller_Front->dispatch()
#2 {main}
2015-04-10T15:06:07+09:00 ALERT (1): exception 'Zend_Controller_Dispatcher_Exception' with message 'Invalid controller specified (mypage)' in /var/www/html/mypage/library/Zend/Controller/Dispatcher/Standard.php:248
Stack trace:
#0 /var/www/html/mypage/library/Zend/Controller/Front.php(954): Zend_Controller_Dispatcher_Standard->dispatch(Object(Zend_Controller_Request_Http), Object(Zend_Controller_Response_Http))
#1 /var/www/html/mypage/index.php(69): Zend_Controller_Front->dispatch()
#2 {main}
2015-04-10T15:06:08+09:00 ALERT (1): exception 'Zend_Controller_Dispatcher_Exception' with message 'Invalid controller specified (mypage)' in /var/www/html/mypage/library/Zend/Controller/Dispatcher/Standard.php:248
Stack trace:
#0 /var/www/html/mypage/library/Zend/Controller/Front.php(954): Zend_Controller_Dispatcher_Standard->dispatch(Object(Zend_Controller_Request_Http), Object(Zend_Controller_Response_Http))
#1 /var/www/html/mypage/index.php(69): Zend_Controller_Front->dispatch()
#2 {main}
2015-04-10T15:06:16+09:00 ALERT (1): exception 'Zend_Controller_Dispatcher_Exception' with message 'Invalid controller specified (themes)' in /var/www/html/mypage/library/Zend/Controller/Dispatcher/Standard.php:248
Stack trace:
#0 /var/www/html/mypage/library/Zend/Controller/Front.php(954): Zend_Controller_Dispatcher_Standard->dispatch(Object(Zend_Controller_Request_Http), Object(Zend_Controller_Response_Http))
#1 /var/www/html/mypage/index.php(69): Zend_Controller_Front->dispatch()
#2 {main}
2015-04-10T15:34:40+09:00 ALERT (1): exception 'Zend_Controller_Dispatcher_Exception' with message 'Invalid controller specified (themes)' in /var/www/html/mypage/library/Zend/Controller/Dispatcher/Standard.php:248
Stack trace:
#0 /var/www/html/mypage/library/Zend/Controller/Front.php(954): Zend_Controller_Dispatcher_Standard->dispatch(Object(Zend_Controller_Request_Http), Object(Zend_Controller_Response_Http))
#1 /var/www/html/mypage/index.php(69): Zend_Controller_Front->dispatch()
#2 {main}
2015-04-10T16:04:33+09:00 ALERT (1): exception 'Zend_Controller_Dispatcher_Exception' with message 'Invalid controller specified (themes)' in /var/www/html/mypage/library/Zend/Controller/Dispatcher/Standard.php:248
Stack trace:
#0 /var/www/html/mypage/library/Zend/Controller/Front.php(954): Zend_Controller_Dispatcher_Standard->dispatch(Object(Zend_Controller_Request_Http), Object(Zend_Controller_Response_Http))
#1 /var/www/html/mypage/index.php(69): Zend_Controller_Front->dispatch()
#2 {main}
2015-04-10T16:05:28+09:00 ALERT (1): exception 'Zend_Controller_Dispatcher_Exception' with message 'Invalid controller specified (themes)' in /var/www/html/mypage/library/Zend/Controller/Dispatcher/Standard.php:248
Stack trace:
#0 /var/www/html/mypage/library/Zend/Controller/Front.php(954): Zend_Controller_Dispatcher_Standard->dispatch(Object(Zend_Controller_Request_Http), Object(Zend_Controller_Response_Http))
#1 /var/www/html/mypage/index.php(69): Zend_Controller_Front->dispatch()
#2 {main}
2015-04-10T16:05:59+09:00 ALERT (1): exception 'Zend_Controller_Dispatcher_Exception' with message 'Invalid controller specified (themes)' in /var/www/html/mypage/library/Zend/Controller/Dispatcher/Standard.php:248
Stack trace:
#0 /var/www/html/mypage/library/Zend/Controller/Front.php(954): Zend_Controller_Dispatcher_Standard->dispatch(Object(Zend_Controller_Request_Http), Object(Zend_Controller_Response_Http))
#1 /var/www/html/mypage/index.php(69): Zend_Controller_Front->dispatch()
#2 {main}
2015-04-10T16:09:38+09:00 ALERT (1): exception 'Zend_Controller_Dispatcher_Exception' with message 'Invalid controller specified (themes)' in /var/www/html/mypage/library/Zend/Controller/Dispatcher/Standard.php:248
Stack trace:
#0 /var/www/html/mypage/library/Zend/Controller/Front.php(954): Zend_Controller_Dispatcher_Standard->dispatch(Object(Zend_Controller_Request_Http), Object(Zend_Controller_Response_Http))
#1 /var/www/html/mypage/index.php(69): Zend_Controller_Front->dispatch()
#2 {main}
2015-04-10T18:26:20+09:00 ALERT (1): exception 'PDOException' with message 'SQLSTATE[42000]: Syntax error or access violation: 1064 You have an error in your SQL syntax; check the manual that corresponds to your MySQL server version for the right syntax to use near ') and (starttime >= '2015-04-10 18:26:20' and starttime <= '2015-05-10 18:26:20'' at line 1' in /var/www/html/mypage/library/Zend/Db/Statement/Pdo.php:58
Stack trace:
#0 /var/www/html/mypage/library/Zend/Db/Statement/Pdo.php(58): PDO->prepare('SELECT `event_l...')
#1 /var/www/html/mypage/library/Zend/Db/Statement.php(115): Zend_Db_Statement_Pdo->_prepare('SELECT `event_l...')
#2 /var/www/html/mypage/library/Zend/Db/Adapter/Pdo/Abstract.php(184): Zend_Db_Statement->__construct(Object(Zend_Db_Adapter_Pdo_Mysql), 'SELECT `event_l...')
#3 /var/www/html/mypage/library/Zend/Db/Adapter/Abstract.php(479): Zend_Db_Adapter_Pdo_Abstract->prepare('SELECT `event_l...')
#4 /var/www/html/mypage/library/Zend/Db/Adapter/Pdo/Abstract.php(238): Zend_Db_Adapter_Abstract->query(Object(Zend_Db_Select), Array)
#5 /var/www/html/mypage/library/Zend/Db/Adapter/Abstract.php(737): Zend_Db_Adapter_Pdo_Abstract->query(Object(Zend_Db_Select), Array)
#6 /var/www/html/mypage/tools/BaseModel.php(109): Zend_Db_Adapter_Abstract->fetchAll(Object(Zend_Db_Select))
#7 /var/www/html/mypage/application/modules/school/models/IndexModel.php(102): BaseModel->searchList(Array, ') and (starttim...', Array, 'starttime ASC')
#8 /var/www/html/mypage/application/modules/school/controllers/IndexController.php(127): School_IndexModel->seminarIntend(Array, Array)
#9 /var/www/html/mypage/library/Zend/Controller/Action.php(516): School_IndexController->indexAction()
#10 /var/www/html/mypage/library/Zend/Controller/Dispatcher/Standard.php(308): Zend_Controller_Action->dispatch('indexAction')
#11 /var/www/html/mypage/library/Zend/Controller/Front.php(954): Zend_Controller_Dispatcher_Standard->dispatch(Object(Zend_Controller_Request_Http), Object(Zend_Controller_Response_Http))
#12 /var/www/html/mypage/index.php(69): Zend_Controller_Front->dispatch()
#13 {main}

Next exception 'Zend_Db_Statement_Exception' with message 'SQLSTATE[42000]: Syntax error or access violation: 1064 You have an error in your SQL syntax; check the manual that corresponds to your MySQL server version for the right syntax to use near ') and (starttime >= '2015-04-10 18:26:20' and starttime <= '2015-05-10 18:26:20'' at line 1' in /var/www/html/mypage/library/Zend/Db/Statement/Pdo.php:61
Stack trace:
#0 /var/www/html/mypage/library/Zend/Db/Statement.php(115): Zend_Db_Statement_Pdo->_prepare('SELECT `event_l...')
#1 /var/www/html/mypage/library/Zend/Db/Adapter/Pdo/Abstract.php(184): Zend_Db_Statement->__construct(Object(Zend_Db_Adapter_Pdo_Mysql), 'SELECT `event_l...')
#2 /var/www/html/mypage/library/Zend/Db/Adapter/Abstract.php(479): Zend_Db_Adapter_Pdo_Abstract->prepare('SELECT `event_l...')
#3 /var/www/html/mypage/library/Zend/Db/Adapter/Pdo/Abstract.php(238): Zend_Db_Adapter_Abstract->query(Object(Zend_Db_Select), Array)
#4 /var/www/html/mypage/library/Zend/Db/Adapter/Abstract.php(737): Zend_Db_Adapter_Pdo_Abstract->query(Object(Zend_Db_Select), Array)
#5 /var/www/html/mypage/tools/BaseModel.php(109): Zend_Db_Adapter_Abstract->fetchAll(Object(Zend_Db_Select))
#6 /var/www/html/mypage/application/modules/school/models/IndexModel.php(102): BaseModel->searchList(Array, ') and (starttim...', Array, 'starttime ASC')
#7 /var/www/html/mypage/application/modules/school/controllers/IndexController.php(127): School_IndexModel->seminarIntend(Array, Array)
#8 /var/www/html/mypage/library/Zend/Controller/Action.php(516): School_IndexController->indexAction()
#9 /var/www/html/mypage/library/Zend/Controller/Dispatcher/Standard.php(308): Zend_Controller_Action->dispatch('indexAction')
#10 /var/www/html/mypage/library/Zend/Controller/Front.php(954): Zend_Controller_Dispatcher_Standard->dispatch(Object(Zend_Controller_Request_Http), Object(Zend_Controller_Response_Http))
#11 /var/www/html/mypage/index.php(69): Zend_Controller_Front->dispatch()
#12 {main}
2015-04-10T18:47:56+09:00 ALERT (1): exception 'Zend_Controller_Action_Exception' with message 'Action "themes" does not exist and was not trapped in __call()' in /var/www/html/mypage/library/Zend/Controller/Action.php:485
Stack trace:
#0 /var/www/html/mypage/library/Zend/Controller/Action.php(518): Zend_Controller_Action->__call('themesAction', Array)
#1 /var/www/html/mypage/library/Zend/Controller/Dispatcher/Standard.php(308): Zend_Controller_Action->dispatch('themesAction')
#2 /var/www/html/mypage/library/Zend/Controller/Front.php(954): Zend_Controller_Dispatcher_Standard->dispatch(Object(Zend_Controller_Request_Http), Object(Zend_Controller_Response_Http))
#3 /var/www/html/mypage/index.php(69): Zend_Controller_Front->dispatch()
#4 {main}
2015-04-10T19:10:15+09:00 ALERT (1): exception 'Zend_Controller_Dispatcher_Exception' with message 'Invalid controller specified (themes)' in /var/www/html/mypage/library/Zend/Controller/Dispatcher/Standard.php:248
Stack trace:
#0 /var/www/html/mypage/library/Zend/Controller/Front.php(954): Zend_Controller_Dispatcher_Standard->dispatch(Object(Zend_Controller_Request_Http), Object(Zend_Controller_Response_Http))
#1 /var/www/html/mypage/index.php(69): Zend_Controller_Front->dispatch()
#2 {main}
2015-04-10T19:10:50+09:00 ALERT (1): exception 'Zend_Controller_Dispatcher_Exception' with message 'Invalid controller specified (themes)' in /var/www/html/mypage/library/Zend/Controller/Dispatcher/Standard.php:248
Stack trace:
#0 /var/www/html/mypage/library/Zend/Controller/Front.php(954): Zend_Controller_Dispatcher_Standard->dispatch(Object(Zend_Controller_Request_Http), Object(Zend_Controller_Response_Http))
#1 /var/www/html/mypage/index.php(69): Zend_Controller_Front->dispatch()
#2 {main}
2015-04-10T19:11:14+09:00 ALERT (1): exception 'Zend_Controller_Dispatcher_Exception' with message 'Invalid controller specified (themes)' in /var/www/html/mypage/library/Zend/Controller/Dispatcher/Standard.php:248
Stack trace:
#0 /var/www/html/mypage/library/Zend/Controller/Front.php(954): Zend_Controller_Dispatcher_Standard->dispatch(Object(Zend_Controller_Request_Http), Object(Zend_Controller_Response_Http))
#1 /var/www/html/mypage/index.php(69): Zend_Controller_Front->dispatch()
#2 {main}
2015-04-10T19:11:14+09:00 ALERT (1): exception 'Zend_Controller_Dispatcher_Exception' with message 'Invalid controller specified (themes)' in /var/www/html/mypage/library/Zend/Controller/Dispatcher/Standard.php:248
Stack trace:
#0 /var/www/html/mypage/library/Zend/Controller/Front.php(954): Zend_Controller_Dispatcher_Standard->dispatch(Object(Zend_Controller_Request_Http), Object(Zend_Controller_Response_Http))
#1 /var/www/html/mypage/index.php(69): Zend_Controller_Front->dispatch()
#2 {main}
2015-04-10T19:15:42+09:00 ALERT (1): exception 'Zend_Controller_Dispatcher_Exception' with message 'Invalid controller specified (themes)' in /var/www/html/mypage/library/Zend/Controller/Dispatcher/Standard.php:248
Stack trace:
#0 /var/www/html/mypage/library/Zend/Controller/Front.php(954): Zend_Controller_Dispatcher_Standard->dispatch(Object(Zend_Controller_Request_Http), Object(Zend_Controller_Response_Http))
#1 /var/www/html/mypage/index.php(69): Zend_Controller_Front->dispatch()
#2 {main}
2015-04-10T19:16:08+09:00 ALERT (1): exception 'Zend_Controller_Dispatcher_Exception' with message 'Invalid controller specified (themes)' in /var/www/html/mypage/library/Zend/Controller/Dispatcher/Standard.php:248
Stack trace:
#0 /var/www/html/mypage/library/Zend/Controller/Front.php(954): Zend_Controller_Dispatcher_Standard->dispatch(Object(Zend_Controller_Request_Http), Object(Zend_Controller_Response_Http))
#1 /var/www/html/mypage/index.php(69): Zend_Controller_Front->dispatch()
#2 {main}
2015-04-10T19:16:08+09:00 ALERT (1): exception 'Zend_Controller_Dispatcher_Exception' with message 'Invalid controller specified (themes)' in /var/www/html/mypage/library/Zend/Controller/Dispatcher/Standard.php:248
Stack trace:
#0 /var/www/html/mypage/library/Zend/Controller/Front.php(954): Zend_Controller_Dispatcher_Standard->dispatch(Object(Zend_Controller_Request_Http), Object(Zend_Controller_Response_Http))
#1 /var/www/html/mypage/index.php(69): Zend_Controller_Front->dispatch()
#2 {main}
