2015-04-01T13:20:50+09:00 ALERT (1): exception 'Zend_Controller_Dispatcher_Exception' with message 'Invalid controller specified (themes)' in /var/www/html/mypage/library/Zend/Controller/Dispatcher/Standard.php:248
Stack trace:
#0 /var/www/html/mypage/library/Zend/Controller/Front.php(954): Zend_Controller_Dispatcher_Standard->dispatch(Object(Zend_Controller_Request_Http), Object(Zend_Controller_Response_Http))
#1 /var/www/html/mypage/index.php(69): Zend_Controller_Front->dispatch()
#2 {main}
2015-04-01T13:21:25+09:00 ALERT (1): exception 'Zend_Controller_Dispatcher_Exception' with message 'Invalid controller specified (themes)' in /var/www/html/mypage/library/Zend/Controller/Dispatcher/Standard.php:248
Stack trace:
#0 /var/www/html/mypage/library/Zend/Controller/Front.php(954): Zend_Controller_Dispatcher_Standard->dispatch(Object(Zend_Controller_Request_Http), Object(Zend_Controller_Response_Http))
#1 /var/www/html/mypage/index.php(69): Zend_Controller_Front->dispatch()
#2 {main}
2015-04-01T13:22:13+09:00 ALERT (1): exception 'Zend_Controller_Dispatcher_Exception' with message 'Invalid controller specified (themes)' in /var/www/html/mypage/library/Zend/Controller/Dispatcher/Standard.php:248
Stack trace:
#0 /var/www/html/mypage/library/Zend/Controller/Front.php(954): Zend_Controller_Dispatcher_Standard->dispatch(Object(Zend_Controller_Request_Http), Object(Zend_Controller_Response_Http))
#1 /var/www/html/mypage/index.php(69): Zend_Controller_Front->dispatch()
#2 {main}
2015-04-01T13:22:50+09:00 ALERT (1): exception 'Zend_Controller_Dispatcher_Exception' with message 'Invalid controller specified (themes)' in /var/www/html/mypage/library/Zend/Controller/Dispatcher/Standard.php:248
Stack trace:
#0 /var/www/html/mypage/library/Zend/Controller/Front.php(954): Zend_Controller_Dispatcher_Standard->dispatch(Object(Zend_Controller_Request_Http), Object(Zend_Controller_Response_Http))
#1 /var/www/html/mypage/index.php(69): Zend_Controller_Front->dispatch()
#2 {main}
2015-04-01T13:23:02+09:00 ALERT (1): exception 'Zend_Controller_Dispatcher_Exception' with message 'Invalid controller specified (themes)' in /var/www/html/mypage/library/Zend/Controller/Dispatcher/Standard.php:248
Stack trace:
#0 /var/www/html/mypage/library/Zend/Controller/Front.php(954): Zend_Controller_Dispatcher_Standard->dispatch(Object(Zend_Controller_Request_Http), Object(Zend_Controller_Response_Http))
#1 /var/www/html/mypage/index.php(69): Zend_Controller_Front->dispatch()
#2 {main}
2015-04-01T13:34:54+09:00 ALERT (1): exception 'Zend_Controller_Dispatcher_Exception' with message 'Invalid controller specified (themes)' in /var/www/html/mypage/library/Zend/Controller/Dispatcher/Standard.php:248
Stack trace:
#0 /var/www/html/mypage/library/Zend/Controller/Front.php(954): Zend_Controller_Dispatcher_Standard->dispatch(Object(Zend_Controller_Request_Http), Object(Zend_Controller_Response_Http))
#1 /var/www/html/mypage/index.php(69): Zend_Controller_Front->dispatch()
#2 {main}
2015-04-01T13:35:19+09:00 ALERT (1): exception 'Zend_Controller_Dispatcher_Exception' with message 'Invalid controller specified (themes)' in /var/www/html/mypage/library/Zend/Controller/Dispatcher/Standard.php:248
Stack trace:
#0 /var/www/html/mypage/library/Zend/Controller/Front.php(954): Zend_Controller_Dispatcher_Standard->dispatch(Object(Zend_Controller_Request_Http), Object(Zend_Controller_Response_Http))
#1 /var/www/html/mypage/index.php(69): Zend_Controller_Front->dispatch()
#2 {main}
2015-04-01T13:41:17+09:00 ALERT (1): exception 'Zend_Controller_Dispatcher_Exception' with message 'Invalid controller specified (themes)' in /var/www/html/mypage/library/Zend/Controller/Dispatcher/Standard.php:248
Stack trace:
#0 /var/www/html/mypage/library/Zend/Controller/Front.php(954): Zend_Controller_Dispatcher_Standard->dispatch(Object(Zend_Controller_Request_Http), Object(Zend_Controller_Response_Http))
#1 /var/www/html/mypage/index.php(69): Zend_Controller_Front->dispatch()
#2 {main}
2015-04-01T13:41:46+09:00 ALERT (1): exception 'Zend_Controller_Dispatcher_Exception' with message 'Invalid controller specified (themes)' in /var/www/html/mypage/library/Zend/Controller/Dispatcher/Standard.php:248
Stack trace:
#0 /var/www/html/mypage/library/Zend/Controller/Front.php(954): Zend_Controller_Dispatcher_Standard->dispatch(Object(Zend_Controller_Request_Http), Object(Zend_Controller_Response_Http))
#1 /var/www/html/mypage/index.php(69): Zend_Controller_Front->dispatch()
#2 {main}
2015-04-01T13:43:55+09:00 ALERT (1): exception 'Zend_Controller_Dispatcher_Exception' with message 'Invalid controller specified (themes)' in /var/www/html/mypage/library/Zend/Controller/Dispatcher/Standard.php:248
Stack trace:
#0 /var/www/html/mypage/library/Zend/Controller/Front.php(954): Zend_Controller_Dispatcher_Standard->dispatch(Object(Zend_Controller_Request_Http), Object(Zend_Controller_Response_Http))
#1 /var/www/html/mypage/index.php(69): Zend_Controller_Front->dispatch()
#2 {main}
2015-04-01T13:49:43+09:00 ALERT (1): exception 'Zend_Controller_Dispatcher_Exception' with message 'Invalid controller specified (themes)' in /var/www/html/mypage/library/Zend/Controller/Dispatcher/Standard.php:248
Stack trace:
#0 /var/www/html/mypage/library/Zend/Controller/Front.php(954): Zend_Controller_Dispatcher_Standard->dispatch(Object(Zend_Controller_Request_Http), Object(Zend_Controller_Response_Http))
#1 /var/www/html/mypage/index.php(69): Zend_Controller_Front->dispatch()
#2 {main}
2015-04-01T14:23:06+09:00 ALERT (1): exception 'Zend_Controller_Dispatcher_Exception' with message 'Invalid controller specified (themes)' in /var/www/html/mypage/library/Zend/Controller/Dispatcher/Standard.php:248
Stack trace:
#0 /var/www/html/mypage/library/Zend/Controller/Front.php(954): Zend_Controller_Dispatcher_Standard->dispatch(Object(Zend_Controller_Request_Http), Object(Zend_Controller_Response_Http))
#1 /var/www/html/mypage/index.php(69): Zend_Controller_Front->dispatch()
#2 {main}
2015-04-01T15:22:29+09:00 ALERT (1): exception 'Zend_Controller_Dispatcher_Exception' with message 'Invalid controller specified (themes)' in /var/www/html/mypage/library/Zend/Controller/Dispatcher/Standard.php:248
Stack trace:
#0 /var/www/html/mypage/library/Zend/Controller/Front.php(954): Zend_Controller_Dispatcher_Standard->dispatch(Object(Zend_Controller_Request_Http), Object(Zend_Controller_Response_Http))
#1 /var/www/html/mypage/index.php(69): Zend_Controller_Front->dispatch()
#2 {main}
2015-04-01T17:56:37+09:00 ALERT (1): exception 'Zend_Controller_Dispatcher_Exception' with message 'Invalid controller specified (themes)' in /var/www/html/mypage/library/Zend/Controller/Dispatcher/Standard.php:248
Stack trace:
#0 /var/www/html/mypage/library/Zend/Controller/Front.php(954): Zend_Controller_Dispatcher_Standard->dispatch(Object(Zend_Controller_Request_Http), Object(Zend_Controller_Response_Http))
#1 /var/www/html/mypage/index.php(69): Zend_Controller_Front->dispatch()
#2 {main}
