2020/04/01 04:12:39 [error] [exception.CHttpException.404] exception 'CHttpException' with message 'The system is unable to find the requested action "nagoya".' in /var/www/html/framework/web/CController.php:483
Stack trace:
#0 /var/www/html/framework/web/CController.php(270): CController->missingAction('nagoya')
#1 /var/www/html/framework/web/CWebApplication.php(282): CController->run('nagoya')
#2 /var/www/html/framework/web/CWebApplication.php(141): CWebApplication->runController('interview/nagoy...')
#3 /var/www/html/framework/base/CApplication.php(185): CWebApplication->processRequest()
#4 /var/www/html/interview/index.php(12): CApplication->run()
#5 {main}
REQUEST_URI=/interview/interview/nagoya/ko-nakasone.php
---
2020/04/01 04:43:55 [error] [exception.CHttpException.404] exception 'CHttpException' with message 'The system is unable to find the requested action "nagoya".' in /var/www/html/framework/web/CController.php:483
Stack trace:
#0 /var/www/html/framework/web/CController.php(270): CController->missingAction('nagoya')
#1 /var/www/html/framework/web/CWebApplication.php(282): CController->run('nagoya')
#2 /var/www/html/framework/web/CWebApplication.php(141): CWebApplication->runController('interview/nagoy...')
#3 /var/www/html/framework/base/CApplication.php(185): CWebApplication->processRequest()
#4 /var/www/html/interview/index.php(12): CApplication->run()
#5 {main}
REQUEST_URI=/interview/interview/nagoya/akiko-okumura.php
---
2020/04/01 06:48:46 [error] [exception.CHttpException.404] exception 'CHttpException' with message 'The system is unable to find the requested action "tokyo".' in /var/www/html/framework/web/CController.php:483
Stack trace:
#0 /var/www/html/framework/web/CController.php(270): CController->missingAction('tokyo')
#1 /var/www/html/framework/web/CWebApplication.php(282): CController->run('tokyo')
#2 /var/www/html/framework/web/CWebApplication.php(141): CWebApplication->runController('interview/tokyo...')
#3 /var/www/html/framework/base/CApplication.php(185): CWebApplication->processRequest()
#4 /var/www/html/interview/index.php(12): CApplication->run()
#5 {main}
REQUEST_URI=/interview/interview/tokyo/kotaro-asari.php
---
2020/04/01 06:56:04 [error] [exception.CHttpException.404] exception 'CHttpException' with message 'The system is unable to find the requested action "tokyo".' in /var/www/html/framework/web/CController.php:483
Stack trace:
#0 /var/www/html/framework/web/CController.php(270): CController->missingAction('tokyo')
#1 /var/www/html/framework/web/CWebApplication.php(282): CController->run('tokyo')
#2 /var/www/html/framework/web/CWebApplication.php(141): CWebApplication->runController('interview/tokyo...')
#3 /var/www/html/framework/base/CApplication.php(185): CWebApplication->processRequest()
#4 /var/www/html/interview/index.php(12): CApplication->run()
#5 {main}
REQUEST_URI=/interview/interview/tokyo/takehiro-kitagawa.php
---
2020/04/02 01:15:03 [error] [exception.CHttpException.404] exception 'CHttpException' with message 'The system is unable to find the requested action "osaka".' in /var/www/html/framework/web/CController.php:483
Stack trace:
#0 /var/www/html/framework/web/CController.php(270): CController->missingAction('osaka')
#1 /var/www/html/framework/web/CWebApplication.php(282): CController->run('osaka')
#2 /var/www/html/framework/web/CWebApplication.php(141): CWebApplication->runController('interview/osaka...')
#3 /var/www/html/framework/base/CApplication.php(185): CWebApplication->processRequest()
#4 /var/www/html/interview/index.php(12): CApplication->run()
#5 {main}
REQUEST_URI=/interview/interview/osaka/naomi-maeda.php
---
2020/04/02 01:21:49 [error] [exception.CHttpException.404] exception 'CHttpException' with message 'The system is unable to find the requested action "nagoya".' in /var/www/html/framework/web/CController.php:483
Stack trace:
#0 /var/www/html/framework/web/CController.php(270): CController->missingAction('nagoya')
#1 /var/www/html/framework/web/CWebApplication.php(282): CController->run('nagoya')
#2 /var/www/html/framework/web/CWebApplication.php(141): CWebApplication->runController('interview/nagoy...')
#3 /var/www/html/framework/base/CApplication.php(185): CWebApplication->processRequest()
#4 /var/www/html/interview/index.php(12): CApplication->run()
#5 {main}
REQUEST_URI=/interview/interview/nagoya/ko-nakasone.php
---
2020/04/02 01:28:32 [error] [exception.CHttpException.404] exception 'CHttpException' with message 'The system is unable to find the requested action "osaka".' in /var/www/html/framework/web/CController.php:483
Stack trace:
#0 /var/www/html/framework/web/CController.php(270): CController->missingAction('osaka')
#1 /var/www/html/framework/web/CWebApplication.php(282): CController->run('osaka')
#2 /var/www/html/framework/web/CWebApplication.php(141): CWebApplication->runController('interview/osaka...')
#3 /var/www/html/framework/base/CApplication.php(185): CWebApplication->processRequest()
#4 /var/www/html/interview/index.php(12): CApplication->run()
#5 {main}
REQUEST_URI=/interview/interview/osaka/moe-sato.php
---
2020/04/02 01:41:51 [error] [exception.CHttpException.404] exception 'CHttpException' with message 'The system is unable to find the requested action "tokyo".' in /var/www/html/framework/web/CController.php:483
Stack trace:
#0 /var/www/html/framework/web/CController.php(270): CController->missingAction('tokyo')
#1 /var/www/html/framework/web/CWebApplication.php(282): CController->run('tokyo')
#2 /var/www/html/framework/web/CWebApplication.php(141): CWebApplication->runController('interview/tokyo...')
#3 /var/www/html/framework/base/CApplication.php(185): CWebApplication->processRequest()
#4 /var/www/html/interview/index.php(12): CApplication->run()
#5 {main}
REQUEST_URI=/interview/interview/tokyo/hana-nakamura.php
---
2020/04/02 02:21:12 [error] [exception.CHttpException.404] exception 'CHttpException' with message 'The system is unable to find the requested action "osaka".' in /var/www/html/framework/web/CController.php:483
Stack trace:
#0 /var/www/html/framework/web/CController.php(270): CController->missingAction('osaka')
#1 /var/www/html/framework/web/CWebApplication.php(282): CController->run('osaka')
#2 /var/www/html/framework/web/CWebApplication.php(141): CWebApplication->runController('interview/osaka...')
#3 /var/www/html/framework/base/CApplication.php(185): CWebApplication->processRequest()
#4 /var/www/html/interview/index.php(12): CApplication->run()
#5 {main}
REQUEST_URI=/interview/interview/osaka/daichi-mitsui.php
---
2020/04/02 03:56:10 [error] [exception.CHttpException.404] exception 'CHttpException' with message 'The system is unable to find the requested action "osaka".' in /var/www/html/framework/web/CController.php:483
Stack trace:
#0 /var/www/html/framework/web/CController.php(270): CController->missingAction('osaka')
#1 /var/www/html/framework/web/CWebApplication.php(282): CController->run('osaka')
#2 /var/www/html/framework/web/CWebApplication.php(141): CWebApplication->runController('interview/osaka...')
#3 /var/www/html/framework/base/CApplication.php(185): CWebApplication->processRequest()
#4 /var/www/html/interview/index.php(12): CApplication->run()
#5 {main}
REQUEST_URI=/interview/interview/osaka/daichi-mitsui.php
---
2020/04/02 05:40:25 [error] [exception.CHttpException.404] exception 'CHttpException' with message 'The system is unable to find the requested action "fukuoka".' in /var/www/html/framework/web/CController.php:483
Stack trace:
#0 /var/www/html/framework/web/CController.php(270): CController->missingAction('fukuoka')
#1 /var/www/html/framework/web/CWebApplication.php(282): CController->run('fukuoka')
#2 /var/www/html/framework/web/CWebApplication.php(141): CWebApplication->runController('interview/fukuo...')
#3 /var/www/html/framework/base/CApplication.php(185): CWebApplication->processRequest()
#4 /var/www/html/interview/index.php(12): CApplication->run()
#5 {main}
REQUEST_URI=/interview/interview/fukuoka/yuki-inoue.php
---
2020/04/02 06:27:04 [error] [exception.CHttpException.404] exception 'CHttpException' with message 'The system is unable to find the requested action "osaka".' in /var/www/html/framework/web/CController.php:483
Stack trace:
#0 /var/www/html/framework/web/CController.php(270): CController->missingAction('osaka')
#1 /var/www/html/framework/web/CWebApplication.php(282): CController->run('osaka')
#2 /var/www/html/framework/web/CWebApplication.php(141): CWebApplication->runController('interview/osaka...')
#3 /var/www/html/framework/base/CApplication.php(185): CWebApplication->processRequest()
#4 /var/www/html/interview/index.php(12): CApplication->run()
#5 {main}
REQUEST_URI=/interview/interview/osaka/yuya-kimura.php
---
2020/04/02 10:41:27 [error] [exception.CHttpException.404] exception 'CHttpException' with message 'The system is unable to find the requested action "osaka".' in /var/www/html/framework/web/CController.php:483
Stack trace:
#0 /var/www/html/framework/web/CController.php(270): CController->missingAction('osaka')
#1 /var/www/html/framework/web/CWebApplication.php(282): CController->run('osaka')
#2 /var/www/html/framework/web/CWebApplication.php(141): CWebApplication->runController('interview/osaka...')
#3 /var/www/html/framework/base/CApplication.php(185): CWebApplication->processRequest()
#4 /var/www/html/interview/index.php(12): CApplication->run()
#5 {main}
REQUEST_URI=/interview/interview/osaka/daichi-mitsui.php
---
2020/04/03 01:43:47 [error] [exception.CHttpException.404] exception 'CHttpException' with message 'The system is unable to find the requested action "osaka".' in /var/www/html/framework/web/CController.php:483
Stack trace:
#0 /var/www/html/framework/web/CController.php(270): CController->missingAction('osaka')
#1 /var/www/html/framework/web/CWebApplication.php(282): CController->run('osaka')
#2 /var/www/html/framework/web/CWebApplication.php(141): CWebApplication->runController('interview/osaka...')
#3 /var/www/html/framework/base/CApplication.php(185): CWebApplication->processRequest()
#4 /var/www/html/interview/index.php(12): CApplication->run()
#5 {main}
REQUEST_URI=/interview/interview/osaka/moe-sato.php
---
2020/04/03 07:19:25 [error] [exception.CHttpException.404] exception 'CHttpException' with message 'The system is unable to find the requested action "nagoya".' in /var/www/html/framework/web/CController.php:483
Stack trace:
#0 /var/www/html/framework/web/CController.php(270): CController->missingAction('nagoya')
#1 /var/www/html/framework/web/CWebApplication.php(282): CController->run('nagoya')
#2 /var/www/html/framework/web/CWebApplication.php(141): CWebApplication->runController('interview/nagoy...')
#3 /var/www/html/framework/base/CApplication.php(185): CWebApplication->processRequest()
#4 /var/www/html/interview/index.php(12): CApplication->run()
#5 {main}
REQUEST_URI=/interview/interview/nagoya/saori-hasegawa.php
---
2020/04/03 12:29:38 [error] [exception.CHttpException.404] exception 'CHttpException' with message 'The system is unable to find the requested action "osaka".' in /var/www/html/framework/web/CController.php:483
Stack trace:
#0 /var/www/html/framework/web/CController.php(270): CController->missingAction('osaka')
#1 /var/www/html/framework/web/CWebApplication.php(282): CController->run('osaka')
#2 /var/www/html/framework/web/CWebApplication.php(141): CWebApplication->runController('interview/osaka...')
#3 /var/www/html/framework/base/CApplication.php(185): CWebApplication->processRequest()
#4 /var/www/html/interview/index.php(12): CApplication->run()
#5 {main}
REQUEST_URI=/interview/interview/osaka/naomi-maeda.php
---
2020/04/03 18:54:28 [error] [exception.CHttpException.404] exception 'CHttpException' with message 'The system is unable to find the requested action "nagoya".' in /var/www/html/framework/web/CController.php:483
Stack trace:
#0 /var/www/html/framework/web/CController.php(270): CController->missingAction('nagoya')
#1 /var/www/html/framework/web/CWebApplication.php(282): CController->run('nagoya')
#2 /var/www/html/framework/web/CWebApplication.php(141): CWebApplication->runController('interview/nagoy...')
#3 /var/www/html/framework/base/CApplication.php(185): CWebApplication->processRequest()
#4 /var/www/html/interview/index.php(12): CApplication->run()
#5 {main}
REQUEST_URI=/interview/interview/nagoya/saori-hasegawa.php
---
2020/04/04 01:11:32 [error] [exception.CHttpException.404] exception 'CHttpException' with message 'The system is unable to find the requested action "qa_seminar".' in /var/www/html/framework/web/CController.php:483
Stack trace:
#0 /var/www/html/framework/web/CController.php(270): CController->missingAction('qa_seminar')
#1 /var/www/html/framework/web/CWebApplication.php(282): CController->run('qa_seminar')
#2 /var/www/html/framework/web/CWebApplication.php(141): CWebApplication->runController('qa/qa_seminar')
#3 /var/www/html/framework/base/CApplication.php(185): CWebApplication->processRequest()
#4 /var/www/html/interview/index.php(12): CApplication->run()
#5 {main}
REQUEST_URI=/qa_seminar.html
---
2020/04/04 01:38:08 [error] [exception.CHttpException.404] exception 'CHttpException' with message 'The system is unable to find the requested action "fukuoka".' in /var/www/html/framework/web/CController.php:483
Stack trace:
#0 /var/www/html/framework/web/CController.php(270): CController->missingAction('fukuoka')
#1 /var/www/html/framework/web/CWebApplication.php(282): CController->run('fukuoka')
#2 /var/www/html/framework/web/CWebApplication.php(141): CWebApplication->runController('interview/fukuo...')
#3 /var/www/html/framework/base/CApplication.php(185): CWebApplication->processRequest()
#4 /var/www/html/interview/index.php(12): CApplication->run()
#5 {main}
REQUEST_URI=/interview/interview/fukuoka/miku-doi.php
---
2020/04/04 01:49:41 [error] [exception.CHttpException.404] exception 'CHttpException' with message 'The system is unable to find the requested action "qa_seminar".' in /var/www/html/framework/web/CController.php:483
Stack trace:
#0 /var/www/html/framework/web/CController.php(270): CController->missingAction('qa_seminar')
#1 /var/www/html/framework/web/CWebApplication.php(282): CController->run('qa_seminar')
#2 /var/www/html/framework/web/CWebApplication.php(141): CWebApplication->runController('qa/qa_seminar')
#3 /var/www/html/framework/base/CApplication.php(185): CWebApplication->processRequest()
#4 /var/www/html/interview/index.php(12): CApplication->run()
#5 {main}
REQUEST_URI=/qa_seminar.html
---
2020/04/04 02:57:55 [error] [exception.CHttpException.404] exception 'CHttpException' with message 'The system is unable to find the requested action "fukuoka".' in /var/www/html/framework/web/CController.php:483
Stack trace:
#0 /var/www/html/framework/web/CController.php(270): CController->missingAction('fukuoka')
#1 /var/www/html/framework/web/CWebApplication.php(282): CController->run('fukuoka')
#2 /var/www/html/framework/web/CWebApplication.php(141): CWebApplication->runController('interview/fukuo...')
#3 /var/www/html/framework/base/CApplication.php(185): CWebApplication->processRequest()
#4 /var/www/html/interview/index.php(12): CApplication->run()
#5 {main}
REQUEST_URI=/interview/interview/fukuoka/takuya-mizukami.php
---
2020/04/04 06:12:23 [error] [exception.CHttpException.404] exception 'CHttpException' with message 'The system is unable to find the requested action "tokyo".' in /var/www/html/framework/web/CController.php:483
Stack trace:
#0 /var/www/html/framework/web/CController.php(270): CController->missingAction('tokyo')
#1 /var/www/html/framework/web/CWebApplication.php(282): CController->run('tokyo')
#2 /var/www/html/framework/web/CWebApplication.php(141): CWebApplication->runController('interview/tokyo...')
#3 /var/www/html/framework/base/CApplication.php(185): CWebApplication->processRequest()
#4 /var/www/html/interview/index.php(12): CApplication->run()
#5 {main}
REQUEST_URI=/interview/interview/tokyo/kotaro-asari.php
---
2020/04/04 07:35:16 [error] [exception.CHttpException.404] exception 'CHttpException' with message 'The system is unable to find the requested action "tokyo".' in /var/www/html/framework/web/CController.php:483
Stack trace:
#0 /var/www/html/framework/web/CController.php(270): CController->missingAction('tokyo')
#1 /var/www/html/framework/web/CWebApplication.php(282): CController->run('tokyo')
#2 /var/www/html/framework/web/CWebApplication.php(141): CWebApplication->runController('interview/tokyo...')
#3 /var/www/html/framework/base/CApplication.php(185): CWebApplication->processRequest()
#4 /var/www/html/interview/index.php(12): CApplication->run()
#5 {main}
REQUEST_URI=/interview/interview/tokyo/asami.php
---
2020/04/05 21:57:47 [error] [exception.CHttpException.404] exception 'CHttpException' with message 'The system is unable to find the requested action "tokyo".' in /var/www/html/framework/web/CController.php:483
Stack trace:
#0 /var/www/html/framework/web/CController.php(270): CController->missingAction('tokyo')
#1 /var/www/html/framework/web/CWebApplication.php(282): CController->run('tokyo')
#2 /var/www/html/framework/web/CWebApplication.php(141): CWebApplication->runController('interview/tokyo...')
#3 /var/www/html/framework/base/CApplication.php(185): CWebApplication->processRequest()
#4 /var/www/html/interview/index.php(12): CApplication->run()
#5 {main}
REQUEST_URI=/interview/interview/tokyo/takehiro-kitagawa.php
---
2020/04/05 23:54:07 [error] [exception.CHttpException.404] exception 'CHttpException' with message 'The system is unable to find the requested action "tokyo".' in /var/www/html/framework/web/CController.php:483
Stack trace:
#0 /var/www/html/framework/web/CController.php(270): CController->missingAction('tokyo')
#1 /var/www/html/framework/web/CWebApplication.php(282): CController->run('tokyo')
#2 /var/www/html/framework/web/CWebApplication.php(141): CWebApplication->runController('interview/tokyo...')
#3 /var/www/html/framework/base/CApplication.php(185): CWebApplication->processRequest()
#4 /var/www/html/interview/index.php(12): CApplication->run()
#5 {main}
REQUEST_URI=/interview/interview/tokyo/kotaro-asari.php
---
2020/04/06 16:52:47 [error] [exception.CHttpException.404] exception 'CHttpException' with message 'The system is unable to find the requested action "nagoya".' in /var/www/html/framework/web/CController.php:483
Stack trace:
#0 /var/www/html/framework/web/CController.php(270): CController->missingAction('nagoya')
#1 /var/www/html/framework/web/CWebApplication.php(282): CController->run('nagoya')
#2 /var/www/html/framework/web/CWebApplication.php(141): CWebApplication->runController('interview/nagoy...')
#3 /var/www/html/framework/base/CApplication.php(185): CWebApplication->processRequest()
#4 /var/www/html/interview/index.php(12): CApplication->run()
#5 {main}
REQUEST_URI=/interview/interview/nagoya/akiko-okumura.php
---
2020/04/07 00:03:23 [error] [exception.CHttpException.404] exception 'CHttpException' with message 'The system is unable to find the requested action "qa_seminar".' in /var/www/html/framework/web/CController.php:483
Stack trace:
#0 /var/www/html/framework/web/CController.php(270): CController->missingAction('qa_seminar')
#1 /var/www/html/framework/web/CWebApplication.php(282): CController->run('qa_seminar')
#2 /var/www/html/framework/web/CWebApplication.php(141): CWebApplication->runController('qa/qa_seminar')
#3 /var/www/html/framework/base/CApplication.php(185): CWebApplication->processRequest()
#4 /var/www/html/interview/index.php(12): CApplication->run()
#5 {main}
REQUEST_URI=/qa_seminar.html
---
2020/04/09 04:35:48 [error] [exception.CHttpException.404] exception 'CHttpException' with message 'The system is unable to find the requested action "nagoya".' in /var/www/html/framework/web/CController.php:483
Stack trace:
#0 /var/www/html/framework/web/CController.php(270): CController->missingAction('nagoya')
#1 /var/www/html/framework/web/CWebApplication.php(282): CController->run('nagoya')
#2 /var/www/html/framework/web/CWebApplication.php(141): CWebApplication->runController('interview/nagoy...')
#3 /var/www/html/framework/base/CApplication.php(185): CWebApplication->processRequest()
#4 /var/www/html/interview/index.php(12): CApplication->run()
#5 {main}
REQUEST_URI=/interview/interview/nagoya/saori-hasegawa.php
---
2020/04/09 04:39:35 [error] [exception.CHttpException.404] exception 'CHttpException' with message 'The system is unable to find the requested action "qa_seminar".' in /var/www/html/framework/web/CController.php:483
Stack trace:
#0 /var/www/html/framework/web/CController.php(270): CController->missingAction('qa_seminar')
#1 /var/www/html/framework/web/CWebApplication.php(282): CController->run('qa_seminar')
#2 /var/www/html/framework/web/CWebApplication.php(141): CWebApplication->runController('qa/qa_seminar')
#3 /var/www/html/framework/base/CApplication.php(185): CWebApplication->processRequest()
#4 /var/www/html/interview/index.php(12): CApplication->run()
#5 {main}
REQUEST_URI=/qa_seminar.html
---
2020/04/09 04:46:39 [error] [exception.CHttpException.404] exception 'CHttpException' with message 'The system is unable to find the requested action "tokyo".' in /var/www/html/framework/web/CController.php:483
Stack trace:
#0 /var/www/html/framework/web/CController.php(270): CController->missingAction('tokyo')
#1 /var/www/html/framework/web/CWebApplication.php(282): CController->run('tokyo')
#2 /var/www/html/framework/web/CWebApplication.php(141): CWebApplication->runController('interview/tokyo...')
#3 /var/www/html/framework/base/CApplication.php(185): CWebApplication->processRequest()
#4 /var/www/html/interview/index.php(12): CApplication->run()
#5 {main}
REQUEST_URI=/interview/interview/tokyo/kotaro-asari.php
---
2020/04/09 07:24:50 [error] [exception.CHttpException.404] exception 'CHttpException' with message 'The system is unable to find the requested action "qa_seminar".' in /var/www/html/framework/web/CController.php:483
Stack trace:
#0 /var/www/html/framework/web/CController.php(270): CController->missingAction('qa_seminar')
#1 /var/www/html/framework/web/CWebApplication.php(282): CController->run('qa_seminar')
#2 /var/www/html/framework/web/CWebApplication.php(141): CWebApplication->runController('qa/qa_seminar')
#3 /var/www/html/framework/base/CApplication.php(185): CWebApplication->processRequest()
#4 /var/www/html/interview/index.php(12): CApplication->run()
#5 {main}
REQUEST_URI=/qa_seminar.html
---
2020/04/09 08:55:14 [error] [exception.CHttpException.404] exception 'CHttpException' with message 'The system is unable to find the requested action "tokyo".' in /var/www/html/framework/web/CController.php:483
Stack trace:
#0 /var/www/html/framework/web/CController.php(270): CController->missingAction('tokyo')
#1 /var/www/html/framework/web/CWebApplication.php(282): CController->run('tokyo')
#2 /var/www/html/framework/web/CWebApplication.php(141): CWebApplication->runController('interview/tokyo...')
#3 /var/www/html/framework/base/CApplication.php(185): CWebApplication->processRequest()
#4 /var/www/html/interview/index.php(12): CApplication->run()
#5 {main}
REQUEST_URI=/interview/interview/tokyo/asami.php
---
2020/04/09 08:56:41 [error] [exception.CHttpException.404] exception 'CHttpException' with message 'The system is unable to find the requested action "osaka".' in /var/www/html/framework/web/CController.php:483
Stack trace:
#0 /var/www/html/framework/web/CController.php(270): CController->missingAction('osaka')
#1 /var/www/html/framework/web/CWebApplication.php(282): CController->run('osaka')
#2 /var/www/html/framework/web/CWebApplication.php(141): CWebApplication->runController('interview/osaka...')
#3 /var/www/html/framework/base/CApplication.php(185): CWebApplication->processRequest()
#4 /var/www/html/interview/index.php(12): CApplication->run()
#5 {main}
REQUEST_URI=/interview/interview/osaka/daichi.php
---
2020/04/09 08:57:27 [error] [exception.CHttpException.404] exception 'CHttpException' with message 'The system is unable to find the requested action "nagoya".' in /var/www/html/framework/web/CController.php:483
Stack trace:
#0 /var/www/html/framework/web/CController.php(270): CController->missingAction('nagoya')
#1 /var/www/html/framework/web/CWebApplication.php(282): CController->run('nagoya')
#2 /var/www/html/framework/web/CWebApplication.php(141): CWebApplication->runController('interview/nagoy...')
#3 /var/www/html/framework/base/CApplication.php(185): CWebApplication->processRequest()
#4 /var/www/html/interview/index.php(12): CApplication->run()
#5 {main}
REQUEST_URI=/interview/interview/nagoya/saori.php
---
2020/04/09 08:59:36 [error] [exception.CHttpException.404] exception 'CHttpException' with message 'The system is unable to find the requested action "fukuoka".' in /var/www/html/framework/web/CController.php:483
Stack trace:
#0 /var/www/html/framework/web/CController.php(270): CController->missingAction('fukuoka')
#1 /var/www/html/framework/web/CWebApplication.php(282): CController->run('fukuoka')
#2 /var/www/html/framework/web/CWebApplication.php(141): CWebApplication->runController('interview/fukuo...')
#3 /var/www/html/framework/base/CApplication.php(185): CWebApplication->processRequest()
#4 /var/www/html/interview/index.php(12): CApplication->run()
#5 {main}
REQUEST_URI=/interview/interview/fukuoka/miku-doi.php
---
2020/04/09 16:18:52 [error] [exception.CHttpException.404] exception 'CHttpException' with message 'The system is unable to find the requested action "fukuoka".' in /var/www/html/framework/web/CController.php:483
Stack trace:
#0 /var/www/html/framework/web/CController.php(270): CController->missingAction('fukuoka')
#1 /var/www/html/framework/web/CWebApplication.php(282): CController->run('fukuoka')
#2 /var/www/html/framework/web/CWebApplication.php(141): CWebApplication->runController('interview/fukuo...')
#3 /var/www/html/framework/base/CApplication.php(185): CWebApplication->processRequest()
#4 /var/www/html/interview/index.php(12): CApplication->run()
#5 {main}
REQUEST_URI=/interview/interview/fukuoka/takuya-mizukami.php
---
2020/04/09 20:56:02 [error] [exception.CHttpException.404] exception 'CHttpException' with message 'The system is unable to find the requested action "fukuoka".' in /var/www/html/framework/web/CController.php:483
Stack trace:
#0 /var/www/html/framework/web/CController.php(270): CController->missingAction('fukuoka')
#1 /var/www/html/framework/web/CWebApplication.php(282): CController->run('fukuoka')
#2 /var/www/html/framework/web/CWebApplication.php(141): CWebApplication->runController('interview/fukuo...')
#3 /var/www/html/framework/base/CApplication.php(185): CWebApplication->processRequest()
#4 /var/www/html/interview/index.php(12): CApplication->run()
#5 {main}
REQUEST_URI=/interview/interview/fukuoka/miku-doi.php
---
2020/04/10 01:13:47 [error] [exception.CHttpException.404] exception 'CHttpException' with message 'The system is unable to find the requested action "fukuoka".' in /var/www/html/framework/web/CController.php:483
Stack trace:
#0 /var/www/html/framework/web/CController.php(270): CController->missingAction('fukuoka')
#1 /var/www/html/framework/web/CWebApplication.php(282): CController->run('fukuoka')
#2 /var/www/html/framework/web/CWebApplication.php(141): CWebApplication->runController('interview/fukuo...')
#3 /var/www/html/framework/base/CApplication.php(185): CWebApplication->processRequest()
#4 /var/www/html/interview/index.php(12): CApplication->run()
#5 {main}
REQUEST_URI=/interview/interview/fukuoka/takuya-mizukami.php
---
2020/04/11 07:48:46 [error] [exception.CHttpException.404] exception 'CHttpException' with message 'The system is unable to find the requested action "qa_seminar".' in /var/www/html/framework/web/CController.php:483
Stack trace:
#0 /var/www/html/framework/web/CController.php(270): CController->missingAction('qa_seminar')
#1 /var/www/html/framework/web/CWebApplication.php(282): CController->run('qa_seminar')
#2 /var/www/html/framework/web/CWebApplication.php(141): CWebApplication->runController('qa/qa_seminar')
#3 /var/www/html/framework/base/CApplication.php(185): CWebApplication->processRequest()
#4 /var/www/html/interview/index.php(12): CApplication->run()
#5 {main}
REQUEST_URI=/qa_seminar.html
---
2020/04/12 14:13:27 [error] [exception.CHttpException.404] exception 'CHttpException' with message 'The system is unable to find the requested action "osaka".' in /var/www/html/framework/web/CController.php:483
Stack trace:
#0 /var/www/html/framework/web/CController.php(270): CController->missingAction('osaka')
#1 /var/www/html/framework/web/CWebApplication.php(282): CController->run('osaka')
#2 /var/www/html/framework/web/CWebApplication.php(141): CWebApplication->runController('interview/osaka...')
#3 /var/www/html/framework/base/CApplication.php(185): CWebApplication->processRequest()
#4 /var/www/html/interview/index.php(12): CApplication->run()
#5 {main}
REQUEST_URI=/interview/interview/osaka/yuya-kimura.php
---
2020/04/13 08:16:27 [error] [exception.CHttpException.400] exception 'CHttpException' with message 'Your request is invalid.' in /var/www/html/framework/web/CController.php:336
Stack trace:
#0 /var/www/html/framework/web/CController.php(309): CController->invalidActionParams(Object(CInlineAction))
#1 /var/www/html/framework/web/CController.php(286): CController->runAction(Object(CInlineAction))
#2 /var/www/html/framework/web/CController.php(265): CController->runActionWithFilters(Object(CInlineAction), Array)
#3 /var/www/html/framework/web/CWebApplication.php(282): CController->run('categoryson')
#4 /var/www/html/framework/web/CWebApplication.php(141): CWebApplication->runController('qa/categoryson/...')
#5 /var/www/html/framework/base/CApplication.php(185): CWebApplication->processRequest()
#6 /var/www/html/interview/index.php(12): CApplication->run()
#7 {main}
REQUEST_URI=/qa/category/%C3%A6%E2%80%94%C2%A5%C3%A6%C5%93%C2%AC%C3%A3%C6%92%C2%AF%C3%A3%C6%92%C2%BC%C3%A3%E2%80%9A%C2%AD%C3%A3%C6%92%C2%B3%C3%A3%E2%80%9A%C2%B0%C3%A3%C6%92%C2%BB%C3%A3%C6%92%E2%80%BA%C3%A3%C6%92%C2%AA%C3%A3%C6%92%E2%80%A1%C3%A3%C6%92%C2%BC%C3%A5%C2%8D%E2%80%9D%C3%A4%C2%BC%C5%A1%C3%A3%C2%81%C2%AE%C3%A3%E2%80%9A%C2%BB%C3%A3%C6%92%C5%B8%C3%A3%C6%92%C5%A0%C3%A3%C6%92%C2%BC%C3%A3%C2%81%C2%AB%C3%A3%C2%81%C2%A4%C3%A3%C2%81%E2%80%9E%C3%A3%C2%81%C2%A6
---
2020/04/17 15:01:09 [error] [exception.CHttpException.404] exception 'CHttpException' with message 'The system is unable to find the requested action "fukuoka".' in /var/www/html/framework/web/CController.php:483
Stack trace:
#0 /var/www/html/framework/web/CController.php(270): CController->missingAction('fukuoka')
#1 /var/www/html/framework/web/CWebApplication.php(282): CController->run('fukuoka')
#2 /var/www/html/framework/web/CWebApplication.php(141): CWebApplication->runController('interview/fukuo...')
#3 /var/www/html/framework/base/CApplication.php(185): CWebApplication->processRequest()
#4 /var/www/html/interview/index.php(12): CApplication->run()
#5 {main}
REQUEST_URI=/interview/interview/fukuoka/yuki-inoue.php
---
2020/04/17 15:39:01 [error] [exception.CHttpException.404] exception 'CHttpException' with message 'The system is unable to find the requested action "osaka".' in /var/www/html/framework/web/CController.php:483
Stack trace:
#0 /var/www/html/framework/web/CController.php(270): CController->missingAction('osaka')
#1 /var/www/html/framework/web/CWebApplication.php(282): CController->run('osaka')
#2 /var/www/html/framework/web/CWebApplication.php(141): CWebApplication->runController('interview/osaka...')
#3 /var/www/html/framework/base/CApplication.php(185): CWebApplication->processRequest()
#4 /var/www/html/interview/index.php(12): CApplication->run()
#5 {main}
REQUEST_URI=/interview/interview/osaka/daichi-mitsui.php
---
2020/04/17 17:13:40 [error] [exception.CHttpException.404] exception 'CHttpException' with message 'The system is unable to find the requested action "tokyo".' in /var/www/html/framework/web/CController.php:483
Stack trace:
#0 /var/www/html/framework/web/CController.php(270): CController->missingAction('tokyo')
#1 /var/www/html/framework/web/CWebApplication.php(282): CController->run('tokyo')
#2 /var/www/html/framework/web/CWebApplication.php(141): CWebApplication->runController('interview/tokyo...')
#3 /var/www/html/framework/base/CApplication.php(185): CWebApplication->processRequest()
#4 /var/www/html/interview/index.php(12): CApplication->run()
#5 {main}
REQUEST_URI=/interview/interview/tokyo/manami-kumazaki.php
---
2020/04/18 03:38:31 [error] [exception.CHttpException.404] exception 'CHttpException' with message 'The system is unable to find the requested action "qa_seminar".' in /var/www/html/framework/web/CController.php:483
Stack trace:
#0 /var/www/html/framework/web/CController.php(270): CController->missingAction('qa_seminar')
#1 /var/www/html/framework/web/CWebApplication.php(282): CController->run('qa_seminar')
#2 /var/www/html/framework/web/CWebApplication.php(141): CWebApplication->runController('qa/qa_seminar')
#3 /var/www/html/framework/base/CApplication.php(185): CWebApplication->processRequest()
#4 /var/www/html/interview/index.php(12): CApplication->run()
#5 {main}
REQUEST_URI=/qa_seminar.html
---
2020/04/18 06:19:27 [error] [exception.CHttpException.404] exception 'CHttpException' with message 'The system is unable to find the requested action "tokyo".' in /var/www/html/framework/web/CController.php:483
Stack trace:
#0 /var/www/html/framework/web/CController.php(270): CController->missingAction('tokyo')
#1 /var/www/html/framework/web/CWebApplication.php(282): CController->run('tokyo')
#2 /var/www/html/framework/web/CWebApplication.php(141): CWebApplication->runController('interview/tokyo...')
#3 /var/www/html/framework/base/CApplication.php(185): CWebApplication->processRequest()
#4 /var/www/html/interview/index.php(12): CApplication->run()
#5 {main}
REQUEST_URI=/interview/interview/tokyo/hana.php
---
2020/04/19 05:59:27 [error] [exception.CHttpException.404] exception 'CHttpException' with message 'The system is unable to find the requested action "tokyo".' in /var/www/html/framework/web/CController.php:483
Stack trace:
#0 /var/www/html/framework/web/CController.php(270): CController->missingAction('tokyo')
#1 /var/www/html/framework/web/CWebApplication.php(282): CController->run('tokyo')
#2 /var/www/html/framework/web/CWebApplication.php(141): CWebApplication->runController('interview/tokyo...')
#3 /var/www/html/framework/base/CApplication.php(185): CWebApplication->processRequest()
#4 /var/www/html/interview/index.php(12): CApplication->run()
#5 {main}
REQUEST_URI=/interview/interview/tokyo/asami.php
---
2020/04/19 07:43:35 [error] [exception.CHttpException.404] exception 'CHttpException' with message 'The system is unable to find the requested action "tokyo".' in /var/www/html/framework/web/CController.php:483
Stack trace:
#0 /var/www/html/framework/web/CController.php(270): CController->missingAction('tokyo')
#1 /var/www/html/framework/web/CWebApplication.php(282): CController->run('tokyo')
#2 /var/www/html/framework/web/CWebApplication.php(141): CWebApplication->runController('interview/tokyo...')
#3 /var/www/html/framework/base/CApplication.php(185): CWebApplication->processRequest()
#4 /var/www/html/interview/index.php(12): CApplication->run()
#5 {main}
REQUEST_URI=/interview/interview/tokyo/takehiro-kitagawa.php
---
2020/04/19 09:27:43 [error] [exception.CHttpException.404] exception 'CHttpException' with message 'The system is unable to find the requested action "osaka".' in /var/www/html/framework/web/CController.php:483
Stack trace:
#0 /var/www/html/framework/web/CController.php(270): CController->missingAction('osaka')
#1 /var/www/html/framework/web/CWebApplication.php(282): CController->run('osaka')
#2 /var/www/html/framework/web/CWebApplication.php(141): CWebApplication->runController('interview/osaka...')
#3 /var/www/html/framework/base/CApplication.php(185): CWebApplication->processRequest()
#4 /var/www/html/interview/index.php(12): CApplication->run()
#5 {main}
REQUEST_URI=/interview/interview/osaka/saya-okubo.php
---
2020/04/19 10:05:35 [error] [exception.CHttpException.404] exception 'CHttpException' with message 'The system is unable to find the requested action "fukuoka".' in /var/www/html/framework/web/CController.php:483
Stack trace:
#0 /var/www/html/framework/web/CController.php(270): CController->missingAction('fukuoka')
#1 /var/www/html/framework/web/CWebApplication.php(282): CController->run('fukuoka')
#2 /var/www/html/framework/web/CWebApplication.php(141): CWebApplication->runController('interview/fukuo...')
#3 /var/www/html/framework/base/CApplication.php(185): CWebApplication->processRequest()
#4 /var/www/html/interview/index.php(12): CApplication->run()
#5 {main}
REQUEST_URI=/interview/interview/fukuoka/miku-doi.php
---
2020/04/19 11:11:51 [error] [exception.CHttpException.404] exception 'CHttpException' with message 'The system is unable to find the requested action "osaka".' in /var/www/html/framework/web/CController.php:483
Stack trace:
#0 /var/www/html/framework/web/CController.php(270): CController->missingAction('osaka')
#1 /var/www/html/framework/web/CWebApplication.php(282): CController->run('osaka')
#2 /var/www/html/framework/web/CWebApplication.php(141): CWebApplication->runController('interview/osaka...')
#3 /var/www/html/framework/base/CApplication.php(185): CWebApplication->processRequest()
#4 /var/www/html/interview/index.php(12): CApplication->run()
#5 {main}
REQUEST_URI=/interview/interview/osaka/yuya-kimura.php
---
2020/04/19 11:21:19 [error] [exception.CHttpException.404] exception 'CHttpException' with message 'The system is unable to find the requested action "osaka".' in /var/www/html/framework/web/CController.php:483
Stack trace:
#0 /var/www/html/framework/web/CController.php(270): CController->missingAction('osaka')
#1 /var/www/html/framework/web/CWebApplication.php(282): CController->run('osaka')
#2 /var/www/html/framework/web/CWebApplication.php(141): CWebApplication->runController('interview/osaka...')
#3 /var/www/html/framework/base/CApplication.php(185): CWebApplication->processRequest()
#4 /var/www/html/interview/index.php(12): CApplication->run()
#5 {main}
REQUEST_URI=/interview/interview/osaka/naomi-maeda.php
---
2020/04/19 11:40:15 [error] [exception.CHttpException.404] exception 'CHttpException' with message 'The system is unable to find the requested action "nagoya".' in /var/www/html/framework/web/CController.php:483
Stack trace:
#0 /var/www/html/framework/web/CController.php(270): CController->missingAction('nagoya')
#1 /var/www/html/framework/web/CWebApplication.php(282): CController->run('nagoya')
#2 /var/www/html/framework/web/CWebApplication.php(141): CWebApplication->runController('interview/nagoy...')
#3 /var/www/html/framework/base/CApplication.php(185): CWebApplication->processRequest()
#4 /var/www/html/interview/index.php(12): CApplication->run()
#5 {main}
REQUEST_URI=/interview/interview/nagoya/ko-nakasone.php
---
2020/04/19 11:59:11 [error] [exception.CHttpException.404] exception 'CHttpException' with message 'The system is unable to find the requested action "tokyo".' in /var/www/html/framework/web/CController.php:483
Stack trace:
#0 /var/www/html/framework/web/CController.php(270): CController->missingAction('tokyo')
#1 /var/www/html/framework/web/CWebApplication.php(282): CController->run('tokyo')
#2 /var/www/html/framework/web/CWebApplication.php(141): CWebApplication->runController('interview/tokyo...')
#3 /var/www/html/framework/base/CApplication.php(185): CWebApplication->processRequest()
#4 /var/www/html/interview/index.php(12): CApplication->run()
#5 {main}
REQUEST_URI=/interview/interview/tokyo/kotaro-asari.php
---
2020/04/19 12:27:35 [error] [exception.CHttpException.404] exception 'CHttpException' with message 'The system is unable to find the requested action "tokyo".' in /var/www/html/framework/web/CController.php:483
Stack trace:
#0 /var/www/html/framework/web/CController.php(270): CController->missingAction('tokyo')
#1 /var/www/html/framework/web/CWebApplication.php(282): CController->run('tokyo')
#2 /var/www/html/framework/web/CWebApplication.php(141): CWebApplication->runController('interview/tokyo...')
#3 /var/www/html/framework/base/CApplication.php(185): CWebApplication->processRequest()
#4 /var/www/html/interview/index.php(12): CApplication->run()
#5 {main}
REQUEST_URI=/interview/interview/tokyo/ryo-takeshita.php
---
2020/04/19 13:52:48 [error] [exception.CHttpException.404] exception 'CHttpException' with message 'The system is unable to find the requested action "nagoya".' in /var/www/html/framework/web/CController.php:483
Stack trace:
#0 /var/www/html/framework/web/CController.php(270): CController->missingAction('nagoya')
#1 /var/www/html/framework/web/CWebApplication.php(282): CController->run('nagoya')
#2 /var/www/html/framework/web/CWebApplication.php(141): CWebApplication->runController('interview/nagoy...')
#3 /var/www/html/framework/base/CApplication.php(185): CWebApplication->processRequest()
#4 /var/www/html/interview/index.php(12): CApplication->run()
#5 {main}
REQUEST_URI=/interview/interview/nagoya/akiko-okumura.php
---
2020/04/19 14:40:07 [error] [exception.CHttpException.404] exception 'CHttpException' with message 'The system is unable to find the requested action "nagoya".' in /var/www/html/framework/web/CController.php:483
Stack trace:
#0 /var/www/html/framework/web/CController.php(270): CController->missingAction('nagoya')
#1 /var/www/html/framework/web/CWebApplication.php(282): CController->run('nagoya')
#2 /var/www/html/framework/web/CWebApplication.php(141): CWebApplication->runController('interview/nagoy...')
#3 /var/www/html/framework/base/CApplication.php(185): CWebApplication->processRequest()
#4 /var/www/html/interview/index.php(12): CApplication->run()
#5 {main}
REQUEST_URI=/interview/interview/nagoya/saori-hasegawa.php
---
2020/04/19 16:33:43 [error] [exception.CHttpException.404] exception 'CHttpException' with message 'The system is unable to find the requested action "fukuoka".' in /var/www/html/framework/web/CController.php:483
Stack trace:
#0 /var/www/html/framework/web/CController.php(270): CController->missingAction('fukuoka')
#1 /var/www/html/framework/web/CWebApplication.php(282): CController->run('fukuoka')
#2 /var/www/html/framework/web/CWebApplication.php(141): CWebApplication->runController('interview/fukuo...')
#3 /var/www/html/framework/base/CApplication.php(185): CWebApplication->processRequest()
#4 /var/www/html/interview/index.php(12): CApplication->run()
#5 {main}
REQUEST_URI=/interview/interview/fukuoka/takuya-mizukami.php
---
2020/04/20 20:35:41 [error] [exception.CHttpException.404] exception 'CHttpException' with message 'The system is unable to find the requested action "fukuoka".' in /var/www/html/framework/web/CController.php:483
Stack trace:
#0 /var/www/html/framework/web/CController.php(270): CController->missingAction('fukuoka')
#1 /var/www/html/framework/web/CWebApplication.php(282): CController->run('fukuoka')
#2 /var/www/html/framework/web/CWebApplication.php(141): CWebApplication->runController('interview/fukuo...')
#3 /var/www/html/framework/base/CApplication.php(185): CWebApplication->processRequest()
#4 /var/www/html/interview/index.php(12): CApplication->run()
#5 {main}
REQUEST_URI=/interview/interview/fukuoka/yuki-inoue.php
---
2020/04/21 02:30:13 [error] [exception.CHttpException.404] exception 'CHttpException' with message 'The system is unable to find the requested action "fukuoka".' in /var/www/html/framework/web/CController.php:483
Stack trace:
#0 /var/www/html/framework/web/CController.php(270): CController->missingAction('fukuoka')
#1 /var/www/html/framework/web/CWebApplication.php(282): CController->run('fukuoka')
#2 /var/www/html/framework/web/CWebApplication.php(141): CWebApplication->runController('interview/fukuo...')
#3 /var/www/html/framework/base/CApplication.php(185): CWebApplication->processRequest()
#4 /var/www/html/interview/index.php(12): CApplication->run()
#5 {main}
REQUEST_URI=/interview/interview/fukuoka/takuya-mizukami.php
---
2020/04/21 03:29:49 [error] [exception.CHttpException.404] exception 'CHttpException' with message 'The system is unable to find the requested action "nagoya".' in /var/www/html/framework/web/CController.php:483
Stack trace:
#0 /var/www/html/framework/web/CController.php(270): CController->missingAction('nagoya')
#1 /var/www/html/framework/web/CWebApplication.php(282): CController->run('nagoya')
#2 /var/www/html/framework/web/CWebApplication.php(141): CWebApplication->runController('interview/nagoy...')
#3 /var/www/html/framework/base/CApplication.php(185): CWebApplication->processRequest()
#4 /var/www/html/interview/index.php(12): CApplication->run()
#5 {main}
REQUEST_URI=/interview/interview/nagoya/ko-nakasone.php
---
2020/04/21 13:21:33 [error] [exception.CHttpException.404] exception 'CHttpException' with message 'The system is unable to find the requested action "tokyo".' in /var/www/html/framework/web/CController.php:483
Stack trace:
#0 /var/www/html/framework/web/CController.php(270): CController->missingAction('tokyo')
#1 /var/www/html/framework/web/CWebApplication.php(282): CController->run('tokyo')
#2 /var/www/html/framework/web/CWebApplication.php(141): CWebApplication->runController('interview/tokyo...')
#3 /var/www/html/framework/base/CApplication.php(185): CWebApplication->processRequest()
#4 /var/www/html/interview/index.php(12): CApplication->run()
#5 {main}
REQUEST_URI=/interview/interview/tokyo/takehiro-kitagawa.php
---
2020/04/29 21:39:24 [error] [exception.CHttpException.404] exception 'CHttpException' with message 'The system is unable to find the requested action "qa_seminar".' in /var/www/html/framework/web/CController.php:483
Stack trace:
#0 /var/www/html/framework/web/CController.php(270): CController->missingAction('qa_seminar')
#1 /var/www/html/framework/web/CWebApplication.php(282): CController->run('qa_seminar')
#2 /var/www/html/framework/web/CWebApplication.php(141): CWebApplication->runController('qa/qa_seminar')
#3 /var/www/html/framework/base/CApplication.php(185): CWebApplication->processRequest()
#4 /var/www/html/interview/index.php(12): CApplication->run()
#5 {main}
REQUEST_URI=/qa_seminar.html
---
2020/05/01 06:22:15 [error] [exception.CHttpException.404] exception 'CHttpException' with message 'The system is unable to find the requested action "qa_seminar".' in /var/www/html/framework/web/CController.php:483
Stack trace:
#0 /var/www/html/framework/web/CController.php(270): CController->missingAction('qa_seminar')
#1 /var/www/html/framework/web/CWebApplication.php(282): CController->run('qa_seminar')
#2 /var/www/html/framework/web/CWebApplication.php(141): CWebApplication->runController('qa/qa_seminar')
#3 /var/www/html/framework/base/CApplication.php(185): CWebApplication->processRequest()
#4 /var/www/html/interview/index.php(12): CApplication->run()
#5 {main}
REQUEST_URI=/qa_seminar.html
---
2020/05/02 09:36:09 [error] [exception.CHttpException.404] exception 'CHttpException' with message 'The system is unable to find the requested action "osaka".' in /var/www/html/framework/web/CController.php:483
Stack trace:
#0 /var/www/html/framework/web/CController.php(270): CController->missingAction('osaka')
#1 /var/www/html/framework/web/CWebApplication.php(282): CController->run('osaka')
#2 /var/www/html/framework/web/CWebApplication.php(141): CWebApplication->runController('interview/osaka...')
#3 /var/www/html/framework/base/CApplication.php(185): CWebApplication->processRequest()
#4 /var/www/html/interview/index.php(12): CApplication->run()
#5 {main}
REQUEST_URI=/interview/interview/osaka/yuya-kimura.php
---
2020/05/02 09:45:35 [error] [exception.CHttpException.404] exception 'CHttpException' with message 'The system is unable to find the requested action "tokyo".' in /var/www/html/framework/web/CController.php:483
Stack trace:
#0 /var/www/html/framework/web/CController.php(270): CController->missingAction('tokyo')
#1 /var/www/html/framework/web/CWebApplication.php(282): CController->run('tokyo')
#2 /var/www/html/framework/web/CWebApplication.php(141): CWebApplication->runController('interview/tokyo...')
#3 /var/www/html/framework/base/CApplication.php(185): CWebApplication->processRequest()
#4 /var/www/html/interview/index.php(12): CApplication->run()
#5 {main}
REQUEST_URI=/interview/interview/tokyo/kotaro-asari.php
---
2020/05/02 10:04:31 [error] [exception.CHttpException.404] exception 'CHttpException' with message 'The system is unable to find the requested action "osaka".' in /var/www/html/framework/web/CController.php:483
Stack trace:
#0 /var/www/html/framework/web/CController.php(270): CController->missingAction('osaka')
#1 /var/www/html/framework/web/CWebApplication.php(282): CController->run('osaka')
#2 /var/www/html/framework/web/CWebApplication.php(141): CWebApplication->runController('interview/osaka...')
#3 /var/www/html/framework/base/CApplication.php(185): CWebApplication->processRequest()
#4 /var/www/html/interview/index.php(12): CApplication->run()
#5 {main}
REQUEST_URI=/interview/interview/osaka/daichi-mitsui.php
---
2020/05/02 10:23:27 [error] [exception.CHttpException.404] exception 'CHttpException' with message 'The system is unable to find the requested action "tokyo".' in /var/www/html/framework/web/CController.php:483
Stack trace:
#0 /var/www/html/framework/web/CController.php(270): CController->missingAction('tokyo')
#1 /var/www/html/framework/web/CWebApplication.php(282): CController->run('tokyo')
#2 /var/www/html/framework/web/CWebApplication.php(141): CWebApplication->runController('interview/tokyo...')
#3 /var/www/html/framework/base/CApplication.php(185): CWebApplication->processRequest()
#4 /var/www/html/interview/index.php(12): CApplication->run()
#5 {main}
REQUEST_URI=/interview/interview/tokyo/hana-nakamura.php
---
2020/05/02 10:32:55 [error] [exception.CHttpException.404] exception 'CHttpException' with message 'The system is unable to find the requested action "fukuoka".' in /var/www/html/framework/web/CController.php:483
Stack trace:
#0 /var/www/html/framework/web/CController.php(270): CController->missingAction('fukuoka')
#1 /var/www/html/framework/web/CWebApplication.php(282): CController->run('fukuoka')
#2 /var/www/html/framework/web/CWebApplication.php(141): CWebApplication->runController('interview/fukuo...')
#3 /var/www/html/framework/base/CApplication.php(185): CWebApplication->processRequest()
#4 /var/www/html/interview/index.php(12): CApplication->run()
#5 {main}
REQUEST_URI=/interview/interview/fukuoka/takuya-mizukami.php
---
2020/05/02 13:42:17 [error] [exception.CHttpException.404] exception 'CHttpException' with message 'The system is unable to find the requested action "tokyo".' in /var/www/html/framework/web/CController.php:483
Stack trace:
#0 /var/www/html/framework/web/CController.php(270): CController->missingAction('tokyo')
#1 /var/www/html/framework/web/CWebApplication.php(282): CController->run('tokyo')
#2 /var/www/html/framework/web/CWebApplication.php(141): CWebApplication->runController('interview/tokyo...')
#3 /var/www/html/framework/base/CApplication.php(185): CWebApplication->processRequest()
#4 /var/www/html/interview/index.php(12): CApplication->run()
#5 {main}
REQUEST_URI=/interview/interview/tokyo/ryo-takeshita.php
---
2020/05/02 15:16:55 [error] [exception.CHttpException.404] exception 'CHttpException' with message 'The system is unable to find the requested action "osaka".' in /var/www/html/framework/web/CController.php:483
Stack trace:
#0 /var/www/html/framework/web/CController.php(270): CController->missingAction('osaka')
#1 /var/www/html/framework/web/CWebApplication.php(282): CController->run('osaka')
#2 /var/www/html/framework/web/CWebApplication.php(141): CWebApplication->runController('interview/osaka...')
#3 /var/www/html/framework/base/CApplication.php(185): CWebApplication->processRequest()
#4 /var/www/html/interview/index.php(12): CApplication->run()
#5 {main}
REQUEST_URI=/interview/interview/osaka/moe-sato.php
---
2020/05/02 15:26:23 [error] [exception.CHttpException.404] exception 'CHttpException' with message 'The system is unable to find the requested action "osaka".' in /var/www/html/framework/web/CController.php:483
Stack trace:
#0 /var/www/html/framework/web/CController.php(270): CController->missingAction('osaka')
#1 /var/www/html/framework/web/CWebApplication.php(282): CController->run('osaka')
#2 /var/www/html/framework/web/CWebApplication.php(141): CWebApplication->runController('interview/osaka...')
#3 /var/www/html/framework/base/CApplication.php(185): CWebApplication->processRequest()
#4 /var/www/html/interview/index.php(12): CApplication->run()
#5 {main}
REQUEST_URI=/interview/interview/osaka/saya-okubo.php
---
2020/05/02 15:54:47 [error] [exception.CHttpException.404] exception 'CHttpException' with message 'The system is unable to find the requested action "osaka".' in /var/www/html/framework/web/CController.php:483
Stack trace:
#0 /var/www/html/framework/web/CController.php(270): CController->missingAction('osaka')
#1 /var/www/html/framework/web/CWebApplication.php(282): CController->run('osaka')
#2 /var/www/html/framework/web/CWebApplication.php(141): CWebApplication->runController('interview/osaka...')
#3 /var/www/html/framework/base/CApplication.php(185): CWebApplication->processRequest()
#4 /var/www/html/interview/index.php(12): CApplication->run()
#5 {main}
REQUEST_URI=/interview/interview/osaka/naomi-maeda.php
---
2020/05/02 16:23:11 [error] [exception.CHttpException.404] exception 'CHttpException' with message 'The system is unable to find the requested action "fukuoka".' in /var/www/html/framework/web/CController.php:483
Stack trace:
#0 /var/www/html/framework/web/CController.php(270): CController->missingAction('fukuoka')
#1 /var/www/html/framework/web/CWebApplication.php(282): CController->run('fukuoka')
#2 /var/www/html/framework/web/CWebApplication.php(141): CWebApplication->runController('interview/fukuo...')
#3 /var/www/html/framework/base/CApplication.php(185): CWebApplication->processRequest()
#4 /var/www/html/interview/index.php(12): CApplication->run()
#5 {main}
REQUEST_URI=/interview/interview/fukuoka/yuki-inoue.php
---
2020/05/02 16:51:35 [error] [exception.CHttpException.404] exception 'CHttpException' with message 'The system is unable to find the requested action "nagoya".' in /var/www/html/framework/web/CController.php:483
Stack trace:
#0 /var/www/html/framework/web/CController.php(270): CController->missingAction('nagoya')
#1 /var/www/html/framework/web/CWebApplication.php(282): CController->run('nagoya')
#2 /var/www/html/framework/web/CWebApplication.php(141): CWebApplication->runController('interview/nagoy...')
#3 /var/www/html/framework/base/CApplication.php(185): CWebApplication->processRequest()
#4 /var/www/html/interview/index.php(12): CApplication->run()
#5 {main}
REQUEST_URI=/interview/interview/nagoya/akiko-okumura.php
---
2020/05/02 17:10:31 [error] [exception.CHttpException.404] exception 'CHttpException' with message 'The system is unable to find the requested action "tokyo".' in /var/www/html/framework/web/CController.php:483
Stack trace:
#0 /var/www/html/framework/web/CController.php(270): CController->missingAction('tokyo')
#1 /var/www/html/framework/web/CWebApplication.php(282): CController->run('tokyo')
#2 /var/www/html/framework/web/CWebApplication.php(141): CWebApplication->runController('interview/tokyo...')
#3 /var/www/html/framework/base/CApplication.php(185): CWebApplication->processRequest()
#4 /var/www/html/interview/index.php(12): CApplication->run()
#5 {main}
REQUEST_URI=/interview/interview/tokyo/manami-kumazaki.php
---
2020/05/02 22:32:24 [error] [exception.CHttpException.404] exception 'CHttpException' with message 'The system is unable to find the requested action "nagoya".' in /var/www/html/framework/web/CController.php:483
Stack trace:
#0 /var/www/html/framework/web/CController.php(270): CController->missingAction('nagoya')
#1 /var/www/html/framework/web/CWebApplication.php(282): CController->run('nagoya')
#2 /var/www/html/framework/web/CWebApplication.php(141): CWebApplication->runController('interview/nagoy...')
#3 /var/www/html/framework/base/CApplication.php(185): CWebApplication->processRequest()
#4 /var/www/html/interview/index.php(12): CApplication->run()
#5 {main}
REQUEST_URI=/interview/interview/nagoya/saori-hasegawa.php
---
2020/05/08 00:49:16 [error] [exception.CHttpException.404] exception 'CHttpException' with message 'The system is unable to find the requested action "tokyo".' in /var/www/html/framework/web/CController.php:483
Stack trace:
#0 /var/www/html/framework/web/CController.php(270): CController->missingAction('tokyo')
#1 /var/www/html/framework/web/CWebApplication.php(282): CController->run('tokyo')
#2 /var/www/html/framework/web/CWebApplication.php(141): CWebApplication->runController('interview/tokyo...')
#3 /var/www/html/framework/base/CApplication.php(185): CWebApplication->processRequest()
#4 /var/www/html/interview/index.php(12): CApplication->run()
#5 {main}
REQUEST_URI=/interview/interview/tokyo/ryo-takeshita.php
---
2020/05/08 01:08:13 [error] [exception.CHttpException.404] exception 'CHttpException' with message 'The system is unable to find the requested action "nagoya".' in /var/www/html/framework/web/CController.php:483
Stack trace:
#0 /var/www/html/framework/web/CController.php(270): CController->missingAction('nagoya')
#1 /var/www/html/framework/web/CWebApplication.php(282): CController->run('nagoya')
#2 /var/www/html/framework/web/CWebApplication.php(141): CWebApplication->runController('interview/nagoy...')
#3 /var/www/html/framework/base/CApplication.php(185): CWebApplication->processRequest()
#4 /var/www/html/interview/index.php(12): CApplication->run()
#5 {main}
REQUEST_URI=/interview/interview/nagoya/saori-hasegawa.php
---
2020/05/08 01:17:42 [error] [exception.CHttpException.404] exception 'CHttpException' with message 'The system is unable to find the requested action "tokyo".' in /var/www/html/framework/web/CController.php:483
Stack trace:
#0 /var/www/html/framework/web/CController.php(270): CController->missingAction('tokyo')
#1 /var/www/html/framework/web/CWebApplication.php(282): CController->run('tokyo')
#2 /var/www/html/framework/web/CWebApplication.php(141): CWebApplication->runController('interview/tokyo...')
#3 /var/www/html/framework/base/CApplication.php(185): CWebApplication->processRequest()
#4 /var/www/html/interview/index.php(12): CApplication->run()
#5 {main}
REQUEST_URI=/interview/interview/tokyo/manami-kumazaki.php
---
2020/05/08 01:36:36 [error] [exception.CHttpException.404] exception 'CHttpException' with message 'The system is unable to find the requested action "tokyo".' in /var/www/html/framework/web/CController.php:483
Stack trace:
#0 /var/www/html/framework/web/CController.php(270): CController->missingAction('tokyo')
#1 /var/www/html/framework/web/CWebApplication.php(282): CController->run('tokyo')
#2 /var/www/html/framework/web/CWebApplication.php(141): CWebApplication->runController('interview/tokyo...')
#3 /var/www/html/framework/base/CApplication.php(185): CWebApplication->processRequest()
#4 /var/www/html/interview/index.php(12): CApplication->run()
#5 {main}
REQUEST_URI=/interview/interview/tokyo/takehiro-kitagawa.php
---
2020/05/09 02:32:21 [error] [exception.CHttpException.404] exception 'CHttpException' with message 'The system is unable to find the requested action "tokyo".' in /var/www/html/framework/web/CController.php:483
Stack trace:
#0 /var/www/html/framework/web/CController.php(270): CController->missingAction('tokyo')
#1 /var/www/html/framework/web/CWebApplication.php(282): CController->run('tokyo')
#2 /var/www/html/framework/web/CWebApplication.php(141): CWebApplication->runController('interview/tokyo...')
#3 /var/www/html/framework/base/CApplication.php(185): CWebApplication->processRequest()
#4 /var/www/html/interview/index.php(12): CApplication->run()
#5 {main}
REQUEST_URI=/interview/interview/tokyo/asami.php
---
2020/05/09 04:07:00 [error] [exception.CHttpException.404] exception 'CHttpException' with message 'The system is unable to find the requested action "fukuoka".' in /var/www/html/framework/web/CController.php:483
Stack trace:
#0 /var/www/html/framework/web/CController.php(270): CController->missingAction('fukuoka')
#1 /var/www/html/framework/web/CWebApplication.php(282): CController->run('fukuoka')
#2 /var/www/html/framework/web/CWebApplication.php(141): CWebApplication->runController('interview/fukuo...')
#3 /var/www/html/framework/base/CApplication.php(185): CWebApplication->processRequest()
#4 /var/www/html/interview/index.php(12): CApplication->run()
#5 {main}
REQUEST_URI=/interview/interview/fukuoka/miku-doi.php
---
2020/05/09 04:16:28 [error] [exception.CHttpException.404] exception 'CHttpException' with message 'The system is unable to find the requested action "osaka".' in /var/www/html/framework/web/CController.php:483
Stack trace:
#0 /var/www/html/framework/web/CController.php(270): CController->missingAction('osaka')
#1 /var/www/html/framework/web/CWebApplication.php(282): CController->run('osaka')
#2 /var/www/html/framework/web/CWebApplication.php(141): CWebApplication->runController('interview/osaka...')
#3 /var/www/html/framework/base/CApplication.php(185): CWebApplication->processRequest()
#4 /var/www/html/interview/index.php(12): CApplication->run()
#5 {main}
REQUEST_URI=/interview/interview/osaka/saya-okubo.php
---
2020/05/09 04:44:52 [error] [exception.CHttpException.404] exception 'CHttpException' with message 'The system is unable to find the requested action "osaka".' in /var/www/html/framework/web/CController.php:483
Stack trace:
#0 /var/www/html/framework/web/CController.php(270): CController->missingAction('osaka')
#1 /var/www/html/framework/web/CWebApplication.php(282): CController->run('osaka')
#2 /var/www/html/framework/web/CWebApplication.php(141): CWebApplication->runController('interview/osaka...')
#3 /var/www/html/framework/base/CApplication.php(185): CWebApplication->processRequest()
#4 /var/www/html/interview/index.php(12): CApplication->run()
#5 {main}
REQUEST_URI=/interview/interview/osaka/naomi-maeda.php
---
2020/05/09 05:13:16 [error] [exception.CHttpException.404] exception 'CHttpException' with message 'The system is unable to find the requested action "osaka".' in /var/www/html/framework/web/CController.php:483
Stack trace:
#0 /var/www/html/framework/web/CController.php(270): CController->missingAction('osaka')
#1 /var/www/html/framework/web/CWebApplication.php(282): CController->run('osaka')
#2 /var/www/html/framework/web/CWebApplication.php(141): CWebApplication->runController('interview/osaka...')
#3 /var/www/html/framework/base/CApplication.php(185): CWebApplication->processRequest()
#4 /var/www/html/interview/index.php(12): CApplication->run()
#5 {main}
REQUEST_URI=/interview/interview/osaka/daichi-mitsui.php
---
2020/05/09 08:03:40 [error] [exception.CHttpException.404] exception 'CHttpException' with message 'The system is unable to find the requested action "tokyo".' in /var/www/html/framework/web/CController.php:483
Stack trace:
#0 /var/www/html/framework/web/CController.php(270): CController->missingAction('tokyo')
#1 /var/www/html/framework/web/CWebApplication.php(282): CController->run('tokyo')
#2 /var/www/html/framework/web/CWebApplication.php(141): CWebApplication->runController('interview/tokyo...')
#3 /var/www/html/framework/base/CApplication.php(185): CWebApplication->processRequest()
#4 /var/www/html/interview/index.php(12): CApplication->run()
#5 {main}
REQUEST_URI=/interview/interview/tokyo/ryo-takeshita.php
---
2020/05/09 08:13:08 [error] [exception.CHttpException.404] exception 'CHttpException' with message 'The system is unable to find the requested action "tokyo".' in /var/www/html/framework/web/CController.php:483
Stack trace:
#0 /var/www/html/framework/web/CController.php(270): CController->missingAction('tokyo')
#1 /var/www/html/framework/web/CWebApplication.php(282): CController->run('tokyo')
#2 /var/www/html/framework/web/CWebApplication.php(141): CWebApplication->runController('interview/tokyo...')
#3 /var/www/html/framework/base/CApplication.php(185): CWebApplication->processRequest()
#4 /var/www/html/interview/index.php(12): CApplication->run()
#5 {main}
REQUEST_URI=/interview/interview/tokyo/hana-nakamura.php
---
2020/05/09 09:47:48 [error] [exception.CHttpException.404] exception 'CHttpException' with message 'The system is unable to find the requested action "nagoya".' in /var/www/html/framework/web/CController.php:483
Stack trace:
#0 /var/www/html/framework/web/CController.php(270): CController->missingAction('nagoya')
#1 /var/www/html/framework/web/CWebApplication.php(282): CController->run('nagoya')
#2 /var/www/html/framework/web/CWebApplication.php(141): CWebApplication->runController('interview/nagoy...')
#3 /var/www/html/framework/base/CApplication.php(185): CWebApplication->processRequest()
#4 /var/www/html/interview/index.php(12): CApplication->run()
#5 {main}
REQUEST_URI=/interview/interview/nagoya/saori-hasegawa.php
---
2020/05/09 10:54:04 [error] [exception.CHttpException.404] exception 'CHttpException' with message 'The system is unable to find the requested action "osaka".' in /var/www/html/framework/web/CController.php:483
Stack trace:
#0 /var/www/html/framework/web/CController.php(270): CController->missingAction('osaka')
#1 /var/www/html/framework/web/CWebApplication.php(282): CController->run('osaka')
#2 /var/www/html/framework/web/CWebApplication.php(141): CWebApplication->runController('interview/osaka...')
#3 /var/www/html/framework/base/CApplication.php(185): CWebApplication->processRequest()
#4 /var/www/html/interview/index.php(12): CApplication->run()
#5 {main}
REQUEST_URI=/interview/interview/osaka/moe-sato.php
---
2020/05/09 12:19:16 [error] [exception.CHttpException.404] exception 'CHttpException' with message 'The system is unable to find the requested action "osaka".' in /var/www/html/framework/web/CController.php:483
Stack trace:
#0 /var/www/html/framework/web/CController.php(270): CController->missingAction('osaka')
#1 /var/www/html/framework/web/CWebApplication.php(282): CController->run('osaka')
#2 /var/www/html/framework/web/CWebApplication.php(141): CWebApplication->runController('interview/osaka...')
#3 /var/www/html/framework/base/CApplication.php(185): CWebApplication->processRequest()
#4 /var/www/html/interview/index.php(12): CApplication->run()
#5 {main}
REQUEST_URI=/interview/interview/osaka/naomi-maeda.php
---
2020/05/09 12:38:12 [error] [exception.CHttpException.404] exception 'CHttpException' with message 'The system is unable to find the requested action "tokyo".' in /var/www/html/framework/web/CController.php:483
Stack trace:
#0 /var/www/html/framework/web/CController.php(270): CController->missingAction('tokyo')
#1 /var/www/html/framework/web/CWebApplication.php(282): CController->run('tokyo')
#2 /var/www/html/framework/web/CWebApplication.php(141): CWebApplication->runController('interview/tokyo...')
#3 /var/www/html/framework/base/CApplication.php(185): CWebApplication->processRequest()
#4 /var/www/html/interview/index.php(12): CApplication->run()
#5 {main}
REQUEST_URI=/interview/interview/tokyo/kotaro-asari.php
---
2020/05/09 12:47:40 [error] [exception.CHttpException.404] exception 'CHttpException' with message 'The system is unable to find the requested action "nagoya".' in /var/www/html/framework/web/CController.php:483
Stack trace:
#0 /var/www/html/framework/web/CController.php(270): CController->missingAction('nagoya')
#1 /var/www/html/framework/web/CWebApplication.php(282): CController->run('nagoya')
#2 /var/www/html/framework/web/CWebApplication.php(141): CWebApplication->runController('interview/nagoy...')
#3 /var/www/html/framework/base/CApplication.php(185): CWebApplication->processRequest()
#4 /var/www/html/interview/index.php(12): CApplication->run()
#5 {main}
REQUEST_URI=/interview/interview/nagoya/ko-nakasone.php
---
2020/05/09 13:25:32 [error] [exception.CHttpException.404] exception 'CHttpException' with message 'The system is unable to find the requested action "osaka".' in /var/www/html/framework/web/CController.php:483
Stack trace:
#0 /var/www/html/framework/web/CController.php(270): CController->missingAction('osaka')
#1 /var/www/html/framework/web/CWebApplication.php(282): CController->run('osaka')
#2 /var/www/html/framework/web/CWebApplication.php(141): CWebApplication->runController('interview/osaka...')
#3 /var/www/html/framework/base/CApplication.php(185): CWebApplication->processRequest()
#4 /var/www/html/interview/index.php(12): CApplication->run()
#5 {main}
REQUEST_URI=/interview/interview/osaka/moe-sato.php
---
2020/05/09 15:28:36 [error] [exception.CHttpException.404] exception 'CHttpException' with message 'The system is unable to find the requested action "osaka".' in /var/www/html/framework/web/CController.php:483
Stack trace:
#0 /var/www/html/framework/web/CController.php(270): CController->missingAction('osaka')
#1 /var/www/html/framework/web/CWebApplication.php(282): CController->run('osaka')
#2 /var/www/html/framework/web/CWebApplication.php(141): CWebApplication->runController('interview/osaka...')
#3 /var/www/html/framework/base/CApplication.php(185): CWebApplication->processRequest()
#4 /var/www/html/interview/index.php(12): CApplication->run()
#5 {main}
REQUEST_URI=/interview/interview/osaka/yuya-kimura.php
---
2020/05/09 16:15:56 [error] [exception.CHttpException.404] exception 'CHttpException' with message 'The system is unable to find the requested action "tokyo".' in /var/www/html/framework/web/CController.php:483
Stack trace:
#0 /var/www/html/framework/web/CController.php(270): CController->missingAction('tokyo')
#1 /var/www/html/framework/web/CWebApplication.php(282): CController->run('tokyo')
#2 /var/www/html/framework/web/CWebApplication.php(141): CWebApplication->runController('interview/tokyo...')
#3 /var/www/html/framework/base/CApplication.php(185): CWebApplication->processRequest()
#4 /var/www/html/interview/index.php(12): CApplication->run()
#5 {main}
REQUEST_URI=/interview/interview/tokyo/kotaro-asari.php
---
2020/05/09 16:25:24 [error] [exception.CHttpException.404] exception 'CHttpException' with message 'The system is unable to find the requested action "nagoya".' in /var/www/html/framework/web/CController.php:483
Stack trace:
#0 /var/www/html/framework/web/CController.php(270): CController->missingAction('nagoya')
#1 /var/www/html/framework/web/CWebApplication.php(282): CController->run('nagoya')
#2 /var/www/html/framework/web/CWebApplication.php(141): CWebApplication->runController('interview/nagoy...')
#3 /var/www/html/framework/base/CApplication.php(185): CWebApplication->processRequest()
#4 /var/www/html/interview/index.php(12): CApplication->run()
#5 {main}
REQUEST_URI=/interview/interview/nagoya/ko-nakasone.php
---
2020/05/09 16:34:52 [error] [exception.CHttpException.404] exception 'CHttpException' with message 'The system is unable to find the requested action "nagoya".' in /var/www/html/framework/web/CController.php:483
Stack trace:
#0 /var/www/html/framework/web/CController.php(270): CController->missingAction('nagoya')
#1 /var/www/html/framework/web/CWebApplication.php(282): CController->run('nagoya')
#2 /var/www/html/framework/web/CWebApplication.php(141): CWebApplication->runController('interview/nagoy...')
#3 /var/www/html/framework/base/CApplication.php(185): CWebApplication->processRequest()
#4 /var/www/html/interview/index.php(12): CApplication->run()
#5 {main}
REQUEST_URI=/interview/interview/nagoya/akiko-okumura.php
---
2020/05/09 16:53:49 [error] [exception.CHttpException.404] exception 'CHttpException' with message 'The system is unable to find the requested action "tokyo".' in /var/www/html/framework/web/CController.php:483
Stack trace:
#0 /var/www/html/framework/web/CController.php(270): CController->missingAction('tokyo')
#1 /var/www/html/framework/web/CWebApplication.php(282): CController->run('tokyo')
#2 /var/www/html/framework/web/CWebApplication.php(141): CWebApplication->runController('interview/tokyo...')
#3 /var/www/html/framework/base/CApplication.php(185): CWebApplication->processRequest()
#4 /var/www/html/interview/index.php(12): CApplication->run()
#5 {main}
REQUEST_URI=/interview/interview/tokyo/asami.php
---
2020/05/09 17:03:16 [error] [exception.CHttpException.404] exception 'CHttpException' with message 'The system is unable to find the requested action "tokyo".' in /var/www/html/framework/web/CController.php:483
Stack trace:
#0 /var/www/html/framework/web/CController.php(270): CController->missingAction('tokyo')
#1 /var/www/html/framework/web/CWebApplication.php(282): CController->run('tokyo')
#2 /var/www/html/framework/web/CWebApplication.php(141): CWebApplication->runController('interview/tokyo...')
#3 /var/www/html/framework/base/CApplication.php(185): CWebApplication->processRequest()
#4 /var/www/html/interview/index.php(12): CApplication->run()
#5 {main}
REQUEST_URI=/interview/interview/tokyo/manami-kumazaki.php
---
2020/05/10 08:49:56 [error] [exception.CHttpException.404] exception 'CHttpException' with message 'The system is unable to find the requested action "tokyo".' in /var/www/html/framework/web/CController.php:483
Stack trace:
#0 /var/www/html/framework/web/CController.php(270): CController->missingAction('tokyo')
#1 /var/www/html/framework/web/CWebApplication.php(282): CController->run('tokyo')
#2 /var/www/html/framework/web/CWebApplication.php(141): CWebApplication->runController('interview/tokyo...')
#3 /var/www/html/framework/base/CApplication.php(185): CWebApplication->processRequest()
#4 /var/www/html/interview/index.php(12): CApplication->run()
#5 {main}
REQUEST_URI=/interview/interview/tokyo/takehiro-kitagawa.php
---
2020/05/10 09:18:20 [error] [exception.CHttpException.404] exception 'CHttpException' with message 'The system is unable to find the requested action "osaka".' in /var/www/html/framework/web/CController.php:483
Stack trace:
#0 /var/www/html/framework/web/CController.php(270): CController->missingAction('osaka')
#1 /var/www/html/framework/web/CWebApplication.php(282): CController->run('osaka')
#2 /var/www/html/framework/web/CWebApplication.php(141): CWebApplication->runController('interview/osaka...')
#3 /var/www/html/framework/base/CApplication.php(185): CWebApplication->processRequest()
#4 /var/www/html/interview/index.php(12): CApplication->run()
#5 {main}
REQUEST_URI=/interview/interview/osaka/saya-okubo.php
---
2020/05/10 09:27:48 [error] [exception.CHttpException.404] exception 'CHttpException' with message 'The system is unable to find the requested action "fukuoka".' in /var/www/html/framework/web/CController.php:483
Stack trace:
#0 /var/www/html/framework/web/CController.php(270): CController->missingAction('fukuoka')
#1 /var/www/html/framework/web/CWebApplication.php(282): CController->run('fukuoka')
#2 /var/www/html/framework/web/CWebApplication.php(141): CWebApplication->runController('interview/fukuo...')
#3 /var/www/html/framework/base/CApplication.php(185): CWebApplication->processRequest()
#4 /var/www/html/interview/index.php(12): CApplication->run()
#5 {main}
REQUEST_URI=/interview/interview/fukuoka/miku-doi.php
---
2020/05/10 09:56:12 [error] [exception.CHttpException.404] exception 'CHttpException' with message 'The system is unable to find the requested action "osaka".' in /var/www/html/framework/web/CController.php:483
Stack trace:
#0 /var/www/html/framework/web/CController.php(270): CController->missingAction('osaka')
#1 /var/www/html/framework/web/CWebApplication.php(282): CController->run('osaka')
#2 /var/www/html/framework/web/CWebApplication.php(141): CWebApplication->runController('interview/osaka...')
#3 /var/www/html/framework/base/CApplication.php(185): CWebApplication->processRequest()
#4 /var/www/html/interview/index.php(12): CApplication->run()
#5 {main}
REQUEST_URI=/interview/interview/osaka/yuya-kimura.php
---
2020/05/10 10:15:08 [error] [exception.CHttpException.404] exception 'CHttpException' with message 'The system is unable to find the requested action "osaka".' in /var/www/html/framework/web/CController.php:483
Stack trace:
#0 /var/www/html/framework/web/CController.php(270): CController->missingAction('osaka')
#1 /var/www/html/framework/web/CWebApplication.php(282): CController->run('osaka')
#2 /var/www/html/framework/web/CWebApplication.php(141): CWebApplication->runController('interview/osaka...')
#3 /var/www/html/framework/base/CApplication.php(185): CWebApplication->processRequest()
#4 /var/www/html/interview/index.php(12): CApplication->run()
#5 {main}
REQUEST_URI=/interview/interview/osaka/daichi-mitsui.php
---
2020/05/10 10:24:36 [error] [exception.CHttpException.404] exception 'CHttpException' with message 'The system is unable to find the requested action "tokyo".' in /var/www/html/framework/web/CController.php:483
Stack trace:
#0 /var/www/html/framework/web/CController.php(270): CController->missingAction('tokyo')
#1 /var/www/html/framework/web/CWebApplication.php(282): CController->run('tokyo')
#2 /var/www/html/framework/web/CWebApplication.php(141): CWebApplication->runController('interview/tokyo...')
#3 /var/www/html/framework/base/CApplication.php(185): CWebApplication->processRequest()
#4 /var/www/html/interview/index.php(12): CApplication->run()
#5 {main}
REQUEST_URI=/interview/interview/tokyo/hana-nakamura.php
---
2020/05/10 10:43:32 [error] [exception.CHttpException.404] exception 'CHttpException' with message 'The system is unable to find the requested action "nagoya".' in /var/www/html/framework/web/CController.php:483
Stack trace:
#0 /var/www/html/framework/web/CController.php(270): CController->missingAction('nagoya')
#1 /var/www/html/framework/web/CWebApplication.php(282): CController->run('nagoya')
#2 /var/www/html/framework/web/CWebApplication.php(141): CWebApplication->runController('interview/nagoy...')
#3 /var/www/html/framework/base/CApplication.php(185): CWebApplication->processRequest()
#4 /var/www/html/interview/index.php(12): CApplication->run()
#5 {main}
REQUEST_URI=/interview/interview/nagoya/akiko-okumura.php
---
2020/05/13 13:08:53 [error] [exception.CHttpException.404] exception 'CHttpException' with message 'The system is unable to find the requested action "qa_seminar".' in /var/www/html/framework/web/CController.php:483
Stack trace:
#0 /var/www/html/framework/web/CController.php(270): CController->missingAction('qa_seminar')
#1 /var/www/html/framework/web/CWebApplication.php(282): CController->run('qa_seminar')
#2 /var/www/html/framework/web/CWebApplication.php(141): CWebApplication->runController('qa/qa_seminar')
#3 /var/www/html/framework/base/CApplication.php(185): CWebApplication->processRequest()
#4 /var/www/html/interview/index.php(12): CApplication->run()
#5 {main}
REQUEST_URI=/qa_seminar.html
---
2020/05/13 21:37:10 [error] [exception.CHttpException.404] exception 'CHttpException' with message 'The system is unable to find the requested action "osaka".' in /var/www/html/framework/web/CController.php:483
Stack trace:
#0 /var/www/html/framework/web/CController.php(270): CController->missingAction('osaka')
#1 /var/www/html/framework/web/CWebApplication.php(282): CController->run('osaka')
#2 /var/www/html/framework/web/CWebApplication.php(141): CWebApplication->runController('interview/osaka...')
#3 /var/www/html/framework/base/CApplication.php(185): CWebApplication->processRequest()
#4 /var/www/html/interview/index.php(12): CApplication->run()
#5 {main}
REQUEST_URI=/interview/interview/osaka/moe-sato.php
---
2020/05/14 04:31:58 [error] [exception.CHttpException.404] exception 'CHttpException' with message 'The system is unable to find the requested action "osaka".' in /var/www/html/framework/web/CController.php:483
Stack trace:
#0 /var/www/html/framework/web/CController.php(270): CController->missingAction('osaka')
#1 /var/www/html/framework/web/CWebApplication.php(282): CController->run('osaka')
#2 /var/www/html/framework/web/CWebApplication.php(141): CWebApplication->runController('interview/osaka...')
#3 /var/www/html/framework/base/CApplication.php(185): CWebApplication->processRequest()
#4 /var/www/html/interview/index.php(12): CApplication->run()
#5 {main}
REQUEST_URI=/interview/interview/osaka/daichi-mitsui.php
---
2020/05/18 12:34:23 [error] [exception.CHttpException.404] exception 'CHttpException' with message 'The system is unable to find the requested action "tokyo".' in /var/www/html/framework/web/CController.php:483
Stack trace:
#0 /var/www/html/framework/web/CController.php(270): CController->missingAction('tokyo')
#1 /var/www/html/framework/web/CWebApplication.php(282): CController->run('tokyo')
#2 /var/www/html/framework/web/CWebApplication.php(141): CWebApplication->runController('interview/tokyo...')
#3 /var/www/html/framework/base/CApplication.php(185): CWebApplication->processRequest()
#4 /var/www/html/interview/index.php(12): CApplication->run()
#5 {main}
REQUEST_URI=/interview/interview/tokyo/ryo-takeshita.php
---
2020/05/19 10:06:47 [error] [exception.CHttpException.404] exception 'CHttpException' with message 'The system is unable to find the requested action "fukuoka".' in /var/www/html/framework/web/CController.php:483
Stack trace:
#0 /var/www/html/framework/web/CController.php(270): CController->missingAction('fukuoka')
#1 /var/www/html/framework/web/CWebApplication.php(282): CController->run('fukuoka')
#2 /var/www/html/framework/web/CWebApplication.php(141): CWebApplication->runController('interview/fukuo...')
#3 /var/www/html/framework/base/CApplication.php(185): CWebApplication->processRequest()
#4 /var/www/html/interview/index.php(12): CApplication->run()
#5 {main}
REQUEST_URI=/interview/interview/fukuoka/yuki-inoue.php
---
2020/05/19 16:48:42 [error] [exception.CHttpException.404] exception 'CHttpException' with message 'The system is unable to find the requested action "tokyo".' in /var/www/html/framework/web/CController.php:483
Stack trace:
#0 /var/www/html/framework/web/CController.php(270): CController->missingAction('tokyo')
#1 /var/www/html/framework/web/CWebApplication.php(282): CController->run('tokyo')
#2 /var/www/html/framework/web/CWebApplication.php(141): CWebApplication->runController('interview/tokyo...')
#3 /var/www/html/framework/base/CApplication.php(185): CWebApplication->processRequest()
#4 /var/www/html/interview/index.php(12): CApplication->run()
#5 {main}
REQUEST_URI=/interview/interview/tokyo/asami.php
---
2020/05/22 17:49:05 [error] [exception.CHttpException.404] exception 'CHttpException' with message 'The system is unable to find the requested action "qa_seminar".' in /var/www/html/framework/web/CController.php:483
Stack trace:
#0 /var/www/html/framework/web/CController.php(270): CController->missingAction('qa_seminar')
#1 /var/www/html/framework/web/CWebApplication.php(282): CController->run('qa_seminar')
#2 /var/www/html/framework/web/CWebApplication.php(141): CWebApplication->runController('qa/qa_seminar')
#3 /var/www/html/framework/base/CApplication.php(185): CWebApplication->processRequest()
#4 /var/www/html/interview/index.php(12): CApplication->run()
#5 {main}
REQUEST_URI=/qa_seminar.html
---
2020/05/25 09:51:23 [error] [exception.CHttpException.404] exception 'CHttpException' with message 'The system is unable to find the requested action "fukuoka".' in /var/www/html/framework/web/CController.php:483
Stack trace:
#0 /var/www/html/framework/web/CController.php(270): CController->missingAction('fukuoka')
#1 /var/www/html/framework/web/CWebApplication.php(282): CController->run('fukuoka')
#2 /var/www/html/framework/web/CWebApplication.php(141): CWebApplication->runController('interview/fukuo...')
#3 /var/www/html/framework/base/CApplication.php(185): CWebApplication->processRequest()
#4 /var/www/html/interview/index.php(12): CApplication->run()
#5 {main}
REQUEST_URI=/interview/interview/fukuoka/yuki-inoue.php
---
2020/05/27 01:00:19 [error] [exception.CHttpException.404] exception 'CHttpException' with message 'The system is unable to find the requested action "tokyo".' in /var/www/html/framework/web/CController.php:483
Stack trace:
#0 /var/www/html/framework/web/CController.php(270): CController->missingAction('tokyo')
#1 /var/www/html/framework/web/CWebApplication.php(282): CController->run('tokyo')
#2 /var/www/html/framework/web/CWebApplication.php(141): CWebApplication->runController('interview/tokyo...')
#3 /var/www/html/framework/base/CApplication.php(185): CWebApplication->processRequest()
#4 /var/www/html/interview/index.php(12): CApplication->run()
#5 {main}
REQUEST_URI=/interview/interview/tokyo/asami.php
---
2020/05/27 01:09:46 [error] [exception.CHttpException.404] exception 'CHttpException' with message 'The system is unable to find the requested action "tokyo".' in /var/www/html/framework/web/CController.php:483
Stack trace:
#0 /var/www/html/framework/web/CController.php(270): CController->missingAction('tokyo')
#1 /var/www/html/framework/web/CWebApplication.php(282): CController->run('tokyo')
#2 /var/www/html/framework/web/CWebApplication.php(141): CWebApplication->runController('interview/tokyo...')
#3 /var/www/html/framework/base/CApplication.php(185): CWebApplication->processRequest()
#4 /var/www/html/interview/index.php(12): CApplication->run()
#5 {main}
REQUEST_URI=/interview/interview/tokyo/akino.php
---
2020/05/27 01:38:11 [error] [exception.CHttpException.404] exception 'CHttpException' with message 'The system is unable to find the requested action "osaka".' in /var/www/html/framework/web/CController.php:483
Stack trace:
#0 /var/www/html/framework/web/CController.php(270): CController->missingAction('osaka')
#1 /var/www/html/framework/web/CWebApplication.php(282): CController->run('osaka')
#2 /var/www/html/framework/web/CWebApplication.php(141): CWebApplication->runController('interview/osaka...')
#3 /var/www/html/framework/base/CApplication.php(185): CWebApplication->processRequest()
#4 /var/www/html/interview/index.php(12): CApplication->run()
#5 {main}
REQUEST_URI=/interview/interview/osaka/daichi.php
---
2020/05/27 01:57:06 [error] [exception.CHttpException.404] exception 'CHttpException' with message 'The system is unable to find the requested action "nagoya".' in /var/www/html/framework/web/CController.php:483
Stack trace:
#0 /var/www/html/framework/web/CController.php(270): CController->missingAction('nagoya')
#1 /var/www/html/framework/web/CWebApplication.php(282): CController->run('nagoya')
#2 /var/www/html/framework/web/CWebApplication.php(141): CWebApplication->runController('interview/nagoy...')
#3 /var/www/html/framework/base/CApplication.php(185): CWebApplication->processRequest()
#4 /var/www/html/interview/index.php(12): CApplication->run()
#5 {main}
REQUEST_URI=/interview/interview/nagoya/saori.php
---
2020/05/27 02:16:02 [error] [exception.CHttpException.404] exception 'CHttpException' with message 'The system is unable to find the requested action "fukuoka".' in /var/www/html/framework/web/CController.php:483
Stack trace:
#0 /var/www/html/framework/web/CController.php(270): CController->missingAction('fukuoka')
#1 /var/www/html/framework/web/CWebApplication.php(282): CController->run('fukuoka')
#2 /var/www/html/framework/web/CWebApplication.php(141): CWebApplication->runController('interview/fukuo...')
#3 /var/www/html/framework/base/CApplication.php(185): CWebApplication->processRequest()
#4 /var/www/html/interview/index.php(12): CApplication->run()
#5 {main}
REQUEST_URI=/interview/interview/fukuoka/miku-doi.php
---
2020/05/27 02:34:58 [error] [exception.CHttpException.404] exception 'CHttpException' with message 'The system is unable to find the requested action "tokyo".' in /var/www/html/framework/web/CController.php:483
Stack trace:
#0 /var/www/html/framework/web/CController.php(270): CController->missingAction('tokyo')
#1 /var/www/html/framework/web/CWebApplication.php(282): CController->run('tokyo')
#2 /var/www/html/framework/web/CWebApplication.php(141): CWebApplication->runController('interview/tokyo...')
#3 /var/www/html/framework/base/CApplication.php(185): CWebApplication->processRequest()
#4 /var/www/html/interview/index.php(12): CApplication->run()
#5 {main}
REQUEST_URI=/interview/interview/tokyo/ryotaro.php
---
2020/06/01 04:32:42 [error] [exception.CHttpException.404] exception 'CHttpException' with message 'The system is unable to find the requested action "osaka".' in /var/www/html/framework/web/CController.php:483
Stack trace:
#0 /var/www/html/framework/web/CController.php(270): CController->missingAction('osaka')
#1 /var/www/html/framework/web/CWebApplication.php(282): CController->run('osaka')
#2 /var/www/html/framework/web/CWebApplication.php(141): CWebApplication->runController('interview/osaka...')
#3 /var/www/html/framework/base/CApplication.php(185): CWebApplication->processRequest()
#4 /var/www/html/interview/index.php(12): CApplication->run()
#5 {main}
REQUEST_URI=/interview/interview/osaka/daichi-mitsui.php
---
2020/06/02 11:04:15 [error] [exception.CHttpException.404] exception 'CHttpException' with message 'The system is unable to find the requested action "qa_seminar".' in /var/www/html/framework/web/CController.php:483
Stack trace:
#0 /var/www/html/framework/web/CController.php(270): CController->missingAction('qa_seminar')
#1 /var/www/html/framework/web/CWebApplication.php(282): CController->run('qa_seminar')
#2 /var/www/html/framework/web/CWebApplication.php(141): CWebApplication->runController('qa/qa_seminar')
#3 /var/www/html/framework/base/CApplication.php(185): CWebApplication->processRequest()
#4 /var/www/html/interview/index.php(12): CApplication->run()
#5 {main}
REQUEST_URI=/qa_seminar.html
---
2020/06/05 01:48:36 [error] [exception.CHttpException.404] exception 'CHttpException' with message 'The system is unable to find the requested action "qa_seminar".' in /var/www/html/framework/web/CController.php:483
Stack trace:
#0 /var/www/html/framework/web/CController.php(270): CController->missingAction('qa_seminar')
#1 /var/www/html/framework/web/CWebApplication.php(282): CController->run('qa_seminar')
#2 /var/www/html/framework/web/CWebApplication.php(141): CWebApplication->runController('qa/qa_seminar')
#3 /var/www/html/framework/base/CApplication.php(185): CWebApplication->processRequest()
#4 /var/www/html/interview/index.php(12): CApplication->run()
#5 {main}
REQUEST_URI=/qa_seminar.html
---
2020/06/07 08:14:36 [error] [exception.CHttpException.404] exception 'CHttpException' with message 'The system is unable to find the requested action "nagoya".' in /var/www/html/framework/web/CController.php:483
Stack trace:
#0 /var/www/html/framework/web/CController.php(270): CController->missingAction('nagoya')
#1 /var/www/html/framework/web/CWebApplication.php(282): CController->run('nagoya')
#2 /var/www/html/framework/web/CWebApplication.php(141): CWebApplication->runController('interview/nagoy...')
#3 /var/www/html/framework/base/CApplication.php(185): CWebApplication->processRequest()
#4 /var/www/html/interview/index.php(12): CApplication->run()
#5 {main}
REQUEST_URI=/interview/interview/nagoya/ko-nakasone.php
---
2020/06/07 09:30:19 [error] [exception.CHttpException.404] exception 'CHttpException' with message 'The system is unable to find the requested action "tokyo".' in /var/www/html/framework/web/CController.php:483
Stack trace:
#0 /var/www/html/framework/web/CController.php(270): CController->missingAction('tokyo')
#1 /var/www/html/framework/web/CWebApplication.php(282): CController->run('tokyo')
#2 /var/www/html/framework/web/CWebApplication.php(141): CWebApplication->runController('interview/tokyo...')
#3 /var/www/html/framework/base/CApplication.php(185): CWebApplication->processRequest()
#4 /var/www/html/interview/index.php(12): CApplication->run()
#5 {main}
REQUEST_URI=/interview/interview/tokyo/takehiro-kitagawa.php
---
2020/06/09 08:58:34 [error] [exception.CHttpException.404] exception 'CHttpException' with message 'The system is unable to find the requested action "tokyo".' in /var/www/html/framework/web/CController.php:483
Stack trace:
#0 /var/www/html/framework/web/CController.php(270): CController->missingAction('tokyo')
#1 /var/www/html/framework/web/CWebApplication.php(282): CController->run('tokyo')
#2 /var/www/html/framework/web/CWebApplication.php(141): CWebApplication->runController('interview/tokyo...')
#3 /var/www/html/framework/base/CApplication.php(185): CWebApplication->processRequest()
#4 /var/www/html/interview/index.php(12): CApplication->run()
#5 {main}
REQUEST_URI=/interview/interview/tokyo/kotaro-asari.php
---
2020/06/09 09:08:02 [error] [exception.CHttpException.404] exception 'CHttpException' with message 'The system is unable to find the requested action "fukuoka".' in /var/www/html/framework/web/CController.php:483
Stack trace:
#0 /var/www/html/framework/web/CController.php(270): CController->missingAction('fukuoka')
#1 /var/www/html/framework/web/CWebApplication.php(282): CController->run('fukuoka')
#2 /var/www/html/framework/web/CWebApplication.php(141): CWebApplication->runController('interview/fukuo...')
#3 /var/www/html/framework/base/CApplication.php(185): CWebApplication->processRequest()
#4 /var/www/html/interview/index.php(12): CApplication->run()
#5 {main}
REQUEST_URI=/interview/interview/fukuoka/takuya-mizukami.php
---
2020/06/10 11:10:07 [error] [exception.CHttpException.404] exception 'CHttpException' with message 'The system is unable to find the requested action "qa_seminar".' in /var/www/html/framework/web/CController.php:483
Stack trace:
#0 /var/www/html/framework/web/CController.php(270): CController->missingAction('qa_seminar')
#1 /var/www/html/framework/web/CWebApplication.php(282): CController->run('qa_seminar')
#2 /var/www/html/framework/web/CWebApplication.php(141): CWebApplication->runController('qa/qa_seminar')
#3 /var/www/html/framework/base/CApplication.php(185): CWebApplication->processRequest()
#4 /var/www/html/interview/index.php(12): CApplication->run()
#5 {main}
REQUEST_URI=/qa_seminar.html
---
